500
0 3261 5005 1791 9807 9021 1470 7561 6472 2645 1207 8413 8366 4484 8343 259 2555 3894 5064 6938 7652 9533 9968 3032 6613
1 2349 8987 1924 548 8699 6205 4010 5790 2207 2816 9881 241 7583 6028 802 8671 2240
2 7 1216 3963 5085 4092 5244 8049 6644 3608 7308 8590 7242 7130 5489 4350 3981 4340 7153
3 7296 4230 3453 8251 4541 2784 1098 5300 6956 5622 5827 2258 4076 8595 1348 7517 4199 5715
4 2413 3950 9993 8209 5232 9878 3802 6389 1973 8768 9577 4319 4646 3828 496 6061 3074
5 6676 2760 3731 1396 9169 8217 2396 5258 4439 7467 7834 6915 6617 3087 4589 7753 1444 9093 8107 2508 6049 2013 2240
6 4958 2028 5948 6061 5979 5621 2640 6412 9698 1087 705 4412 6826 3660 5470 8062 321
7 8726 9205 4223 6653 6598 4029 4744 2152 7530 6325 9564 8979 6405 4176 1343
8 8994 8125 7997 5783 8487 9733 8696 7842 5228 3188 1452 1615 1472 654 1183 9096 1205 8279 1084 5259 1943 3925 3678 9739 4988 5341 3032
9 8498 3113 1822 3723 8352 6062 8683 622 7463 4226 837 3176 3391 221 5977 196 4869 3487
10 5981 6762 697 4569 1303 5131 4851 7672 2868 443 3859 4074 9342 2510 188 4664
11 4170 5072 1728 7026 9464 1157 9745 889 1477 5652 4875 5053 128 1617 8637 2471 9699 4367 6672
12 3073 2577 828 6831 389 4435 4500 7916 436 4014 4353 3553 5504 4626
13 8089 210 5188 253 7732 7837 490 4662 6433 4448 2041 7516 2426 9735 4558
14 88 252 2342 5171 1535 700 304 7228 71 9303 493 8364 8277 9914 755 8130 352 447
15 7782 2182 5451 4151 4907 2652 5946 8874 8028 7829 7772 945 6651 2320 7572 7344 602 9393 9019 6766 6007 5507
16 3673 7888 1556 4336 7014 3700 3339 4776 7873 3310 4124 5629 850 1752
17 1123 950 7431 5907 9194 3038 2243 1467 2430 6522 7427 5715 2240
18 8005 8332 9465 6502 9703 3268 6931 4596 7000 4213 7815 5479 9202 9976 7299 5237 1989 9184 8601 2875
19 4326 3371 4060 3835 8858 5155 2598 8221 6696 1212 1133 5269 2782 976 3884 6461 2663 5739 9601 6413 8912 8728 3163 79
20 3320 1031 836 4126 8639 4155 6694 4547 4538 3146 4597 8007 2623 2107 4765
21 1580 5509 8017 6400 1796 8455 1101 1429 3222 5126 4954 4816 215 7372 2324 297 2158 9859 9759 5029 321
22 7165 3173 5679 7605 1168 8860 1766 4904 8521 1922 5400 8131 1256
23 9689 5409 8754 4306 9125 3418 3790 2451 2574 5750 2563 5025 420 5483 9573 2962
24 454 2123 1528 8989 4945 1259 2071 1867 9835 2937 9532 3467 5310 2984 6196 4311 1025 5445 79
25 3584 9008 6652 8863 1282 8959 2037 624 5721 1408 4687 3913 4666 3105 3719 6852 8831 6734 5758 2240
26 3836 732 6785 8636 689 2192 5303 3457 3872 4990 4841 6749 1420 5261 5580 9404 6404 183
27 5412 7055 4027 8830 5643 9496 9982 5069 3174 8268 2597 5834 8473 6191 9135 4556 3984 3122 2297 3943 617 6376 9806 7429 9842 321 935
28 1429 5341 2858 8344 8531 4784 8931 834 9435 1917 4844 4486 5747 455 699 8524 5278 6148 1806 5632 1694 439 685 822 1125 4870 3012
29 8293 6920 2842 6438 6702 3355 6787 8502 2234 5275 7902 9 8297 4136 7134 1287 2944 2986
30 3612 9742 9505 8538 1661 8284 1307 2930 139 2373 6115 9768 8048 9744 4149 1495 8844 2052
31 7710 5887 774 6421 307 3110 7563 4674 115 4551 1230 7890 8897 591 8176 625 1375 9545 3521
32 4985 4626 8174 7335 8040 6374 7664 5166 3498 6532 6330 9838 2946 8523 5108 3705 9903 9832 5903 8197 936 2465 6817
33 8396 200 3393 4086 1737 2014 4651 7885 3008 7601 7281 2059 2934 7358 94 2630 8352 3753
34 9930 4176 1799 79 5413 151 2392 2077 9241 6485 4513 5417 2680 8792 3360 3986 3323 5939 9659 4728 84 2240
35 5156 221 2741 5866 6993 8970 8139 8137 8511 2835 2166 1747 2277 6561 5902 5643 2288
36 9144 9187 9409 5912 5505 7802 5491 3585 8689 9413 5822 4874 759 5543 3507 321
37 9640 802 7744 5408 5982 7155 981 8784 1533 8071 7716 3687 9367 5022 6494 9664 7258 2013 7652
38 2475 7162 872 678 9235 7626 5338 8680 8065 1468 1090 6775 1275 5219 6460 9822 930 8396 3012
39 1534 7751 476 6060 3958 4717 1642 6699 1345 6198 1953 2016 4726 7980 9707 2199 7033 3525 41 2205 9893 199 6054
40 989 873 5922 5658 7681 966 3167 9538 8573 268 1966 9306 2809 9459 3877 4705 2617 9270 3885
41 574 557 5548 2958 9522 5523 1491 5060 2570 1397 5113 3286 4211 3686 7361 7220 9227 4195 1319 6545 3232 7438
42 8593 2653 6193 2411 8905 3515 2697 7055 6154 5009 3348 8954 988 3045 3488 8965 4824 3584 1790 4901 2121
43 199 3728 9846 7920 9719 8179 732 8212 5594 2188 4363 3891 7311 1648 6585 2190 753 139 2962
44 9780 6964 7581 9212 7870 8382 2941 566 8335 3516 325 6778
45 9834 6492 2019 9829 7060 3588 4583 7422 4931 1440 2628 1014 2472 8050 6928 2986 79
46 8990 8605 2790 9152 3807 8162 3526 8866 9266 3854 4200 3005 761 569 3982
47 6285 6495 3679 8031 3349 861 6582 7828 7962 20 4052 1450 6334 7355 2146
48 8325 7938 3814 2871 5384 3233 9063 5180 8529 8095 3857 4482 5435 6147 7124 7230 8344 8062 9299 3830 6613
49 6270 7434 4214 1702 3843 6587 9605 1789 5195 1577 2511 4297 3774 8542 3047 7904 6101
50 2613 6639 502 9528 6497 1162 6901 3574 1691 1665 4488 4050 9731 5387 9600 7902 4020 321
51 5762 7992 2768 9191 7485 7833 4401 6301 6071 1439 9407 4966 7253 626 5151 6992 5557 408 5920 6573 8941 518 2589 4311 9842
52 6938 9244 7699 5038 7742 6100 7755 1740 6925 82 6248 2731 6456 5106 4761 5778 3350 9249 9930 4234 6216 782 8005
53 8414 4834 8549 1666 8168 3356 3416 9770 7577 9028 6363 2755 5595 2951 4093 9843 1979 2240
54 2892 3586 4765 5885 9623 9836 8579 5440 9535 3461 2206 7031 2530 1954 9915 8354 7289
55 9120 1110 4804 2070 7855 1710 1919 8144 7488 1634 7330 2150 9016 198 5547 1649 7883
56 9443 6447 4787 5492 863 3047 8702 8090 6662 7665 656 5615 5564 3566 1262 9921 9336 8214 2429 4096 6851 6621 3728
57 4539 9716 5969 1871 2361 1390 5601 8199 4696 448 6013 3604 753
58 7762 8756 6137 1770 469 9684 3916 9619 2544 2677 8958 3732 3565 9869 4140 9450 1565 2480 2263 2929 9178 3012 1668 2
59 443 22 600 7989 6812 6897 9840 4950 9738 8752 8368 6902 941 4723 8109
60 8883 9892 3386 6197 7508 1016 7903 4527 7479 2457 453 4810 6109 8167 7001 4855 3877
61 2900 5301 4972 7474 1122 7791 6241 369 364 4419 5008 6708 8225 1647 8947 6692 8022 3894
62 3232 1900 6727 5224 1682 6381 451 8102 8346 1225 7835 3423 9900 7906 1353 9244
63 250 9518 1175 5390 6541 5497 5804 1785 8953 3138 5988 7619 9148 5211 1195 6296
64 3144 560 2712 5110 7442 3115 2626 6744 3759 9587 1283 1172 3076 2128 3728 4199
65 1546 6144 842 6539 1574 8582 5135 5078 4219 8813 6114 1584 3335 5495 4286 9533 3012
66 6074 413 2147 1414 4156 7447 1075 5735 497 696 8527 8208 7269 2005 3751 8227 132 205 5962
67 3651 3549 6168 5428 4849 5561 3548 8266 9960 7738 6170 3830
68 3961 2764 7115 7075 4080 2551 1892 6032 7718 8305 1250 1698 8881 955 5254 8812
69 8134 3964 1430 3195 8140 2910 8894 4951 1918 8684 8729 1781 1400 3210 6131 6801 3002 3992 5493 176 6458 9007
70 5386 116 4367 6292 3505 6625 8522 1586 1119 2534 7433 8349 338 8621 1437 5010 467 3869 9043 3371 4199
71 8209 921 8887 2897 1227 286 793 2863 9330 7131 9917 6747 8508 2298 6752 9338 2432 136 326 5393 3166 1730 4679 4958 745
72 9270 4457 5698 6102 7135 3540 6491 4281 6978 3161 4459 9622 5544 7194 4089 2564 7933 321
73 6889 4079 8053 7771 2184 1081 3102 75 5503 3969 4995 336 6370 168 5099 3263 6367 2788 2681 7500 4837 9732 6595 2898 7759
74 478 6499 164 4888 8243 1776 410 5911 5923 5631 8701 3573 7800 351 3950 4967 1601 2643
75 8722 6817 1734 8309 9498 5777 9961 2476 4271 6213 4704 3428 6192 7585 7593 6232 1787 8493 2412 4151
76 9848 1763 1083 5715 1515 3841 9470 3882 7221 3120 6718 7018 1788 9954 7679 9736 3721 2796 6003 7292 4069 9224 6938
77 8671 84 4168 4890 6962 284 8589 8151 7432 8238 5449 3213 2815 6642 9959 630 7682 4907 3207 2615 5962
78 247 8776 3049 8986 7004 1678 9557 6316 8778 6951 2557 3401 3103 2962
79 374 1140 2057 585 9317 7205 5302 6346 2417 4403 2252 7849 1908 5347 5583 3241 5193 84 776 7413 2555
80 8169 1319 9722 4831 4654 214 4315 6710 7166 9889 9088 2229 5005 9075
81 7153 133 9677 7615 7606 3048 9055 1860 804 9667 3747 5441 6640 7329 5456 9239 655 2157 6664 199 1774 6827
82 2662 6963 3946 9798 5124 4514 4721 9872 1626 8643 826 7453 208 1934 3981 7652
83 7709 9299 8022 1780 9548 6615 7078 72 6952 4320 2231 2390 5266 7434 4533 8740 7097 5083 1589 5446 1117 2340
84 2615 3982 3022 9025 4842 1044 283 9636 9188 3689 4852 356 5532 9962 7954 7459 1058 935
85 1625 8248 4350 2485 1106 2032 1757 1040 7590 5004 7443 6210 9215 2470 8132 824 5521 105 1524 7153
86 4385 6797 6734 9704 5117 2568 8812 7574 6110 6237 3282 9944 7418 1914 7783 4506 2847 2327
87 352 496 5871 5580 2307 5825 8493 2496 1218 4100 9741 2295 8736 1003 773 6052 8804 2240
88 5780 9953 3662 6730 996 6850 4229 3059 1597 8692 9506 7486 4401 935
89 2263 9293 8831 2139 8306 8373 9820 2468 7707 1428 2408 5680 9422 2092 5866 4341 2986
90 6547 9483 5880 1554 8904 7752 8644 5555 4847 1208 2266 4244 4175 605 8000 1308 8895 9289 8313 1026 1238
91 447 5547 3053 2600 8836 3092 3545 1585 6403 8586 1356 8604 9761 4147 6221 8345 4286 8110 8976 2460 2659 1358 79
92 9265 4180 4971 3553 4699 6551 4629 8516 6035 3529 1738 8496 1199 357 5371 2603 6737 6423 8491
93 6187 183 2422 3278 787 517 3717 6393 3325 9421 4182 1002 8126 9797 5105
94 2052 4056 2112 7090 1379 8401 9687 5537 407 1530 8801 8893 6687 7732
95 7233 4264 7203 5287 788 5856 9850 927 2648 6135 8547 5436 4647 8994
96 7971 7357 8620 2997 2916 3887 8817 8749 2476 4855 79
97 5715 477 8267 7183 4429 4224 1267 7108 6674 2175 2860 1052 1529 3741 9826 9193 7968 3103 6030 6327
98 876 6631 9692 257 567 7164 3192 3716 8828 9108 607 2494 5359 8491 427 7153
99 188 8104 4423 5639 3727 299 4330 4648 6185 1080 5685 670 7114 9038 2856 76 9607 8644 321
100 4501 5194 1739 1498 4985 2212 1192 4280 34 9252 5708 7241 4364 4160 9500 6125 3445 3744 2615 6141 5880
101 8307 7439 7276 5800 2604 6083 9681 6849 7550 1492 3276 9567 4025 724 8742 6231 3032
102 4679 6630 2647 9271 8074 225 3755 8329 4871 7312 9857 8443 486 6286 3184 2327 5660 6067 7044
103 3936 7234 6347 3932 3567 3241 9598 9787 7556 564 969 4710 6157 4986 5432 3341 2605 1020 7026 148 2
104 6537 5933 3909 9357 8939 9943 5240 174 5894 3522 2998 2293 4808 9530 7996 5421 5762 9461 4176 7949
105 7240 7586 4957 7670 7975 9312 3290 5334 122 8465 8452 8105 786 1829 2635 309 2118 9225 7806 7519 7652
106 1668 3303 7079 6631 1357 2582 9514 543 4519 8697 9294 7219
107 1831 9137 9632 5138 3254 9606 2961 8391 9183 6471 3838 4290 4246 6082 9014 5783 267 5340
108 5006 5704 1971 6126 529 540 7531 6380 5173 9644 9665 9269 7120
109 9031 3718 716 4793 7858 5396 6122 1461 6805 958 7925 2864 8374 1784 2555 427
110 5053 5141 3504 1581 8598 1112 6881 7967 7284 9411 8351 3490 6200 9284 462 7032 2904 7733 1252 9607 8125 979
111 5458 2422 7481 3101 738 9593 3936 8300 9449 8019 4474 113 2179 2644 4991 8761 3437 621 7 7413
112 6949 6331 3111 8932 2176 4823 2634 2278 2018 9610 6373 7621 4304 1503 4750 5608 8512 2650 3074
113 6251 1071 1839 278 4102 882 6459 3145 7921 4865 4396 2061 5049 3781 3547 3232 8134 5715
114 79 7874 5063 8167 9723 1633 6323 8700 9616 5399 7310 504 2803 6586 1539 9683 3130 4443 3964 8130 2240 9968
115 5966 8146 538 1204 8441 9515 9124 8652 8870 7889 8765 3813 1631 2218 54 2290 9111 7736 5014 7120
116 1134 3530 6034 9746 396 5152 9161 7715 3501 7797 8173 1364 6467 8105 9533
117 935 7120 2013 4558 5014 3024 6516 6789 5115 2734 5918 3143 2724 9127
118 3894 9086 1904 4317 1479 5636 9965 6261 8027 7896 6643 2318 4939 7154 4840 2586 3058 8295 100 904 9432 9494 6611 7153
119 2537 2739 176 2876 4873 5466 505 9034 4274 5233 1298 604 1595 2922 1125 5715
120 6369 3184 9065 2982 3538 134 2226 8158 7758 2443 8725 6165 5305 2685 5437
121 1984 5247 9192 1265 4720 4277 6566 8203 4285 178 7860 2571 8750 6821 6534 4167 6967 2962
122 4311 5917 7669 9178 468 2932 5245 668 7912 4633 5318 6560 9912 3451 7501 7558 8159 434 9179 9877 4036 5492 7762 935 2962
123 7133 5788 1476 300 3158 4526 2857 9988 7706 1593 8891 6578 1478 9431 6313 2279 5929 24 80 7288 4490 7511 4962 5064
124 3981 7072 8431 1933 1722 6896 8951 7157 3701 2723 811 7122 6476 4884 4151 7759 2 2986
125 9545 9040 5662 5052 9786 8154 6900 6482 8674 2889 1362 1152 7927 6875 6351 3232 9244 427
126 552 4941 4780 2171 5500 7684 3364 2165 1290 5442 501 366 9874 4649 8289 2657 3017 1812 650 1238 5643 5715
127 6376 9073 9451 5746 1724 4883 2099 8241 4082 5604 3993 2517 1751 1328
128 6827 4948 1223 3144 2607 1850 6262 960 3631 6954 6743 118 4813 3157 8977 3137 7557 2595 657 6882 9713 7652
129 9404 8233 385 965 1988 9694 6181 8091 4734 932 5073 6698 456 2240 321
130 4901 6978 8125 5198 9089 1295 5316 5330 9174 487 9615 353 713 4481 8985 8410 270 9327 6936 3578 6463 2943 9138
131 8423 9989 4450 4977 5519 6155 6282 2926 4573 4176 9679 1693 8617 8718 5984 148
132 259 9380 7579 4188 5593 4087 8724 4375 1144 360 3972 8827 2668 1911 8839 4859 4108
133 8062 545 2150 9576 9323 7425 3365 1896 4672 2227 5176 4835 6212 2999 3194 5752 9555 9979 6635 2240 9533
134 6115 3528 7513 2088 6427 7639 8365 3481 7609 6514 3622 9693 2521 5755 4399 3032
135 9461 7820 3653 9861 7769 1317 3568 2034 78 25 6375 5664 7624 9584 308 3107 5175 2555
136 4107 1721 4777 7930 8515 781 2196 9345 7283 2448 3628 3795 4507 3936
137 1670 4880 9911 5367 2761 423 8587 8253 9049 4008 6811 5413
138 3074 8193 4901 8710 8056 8181 7444 2103 2687 5559 2142 4770 7649 201 583 8776 6327 427
139 5748 8609 4470 6937 929 7628 8890 8883 4121 4388 7917 1968 5411 1365 5715
140 3664 3590 1907 1469 7792 9512 9282 818 2848 2459 9854 5341 7153
141 7069 6048 3261 5637 8012 1186 5346 6916 7995 5267 8950 1274 4627 2704 8491
142 6387 2736 1156 4614 6089 4731 7472 1667 7408 9517 4112 6271 7201 9965 7029 5848
143 7179 7180 7936 6303 2431 6724 5293 8476 2098 5144 1028 1279 476 1979 6022 8116 951
144 2555 6982 3476 7461 240 8585 7714 5949 4328 4116 4779 2749 2962
145 4647 6139 7101 6750 6909 5607 6961 2393 3044 5323 5687 7708 2569 8044 3411 4099 8186 5028 2960 6204 5880 5412 321
146 6355 5846 3831 6020 8172 5156 3084 8408 9110 1431 2213 1490 9673 3703 88 1986 2422 79 321
147 9968 1042 782 7694 5605 1963 820 7146 7351 8554 9791 2896 6113 9207 4521 7743 891 9706 3561 3728
148 2240 1383 2183 1085 9652 3054 1696 4707 2215 4053 7325 6518 5002 5612 778 6515 9844 60 6765 2892 9545
149 2670 6592 7599 4407 7631 8358 4803 8766 9710 7547 3060 8646 229 9156 800 5507 3380 6187 3894
150 8910 6744 5401 3061 6523 3580 8263 8025 887 2169 7507 8228 4767 7741 457 7553 3249 5500 5090 4341 427
151 427 3672 6321 5558 6919 9102 6630 2007 2908 2805 6807 6276 7587 8656 9299 9930 5715
152 7379 5660 1912 8775 4043 1335 4347 2785 5744 2289 7487 4993 7864 8845 4921 2705 7133 1149 6029 979
153 7001 367 8386 9777 8425 8862 7709 9831 1454 9164 9305 8298 2365 983 7854 2421 1640 3907 2171 6082 2240
154 2414 9795 8193 9316 5840 5086 2965 6291 8433 1663 5858 4312 5528 3799 432 4941 5507 5340 6613 2
155 7517 4923 4093 6390 7610 7960 6305 1142 9199 2855 8980 6283 281 3776 7765 2933 411 5023 5908 7734 2288 7533 4442 4180
156 569 8092 3885 6895 9351 3629 5280 5068 7979 3023 9424 3482 8597 9418 3041 4144 839 4129 8439 9075 2
157 135 5467 926 316 1188 2869 9112 3733 5204 8894 9010 6672 2986
158 6044 7759 3869 7688 1950 5989 7961 7400 1049 3021 4908 854 120 4562 4237 2036 7235 1138 857 780 6428 1625
159 5784 6460 5477 993 871 5674 5335 145 7673 1625 3036 6281 1756 3739 7428 5263 1600 8858 3328 9533 2962 7652
160 3521 8780 8552 4241 1471 729 365 3494 1531 2550 6379 4812 8805 9562 6504 2437 6692
161 7367 1195 3576 5713 2190 1056 2341 69 1039 914 6715 7225 1927 4357 2715 2773 1079 133 6672 6611
162 4378 718 1169 9197 472 8821 3600 9011 8194 6152 3070 2475 5962 2986
163 1299 2630 6020 9398 3935 8998 8803 7127 3634 7173 3259 1263 8057 6506 9408 6888 6688 925 8910 1323 5437 7652 9533
164 1871 3326 9132 7861 7932 917 5389 7365 7163 7410 9476 1987 5465 9075 9048 6680 4505 5688 888 2187 7249 3108 516 259 79
165 2892 2682 3998 1394 1683 4206 3920 766 4276 8717 491 2732 5219 2986
166 935 3926 3383 5867 5732 5134 3338 6088 3966 2716 5999 6756 1544 7233 8663 7883
167 5775 7519 7213 6359 9463 6377 3772 684 3880 2286 6 1708 777 4588 480 348 7439 425 5704 2155
168 2437 7087 9671 6254 2792 6567 7541 6087 6140 1608 6401 1873 973 4914 6905 1548 6609 1576 843
169 1868 2676 7807 9015 4799 5044 1363 2446 5186 2049 3368 291 7730 6742 5916 2662 8794 79
170 5251 3089 2752 397 7733 9669 3486 8850 9549 2204 260 8272 6337 3625 1453 2249 3926 3125
171 7652 3163 9036 5609 4622 3374 4797 58 6861 2326 1341 6622 6092 3015 9501 9789 1064 7237 1904 5814 4791 712 8780 867
172 3012 7874 3163 2299 6002 2004 2974 717 6047 5954 8561 6740 2800 3752 2239 6899 6922 8062 3936
173 3050 4354 4698 2696 9843 5552 354 6627 9858 7071 8773 5647 4266 4712 1160 8668 2766 791 6270 5458 6258
174 3316 9621 2698 1619 1972 3606 5077 3632 5047 2593 5320 2558 6608 9003 7266
175 2595 9970 6409 7737 6843 8416 8103 7156 6176 2515 3458 4604 3677 3536 8716 7077 2182 4314
176 1343 2898 5961 1800 3429 3990 4532 9862 193 4236 2531 5582 809 5242 2193 4261 9453 1668 3012
177 8994 4232 4359 4610 8829 835 4379 8526 7294 3655 8155 4660 1196 510 798 8220 4400 5175 7762 2962
178 3240 1246 2693 1869 8133 1606 3113 4975 2329 1960 6145 8834 5538 7341 2420 9113 5007 9608 8423 6613
179 7456 5097 5831 7197 9543 3116 6706 8841 2453 6426 8731 8557 6240 1763 4199 9533
180 7968 650 5520 6188 6416 4337 8442 647 7859 6795 5321 9392 5331 4228 1782 3071 8490 8893 3075 7219 730
181 2288 3665 2444 9649 2008 9348 6834 6735 8676 3904 1760 7886 5779 3502 6481 691 925 2962
182 2643 719 5921 1741 4033 4531 5260 7675 4487 1213 6358 203 9825 2529 2377 2527 5048 7182 1707 3982
183 2 3432 2732 9991 1043 3820 3812 5494 8824 7739 3309 5153 9484 3329 7352 2087 5915 7833 9025 7210 9834 4199
184 7902 5445 1276 8947 6953 499 7045 5738 8021 2096 4284 5345 2467 2332 9812 8741 7575 8043 8406
185 2818 1641 355 2519 431 1393 1596 9650 1810 8468 1000 8489 9196 7005 1339 9008 5885 7762
186 7883 1607 1658 857 4974 6867 2343 4107 1587 5119 4559 5796 4708 8324 3279 4818 9510 5784 2555
187 6161 7950 6454 2404 866 6616 6798 6555 794 2505 3910 8230 507 4242 9661 7689 435 2314 6369
188 4362 139 9444 7023 5030 7040 8714 66 2116 7110 7027 1550 1127 7680 7678 6386 9714 3942 9443 1465 8663 4035
189 1583 6326 7683 6334 1367 8313 4253 1117 7775 4795 6151 1371 4781 6299 6162 7710 3982 2240
190 9800 3942 4866 6623 1332 3269 7489 6274 5164 734 5215 2621 2246 8200 5309 7839 640 443 979
191 7864 2223 7136 3666 5651 2503 7076 6713 5650 2727 9037 7688 1153 9023 3371
192 6101 1986 8078 7476 9313 6417 3497 3220 1463 771 9186 8147 5843 7983 1102 7544 9027 6712 9244
193 4624 6687 3207 7454 7788 3072 3766 5481 9379 7385 7801 154 7449 4953 9720 8484 9160 2064 1293 1383 399
194 9219 8008 5666 1134 1814 7727 5854 9902 694 7944 1488 8893 3081 3944 2
195 2904 9615 625 3077 1552 6554 1495 6453 6509 9311 5771 4963 4858 8966 9656 2804 8402 106 5864 1104 4717 6470 9299 2
196 6201 3314 3853 417 2612 9896 3676 3370 9155 1700 7326 8933 5775 7153 2240
197 1353 7474 7622 2010 1482 4690 4259 6912 6227 3995 736 7786 2945 6692 2288 9007
198 9842 1601 4828 8930 3226 3493 1932 7409 8254 3897 3109 1067 2186 5581 7407 3756 6224 7627 5689 4362 557 1510 9990 3074
199 1375 7526 8533 6186 1154 9657 9558 9416 4293 5101 2237 5517 1146 4189 168 8450 5848 79 3877
200 420 6875 5383 3135 2745 7177 8556 362 2353 5142 5080 6058 483 9977 7666 3240 7524 7204 5784 5715
201 8140 2611 8235 9580 7602 8342 3745 7570 8973 2539 7686 2141 7740 4489 8389 2987 2495 7314 5909 5880
202 6584 2423 1060 519 5125 3609 5313 9701 3775 6021 3735 3850 1193 565 6920 8920 9615 2962
203 3376 2005 7933 1150 7419 2894 2424 4878 9279 819 2562 8871 4686 1656 9771 5041 4278 2957 1963 6889 9007
204 2735 177 8220 1705 3403 6869 9918 2865 6051 4468 3114 2062 1623 7841 6933 7596 7676 1843 5072 3961 9545 9244
205 8599 8507 9493 4431 272 4693 7030 3479 6641 8751 3097 1035 8613 466 4830 8848 8994 3936
206 9374 2533 4520 3080 4037 5391 4210 1534 7560 4534 7217 1893 19 1109 8494 3452 3048 4965 427
207 4035 8121 2668 2740 4709 9236 7364 985 4289 4564 4154 8672 4177 6233 1808 6558 3675 8685 6336 9224 5748
208 5322 1149 4034 726 2707 7929 269 4418 3305 5566 4065 8453 4544 6302 4377 2827 1590 9104 3334 3635 7187 8539 4639 6030 2240
209 3012 7254 5218 1835 4496 5328 8942 4979 6987 627 7931 8008 3285 427
210 3877 1611 5304 3842 3944 8982 4313 9633 7618 2349 9668 900 4084 3035 8481 4891 1368 9412 2375 4745 3410 8235
211 6054 8284 8881 2125 8293 2781 4680 9041 7564 9247 2026 8315 8785 8819 3435 9560 3602 2260 3877 6938
212 1153 9248 8287 7904 6295 6479 394 6860 5861 3762 296 3777 8705 1178 3862 7722 7419 8431 321
213 1784 2603 7007 9238 5719 2305 9405 5217 2104 5360 6202 5066 8647 8650 8251 3243 2735 3012
214 9453 3581 613 244 9721 8571 4162 4983 4737 6659 1407 2228 26 4949 108 5340
215 2713 5953 5179 2167 1191 9466 1045 4814 7907 5155 8713 1246 4539 9545
216 7038 1877 4110 3506 1985 9168 9318 2722 9098 2770 2245 6344 8671 3545 9374
217 6049 7266 9586 4414 883 3729 1775 9029 9559 3847 8474 7370 5882 797 5859 3753 5715
218 8069 9007 4967 9050 8185 6913 8733 3362 5773 5061 8673 3129 1197 6289 9491 2935 6531 8788 1059 9607
219 412 9075 4340 7790 5239 9283 4636 4007 157 4192 5677 2055 138 1564 3652 5873 598 1190 8781 2080 7742 2407 5003 6100
220 4129 1401 6621 3750 4402 9395 6451 3681 8223 6298 8856 2938 4548 5813 6365 6042 8670 1864 7946 7342 3641 9462 9852 5397
221 4786 6415 3128 4916 3165 5454 698 3779 1288 5524 3626 2610 7940 4752 1150 8325 8134 3012
222 8601 9172 2072 7909 9119 7368 5841 245 6395 4376 2383 569
223 6391 4494 8807 1097 7 8798 6418 8205 7406 2214 4792 6211 9969 9353 6733 2306 9374
224 5445 7426 6767 5095 6544 1059 1931 4857 6077 7617 9511 5322 7813 9783 5020 5764 1116 1999 3757 9007
225 1405 140 6693 5560 4368 4740 3065 986 4339 9213 5451 9807 3932 7762
226 2264 8832 3905 850 7142 4238 2275 8838 3557 211 4015 1847 6124 542 3554 8327 2033 7987 4214 7050 1731 7699
227 4824 1560 8484 4077 207 3801 1566 8859 5088 2797 4179 1255 9359 3866 9300 9046 6557 9402 9545
228 7786 2990 4349 402 1793 8429 2903 9291 8867 5563 6357 3833 5296 1050 5715
229 8685 425 8450 1562 9646 9666 3262 9364 9377 767 1826 2244 2979 1201 1828 2959 9001 5780 9952 7413
230 6465 949 4561 8375 7396 606 6143 7970 5904 3956 642 5206 8098 8975 7884 5283 265 5251 2699 6492 1900 8130
231 2699 5543 8728 8418 1329 6398 3726 9440 102 5693 7270 1406 5295 4623 7505 6796 541 8551 5654 3877
232 6922 6320 5526 3186 523 9369 9163 8564 7429 3433 9926 5120 2874 2500 5539 8160 3958 5341 321
233 9138 946 8377 2454 1980 5592 2576 4746 7817 581 4187 342 1916 828 8332 6938 6021 3936
234 5099 3700 9215 2650 9758 5437 5604 5700 8052 9264 7316 8419 9384 6141 4421 1442 415 5203 8559 4948 1256 7153 6938
235 4959 8015 8532 9816 3817 2185 3948 6894 1347 7274 8118 1813 7534 3053 3144 3982
236 8491 8912 7099 1327 1234 6510 5683 1754 49 7867 827 8623 3012 3982
237 4020 5295 9010 8693 5801 3603 4057 441 2516 5541 8037 2384 1017 6975 3579 6981 5865 4563 2292 2537 4326 6938
238 8227 5429 9071 5348 752 609 4358 7473 7247 3764 404 5190 6564 4381 7850 89 4352 395
239 843 8848 5129 9302 4984 4031 3500 9415 5121 6832 4846 8149 200 3543 427
240 4199 7575 7088 3006 3827 8580 239 5525 2744 9115 4416 5192 9997 9094 5308 6799 5042 9448 3767 9237 925
241 7204 1287 3074 5277 2113 9273 3117 1905 796 6604 4612 3715 2047 9845 5986 55 1582 1410 7234 7454 2986 2240
242 2972 1032 916 8964 2808 6223 9627 5522 7808 9847 9304 5226 7790 719 6827 7997 3012 79
243 703 7754 3106 9772 1890 2886 1731 65 153 3011 968 3750 1668 9533
244 1524 3343 5471 6244 4501 8400 1674 5395 2718 2220 7215 236 1767 6732 4561 1216 8487 5715
245 7333 1956 3758 489 2753 7451 9964 1944 6565 1063 7366 9788 1346 5147 7771 7048 321
246 1849 6018 1654 1215 9603 4594 6483 8088 1128 2106 5645 4352
247 7392 2412 9735 295 3153 3454 9871 6530 8260 3392 5584 117 8046 7697 9340 3 8830 3006 5340
248 6067 3249 3547 6802 4282 5839 9301 1441 9324 330 5983 4028 8898 7759 5845 2359 4161 6635 7410 259 2962
249 5003 9181 4333 7509 7696 6354 666 4123 964 5863 4193 3151 8968 7389 1226 9319 3277 8017 3354 427
250 3441 997 8477 1270 8703 5930 3018 7437 9375 3720 9172 4661 9930 321
251 3543 7545 901 279 9521 4372 8698 3313 1370 9734 3696 7955 6800 3291 880 2807 3242 8591 1065 7053 9677
252 1058 6428 5339 8844 2345 3463 7167 2143 5329 9080 7160 2499 3977 9809 6440 8444 4060 7745 2649 9290 5762 2
253 2986 780 7756 3203 8934 485 9133 528 9523 3811 5818 6300 3648 1848 9942 6309 442 2251 8982 2774 6613
254 6082 761 3561 399 90 6469 7977 9253 928 8390 2883 7383 8795 4456 4786 6606 5709 2180 4765
255 1934 9995 798 8570 3270 1041 7059 3563 6425 7377 9778 6654 3771 639 9107 3103
256 7791 1137 3380 5849 6129 1644 4697 9830 3702 3856 2992 8876 3620 943 3127 7776 8763 3232 8005
257 6029 2203 1242 4822 264 7170 8252 4898 1952 6977 9823 3271 6064 8066 3153 6030 3103 4527 321 5715
258 1790 7922 3229 5589 2690 3839 5351 8889 2852 6164 4809 6136 5490 3671 2387 8387 9842
259 5507 5286 1273 400 6759 823 1879 7020 29 6036 8796 1527 3073 7922 876 9848 427
260 6458 6675 8406 5896 2002 2489 4574 8371 1330 3046 6996 7499 5893 5450 9793 1053 8902 7756 6895 5326 8994
261 2704 4400 5149 765 5696 7405 8744 6290 9527 9453 1637 3737 2779 906 261 952 6827 6938
262 2340 8600 8566 2902 4011 5794 8109 590 2474 7881 5630 9200 7894 757 5824 4472 7306 3342 4943 4027 9273 1984 5962 5715 2
263 2962 9197 7289 1079 4870 9957 6445 6691 8236 3244 7779 9130 6647 4802 9275 3034 6341 3846 4664 131 2673 3509 9533
264 7355 2189 8239 9939 7703 1224 9457 4896 6242 9589 741 3299 9842 6534 9533 2
265 4377 3757 930 9325 3989 1613 8503 14 9655 6918 8320 2323 9935 2415 6707 735 6094 4077 6306 3543
266 1121 3304 2927 340 444 9428 2578 5910 7692 8198 3691 8687 8460 3945 9403 226 2078 9151 454 9988 46
267 1496 7153 3714 9764 8111 141 8058 9540 6670 4216 6195 1247 8427 3414 32 7654 6349 4135 8832 1083 7899 6550 7438 1979 79 2
268 730 8506 3539 8131 3199 5816 2003 4819 8810 546 1632 406 6989 1455 2717 710 1415 4967 79
269 6613 4909 8183 4071 5821 9510 7198 6511 8770 8290 5913 4811 8722 5407 4455 1413 6267 96 8265 9992 7042 4782 8026 1524 6692 2288 79
270 4069 5869 8014 4361 2968 5265 5657 5398 4323 4344 1316 2763 5748 321
271 3751 4988 1339 3354 7749 7984 3582 3637 4002 6189 6057 5567 2966 5105 1501 3523 4900 7687 1742 2437
272 352 2260 2856 9654 8257 1923 6084 8708 9101 8130 4935 3288 6886 4197 6275 6489 4919 4199
273 5064 1710 9114 9139 3510 6219 7043 6620 8543 5667 9766 4653 8509 4619 5340 2
274 4020 3491 8782 5569 7232 7669 6239 7186 831 5529 146 7106 2577 6528 5962
275 5248 3043 9898 790 5798 5531 4727 83 8247 8514 4469 1458 5485 9406 2427 4045 5887 1299 9197
276 148 311 6306 7413 3172 5019 2358 5241 8530 9932 6264 1103 5763 6700 9765 9078 5727 7992 1774
277 1348 3521 686 4180 5373 8087 2164 5998 2105 9175 9051 3322 5799 4625 8471 2981 3824 4679
278 3758 9583 898 616 9582 6838 3748 5703 9750 7789 5957 4592 9585 9730 9039 4787 8183 2670 5064
279 7713 5412 7868 8618 3965 9116 9938 4807 5034 8709 7161 2627 8937 7397 7251 8013 644 8908 3379 8491 2
280 3023 7105 7542 6924 234 503 6942 8051 5187 1614 5934 1042 9541 1821 7313 9232 4928 5715
281 3004 991 5810 6765 7553 219 5352 9383 169 6038 8961 9114 7875 7543 2501 5181 7180 1173 9545
282 2121 5097 3837 979 7821 6287 8123 8153 7506 7640 3711 3693 5167 9758 7713
283 2346 1358 4356 8188 912 610 5501 9581 159 2201 5 4295 1048 748 3852 9298 1598 3918 249 7266 7153
284 4345 7077 7314 7740 2191 5172 4929 6507 1809 4254 8148 5692 3470 8534 6402 4838 8826 3050 5507
285 3331 7653 6547 1248 6105 8042 707 3215 8794 7262 9245 3650 2918 7456 692 1830 3528 8235 7517
286 2240 5899 8068 7423 7369 9487 9190 7248 3643 3796 8645 632 9916 5548 1939 3006
287 7438 9852 6216 4619 3823 1051 2416 2355 7285 2882 301 4735 4432 1309 6661 4665 799 8092 2583 2155 9244
288 5772 1542 1665 5502 9414 9865 2031 1499 8492 2497 3855 6235 2145 8206 7481 1496 79
289 6464 3405 1916 5942 8612 6619 7747 4258 2795 6190 6935 6568 8211 3014 3624 9991 5322 7699
290 7285 8920 7029 5838 5767 8142 4245 3804 8302 2238 6599 9685 769 6431 1818 9276 3914 7652 5962
291 2304 9565 3104 437 2791 9056 4937 667 2389 6134 9358 3183 4181 6781 1047 2555
292 6525 1004 2127 9994 578 5369 5870 2553 6556 9811 984 2025 813 321 7120
293 4531 6424 1352 6851 1841 7537 4944 7559 1720 129 5530 8215 4128 5997 5509 921 2
294 6712 5964 4342 5740 1095 5482 5257 6175 3808 9153 5478 577 3941 6540 2140 5229 6130 300
295 6296 369 8462 7036 7318 2917 8488 2160 421 2124 368 17 5327 8348 7869
296 5448 2192 2538 3708 3178 6112 5368 9335 7096 2399 8312 5050 6209 6658 2579 5362 5767 7652
297 4106 1930 4391 9173 8505 4272 9371 1681 8411 810 5208 3172 4957 7699 5748
298 8269 2198 9216 3265 2923 4150 5430 8885 4117 3840 7848 4475 3997 6000 7415 4956 5214 2183 2986 447 4199
299 1668 838 647 7852 5211 2526 6921 182 101 4714 8762 5096 7093 7363 2481 492 4976 3077 5443 9518 3783
300 8145 4962 2617 4691 6022 8234 8282 8499 1423 6865 7086 6519 1964 2210 4942 9171 2676 7193 3905
301 3146 1638 7050 971 9109 9818 2236 7798 2989 5835 1688 980 9293 6692
302 6351 4212 8981 8842 1315 5075 688 5017 7021 9937 73 9775 683 7709
303 7762 1670 7267 7787 9244 2256 4719 6496 8340 3312 9873 8434 2915 9195 2850 3668 9231 8417 9467 4199 321
304 8495 847 8345 5175 7956 1762 8688 13 9362 9285 3835 9578 4587 8449 4032 768 7458 9347 8922 8125
305 6635 9259 9478 9645 1929 8837 5751 6457 8466 9674 6410 5535 8083 9834 8210 3914 2304
306 2870 7699 5645 5212 6748 8816 7037 1647 1380 8004 3754 1187 6318 9626 2754 6026 75 3004 2240
307 707 6054 9349 2486 4507 7698 2810 9757 9579 9755 5901 5294 7438 172 4243 7331 9481 9928 1961 165 7360 658 2876 6139 1223 7929 2114 2685
308 3103 4286 6385 1711 2970 3160 131 5802 6526 18 8331 2601 5268 6736 202 862 63 8341 3550 9827 3537 4385 2346 7949 321 79
309 1105 8918 2866 8789 3642 3432 5011 1672 1727 7997 4097 9209 967 1750 9480 560 7652 6613
310 4855 7949 4442 3227 6406 7399 2401 2319 5728 8478 7054 5596 2339 9309 4132 3572 8085 8840 6500 7630 8078 399 427 5715
311 8711 1260 1336 695 6863 3319 6458 8878 2884 4845 8677 1697 7770 2552 8275 8720 3994 6310 795 9903 2288
312 6014 6336 130 3231 5534 6695 3016 6776 6452 9948 8316 5094 9350 6178 8209 5715
313 8462 7486 2929 2074 663 1761 895 7525 463 9295 2787 4584 6979 4051 728 1622 2079 8009 875 847 3395 7883 2240
314 6030 30 2867 6538 1940 2721 3409 7822 3669 3535 6477 5514 2925 7582 2837 9495 53 8624 3858 3304 9036 979
315 6666 3284 7172 2819 5364 9524 4194 5606 5158 5572 5163 4333 1647
316 7795 2107 603 5587 8067 4933 7309 6572 8759 2760 2173 6117 8678 524 1429
317 8687 4970 5737 5875 5950 6777 9474 3633 2638 2725 6959 6480 8811 9217 9444 7105 1289 9265 5458 5064
318 2480 2983 1364 4879 7657 1978 2168 2639 5388 8518 9866 4688 7988 6590 772 8406
319 2327 1238 220 376 9083 1858 4081 9159 6859 310 6512 8294 9255 742 4909 5917 4742 1745 8864 1865 8594 4926 7159 2315 9795 6676
320 7713 9347 8797 1465 4616 1425 3743 2737 2344 2591 4832 8145 2391 851 7551 555 652 6793 3983 3456 6945
321 2407 5234 8363 4695 5150 1220 9376 7647 379 7393 8163 4309 897 9537 2063 413 9637 3232 1238 9533
322 979 5848 4453 5947 9526 8498 4109 5766 3200 1210 942 2976 3023 5962 2
323 76 5111 7013 2383 3607 7725 3308 9676 2101 7244 8143 6725 9625 5958 1403 1484 5175
324 9211 8635 7062 4590 8603 9000 7148 9972 8276 9613 2345 8716
325 4352 1289 1091 6671 1779 2464 5785 137 6352 4256 5876 3208 9012 6505 6407 7119 8799 4664 5715
326 183 1552 8583 7293 5623 6997 39 4778 4510 6890 8952 2310 401 525 4141 4199
327 5340 1125 105 4884 8539 5193 9281 3230 2029 1798 8403 6266 77 2985 2709 9372 9145 1253 1815 6892 7641 5248 2085 6538 2962
328 427 6538 9551 709 2771 9499 1859 3864 3485 6543 5734 4955 6397 2402 3512 3383 8694 4199 5715
329 4783 6166 2302 5375 1838 2195 608 440 216 1753 4398 4035
330 2978 6770 1365 2000 3298 2629 9103 9763 7440 6646 1399 1739
331 2155 3032 6771 5962 3238 7191 2232 3003 9262 170 662 7831 908 8448 1669 1093 6498 9607 3505 5826 1868 4199 5715
332 9013 7210 6550 5758 358 7199 1523 255 9090 2683 8086 7074 3385 5684 1232 7805 3022 7699
333 2439 2491 1206 9775 9804 4924 390 8113 8122 1772 3527 5512 970 750 3902 3533 1305 8062 6534
334 3885 3675 7064 3699 7435 3066 2211 2197 3156 7865 9387 5803 7623 477 1543 2870 5141 4923
335 8470 8135 5690 6434 559 5169 2594 9401 2440 7498 1324 2065 6889 2121 9374
336 1752 8218 7719 7137 751 2833 1832 9946 3373 5366 4438 8631 1500 7088 7296 3905 4222 4346 79
337 6423 6343 575 4667 722 380 4409 727 4772 4638 5653 3424 3061 1628 5715
338 7200 3408 5992 9261 7185 3381 9717 1746 7663 8997 312 4982 1073 6870 1657 4901
339 7044 5112 9436 4517 9337 8651 5797 3275 6222 6436 5973 9688 8758 2533 1903 9077 1148 2822 8988 4624 1473 1248 1429 6938 9968
340 3363 9027 1686 6149 643 2247 5062 8888 3889 8572 1086 5379 760 5628 881 3086 8464 166 6741 7517 647 3877
341 9160 8663 583 7895 4670 5661 4497 7452 4575 2616 7972 9984 1717 1765 7846 2027 2488 7104 8116 1299
342 5898 4310 8136 4327 465 2674 1567 1092 3532 1398 8882 5055 45 9490 238
343 6482 3555 9884 5781 5926 4292 6824 520 720 918 5838 1774 5239 5451 7949
344 9301 8896 7796 7746 6574 5170 5833 7338 2301 1588 5160 6263 4346 508 1391 4302 1429 6613
345 5677 3051 4070 5546 2951 446 7065 4736 558 2473 4483 3927 6217 8287 7782 7699
346 3720 7041 6991 7291 5724 4669 8249 8129 3189 7567 2285 4605 1136 5122 3363 4967 3103 2
347 1454 5996 3870 3256 9876 5431 665 3746 8372 6947 6944 7695 7565 6060 5507
348 951 9908 2465 81 7851 1351 3818 1271 4325 9678 9705 6177 2834 3182 8733 2679 6675
349 7012 2114 511 5726 3 9026 9370 303 3344 7395 8278 7824 5511 7844 7354 1435 4020 2
350 321 238 3456 2483 4546 7691 8084 5098 1395 3397 2618 4334 8357 9018 4994 7347 5737 8396
351 5869 3064 8405 1610 8333 4171 8662 6123 9060 868 393 9747 2881 3794 8438 1121 5307 9931 1105
352 6534 8812 9955 5572 6903 896 6705 7598 5385 2877 1009 6880 7965 6490 2325 2456 3431 3959 3810 992 5600 3128 6226 4199
353 712 4628 3697 6758 8242 4613 3027 939 7298 109 8640 7163 8599 1833 9777 4855
354 9990 2518 5163 4269 1505 6945 254 4661 3883 5756 756 9936 9045 4677 6960 9400 7637 2120 878 2757 1 1925 5610 7254 1454 9533
355 3537 6681 977 4249 9749 2560 5255 5298 3564 8851 4978 6056 9619 1934 2
356 8907 3509 7278 5980 9385 3798 6893 4997 8659 1451 7496 9708 9070 8666 4404 2669 3873 7333 9990 6360 2340 5458 427
357 8908 6810 4788 8938 4635 5941 1311 8421 6628 1508 1349 1005 2733 374 4035 7652
358 9218 1141 5755 212 5634 7981 6076 1261 1555 8757 3805 9238 704 7997 321
359 7732 6986 9713 2064 1219 8852 5670 3736 5342 3832 2269 7272 5578 2708 7238 2839 7183 7569 4760 105 6584 321
360 6178 2209 5925 4946 2767 4739 6709 1901 4565 8661 9426 8171 7974 9223 9386 1611 2652 8387 7949
361 9979 2085 6955 708 7751 3876 4579 9591 9286 6597 6878 5059 8707 2413 7997 9533 2962
362 6946 4104 7260 7095 3524 1231 758 2728 6005 947 3082 2317 547 5112 1923 6855 5219 7153
363 1145 467 8362 7611 5035 4127 5951 8376 1240 6312 2825 64 2439 4531
364 3447 6230 8936 1373 4145 4743 8310 51 6462 677 4225 7804 8686 8428 311 1299 2962
365 4045 6772 8927 1920 7239 5678 3661 1179 8555 3152 223 3155 1778 9356 7414 2136 5219 8134
366 8922 4437 475 8081 1628 5434 8124 6815 9904 6768 5597 8706 812 4415 8732 7892 1443 4764 8075 6949 3160 7266 6021 3032 1774
367 9129 6413 8713 7243 1294 3939 4153 8483 2242 4535 3968 5383 8406 9848 2240 5715
368 2774 6028 8106 2666 3345 324 1866 2333 8045 3404 2867 8962 9718 3577 7085 3937 5099 2013 79
369 9903 4004 2398 2254 9492 8446 7546 213 37 6906 5850 6454 1979 6635
370 2128 4260 7116 1884 5787 1481 7324 4134 5168 9808 2013 7945 7246 7985 8248 332 8406 2240
371 2058 541 2875 3020 3704 8030 4063 5067 4641 6614 305 5945 5484 6167 7934 2367 6980 7883
372 3111 9688 640 5387 7607 5292 4324 1297 6808 6844 3219 7616 2559 287 2149 9292 5271 1411 5201 1055 4393 3630 9842
373 9129 6001 7998 5855 8562 494 9368 7337 4836 7323 7174 5852 5508 5196 8667 6967 5862 3894
374 3513 6130 6914 8319 2885 1344 4571 3148 3593 8138 4174 8355 4073 9548
375 5219 1956 5862 2583 6099 7811 311 5230 5868 815 5183 6570 9781 5089 8010 8035 9397 2858 7864
376 9007 3830 5483 2030 1846 438 7056 8231 2994 521 345 1675 6086 9691 3710 2907 7275 7924 3659 2264 1145 8848 4020 5412 79
377 2458 5270 955 7720 6683 5362 1281 1272 2820 5906 5250 6085 4542 5209 6966 3281 5899 5507
378 5862 9604 858 9167 8630 2838 7066 4694 4215 3782 6121 6015 2611 9007
379 2426 4068 3425 6234 4905 2369 1422 3366 8808 2955 62 9891 2900 4056 5458 569 8125
380 518 5349 1889 9751 1387 674 9544 9819 2134 762 382 5299 2469 1222 1249 1831 5339 5784 8235 9968
381 5702 8634 4302 3520 7951 1955 4413 8560 4609 1228 6726 9973 1126 4828 7213 7736
382 6470 9043 3533 6487 8893 3069 931 4441 8164 5013 9363 6278 4390 8185 9120
383 2679 6855 372 1296 1010 8919 7554 4296 3860 7455 398 2148 8068 1194 9032 7379 738 6049 321
384 5054 7347 6970 447 1941 5182 6774 1627 8746 8264 3623 6466 9519 3028 3996 569 5412
385 4340 9224 3602 755 660 8189 1570 6677 8614 7082 6362 2095 5676 7728 1769 8535 6429 9675 3976 6934 9841 8948 4796 6161 7795 7762
386 6778 208 6717 2633 4095 8456 6773 2463 5402 1277 4815 8457 2270 2566 1723 1605 6692 5458 2288
387 8212 7629 1164 5365 6829 5515 5264 28 3132 1058 7362 7226 359 9331 6488 3236 155 2986
388 8150 4314 1579 8360 2540 721 6818 879 7359 162 1520 7224 527 5762 9533
389 8406 7049 4399 6836 3789 6891 2542 3610 2844 2524 6040 7693 4820 6917 9702 1113 6474 8396 1121 321
390 3937 2239 4705 8392 6218 554 8800 1445 9802 6174 2115 233 6010 7857 7340 3469 8491 8125
391 6967 1252 2943 3316 2794 5972 4152 1679 5990 1559 833 8246 7132 468 321
392 3575 3496 3819 933 8440 3296 2102 8916 3489 2067 4650 2736 3427 5860 3836 8406
393 7736 1731 1174 5177 7261 4572 8286 5682 739 5107 2777 7495 8064 7752 2846 4526
394 3541 9607 132 2543 3806 2452 1185 6576 6104 43 9906 9682 3803 7121 7332 7491 8307 3894
395 6737 8958 1981 4692 3656 2 5161 5788 7192 4522 948 2271 6716 817 2051 702 8459 7787 116 5525 3602 321
396 4234 4965 5795 3394 4004 9883 5370 3293 8447 8996 2447 2024 3725 8910
397 2109 3468 1050 5443 3657 5214 5145 3134 4449 8296 522 3327 8196 1376 27 199
398 3285 673 5457 5995 4602 5355 5638 4757 9381 6613 5877 1853 580 8011 6146 919 6712 5880 2962
399 745 9600 3597 1805 4434 2769 2859 9423 1801 8018 3592 1281 8756 9465 3783 321
400 4527 1557 9720 6669 9594 4658 1719 5216 9185 7141 3159 61 2954 8592 474 1177 4577 3875 5439 4689 5220 1343 4692 4765 7699
401 5902 9480 3164 8790 6388 4257 5964 8119 2050 7503 1652 9743 6753 5374 1446 205 7153 3877 2
402 9659 9085 2746 2580 6968 6133 7009 6119 5533 9076 7748 6396 4094 552 3836 3316 9842
403 7413 7429 925 5446 5090 5433 3434 3025 8170 3267 7780 5082 553 4411 6364 6862 631 2366 8747 6667 2486 9733 1934
404 3783 5857 4755 9208 6973 8177 2097 8033 4917 8615 6065 924 1022 4176 2013 79
405 5326 3079 7085 9003 683 3093 1436 276 7008 8935 1959 8388 2433 3415 2799 2973 1957 2434 8946 452 1206 4020
406 6258 8439 6486 8259 9467 8628 3375 1233 2988 5317 4026 4938 6873 7198 3822 9280 6295 2209 9139
407 4108 2554 4021 4047 1449 5468 6594 4133 4218 199 6025 9182 1695 3422 6581 737 6923 6652 8991 7320 183 9545
408 1774 4199 6324 3670 3562 5223 1616 2996 4940 9568 8432 8152 8786 6141
409 9533 6030 910 9806 273 4054 3417 1360 7969 488 3337 4763 3446 3169 6819 23 5869 9842
410 8105 1256 6196 6503 2146 5122 513 6311 6883 2924 9177 1514 5311 4062 7510 6655 3586 4523 3731 5412
411 4091 3797 9391 7549 3297 6898 1834 6618 5565 271 2872 3792 6602 6348 7552 5706 7296
412 6588 9004 7856 8900 3895 374 8658 5695 9341 4671 4903 9833 9566 830 2952 246 250 9993 6731 2768 7575 7153 79
413 1979 9032 5504 412 6269 6075 4684 1833 6610 4308 8649 1939 5889 2265 4444 5143 6984 9268 7643 3871 7256 2194 5027 1159 206 9355 3064 8470 6547
414 3106 4134 2673 2589 6739 1305 7123 110 227 9608 4591 8899 9602 9047 2066 2729 3099 9066 8969 3202 1557 9123 3009 6404
415 5656 3225 1680 4805 4607 6478 1880 1650 1541 1202 7327 5874 8495 7513 9940 2240
416 3982 1105 8157 5065 7356 1992 7613 3690 5276 9314 5093 1895 864 1330 9191 3103
417 783 4159 5178 167 8660 8204 634 5663 5968 9222 9784 7600 5156
418 8618 108 9940 2038 1749 9609 2750 9352 7034 1026 7781 9296 1715 1424 6939 8190 4042 6520 4199 79
419 7949 6021 205 9230 246 8195 8854 2335 1845 6701 4821 4013 5836 6150 235 9628 1840 7656 3245 1149
420 9637 7304 7151 8069 4766 714 1878 9920 6225 2177 8519 7028 2590 1419 4480 6958 3102 7652
421 3427 4893 1496 1948 8815 3474 9901 1773 5536 1072 1118 4741 7006 1851 5040 637 4169 3560 8293 1668
422 5359 7641 4203 3830 6840 6928 5742 8224 450 9366 3531 3763 5056 9057 905 8150 6464 4526 7880
423 6153 4760 4928 1538 9332 7939 3100 9638 9141 9460 3096 3742 1061 1645 2283 2272 8384 2752 4624 2121
424 7883 2175 457 5029 5583 7280 3821 7893 2233 7810 7887 9067 4892 4502 1993 7266 7240 979
425 1647 652 6437 3465 7178 4071 2462 2403 8361 7063 2546 2549 5438 6044 2655 9945 6583 2536 347 9086 1962 9970 9573 79
426 551 3095 3991 6116 4920 449 6926 593 42 3466 9040 6073 3376 238 8644
427 2666 3379 7457 4462 7448 243 1034 2294 9565 571 2878 6382 3613 5381 1924 5448 5869
428 8116 8343 776 1510 1292 6842 3923 4627 7302 1381 1536 3616 3398 7591 4191 6041 4632 8027 269 9139
429 5307 6141 3784 6528 6280 7521 860 4913 4036 1984 8036 8809 9176 2255 7702 7436 9534 5074 7268 4332 4170 3602 321
430 6549 33 8156 8202 8513 8558 6879 7017 6294 6803 9228 7266 4311
431 9842 2846 3865 5162 953 1412 2308 7836 67 3235 8846 9502 1257 3784 7845 3144 3894
432 9290 3032 7138 4586 6260 9803 8738 3975 7632 6940 3214 8175 1743 6537 2350 8655 2100 3877
433 9139 8428 6327 2962 6338 2161 5103 4039 238 8853 4553 4762 9310 1763 458 4996 8005 2741 1562 4886 8134 4176 5715
434 3703 9709 8049 456 6729 4420 3307 8180 8501 9653 5705 9062 4668 563 9520 8832
435 1025 2274 4178 1937 6722 4906 4960 8463 1361 725 849 4615 8359 1134 8406 5715
436 9731 155 3119 6250 3706 1130 9091 1794 3638 2701 7668 6203 3900 293 8992 7816 9464 3468 6827
437 6101 1117 7126 7634 524 190 5026 690 6015 1369 1426 9044 9097 2368 21 2969 5130 3434 8702 5446 5962
438 4749 6853 7536 2783 5793 9162 8711 2532 5905 9886 5754 3473 4044 38 6285 5065 2707 6153 5219 4199
439 6611 2100 5104 4730 3863 482 1147 7597 7207 9868 5554 4512 4536 2490 5807 8649 3377
440 7053 1942 7459 6011 691 2409 8060 2895 3088 3154 4511 8712 2887 7862 5890 6160 1690 2043 5985 5258 7545 1121 5962 2962
441 3707 592 8610 3845 1182 6837 5154 8921 5673 4360 5761 753 1668
442 9206 8978 8461 874 7978 6356 5743 9042 2920 1137 1662 5769 6624 2058 2074 8863 7949
443 527 5815 9256 583 4580 9805 7490 8250 8764 2337 2812 6746 6259 6554 3377 3012
444 1571 3792 9822 670 9837 2879 2911 8486 646 1786 2906 7024 6173 8914 3083 36 978 8528 8121 7206 4765 321
445 8431 5752 2806 4973 2135 1876 142 9595 1432 3985 7301 7277 5925 6692 1774
446 3753 9260 4463 675 1323 1898 8686 5909 7336 4529 6809 4389 6414 6603 535 9821 2445 7162 9198 4915 2225 2522 8269 8994
447 7880 2060 4528 5668 218 8681 792 4365 987 6103 8077 6636 5848 7650 6249 3680 5900 5423 5821
448 4341 7569 2003 759 7349 3683 8480 4785 779 7307 5157 3250 3825 4552 184 6280 8580 7919 3877 321
449 4912 5132 1855 4299 3495 6656 112 8995 1107 5461 1994 5199 191 1752 5635 7367 7321 8663
450 6608 7147 5553 1167 7048 865 9545 5872 2939 9635 6999 5358 5671 7991 1958 3193 9146 1466 6228
451 8716 3914 267 1572 9947 6786 2513 332 4645 8748 9740 8337 8350 4173 3508 5817 4478 1389 1874 1489 7826 597 7636 5848 6692 321
452 4660 3236 9485 4066 7350 1310 2624 8029 7169 9442 343 4702 1340 5978 9839 3888 1797 991 3602
453 3728 4567 4294 3684 8574 5416 8054 8967 2947 2438 7381 3031 1609 3264 3140 4070 5898 925 3074
454 6073 6980 4300 1264 733 1888 7721 331 1111 2823 1602 6686 251 9436 5772 412
455 5043 6070 1852 5730 6408 6484 7484 7188 6884 5943 5236 8467 1998 4636 5286 625
456 4664 2828 4491 3460 8097 2449 9069 5928 3318 816 1421 6580 2138 949 1946 5643 3936
457 3243 7659 6046 1077 10 6465 7819 9388 8469 1012 6394 9399 3253 2792 7087 7902 321
458 5437 7845 3752 2817 1176 3052 9563 7212 2111 8548 8608 8906 6091 6333 2006 4294 2970 4647 4664 4909 8994
459 8387 6281 7899 2158 9354 5997 5474 8925 5884 8451 4382 1007 4040 2262 7566 7025 6577 2379 6415 2615 5715
460 6467 1066 1962 7604 1651 9149 7209 7651 52 2126 5353 5749 1409 4709 7200 321
461 9573 8880 1512 7039 9005 9728 3999 8367 3292 5415 8093 4706 3694 8611 8520 5095 2643 5715
462 6258 6327 6134 2569 4801 745 9433 8715 641 8653 5506 856 7964 5924 2394 7943 2322 7852 8406 7949 5412
463 523 6731 7568 8822 1646 2599 1459 9529 7966 6378 982 8892 6487 9848 3103 8134
464 1657 9014 2202 9569 8191 8301 8569 6238 3786 2119 972 1161 7101 5762
465 6692 7630 2773 2979 2643 8055 4504 2730 111 1969 3098 4307 150 715 3827 7633 7773 3079 3518 7227 1434 4317 135 3103 1534 2288
466 3007 6184 2313 5200 2222 5649 4643 381 9641 1038 3499 1385 9968 1668
467 9023 9933 2565 9555 8911 770 601 4397 3255 9986 9254 5326 8338 7562 3722 7382 7901 7083 2052 3012
468 8644 3781 6332 7290 3234 5254 6257 6673 349 7092 1301 5444 7767 633 1237 884 7022 3949 238 6938
469 8256 4055 1036 7373 6941 8632 6449 323 6256 9643 3280 7614 2129 6962 4423 4909
470 4252 9815 4771 9507 8061 1337 2137 4557 2418 6983 7976 8924 8041 1655 9573 4199 9129 5412 5715
471 6899 5033 5185 126 9753 3211 5842 4652 5888 8258 7305 7576 9343 9260 6537
472 3507 550 1555 6833 5826 2711 388 9438 3783 2331 328 6871 6050 9950 2575 2048 3371 7267
473 5962 9107 952 395 937 6053 1569 4433 3596 6473 3330 8114 5356 5770 1571 5350 152 7993 6448 7469 3051 4437 8748 6584 9533 935 3012 5715
474 6650 1181 6024 9885 2692 2292 1997 1521 2466 661 5556 8491 3274 2273 1802 8605 3104 7153 8005 6938
475 7511 638 9233 915 4369 2890 512 8117 9618 163 9867 195 149 4854 863 8531 8830 9007
476 8130 8512 1391 1020 648 4798 5459 5655 4464 7677 4644 2117 9592 1342 4386 8023 1995 6044 3023
477 6545 9931 1328 6236 6063 4348 232 7202 8949 8270 9712 5897 8928 123 2545 4493 2661 3621 5127 7118 4999 6986 574 838 5715
478 4222 300 2382 5333 6214 8723 6778 8308 7143 6990 6825 5282 3273 1516 8625 3599 5748 8711 7438 2
479 7880 3377 3190 405 8855 6163 956 1132 4855 2248 4240 9344 2614 5723 147 8378 4176 3877
480 6672 8794 3630 5400 5045 784 3056 2376 1124 5189 532 3260 2541 9308 1480 8767 2028 8907 2182 5507
481 4314 4728 2685 8445 5397 7361 3125 7068 4537 5659 3552 8578 5716 7477 4549 6521 2406 8843 3682 805 6019 7671 3158 4034 9244
482 2322 7252 2651 829 4457 4166 8314 5891 7642 6339 7863 5625 4930 1784
483 6404 8841 7806 569 3251 2847 9887 5418 2512 944 8793 9030 3141 6648 5936 4860 3438 2208 8342 9483 3043 9205 1668
484 9669 5710 7216 8814 9697 639 2873 3147 1019 3149 8719 7117 8734 789 5386 1180 5573 1560 6600 6269 3836 2986
485 2790 4801 1736 1293 5768 2156 2144 6633 6685 6728 7353 3901 4566 9971 4882 7482 4703 1540 2414 9219 2240
486 9199 321 813 6698 687 7952 7259 9711 1807 7386 1314 2936 5207 8141 1244 5070 1476 5038 4402 6982 6021
487 4343 9425 4925 4774 1522 2235 4024 1037 7478 7480 2162 4001 9907 262 7483 7179 3103 5762
488 450 7919 3352 1685 9087 6059 3967 7012 514 5031 6229 6839 8999 7295 7061 2282 6847 7240 7629 3541 8134 3074 2240
489 753 5462 6790 8176 1935 934 731 1241 5406 4148 6468 526 2802 2596 9035 7091 5503 3238 3376 2288
490 5253 3081 3121 1377 9013 2798 6908 6780 4969 7608 1456 5319 4454 5365 1401 8406
491 8043 7852 2001 5288 1354 285 44 9624 1120 6014 1198 6329 3388 3382 8957 4326 4530 4855
492 7219 8528 7320 744 175 1639 8823 3089 7638 5272 8002 5830 5376 3393 3320 3982 2
493 2136 4752 7948 8210 56 2608 6476 2747 7777 1236 1817 1982 7840 3955 1280 3232 8293 1668
494 3395 325 7987 6226 4639 4606 3005 1306 8304 7391 9611 4198 9660 3042 4012 9468 114 1945 1091 511 3352 5063 3758
495 5880 1750 7193 7206 46 5993 3795 2155 676 8743 2811 2909 6045 701 893 1561 8207 256 3740 9079 4356 9050 8406
496 8387 5860 1139 6095 1504 5895 7321 3970 8581 1366 1464 5343 8336 9430 4078 5617 4989 9794 4209 2093 2893 8696 4314 5962
497 4886 7057 8787 329 9315 3987 1457 2660 6296 4733 4853 6250 4716 5956 4220 8879 9547 8900 843 311 3877
498 6170 6360 4843 8690 3013 1624 1209 5109 3336 6711 2983 6764 2840 3713 4663 5372 6053 5340 79
499 867 5654 2321 8753 8245 6738 2017 671 1402 8622 7504 1129 104 319 2602 8003 7694 2818 5607 937 6785 5248 9842
