100
0 8 0 9 2 7 1 5 19 3 6 14 4 15 17 554 11 236 16 12 21 30 27 20 28 10 35 309 38 139 720 22 32 1137 13 63 18 7013 123 339 789 6045 288 24 36 82 57 2978 45 1189 3977 155 869
1 0 138 8 2 9 1 7 176 5 6 4 3198 3 14 1572 15 11 19 869 485 28 61 1089 404 126 65 12 16 74 22 18 5367 10 25 17 26 8734 84 20 110 38 13 231 549 88 54 46 36 82 159 1388 2572 4589 1597 1679 940 1290
2 8 0 2264 9 7 2 1 27 5 14 28 4 19 69 3 6 11 126 37 65 17 3774 62 16 21 13 15 148 252 485 23 35 199 12 44 20 10 940 24 18 3244 102 45 58 751 30 329 41 103 1756 54 32 61 36 637 22 1524 5659 1604 1737
3 3097 0 2 1 8 9 14 7 5 155 3 6 15 21 4 27 907 725 17 11 41 24 12 16 73 125 20 19 31 6166 4347 1549 30 97 346 7977 40 54 8948 815 2385 170 46 235 735 98 112 137 1888
4 0 2 9 1 14 5 3 6 7 19 4 15 37 13 11 299 27 26 890 3420 24 511 54 12 106 2132 6147 25 335 2052 78 3293 7275 2791 2431 3033 3769 212 3348 30 29 63 503 173 2654 3692 552 3999 1310 1502 3975 7055
5 8 0 9 2 7 1 155 5 28 4 14 6 3 1173 37 15 11 65 2614 62 12 16 21 20 1958 10 148 13 61 549 18 78 97 29 36 139 686 285 3849 25 41 19 70 650 31 6698 152 56 26 158 107 32 869 1263 583
6 8 0 9 2 7 1 27 5 1310 176 14 1334 3 19 6 4 859 13 121 15 126 17 20 120 21 11 16 1184 30 12 22 23 18 10 63 72 145 38 24 41 57 442 35 44 78 112 1714 148 1476 40 29 37 280 56 585 82 1122 1881 2153 2264
7 0 8 2 7 9 1 5 3 1315 15 27 4 14 6 28 19 63 11 21 303 139 184 355 37 107 12 4371 17 23 13 20 102 1452 35 229 145 554 5429 58 16 78 253 10 4023 30 725 158 55 316 44 24 74 583 18 56 38 72 47 410 46 4848 485 1290
8 0 8 2 9 1 7 4 5 6 155 3 37 199 252 27 19 11 65 14 15 10 484 23 126 30 12 24 13 41 4510 42 1734 3266 1388 253 1287 524 22 5313 40 63 158 1440 35 2902 684 596 178 52 1468 1632 7292 8215 21 249 280 17 44 88 87 867
9 6729 0 8 9 2 1 7 5 176 155 468 6 69 3 4 19 65 11 20 4390 14 15 28 442 23 5200 10 2170 35 873 16 2955 1554 78 56 58 18 44 290 229 38 197 432 158 84 117 25 1510 72 30 33 52 145 252 131 166 329 6718 1312 32 57 2735 715 4421 115 7401 8034
10 0 2848 8 5926 138 2 1 7 1737 5 4 9 3 176 6 15 11 621 3477 37 27 20 16 17 19 4266 14 2701 10 131 5725 482 2871 914 28 12 22 940 1667 86 513 123 1707 3071 426 65 4978 78 58 371 193 26 38 824 4432 332 13 455 1826 9086 61 624 679 681 1131 850 25 47 410 110 2905 4210 708 554 5381
11 8 0 2 1 7 5 9 27 4 6 19 11 3 15 28 126 236 13 65 72 121 17 356 10 12 114 139 63 16 55 41 117 653 371 372 54 61 112 84 70 103 316 3457 206 1122 18 79 303 35 6656 494 34 48 60 57 2261 7559 650 442 2614 873 621
12 0 8 9 2 7 1 5 554 14 138 6 4 1502 3 19 120 62 1310 16 13 27 11 69 126 1591 468 731 35 12 1077 28 121 10 2371 184 18 65 22 26 155 632 23 21 32 135 595 17 20 624 878 40 252 82 63 139 224 88 280 29 3483 42 117 4514 7929 4500 1263 4977 2153 867 3756
13 0 8 2 9 1 7 5 3 27 11 14 4 19 6 35 21 17 120 44 20 82 70 45 393 22 63 10 3525 74 275 83 2768 343 172 1686 23 2205 2509 885 5902 13 422 1128 52 567 233 595 2653 176 2264
14 0 8 2 1 7 5 3 4 6 27 224 14 303 11 17 708 21 653 9559 236 15 37 72 10 102 737 20 45 2205 5850 3591 78 34 130 41 249 185 398 9 289 19 118 370 140 4594 51 6979 331 33 25 3239 3182 290 709 2153
15 8 0 9 2 7 1 5 27 138 120 4 155 3 6 15 11 21 63 1495 28 14 19 16 5482 20 62 12 131 22 23 37 2291 18 290 309 10 17 135 1766 404 164 280 26 42 54 38 148 147 29 36 13 1597 161 84 513 9957 468 709 979 968 4288 6459 3774 9365 725 3198 1290
16 0 2 8 1 7 5 3 14 4 6 27 15 9 659 19 11 16 999 9225 331 2983 3054 51 288 110 1754 21 256 5069 195 1959 1027 1985 151 167 184 933 1762 7791 40 1207 1590 461 3500 258 356 76 41 98 355
17 0 6049 2 8 1 28 9 5 3923 6 4 3 4607 731 7 11 14 665 1352 65 1554 6378 20 879 4343 18 36 2296 27 252 15 61 12 17 346 510 84 8015 9927 4807 5404 1584 62 3977 1270 29 4063 1591 2145 4497 87 119 356 10 4167 5893 6369 946 583 86 85 339 245 355 968
18 8 0 9 7 2 1 5 14 355 3 6 4 879 19 62 11 26 16 37 21 389 4102 267 35 15 18 17 114 583 204 13 102 74 10 56 22 33 2523 161 439 7984 50 23 175 42 8334 32 118 8703 554 5381
19 0 8 7 9 2 1 3 5 4 6 15 14 82 11 44 30 1799 19 22 23 18 299 88 3142 17 102 764 3448 92 5910 243 517 1437 56 480 37 1119 45 8933 1524 9768 80 871 175 1930 9732 339 231 1114 47 598 72 992 10 61 800 625 346 778 8488 1737 2264 3244 5926
20 1290 8 0 5526 2 2153 7 9 138 1 155 5 27 2591 14 176 69 4 3 6 11 709 3198 148 15 1052 3497 37 35 4171 107 3172 20 23 7347 17 1638 19 797 62 57 63 8454 12 30 549 44 10 102 3483 13 3441 2659 16 442 2930 249 7048 4225 28 9519 624 33 4688 45 119 1771 206 595 184 61 21 75 36 7081 583 968
21 0 8 9 2 7 1 2264 5 3 176 27 6 19 15 4 1482 11 797 7242 21 69 1384 199 74 23 14 3158 13 20 5482 35 16 5554 5985 37 63 494 17 65 18 164 1089 1152 389 12 22 30 10 1350 38 325 96 236 44 356 54 737 82 249 55 83 103 3600 79 110 131 1610 725
22 1310 1290 0 8 9 2 7 1 9517 7624 5 4 583 3 6 859 138 69 63 11 14 2818 28 27 15 1173 16 468 977 224 126 193 72 2402 13 17 442 18 148 23 12 356 197 20 22 114 236 78 303 10 2045 1888 57 253 3211 166 3379 70 21 55 389 74 199 38 650 24 164 6379 45 62 198 157 102 97 117 404 355 161 121 58 554 2848
23 0 8 7 2 1 5 9 3 6 4 11 14 252 19 17 139 57 15 35 3700 18 12 671 16 482 58 107 10 55 56 1412 28 42 44 2198 1429 70 7658 41 34 4994 2579 253 20 21 52 2169 60 611 61 426 95 572 121 3244
24 0 8 7 2 9 1 5 2060 708 4 3 19 6 28 27 14 725 977 15 236 11 37 13 184 120 12 22 21 138 16 6698 10 900 17 8450 23 30 35 426 554 82 45 621 1334 18 6138 3706 6238 42 32 6347 3483 102 7086 5333 26 2168 3046 74 940 542 31 7373 38 44 1930 1151 482 8139 2444 1173
25 0 8 2 7 1 9 5 69 4 6 3 27 14 19 252 21 20 11 37 6115 3880 1667 22 17 850 1554 72 12 15 3398 13 3262 107 342 7382 1888 161 8243 10 301 2106 4397 38 1524 18 40 3196 3139 425 50 1222 4724 57 1174 166 82 26 63 36 1184 155 2264
26 0 8 2 9 1 7 5 120 15 6 4 14 3 11 19 21 37 12 23 13 28 16 24 5959 10 26 187 25 84 17 1656 907 131 114 6577 22 18 102 4090 161 299 1388 342 103 197 152 61 117 485 55 36 252 54 549 65 9542 859 1290
27 8 0 2 9 1 7 5 28 3 6 1954 4 27 15 155 11 37 2780 17 176 164 14 23 197 13 16 10 148 12 107 57 21 63 18 72 8761 22 24 5295 6668 184 552 112 899 29 443 41 35 40 34 849 158 48 55 3870 708 1173 1310 1671
28 0 8 2 9 7 1 621 19 5 14 121 3 63 4 148 6 15 1917 1583 21 23 37 20 69 16 44 11 10 914 22 12 13 17 899 612 114 61 58 131 29 45 1506 60 552 78 72 31 2819 132 51 1352 144 4157 198 1412 8993 900 1263 5921
29 0 8 2 7 1 5 9 3 6 4 11 15 27 329 442 69 236 57 290 20 176 17 120 18 62 35 131 21 45 19 650 331 10 330 727 880 22 38 26 114 23 4226 41 12 1697 231 496 156 274 92 4919 1320 962 49 393 1506 977 2153
30 0 8 2 1 5 2076 7 19 9 3 4 1610 28 6 15 199 16 12 148 14 625 13 2385 184 17 21 36 1132 31 20 621 197 332 158 29 4801 76 67 275 145 149 2106 234 268 64 274 1979 2785 3363 5626 1283 583
31 8 0 2 7 9 1 5 14 3 27 15 554 4 37 19 6 21 28 549 16 11 199 197 13 20 12 17 482 253 23 10 58 65 30 1065 268 1106 69 31 102 22 24 96 26 148 135 1734 653 301 83 73 2504 61 3676 161 60 4397 62 1052 4487 3097
32 0 8 5921 7 9 2 1 5 14 797 4 6 709 3 138 28 11 27 21 968 16 20 3110 10 184 22 126 18 17 13 12 2486 4364 197 2402 62 23 5051 2841 120 15 2076 155 1200 60 176 83 34 74 1315 5448 3160 24 31 44 61 426 30 56 52 3053 2825 782 1597 1334 2780
33 0 8 7 3097 9 1 2 5 14 3 4 19 6 28 126 1917 5150 37 11 9933 15 82 303 16 1384 13 17 3600 18 8751 20 73 679 299 63 961 12 1365 2274 72 229 139 285 432 1793 1114 74 2521 9896 3563 3514 2291 34 10 4820 4953 1284 653 3455 3447 5754 1184 25 1583 659 21 1951 9572 979 1468 4510 681 995 62 382 609 204 599 157 2214 3248 7585 554
34 8 0 2 1 6604 7 5 9 27 3 69 2153 4 138 6 19 14 2713 121 9894 15 16 10 11 18 63 24 65 30 4977 268 35 6577 1575 12 166 236 21 28 82 25 38 1809 4864 13 58 17 3441 776 4895 34 32 73 2126 178 41 74 681 1263
35 8 0 7 1 2 5 3 11 4 9 121 6 28 15 27 14 12 72 13 646 638 22 17 55 57 1959 52 137 5221 20 836 300 6059 7970 61 763 3190 7718 97 3839 6644 37 42 7537 5158 310 2148 969 519 6137 118 8315 8030 138
36 0 8 5526 2 1 7 9 5 3 4 21 751 11 549 6 35 27 1638 23 158 1783 1168 4067 1412 15 80 41 26 14 36 164 7069 17 146 406 12 4662 5329 1420 647 18 7315 22 1052 105 409 1936 137 2298 88 81 2073 2591 138
37 0 8 2 3097 7 968 1 9 176 27 5 4 3 14 19 6 121 252 11 126 15 69 1089 30 21 120 16 166 5862 17 10 155 28 356 410 24 371 41 13 12 138 524 54 20 681 158 859 2073 1052 25 22 395 37 26 60 2612 36 332 65 2430 549 56 3222 2444 211 1737
38 0 2 1 5 14 8 9 27 3 15 7 6 21 4 17 24 41 11 73 125 16 10 5329 65 4221 304 12 97 2360 903 40 408 2371 9906 1456 36 7253 29 67 2840 2047 126 1334 1671
39 8 0 9 1671 5381 2 7 1 5 14 3 6 138 968 4 728 4768 5921 686 62 37 1171 797 27 74 16 468 1930 1395 979 2383 17 879 11 13 184 439 102 18 22 26 7104 23 9611 21 176 977 10 2889 301 56 1251 5634 12 2138 38 747 4302 35 267 55 33 15 28 2688 1369 79 2120 1954
40 0 2 9 1 7 5 4 8 3 27 14 6 23 907 11 17 12 15 482 126 10 1184 210 35 621 777 538 388 18 231 86 29 972 50 51 68 375 265 156 42 102 95 45 977 725 554
41 0 2 7 1 27 9 8 28 4 5 554 6 14 126 3 62 37 11 900 1173 2076 199 20 19 16 21 13 17 1679 4142 12 389 52 331 665 382 26 97 23 2683 10 6616 3884 4618 1756 50 31 4364 2134 625 24 549 60 33 7546 155 224 6656
42 0 8 1263 708 2 9 9517 1 19 7 5 4 3 6 14 15 11 30 20 21 1656 44 23 13 1643 236 5973 138 35 12 935 69 57 5860 176 252 10 17 6092 815 6373 332 1522 1917 1495 632 331 299 38 161 843 285 32 2659 6362 1369 37 2047 39 26 90 172 4408 5514 482 1954
43 0 8 2 1 9 5 4 3 28 6 1876 15 199 11 16 12 84 23 7 13 132 10 1128 161 180 111 25 171 7986 136 1967 54 1988 1428 6655 210 2218 1483 67 73 1019 1756 4813 4247 404 2848
44 0 8 2 1 9 7 5 4 6 1070 148 3 11 4869 2196 13 56 4226 410 12 1270 4089 62 17 158 187 7594 18 28 2707 1052 1651 55 16 348 146 95 789 31 7959 32 5634 175 2293 15 110 595 41 742 2698 5936 1132 498 256 2823 7869 5395 240 2563 1221 5621 7624
45 8 0 138 9 2 7 554 1 5 14 6 4 120 3 15 27 69 19 7055 121 28 11 23 37 21 13 17 5661 12 10 20 114 309 1122 6698 193 22 243 16 6459 30 18 55 74 135 26 1954 655 2513 155 82 355 29 35 158 1881 332 31 1482 52 103 899 164 1387 5990 330 468 6729 1310
46 0 8 2 9 1 5 19 7 1502 6 15 3 4148 4 69 329 13 38 88 1155 1324 14 12 7408 20 18 145 10 5429 17 30 9572 74 815 48 93 11 107 112 22 280 31 236 1692 33 32 83 485 1270 2120 968 708
47 0 138 2 8 9 7 1 5 14 3 6 4 19 120 57 37 3106 5990 11 15 13 63 45 78 26 3514 23 58 5182 54 6930 4336 2208 22 129 1521 12 29 3483 10 995 1200 429 484 25 1171 33 140 70 4063 9054 43 299 482 3621 3975 1310
48 8 0 3684 9 2 1 5 7 1384 3 6 19 2955 120 968 404 184 14 4 252 28 15 583 1554 164 63 4247 751 4799 74 1283 148 356 30 13 16 4497 285 10 17 1510 155 20 21 37 211 1809 2825 27 1344 11 330 389 300 8334 34 48 5843 79 665 56 22 146 1312 545 25 84 41 119 1256 914 919
49 1671 0 8 7 2 1 9 5 6 8450 3 11 28 14 4 15 4613 3923 1604 13 12 19 22 316 1122 907 29 16 72 20 65 5895 9957 1065 61 7709 566 17 137 1440 96 166 42 60 18 3332 84 45 1452 49 9713 58 48 4164 7718 70 1334 309 583
50 0 8 2 1 5 155 7 69 1482 2513 6 9 28 19 3 859 3244 148 919 4 15 16 27 11 13 17 303 12 10 21 18 24 2292 48 14 45 198 70 31 30 487 8702 34 1343 29 55 3412 25 88 1495
51 0 2818 9365 8 725 7 1 2 5501 5 9 27 28 977 121 3 3046 4 14 11 197 3923 6 2826 21 15 5659 2148 63 5603 45 117 78 35 1387 6877 5031 17 371 22 13 20 30 18 19 1225 58 665 12 10 1989 1826 16 1745 102 24 1159 1692 2420 41 268 146 910 72 329 187 23 2613 198 2500 4946 155 138
52 0 9 2 1 5 4 3 6 27 126 7 1070 14 211 2523 961 4421 20 7307 1601 4130 1153 5616 310 102 60 29 6744 18 63 9946 1465 397 2164 8955 34 850 23 2190 6001 424 1702 365 267 1476 38 47 4277 1401 10 197 880 339 2175 2577 901 1805 708 859 1310 7055
53 8 0 2 9 1 7 5 6 3 1077 4 15 19 11 1434 74 1495 17 30 21 10 12 13 243 38 20 6126 679 7712 70 23 110 16 37 3102 1408 82 5150 6035 927 24 25 1296 103 41 8660 1510 2744 48 1171 873 6092 1894 73 4525 112 118 1704 382 1958 583 4977 1315
54 0 8 9 2 7 1 5 19 4 3 20 15 11 62 6 199 30 23 139 243 10 18 13 22 290 138 193 451 120 268 38 26 12 110 36 61 468 74 16 2612 561 84 32 48 35 115 624 83 1001 1401 621 4247
55 8 0 9 7 2 1502 1 3244 900 6887 1263 5 14 6 4 27 3 15 126 19 11 21 1737 3774 37 155 10 23 20 1495 16 13 909 30 107 22 869 17 686 485 1184 161 57 63 1270 24 867 117 18 44 725 35 72 26 2112 38 176 80 145 193 146 55 1151 166 88 84 747 662 609 45 468 6604
56 3756 0 8 2 9 7 1 5 5276 4 14 27 3 948 6 19 11 8402 16 30 10 12 13 40 41 32 8702 24 50 170 2431 707 46 90 825 51 3057 25 2943 52 1697 196 126 725 968 1502
57 3975 0 7 2 8 9 1 5 19 968 27 126 14 3 4 404 28 197 11 37 15 20 6 17 16 131 30 65 21 268 13 3831 26 135 44 18 12 82 224 38 57 1506 10 36 152 35 6979 110 290 62 3613 24 484 2700 158 53 480 375 102 3807 6668 1495
58 0 8 2 1 7 9 5 3 6 4 850 10 720 11 2659 1587 1106 325 18 609 20 175 6379 4104 880 549 16 3768 1065 990 114 1612 342 2593 5838 429 4417 171 8355 1284 60 1521 144 92 52 7279 73 89 666 3514 43 6756 3131 139 7548 1290
59 0 2 1 7 5 4 3 9 6 19 27 14 11 15 585 35 16 13 10 5643 204 979 2187 123 82 57 243 6335 8138 125 1134 80 1119 1385 12 42 1972 56 2692 117 139 2956 22 17 26 769 83 881 118 646 914 1745 121 554 2060
60 8 0 9 2 1 7 5 28 27 3 4 14 6 11 121 65 253 20 1756 19 199 23 123 114 15 72 52 107 22 18 10 12 1131 1799 55 54 35 53 32 29 238 16 42 301 476 122 235 1513 4413 2573
61 0 7 2 8 1 9 126 19 5 4 155 121 6 27 63 468 3 20 13 17 28 193 16 566 815 2976 10 21 135 41 12 7672 52 60 927 42 11 253 40 444 6051 9551 157 146 72 240 56 348 487 78 236 574 422 408 4478 15 152 5801 229 9542 3975 1737
62 0 8 7624 2 155 7 69 1 9 120 14 5 4 138 28 3 6 11 919 9502 148 17 12 16 236 199 117 2616 6379 13 1826 2521 3428 10 56 62 23 112 1183 662 31 41 53 4413 146 15 3270 7966 277 245 495 158 147 151 7454 389 5887 35 43 1122 3879 4982
63 0 8 2 1 5 9 3 15 900 14 7 6 4 21 8402 24 17 41 285 3248 3412 4364 10 255 971 11 31 172 50 2359 210 34 2158 63 86 102 1745 2683 122 372 399 5448 2849 487 638 401 1054 4336 131 3642 1495 583 7892 9824 1263
64 8 0 1 2 9 7 5 4 6 3 9305 27 12 549 61 16 19 193 17 15 107 301 10 1005 1283 46 25 3032 158 22 32 84 48 103 542 161 778 58 11 6165 45 157 80 33 13 126 784 6769 805 873 9584 1671
65 0 8 2 9 1 7 19 14 5 6 3 69 15 4 1679 27 11 17 20 30 299 176 37 164 12 166 10 432 57 24 28 25 84 199 679 18 410 1395 1412 54 280 6222 1385 7753 335 26 47 21 7151 13 119 86 183 2348 4962 1954 3244 3975
66 0 8 9 2 7 1 138 5 6656 3 63 14 11 4 252 6 1413 139 35 524 21 16 7325 3142 1981 3839 74 56 4864 49 3477 8116 4336 611 4350 13 199 135 3284 12 572 2142 23 5336 54 8802 1959 1967 83 909 40 218 6644 24 44 77 6684 9888 316 485 4347 3097 1671
67 0 8 9 2 7 1 155 1290 5 27 4 3 19 14 6 37 65 15 11 120 3389 16 57 3767 10 13 152 2700 78 22 18 17 1434 12 1387 38 24 35 2148 26 36 4023 29 157 1225 9886 31 1881 7537 671 82 25 88 139 3467 309 1506 356 8080 708 1671 5921 2264
68 0 8 2 1 9 7 5 6 4 3 15 11 126 14 12 62 23 1888 2112 13 120 16 3158 63 184 7850 54 1428 2216 29 4266 112 372 26 84 187 2487 1122 10 24 517 58 424 7584 25 612 55 79 1395 18 70 243 5667 51 1495
69 0 8 1 2 7 5 69 4 3 63 6 224 6986 2177 6290 145 356 9 4342 410 166 72 15 11 243 6452 3520 58 2238 6767 501 751 13 27 1468 671 3204 2448 2616 82 3299 1522 335 309 18 1593 187 171 211 83 37 139 1119 572 12 240 3853 43 4301 2359 778 3266 1294 26 4834 1757 216 34 9665 88 659 8271 2744 1671
70 0 8 7 176 2 1 5 14 4 3 6 19 11 253 9 28 410 20 23 27 17 56 57 15 120 13 12 16 62 2973 24 45 545 106 52 102 132 126 487 31 21 25 43 231 53 73 316 3244 900
71 0 2 3097 2591 1 8 5 9 7 69 15 3 252 4 6 549 20 1384 355 4656 290 3684 74 36 38 16 41 3424 13 10 655 14 18 728 6018 40 4881 24 30 17 164 48 439 2212 34 97 31 881 2513 1721 609 2684 122 21 72 2572 155 1671
72 0 1 2 8 4 7 9 5 1384 6 3 72 2433 11 19 13 948 10 303 16 84 3358 1571 103 1428 800 7862 114 1183 653 161 1721 55 6082 26 25 325 46 8309 216 79 5205 30 112 28 890 3395 12 3038 91 2859 145 5038 1420 1077 583
73 0 8 9 2 1 7 3 4 5 120 11 6 10 28 252 3706 13 17 8528 2244 23 3826 2741 18 2857 58 22 3818 92 3166 38 637 6188 36 782 609 776 5124 1756 574 1522 103 149 140 95 1307 35 3708 1339 2063 137 70 1611 31 53 131 138 1495
74 2848 0 2 1 5526 8 9 7 199 138 968 5 14 3 621 4 6 9543 11 16 1610 583 65 2274 12 6097 145 8938 15 184 29 992 3759 1332 24 5011 3502 54 82 1447 28 4597 280 1401 2048 69 170 4429 10 243 74 35 2735 176 4609 7774 112 2685 316 8365 22 20 51 715 13 1434 5616 869 5661 1077 3097
75 0 8 2 7 1 583 14 9 5 3 15 6 4 19 155 11 28 13 24 356 147 12 8734 21 10 16 17 31 41 97 45 54 50 73 299 26 112 25 1482 144 679 36 58
76 0 8 2060 9 2 7 1 155 867 900 3849 3992 5 869 27 6402 4 6 14 3 63 8095 19 28 404 121 148 549 166 126 13 11 16 30 3182 22 12 10 184 3398 3279 17 236 78 20 24 4364 35 18 372 23 728 199 145 3408 164 2177 157 5313 2700 112 1780 332 3470 6288 2168 1604 999 61 389 114 3379 1344 88 21 34 107 152 207 2614 968 138
77 0 2 9 7 1 8 14 5 6 11 4 6163 19 3591 426 8466 3 20 21 5350 18 12 5286 896 229 249 5582 899 3160 5848 299 15 37 9710 1593 16 78 342 331 3884 207 6745 2258 501 2533 720 44 22 330 776 103 8733 35 17 33 2378 273 60 90 604 715 5872 554
78 0 8 1502 2 9 1 7 5 3 4 6 14 11 17 19 12 27 1597 13 2282 16 29 10 63 24 32 126 35 45 120 18 70 114 33 443 119 36 53 50 96 1643 7895 7918 245 155
79 0 8 7 2 1 5 485 9 27 28 3 14 4 11 19 6 15 13 23 63 37 21 72 57 121 16 164 17 18 12 107 30 152 35 10 140 372 61 25 782 58 87 119 97 52 206 44 51 98 977 1671 2848
80 0 8 7 2 1 1572 5 4 28 2060 9 3 14 6 316 27 37 69 13 17 686 20 12 15 6337 21 290 145 126 23 31 16 19 3923 22 303 2136 9335 1195 8454 6057 309 24 1321 2198 95 51 52 26 149 426 1584 3708 619 5209 32 137 1152 4859 451 948 968 3106 3244
81 0 8 9 2 7 138 1 4 5 14 3 6 355 19 37 11 21 16 10 5091 23 12 13 155 15 4281 211 7234 32 1627 95 300 83 51 33 25 135 727 662 26 44 31 42 829 684 121 2185 8094 708 1263 1737
82 0 8 2 9 1 7 155 126 621 5 4 3 6 184 28 14 63 16 494 3457 11 13 20 58 145 253 426 7677 61 2282 96 22 30 10 1734 110 17 999 841 12 36 60 29 339 432 70 2967 32 7291 1294 342 484 2538 80 3215 4525 2717 73 1937 2705 869
83 0 7 2 1 9 5 28 4 6 3244 14 3 15 19 11 21 2780 13 126 12 41 229 26 25 24 31 1850 20 39 33 60 4178 18 37 49 36 119 50 7687 485 900 968 859 2591 1671
84 1737 0 8 2 155 7 1 9 5 27 28 3 4 69 14 19 6 15 4347 621 21 16 11 6049 102 12 22 20 57 229 131 65 10 18 58 24 13 5276 62 32 74 468 23 26 114 9047 54 45 36 17 1256 29 38 4291 176
85 0 8 9 2 1 5 19 6 28 7 3 4 20 184 14 139 23 187 35 524 13 10 52 22 552 5349 2562 25 123 6234 90 33 1388 4962 88 253 18 6304 1106 30 510 232 16 1412 29 5605 24 636 442 3410 4102 7984 2848
86 0 8 9 7 2 1 5 27 14 4 3 28 6 15 120 19 11 199 69 303 13 21 404 72 16 23 20 17 10 1591 38 30 12 193 18 708 35 152 126 62 44 45 145 139 58 26 22 131 252 41 25 74 102 96 60 686 968 9514 8978 1572 900 7055
87 0 8 2 9 1 7 5 3 15 6 14 4 21 11 152 30 16 909 371 41 17 679 709 23 24 624 74 2526 121 70 3489 12 10 13 25 92 995 1073 625 451 38 35 1725 2334 4460 331 4040 49 159 6915 663 2045 3110
88 0 8 7 554 9 2 1 1263 869 5 4171 4 7117 3 6 21 4841 15 17 4500 14 1384 11 5546 12 7727 957 23 5668 9593 5778 2316 1571 1027 1468 35 7777 47 6831 928 330 51 879 1223 501 4829 54 68 25 3194 907 16 250 267 79 4329 144 90 896
89 0 8 2 7 1 1495 5 9 3 4 867 11 6 14 28 19 23 15 13 16 35 5350 10 7584 72 1734 17 2019 6087 1896 348 726 268 545 5773 22 178 24 53 57 3137 1757 71 4618 596 267 79 18 125 110 44 277 636 583 2060
90 8 0 138 7 9 2 1 5 3 28 6 14 4 155 184 19 15 1384 11 2371 554 17 2899 37 21 27 655 23 3457 120 331 12 13 686 9054 35 229 139 10 16 22 158 131 135 55 4551 25 88 679 123 110 52 42 121 24 157 83 97 38
91 3244 0 8 2 1 5 7 9 6 3 4 2492 426 2304 663 1437 8334 48 8019 267 1090 253 331 1221 4131 6005 7600 2685 1155 1599 1522 2741 1287 817 1016 612 327 1691 228 211 2238 33 2972 66 1629 8992 2020 739 2477 5850 825 2654 9127 901 1119 7315 843 8438 142 647 651 455 4289 1671
92 8 0 3097 7 2 9 1 27 1958 5 120 3 6 14 15 4 1583 11 57 1714 17 356 316 16 9138 22 12 107 45 166 13 41 21 38 24 1799 18 10 1434 152 97 595 25 659 35 2067 132 106 42 7776 715 1862 8801 3299 206 549 7373 1384 9584
93 0 8 2 1 9 7 5 3 1951 11 4 6 549 21 35 15 23 17 49 74 42 87 187 915 10 32 39 18 585 71 50 122 561 750 56 125 267 48 2296 3706 4171 1290
94 0 8 7 2 9 1 5 14 4 21 3 37 6 23 11 632 30 1783 10 16 7708 20 3458 1031 824 764 1750 857 1000 8492 13 5483 681 735 1008 5626 60 273 1344 830 4425 619 26 3428 325 3631 861 881 43 258 2576 321 3398
95 0 2 1 7 9 14 5 19 8 4 3 37 11 6 15 199 78 3199 16 54 152 24 299 25 12 8992 257 147 144 519 132 392 119 1564 129 335 26 5442 160 742 85 3441 71 686 968 3774 3975
96 0 8 2 9 5 1 7 2818 4 3 15 6 131 120 11 20 28 14 229 10 290 236 126 13 184 2003 737 249 17 38 58 23 63 609 12 303 21 26 65 29 18 224 301 2240 653 715 44 451 90 2088 123 285 42 542 196 9832 56 110 164 2162 199 1502 1310
97 0 8 2 9 138 7 1 69 4 5 6 5381 27 3 14 6102 28 5276 4142 15 11 2889 17 13 72 19 21 65 20 482 176 12 16 4301 329 78 121 914 10 84 9691 23 1395 45 22 120 426 107 1434 18 9630 24 4266 671 510 54 1200 303 6379 92 30 90 148 815 34 57 178 9584
98 3097 0 8 9 2 1 7 27 5 120 6 11 14 3 139 69 15 19 4 229 121 2148 410 236 62 20 72 65 5394 63 915 17 44 797 18 12 16 2039 55 927 38 2478 7347 28 58 82 10 26 329 7753 6201 1736 30 41 5350 7173 45 40 23 52 13 157 249 621 1263 3684
99 0 138 8 9 7 2 1 3110 5 15 69 14 19 3 199 4 6 482 1334 27 28 62 139 11 2478 583 37 18 38 7234 12 686 166 20 24 16 10 21 13 25 58 252 23 637 84 1756 61 36 22 178 29 32 119 299 152 5851 7454 867 3849 2153
