500
0 0 1 2 3 4 5 6 7 8 9 10 12 76 79 148 321
1 0 1 2 3 4 5 6 7 8 9 10 12 76 79 148 321
2 0 1 2 3 4 5 6 7 8 9 10 12 76 79 148 321
3 0 1 2 3 4 5 6 7 8 9 10 12 76 79 148 321
4 0 1 2 3 4 5 6 7 8 9 10 12 76 79 148 321
5 0 1 2 3 4 5 6 7 8 9 10 12 76 79 148 321
6 0 1 2 3 4 5 6 7 8 9 10 12 76 79 148 321
7 0 1 2 3 4 5 6 7 8 9 10 12 76 79 148 321
8 0 1 2 3 4 5 6 7 8 9 10 12 76 79 148 321
9 0 1 2 3 4 5 6 7 8 9 10 12 76 79 148 321
10 0 1 2 3 4 5 6 7 8 9 10 12 76 79 148 321
11 0 1 2 3 4 5 6 7 8 9 10 12 76 79 148 321
12 0 1 2 3 4 5 6 7 8 9 10 12 76 79 148 321
13 0 1 2 3 4 5 6 7 8 9 10 12 76 79 148 321
14 0 1 2 3 4 5 6 7 8 9 10 12 76 79 148 321
15 0 1 2 3 4 5 6 7 8 9 10 12 76 79 148 321
16 0 1 2 3 4 5 6 7 8 9 10 12 76 79 148 321
17 0 1 2 3 4 5 6 7 8 9 10 12 76 79 148 321
18 0 1 2 3 4 5 6 7 8 9 10 12 76 79 148 321
19 0 1 2 3 4 5 6 7 8 9 10 12 76 79 148 321
20 0 1 2 3 4 5 6 7 8 9 10 12 76 79 148 321
21 0 1 2 3 4 5 6 7 8 9 10 12 76 79 148 321
22 0 1 2 3 4 5 6 7 8 9 10 12 76 79 148 321
23 0 1 2 3 4 5 6 7 8 9 10 12 76 79 148 321
24 0 1 2 3 4 5 6 7 8 9 10 12 76 79 148 321
25 0 1 2 3 4 5 6 7 8 9 10 12 76 79 148 321
26 0 1 2 3 4 5 6 7 8 9 10 12 76 79 148 321
27 0 1 2 3 4 5 6 7 8 9 10 12 76 79 148 321
28 0 1 2 3 4 5 6 7 8 9 10 12 76 79 148 321
29 0 1 2 3 4 5 6 7 8 9 10 12 76 79 148 321
30 0 1 2 3 4 5 6 7 8 9 10 12 76 79 148 321
31 0 1 2 3 4 5 6 7 8 9 10 12 76 79 148 321
32 0 1 2 3 4 5 6 7 8 9 10 12 76 79 148 321
33 0 1 2 3 4 5 6 7 8 9 10 12 76 79 148 321
34 0 1 2 3 4 5 6 7 8 9 10 12 76 79 148 321
35 0 1 2 3 4 5 6 7 8 9 10 12 76 79 148 321
36 0 1 2 3 4 5 6 7 8 9 10 12 76 79 148 321
37 0 1 2 3 4 5 6 7 8 9 10 12 76 79 148 321
38 0 1 2 3 4 5 6 7 8 9 10 12 76 79 148 321
39 0 1 2 3 4 5 6 7 8 9 10 12 76 79 148 321
40 0 1 2 3 4 5 6 7 8 9 10 12 76 79 148 321
41 0 1 2 3 4 5 6 7 8 9 10 12 76 79 148 321
42 0 1 2 3 4 5 6 7 8 9 10 12 76 79 148 321
43 0 1 2 3 4 5 6 7 8 9 10 12 76 79 148 321
44 0 1 2 3 4 5 6 7 8 9 10 12 76 79 148 321
45 0 1 2 3 4 5 6 7 8 9 10 12 76 79 148 321
46 0 1 2 3 4 5 6 7 8 9 10 12 76 79 148 321
47 0 1 2 3 4 5 6 7 8 9 10 12 76 79 148 321
48 0 1 2 3 4 5 6 7 8 9 10 12 76 79 148 321
49 0 1 2 3 4 5 6 7 8 9 10 12 76 79 148 321
50 0 1 2 3 4 5 6 7 8 9 10 12 76 79 148 321
51 0 1 2 3 4 5 6 7 8 9 10 12 76 79 148 321
52 0 1 2 3 4 5 6 7 8 9 10 12 76 79 148 321
53 0 1 2 3 4 5 6 7 8 9 10 12 76 79 148 321
54 0 1 2 3 4 5 6 7 8 9 10 12 76 79 148 321
55 0 1 2 3 4 5 6 7 8 9 10 12 76 79 148 321
56 0 1 2 3 4 5 6 7 8 9 10 12 76 79 148 321
57 0 1 2 3 4 5 6 7 8 9 10 12 76 79 148 321
58 0 1 2 3 4 5 6 7 8 9 10 12 76 79 148 321
59 0 1 2 3 4 5 6 7 8 9 10 12 76 79 148 321
60 0 1 2 3 4 5 6 7 8 9 10 12 76 79 148 321
61 0 1 2 3 4 5 6 7 8 9 10 12 76 79 148 321
62 0 1 2 3 4 5 6 7 8 9 10 12 76 79 148 321
63 0 1 2 3 4 5 6 7 8 9 10 12 76 79 148 321
64 0 1 2 3 4 5 6 7 8 9 10 12 76 79 148 321
65 0 1 2 3 4 5 6 7 8 9 10 12 76 79 148 321
66 0 1 2 3 4 5 6 7 8 9 10 12 76 79 148 321
67 0 1 2 3 4 5 6 7 8 9 10 12 76 79 148 321
68 0 1 2 3 4 5 6 7 8 9 10 12 76 79 148 321
69 0 1 2 3 4 5 6 7 8 9 10 12 76 79 148 321
70 0 1 2 3 4 5 6 7 8 9 10 12 76 79 148 321
71 0 1 2 3 4 5 6 7 8 9 10 12 76 79 148 321
72 0 1 2 3 4 5 6 7 8 9 10 12 76 79 148 321
73 0 1 2 3 4 5 6 7 8 9 10 12 76 79 148 321
74 0 1 2 3 4 5 6 7 8 9 10 12 76 79 148 321
75 0 1 2 3 4 5 6 7 8 9 10 12 76 79 148 321
76 0 1 2 3 4 5 6 7 8 9 10 12 76 79 148 321
77 0 1 2 3 4 5 6 7 8 9 10 12 76 79 148 321
78 0 1 2 3 4 5 6 7 8 9 10 12 76 79 148 321
79 0 1 2 3 4 5 6 7 8 9 10 12 76 79 148 321
80 0 1 2 3 4 5 6 7 8 9 10 12 76 79 148 321
81 0 1 2 3 4 5 6 7 8 9 10 12 76 79 148 321
82 0 1 2 3 4 5 6 7 8 9 10 12 76 79 148 321
83 0 1 2 3 4 5 6 7 8 9 10 12 76 79 148 321
84 0 1 2 3 4 5 6 7 8 9 10 12 76 79 148 321
85 0 1 2 3 4 5 6 7 8 9 10 12 76 79 148 321
86 0 1 2 3 4 5 6 7 8 9 10 12 76 79 148 321
87 0 1 2 3 4 5 6 7 8 9 10 12 76 79 148 321
88 0 1 2 3 4 5 6 7 8 9 10 12 76 79 148 321
89 0 1 2 3 4 5 6 7 8 9 10 12 76 79 148 321
90 0 1 2 3 4 5 6 7 8 9 10 12 76 79 148 321
91 0 1 2 3 4 5 6 7 8 9 10 12 76 79 148 321
92 0 1 2 3 4 5 6 7 8 9 10 12 76 79 148 321
93 0 1 2 3 4 5 6 7 8 9 10 12 76 79 148 321
94 0 1 2 3 4 5 6 7 8 9 10 12 76 79 148 321
95 0 1 2 3 4 5 6 7 8 9 10 12 76 79 148 321
96 0 1 2 3 4 5 6 7 8 9 10 12 76 79 148 321
97 0 1 2 3 4 5 6 7 8 9 10 12 76 79 148 321
98 0 1 2 3 4 5 6 7 8 9 10 12 76 79 148 321
99 0 1 2 3 4 5 6 7 8 9 10 12 76 79 148 321
100 0 1 2 3 4 5 6 7 8 9 10 12 76 79 148 321
101 0 1 2 3 4 5 6 7 8 9 10 12 76 79 148 321
102 0 1 2 3 4 5 6 7 8 9 10 12 76 79 148 321
103 0 1 2 3 4 5 6 7 8 9 10 12 76 79 148 321
104 0 1 2 3 4 5 6 7 8 9 10 12 76 79 148 321
105 0 1 2 3 4 5 6 7 8 9 10 12 76 79 148 321
106 0 1 2 3 4 5 6 7 8 9 10 12 76 79 148 321
107 0 1 2 3 4 5 6 7 8 9 10 12 76 79 148 321
108 0 1 2 3 4 5 6 7 8 9 10 12 76 79 148 321
109 0 1 2 3 4 5 6 7 8 9 10 12 76 79 148 321
110 0 1 2 3 4 5 6 7 8 9 10 12 76 79 148 321
111 0 1 2 3 4 5 6 7 8 9 10 12 76 79 148 321
112 0 1 2 3 4 5 6 7 8 9 10 12 76 79 148 321
113 0 1 2 3 4 5 6 7 8 9 10 12 76 79 148 321
114 0 1 2 3 4 5 6 7 8 9 10 12 76 79 148 321
115 0 1 2 3 4 5 6 7 8 9 10 12 76 79 148 321
116 0 1 2 3 4 5 6 7 8 9 10 12 76 79 148 321
117 0 1 2 3 4 5 6 7 8 9 10 12 76 79 148 321
118 0 1 2 3 4 5 6 7 8 9 10 12 76 79 148 321
119 0 1 2 3 4 5 6 7 8 9 10 12 76 79 148 321
120 0 1 2 3 4 5 6 7 8 9 10 12 76 79 148 321
121 0 1 2 3 4 5 6 7 8 9 10 12 76 79 148 321
122 0 1 2 3 4 5 6 7 8 9 10 12 76 79 148 321
123 0 1 2 3 4 5 6 7 8 9 10 12 76 79 148 321
124 0 1 2 3 4 5 6 7 8 9 10 12 76 79 148 321
125 0 1 2 3 4 5 6 7 8 9 10 12 76 79 148 321
126 0 1 2 3 4 5 6 7 8 9 10 12 76 79 148 321
127 0 1 2 3 4 5 6 7 8 9 10 12 76 79 148 321
128 0 1 2 3 4 5 6 7 8 9 10 12 76 79 148 321
129 0 1 2 3 4 5 6 7 8 9 10 12 76 79 148 321
130 0 1 2 3 4 5 6 7 8 9 10 12 76 79 148 321
131 0 1 2 3 4 5 6 7 8 9 10 12 76 79 148 321
132 0 1 2 3 4 5 6 7 8 9 10 12 76 79 148 321
133 0 1 2 3 4 5 6 7 8 9 10 12 76 79 148 321
134 0 1 2 3 4 5 6 7 8 9 10 12 76 79 148 321
135 0 1 2 3 4 5 6 7 8 9 10 12 76 79 148 321
136 0 1 2 3 4 5 6 7 8 9 10 12 76 79 148 321
137 0 1 2 3 4 5 6 7 8 9 10 12 76 79 148 321
138 0 1 2 3 4 5 6 7 8 9 10 12 76 79 148 321
139 0 1 2 3 4 5 6 7 8 9 10 12 76 79 148 321
140 0 1 2 3 4 5 6 7 8 9 10 12 76 79 148 321
141 0 1 2 3 4 5 6 7 8 9 10 12 76 79 148 321
142 0 1 2 3 4 5 6 7 8 9 10 12 76 79 148 321
143 0 1 2 3 4 5 6 7 8 9 10 12 76 79 148 321
144 0 1 2 3 4 5 6 7 8 9 10 12 76 79 148 321
145 0 1 2 3 4 5 6 7 8 9 10 12 76 79 148 321
146 0 1 2 3 4 5 6 7 8 9 10 12 76 79 148 321
147 0 1 2 3 4 5 6 7 8 9 10 12 76 79 148 321
148 0 1 2 3 4 5 6 7 8 9 10 12 76 79 148 321
149 0 1 2 3 4 5 6 7 8 9 10 12 76 79 148 321
150 0 1 2 3 4 5 6 7 8 9 10 12 76 79 148 321
151 0 1 2 3 4 5 6 7 8 9 10 12 76 79 148 321
152 0 1 2 3 4 5 6 7 8 9 10 12 76 79 148 321
153 0 1 2 3 4 5 6 7 8 9 10 12 76 79 148 321
154 0 1 2 3 4 5 6 7 8 9 10 12 76 79 148 321
155 0 1 2 3 4 5 6 7 8 9 10 12 76 79 148 321
156 0 1 2 3 4 5 6 7 8 9 10 12 76 79 148 321
157 0 1 2 3 4 5 6 7 8 9 10 12 76 79 148 321
158 0 1 2 3 4 5 6 7 8 9 10 12 76 79 148 321
159 0 1 2 3 4 5 6 7 8 9 10 12 76 79 148 321
160 0 1 2 3 4 5 6 7 8 9 10 12 76 79 148 321
161 0 1 2 3 4 5 6 7 8 9 10 12 76 79 148 321
162 0 1 2 3 4 5 6 7 8 9 10 12 76 79 148 321
163 0 1 2 3 4 5 6 7 8 9 10 12 76 79 148 321
164 0 1 2 3 4 5 6 7 8 9 10 12 76 79 148 321
165 0 1 2 3 4 5 6 7 8 9 10 12 76 79 148 321
166 0 1 2 3 4 5 6 7 8 9 10 12 76 79 148 321
167 0 1 2 3 4 5 6 7 8 9 10 12 76 79 148 321
168 0 1 2 3 4 5 6 7 8 9 10 12 76 79 148 321
169 0 1 2 3 4 5 6 7 8 9 10 12 76 79 148 321
170 0 1 2 3 4 5 6 7 8 9 10 12 76 79 148 321
171 0 1 2 3 4 5 6 7 8 9 10 12 76 79 148 321
172 0 1 2 3 4 5 6 7 8 9 10 12 76 79 148 321
173 0 1 2 3 4 5 6 7 8 9 10 12 76 79 148 321
174 0 1 2 3 4 5 6 7 8 9 10 12 76 79 148 321
175 0 1 2 3 4 5 6 7 8 9 10 12 76 79 148 321
176 0 1 2 3 4 5 6 7 8 9 10 12 76 79 148 321
177 0 1 2 3 4 5 6 7 8 9 10 12 76 79 148 321
178 0 1 2 3 4 5 6 7 8 9 10 12 76 79 148 321
179 0 1 2 3 4 5 6 7 8 9 10 12 76 79 148 321
180 0 1 2 3 4 5 6 7 8 9 10 12 76 79 148 321
181 0 1 2 3 4 5 6 7 8 9 10 12 76 79 148 321
182 0 1 2 3 4 5 6 7 8 9 10 12 76 79 148 321
183 0 1 2 3 4 5 6 7 8 9 10 12 76 79 148 321
184 0 1 2 3 4 5 6 7 8 9 10 12 76 79 148 321
185 0 1 2 3 4 5 6 7 8 9 10 12 76 79 148 321
186 0 1 2 3 4 5 6 7 8 9 10 12 76 79 148 321
187 0 1 2 3 4 5 6 7 8 9 10 12 76 79 148 321
188 0 1 2 3 4 5 6 7 8 9 10 12 76 79 148 321
189 0 1 2 3 4 5 6 7 8 9 10 12 76 79 148 321
190 0 1 2 3 4 5 6 7 8 9 10 12 76 79 148 321
191 0 1 2 3 4 5 6 7 8 9 10 12 76 79 148 321
192 0 1 2 3 4 5 6 7 8 9 10 12 76 79 148 321
193 0 1 2 3 4 5 6 7 8 9 10 12 76 79 148 321
194 0 1 2 3 4 5 6 7 8 9 10 12 76 79 148 321
195 0 1 2 3 4 5 6 7 8 9 10 12 76 79 148 321
196 0 1 2 3 4 5 6 7 8 9 10 12 76 79 148 321
197 0 1 2 3 4 5 6 7 8 9 10 12 76 79 148 321
198 0 1 2 3 4 5 6 7 8 9 10 12 76 79 148 321
199 0 1 2 3 4 5 6 7 8 9 10 12 76 79 148 321
200 0 1 2 3 4 5 6 7 8 9 10 12 76 79 148 321
201 0 1 2 3 4 5 6 7 8 9 10 12 76 79 148 321
202 0 1 2 3 4 5 6 7 8 9 10 12 76 79 148 321
203 0 1 2 3 4 5 6 7 8 9 10 12 76 79 148 321
204 0 1 2 3 4 5 6 7 8 9 10 12 76 79 148 321
205 0 1 2 3 4 5 6 7 8 9 10 12 76 79 148 321
206 0 1 2 3 4 5 6 7 8 9 10 12 76 79 148 321
207 0 1 2 3 4 5 6 7 8 9 10 12 76 79 148 321
208 0 1 2 3 4 5 6 7 8 9 10 12 76 79 148 321
209 0 1 2 3 4 5 6 7 8 9 10 12 76 79 148 321
210 0 1 2 3 4 5 6 7 8 9 10 12 76 79 148 321
211 0 1 2 3 4 5 6 7 8 9 10 12 76 79 148 321
212 0 1 2 3 4 5 6 7 8 9 10 12 76 79 148 321
213 0 1 2 3 4 5 6 7 8 9 10 12 76 79 148 321
214 0 1 2 3 4 5 6 7 8 9 10 12 76 79 148 321
215 0 1 2 3 4 5 6 7 8 9 10 12 76 79 148 321
216 0 1 2 3 4 5 6 7 8 9 10 12 76 79 148 321
217 0 1 2 3 4 5 6 7 8 9 10 12 76 79 148 321
218 0 1 2 3 4 5 6 7 8 9 10 12 76 79 148 321
219 0 1 2 3 4 5 6 7 8 9 10 12 76 79 148 321
220 0 1 2 3 4 5 6 7 8 9 10 12 76 79 148 321
221 0 1 2 3 4 5 6 7 8 9 10 12 76 79 148 321
222 0 1 2 3 4 5 6 7 8 9 10 12 76 79 148 321
223 0 1 2 3 4 5 6 7 8 9 10 12 76 79 148 321
224 0 1 2 3 4 5 6 7 8 9 10 12 76 79 148 321
225 0 1 2 3 4 5 6 7 8 9 10 12 76 79 148 321
226 0 1 2 3 4 5 6 7 8 9 10 12 76 79 148 321
227 0 1 2 3 4 5 6 7 8 9 10 12 76 79 148 321
228 0 1 2 3 4 5 6 7 8 9 10 12 76 79 148 321
229 0 1 2 3 4 5 6 7 8 9 10 12 76 79 148 321
230 0 1 2 3 4 5 6 7 8 9 10 12 76 79 148 321
231 0 1 2 3 4 5 6 7 8 9 10 12 76 79 148 321
232 0 1 2 3 4 5 6 7 8 9 10 12 76 79 148 321
233 0 1 2 3 4 5 6 7 8 9 10 12 76 79 148 321
234 0 1 2 3 4 5 6 7 8 9 10 12 76 79 148 321
235 0 1 2 3 4 5 6 7 8 9 10 12 76 79 148 321
236 0 1 2 3 4 5 6 7 8 9 10 12 76 79 148 321
237 0 1 2 3 4 5 6 7 8 9 10 12 76 79 148 321
238 0 1 2 3 4 5 6 7 8 9 10 12 76 79 148 321
239 0 1 2 3 4 5 6 7 8 9 10 12 76 79 148 321
240 0 1 2 3 4 5 6 7 8 9 10 12 76 79 148 321
241 0 1 2 3 4 5 6 7 8 9 10 12 76 79 148 321
242 0 1 2 3 4 5 6 7 8 9 10 12 76 79 148 321
243 0 1 2 3 4 5 6 7 8 9 10 12 76 79 148 321
244 0 1 2 3 4 5 6 7 8 9 10 12 76 79 148 321
245 0 1 2 3 4 5 6 7 8 9 10 12 76 79 148 321
246 0 1 2 3 4 5 6 7 8 9 10 12 76 79 148 321
247 0 1 2 3 4 5 6 7 8 9 10 12 76 79 148 321
248 0 1 2 3 4 5 6 7 8 9 10 12 76 79 148 321
249 0 1 2 3 4 5 6 7 8 9 10 12 76 79 148 321
250 0 1 2 3 4 5 6 7 8 9 10 12 76 79 148 321
251 0 1 2 3 4 5 6 7 8 9 10 12 76 79 148 321
252 0 1 2 3 4 5 6 7 8 9 10 12 76 79 148 321
253 0 1 2 3 4 5 6 7 8 9 10 12 76 79 148 321
254 0 1 2 3 4 5 6 7 8 9 10 12 76 79 148 321
255 0 1 2 3 4 5 6 7 8 9 10 12 76 79 148 321
256 0 1 2 3 4 5 6 7 8 9 10 12 76 79 148 321
257 0 1 2 3 4 5 6 7 8 9 10 12 76 79 148 321
258 0 1 2 3 4 5 6 7 8 9 10 12 76 79 148 321
259 0 1 2 3 4 5 6 7 8 9 10 12 76 79 148 321
260 0 1 2 3 4 5 6 7 8 9 10 12 76 79 148 321
261 0 1 2 3 4 5 6 7 8 9 10 12 76 79 148 321
262 0 1 2 3 4 5 6 7 8 9 10 12 76 79 148 321
263 0 1 2 3 4 5 6 7 8 9 10 12 76 79 148 321
264 0 1 2 3 4 5 6 7 8 9 10 12 76 79 148 321
265 0 1 2 3 4 5 6 7 8 9 10 12 76 79 148 321
266 0 1 2 3 4 5 6 7 8 9 10 12 76 79 148 321
267 0 1 2 3 4 5 6 7 8 9 10 12 76 79 148 321
268 0 1 2 3 4 5 6 7 8 9 10 12 76 79 148 321
269 0 1 2 3 4 5 6 7 8 9 10 12 76 79 148 321
270 0 1 2 3 4 5 6 7 8 9 10 12 76 79 148 321
271 0 1 2 3 4 5 6 7 8 9 10 12 76 79 148 321
272 0 1 2 3 4 5 6 7 8 9 10 12 76 79 148 321
273 0 1 2 3 4 5 6 7 8 9 10 12 76 79 148 321
274 0 1 2 3 4 5 6 7 8 9 10 12 76 79 148 321
275 0 1 2 3 4 5 6 7 8 9 10 12 76 79 148 321
276 0 1 2 3 4 5 6 7 8 9 10 12 76 79 148 321
277 0 1 2 3 4 5 6 7 8 9 10 12 76 79 148 321
278 0 1 2 3 4 5 6 7 8 9 10 12 76 79 148 321
279 0 1 2 3 4 5 6 7 8 9 10 12 76 79 148 321
280 0 1 2 3 4 5 6 7 8 9 10 12 76 79 148 321
281 0 1 2 3 4 5 6 7 8 9 10 12 76 79 148 321
282 0 1 2 3 4 5 6 7 8 9 10 12 76 79 148 321
283 0 1 2 3 4 5 6 7 8 9 10 12 76 79 148 321
284 0 1 2 3 4 5 6 7 8 9 10 12 76 79 148 321
285 0 1 2 3 4 5 6 7 8 9 10 12 76 79 148 321
286 0 1 2 3 4 5 6 7 8 9 10 12 76 79 148 321
287 0 1 2 3 4 5 6 7 8 9 10 12 76 79 148 321
288 0 1 2 3 4 5 6 7 8 9 10 12 76 79 148 321
289 0 1 2 3 4 5 6 7 8 9 10 12 76 79 148 321
290 0 1 2 3 4 5 6 7 8 9 10 12 76 79 148 321
291 0 1 2 3 4 5 6 7 8 9 10 12 76 79 148 321
292 0 1 2 3 4 5 6 7 8 9 10 12 76 79 148 321
293 0 1 2 3 4 5 6 7 8 9 10 12 76 79 148 321
294 0 1 2 3 4 5 6 7 8 9 10 12 76 79 148 321
295 0 1 2 3 4 5 6 7 8 9 10 12 76 79 148 321
296 0 1 2 3 4 5 6 7 8 9 10 12 76 79 148 321
297 0 1 2 3 4 5 6 7 8 9 10 12 76 79 148 321
298 0 1 2 3 4 5 6 7 8 9 10 12 76 79 148 321
299 0 1 2 3 4 5 6 7 8 9 10 12 76 79 148 321
300 0 1 2 3 4 5 6 7 8 9 10 12 76 79 148 321
301 0 1 2 3 4 5 6 7 8 9 10 12 76 79 148 321
302 0 1 2 3 4 5 6 7 8 9 10 12 76 79 148 321
303 0 1 2 3 4 5 6 7 8 9 10 12 76 79 148 321
304 0 1 2 3 4 5 6 7 8 9 10 12 76 79 148 321
305 0 1 2 3 4 5 6 7 8 9 10 12 76 79 148 321
306 0 1 2 3 4 5 6 7 8 9 10 12 76 79 148 321
307 0 1 2 3 4 5 6 7 8 9 10 12 76 79 148 321
308 0 1 2 3 4 5 6 7 8 9 10 12 76 79 148 321
309 0 1 2 3 4 5 6 7 8 9 10 12 76 79 148 321
310 0 1 2 3 4 5 6 7 8 9 10 12 76 79 148 321
311 0 1 2 3 4 5 6 7 8 9 10 12 76 79 148 321
312 0 1 2 3 4 5 6 7 8 9 10 12 76 79 148 321
313 0 1 2 3 4 5 6 7 8 9 10 12 76 79 148 321
314 0 1 2 3 4 5 6 7 8 9 10 12 76 79 148 321
315 0 1 2 3 4 5 6 7 8 9 10 12 76 79 148 321
316 0 1 2 3 4 5 6 7 8 9 10 12 76 79 148 321
317 0 1 2 3 4 5 6 7 8 9 10 12 76 79 148 321
318 0 1 2 3 4 5 6 7 8 9 10 12 76 79 148 321
319 0 1 2 3 4 5 6 7 8 9 10 12 76 79 148 321
320 0 1 2 3 4 5 6 7 8 9 10 12 76 79 148 321
321 0 1 2 3 4 5 6 7 8 9 10 12 76 79 148 321
322 0 1 2 3 4 5 6 7 8 9 10 12 76 79 148 321
323 0 1 2 3 4 5 6 7 8 9 10 12 76 79 148 321
324 0 1 2 3 4 5 6 7 8 9 10 12 76 79 148 321
325 0 1 2 3 4 5 6 7 8 9 10 12 76 79 148 321
326 0 1 2 3 4 5 6 7 8 9 10 12 76 79 148 321
327 0 1 2 3 4 5 6 7 8 9 10 12 76 79 148 321
328 0 1 2 3 4 5 6 7 8 9 10 12 76 79 148 321
329 0 1 2 3 4 5 6 7 8 9 10 12 76 79 148 321
330 0 1 2 3 4 5 6 7 8 9 10 12 76 79 148 321
331 0 1 2 3 4 5 6 7 8 9 10 12 76 79 148 321
332 0 1 2 3 4 5 6 7 8 9 10 12 76 79 148 321
333 0 1 2 3 4 5 6 7 8 9 10 12 76 79 148 321
334 0 1 2 3 4 5 6 7 8 9 10 12 76 79 148 321
335 0 1 2 3 4 5 6 7 8 9 10 12 76 79 148 321
336 0 1 2 3 4 5 6 7 8 9 10 12 76 79 148 321
337 0 1 2 3 4 5 6 7 8 9 10 12 76 79 148 321
338 0 1 2 3 4 5 6 7 8 9 10 12 76 79 148 321
339 0 1 2 3 4 5 6 7 8 9 10 12 76 79 148 321
340 0 1 2 3 4 5 6 7 8 9 10 12 76 79 148 321
341 0 1 2 3 4 5 6 7 8 9 10 12 76 79 148 321
342 0 1 2 3 4 5 6 7 8 9 10 12 76 79 148 321
343 0 1 2 3 4 5 6 7 8 9 10 12 76 79 148 321
344 0 1 2 3 4 5 6 7 8 9 10 12 76 79 148 321
345 0 1 2 3 4 5 6 7 8 9 10 12 76 79 148 321
346 0 1 2 3 4 5 6 7 8 9 10 12 76 79 148 321
347 0 1 2 3 4 5 6 7 8 9 10 12 76 79 148 321
348 0 1 2 3 4 5 6 7 8 9 10 12 76 79 148 321
349 0 1 2 3 4 5 6 7 8 9 10 12 76 79 148 321
350 0 1 2 3 4 5 6 7 8 9 10 12 76 79 148 321
351 0 1 2 3 4 5 6 7 8 9 10 12 76 79 148 321
352 0 1 2 3 4 5 6 7 8 9 10 12 76 79 148 321
353 0 1 2 3 4 5 6 7 8 9 10 12 76 79 148 321
354 0 1 2 3 4 5 6 7 8 9 10 12 76 79 148 321
355 0 1 2 3 4 5 6 7 8 9 10 12 76 79 148 321
356 0 1 2 3 4 5 6 7 8 9 10 12 76 79 148 321
357 0 1 2 3 4 5 6 7 8 9 10 12 76 79 148 321
358 0 1 2 3 4 5 6 7 8 9 10 12 76 79 148 321
359 0 1 2 3 4 5 6 7 8 9 10 12 76 79 148 321
360 0 1 2 3 4 5 6 7 8 9 10 12 76 79 148 321
361 0 1 2 3 4 5 6 7 8 9 10 12 76 79 148 321
362 0 1 2 3 4 5 6 7 8 9 10 12 76 79 148 321
363 0 1 2 3 4 5 6 7 8 9 10 12 76 79 148 321
364 0 1 2 3 4 5 6 7 8 9 10 12 76 79 148 321
365 0 1 2 3 4 5 6 7 8 9 10 12 76 79 148 321
366 0 1 2 3 4 5 6 7 8 9 10 12 76 79 148 321
367 0 1 2 3 4 5 6 7 8 9 10 12 76 79 148 321
368 0 1 2 3 4 5 6 7 8 9 10 12 76 79 148 321
369 0 1 2 3 4 5 6 7 8 9 10 12 76 79 148 321
370 0 1 2 3 4 5 6 7 8 9 10 12 76 79 148 321
371 0 1 2 3 4 5 6 7 8 9 10 12 76 79 148 321
372 0 1 2 3 4 5 6 7 8 9 10 12 76 79 148 321
373 0 1 2 3 4 5 6 7 8 9 10 12 76 79 148 321
374 0 1 2 3 4 5 6 7 8 9 10 12 76 79 148 321
375 0 1 2 3 4 5 6 7 8 9 10 12 76 79 148 321
376 0 1 2 3 4 5 6 7 8 9 10 12 76 79 148 321
377 0 1 2 3 4 5 6 7 8 9 10 12 76 79 148 321
378 0 1 2 3 4 5 6 7 8 9 10 12 76 79 148 321
379 0 1 2 3 4 5 6 7 8 9 10 12 76 79 148 321
380 0 1 2 3 4 5 6 7 8 9 10 12 76 79 148 321
381 0 1 2 3 4 5 6 7 8 9 10 12 76 79 148 321
382 0 1 2 3 4 5 6 7 8 9 10 12 76 79 148 321
383 0 1 2 3 4 5 6 7 8 9 10 12 76 79 148 321
384 0 1 2 3 4 5 6 7 8 9 10 12 76 79 148 321
385 0 1 2 3 4 5 6 7 8 9 10 12 76 79 148 321
386 0 1 2 3 4 5 6 7 8 9 10 12 76 79 148 321
387 0 1 2 3 4 5 6 7 8 9 10 12 76 79 148 321
388 0 1 2 3 4 5 6 7 8 9 10 12 76 79 148 321
389 0 1 2 3 4 5 6 7 8 9 10 12 76 79 148 321
390 0 1 2 3 4 5 6 7 8 9 10 12 76 79 148 321
391 0 1 2 3 4 5 6 7 8 9 10 12 76 79 148 321
392 0 1 2 3 4 5 6 7 8 9 10 12 76 79 148 321
393 0 1 2 3 4 5 6 7 8 9 10 12 76 79 148 321
394 0 1 2 3 4 5 6 7 8 9 10 12 76 79 148 321
395 0 1 2 3 4 5 6 7 8 9 10 12 76 79 148 321
396 0 1 2 3 4 5 6 7 8 9 10 12 76 79 148 321
397 0 1 2 3 4 5 6 7 8 9 10 12 76 79 148 321
398 0 1 2 3 4 5 6 7 8 9 10 12 76 79 148 321
399 0 1 2 3 4 5 6 7 8 9 10 12 76 79 148 321
400 0 1 2 3 4 5 6 7 8 9 10 12 76 79 148 321
401 0 1 2 3 4 5 6 7 8 9 10 12 76 79 148 321
402 0 1 2 3 4 5 6 7 8 9 10 12 76 79 148 321
403 0 1 2 3 4 5 6 7 8 9 10 12 76 79 148 321
404 0 1 2 3 4 5 6 7 8 9 10 12 76 79 148 321
405 0 1 2 3 4 5 6 7 8 9 10 12 76 79 148 321
406 0 1 2 3 4 5 6 7 8 9 10 12 76 79 148 321
407 0 1 2 3 4 5 6 7 8 9 10 12 76 79 148 321
408 0 1 2 3 4 5 6 7 8 9 10 12 76 79 148 321
409 0 1 2 3 4 5 6 7 8 9 10 12 76 79 148 321
410 0 1 2 3 4 5 6 7 8 9 10 12 76 79 148 321
411 0 1 2 3 4 5 6 7 8 9 10 12 76 79 148 321
412 0 1 2 3 4 5 6 7 8 9 10 12 76 79 148 321
413 0 1 2 3 4 5 6 7 8 9 10 12 76 79 148 321
414 0 1 2 3 4 5 6 7 8 9 10 12 76 79 148 321
415 0 1 2 3 4 5 6 7 8 9 10 12 76 79 148 321
416 0 1 2 3 4 5 6 7 8 9 10 12 76 79 148 321
417 0 1 2 3 4 5 6 7 8 9 10 12 76 79 148 321
418 0 1 2 3 4 5 6 7 8 9 10 12 76 79 148 321
419 0 1 2 3 4 5 6 7 8 9 10 12 76 79 148 321
420 0 1 2 3 4 5 6 7 8 9 10 12 76 79 148 321
421 0 1 2 3 4 5 6 7 8 9 10 12 76 79 148 321
422 0 1 2 3 4 5 6 7 8 9 10 12 76 79 148 321
423 0 1 2 3 4 5 6 7 8 9 10 12 76 79 148 321
424 0 1 2 3 4 5 6 7 8 9 10 12 76 79 148 321
425 0 1 2 3 4 5 6 7 8 9 10 12 76 79 148 321
426 0 1 2 3 4 5 6 7 8 9 10 12 76 79 148 321
427 0 1 2 3 4 5 6 7 8 9 10 12 76 79 148 321
428 0 1 2 3 4 5 6 7 8 9 10 12 76 79 148 321
429 0 1 2 3 4 5 6 7 8 9 10 12 76 79 148 321
430 0 1 2 3 4 5 6 7 8 9 10 12 76 79 148 321
431 0 1 2 3 4 5 6 7 8 9 10 12 76 79 148 321
432 0 1 2 3 4 5 6 7 8 9 10 12 76 79 148 321
433 0 1 2 3 4 5 6 7 8 9 10 12 76 79 148 321
434 0 1 2 3 4 5 6 7 8 9 10 12 76 79 148 321
435 0 1 2 3 4 5 6 7 8 9 10 12 76 79 148 321
436 0 1 2 3 4 5 6 7 8 9 10 12 76 79 148 321
437 0 1 2 3 4 5 6 7 8 9 10 12 76 79 148 321
438 0 1 2 3 4 5 6 7 8 9 10 12 76 79 148 321
439 0 1 2 3 4 5 6 7 8 9 10 12 76 79 148 321
440 0 1 2 3 4 5 6 7 8 9 10 12 76 79 148 321
441 0 1 2 3 4 5 6 7 8 9 10 12 76 79 148 321
442 0 1 2 3 4 5 6 7 8 9 10 12 76 79 148 321
443 0 1 2 3 4 5 6 7 8 9 10 12 76 79 148 321
444 0 1 2 3 4 5 6 7 8 9 10 12 76 79 148 321
445 0 1 2 3 4 5 6 7 8 9 10 12 76 79 148 321
446 0 1 2 3 4 5 6 7 8 9 10 12 76 79 148 321
447 0 1 2 3 4 5 6 7 8 9 10 12 76 79 148 321
448 0 1 2 3 4 5 6 7 8 9 10 12 76 79 148 321
449 0 1 2 3 4 5 6 7 8 9 10 12 76 79 148 321
450 0 1 2 3 4 5 6 7 8 9 10 12 76 79 148 321
451 0 1 2 3 4 5 6 7 8 9 10 12 76 79 148 321
452 0 1 2 3 4 5 6 7 8 9 10 12 76 79 148 321
453 0 1 2 3 4 5 6 7 8 9 10 12 76 79 148 321
454 0 1 2 3 4 5 6 7 8 9 10 12 76 79 148 321
455 0 1 2 3 4 5 6 7 8 9 10 12 76 79 148 321
456 0 1 2 3 4 5 6 7 8 9 10 12 76 79 148 321
457 0 1 2 3 4 5 6 7 8 9 10 12 76 79 148 321
458 0 1 2 3 4 5 6 7 8 9 10 12 76 79 148 321
459 0 1 2 3 4 5 6 7 8 9 10 12 76 79 148 321
460 0 1 2 3 4 5 6 7 8 9 10 12 76 79 148 321
461 0 1 2 3 4 5 6 7 8 9 10 12 76 79 148 321
462 0 1 2 3 4 5 6 7 8 9 10 12 76 79 148 321
463 0 1 2 3 4 5 6 7 8 9 10 12 76 79 148 321
464 0 1 2 3 4 5 6 7 8 9 10 12 76 79 148 321
465 0 1 2 3 4 5 6 7 8 9 10 12 76 79 148 321
466 0 1 2 3 4 5 6 7 8 9 10 12 76 79 148 321
467 0 1 2 3 4 5 6 7 8 9 10 12 76 79 148 321
468 0 1 2 3 4 5 6 7 8 9 10 12 76 79 148 321
469 0 1 2 3 4 5 6 7 8 9 10 12 76 79 148 321
470 0 1 2 3 4 5 6 7 8 9 10 12 76 79 148 321
471 0 1 2 3 4 5 6 7 8 9 10 12 76 79 148 321
472 0 1 2 3 4 5 6 7 8 9 10 12 76 79 148 321
473 0 1 2 3 4 5 6 7 8 9 10 12 76 79 148 321
474 0 1 2 3 4 5 6 7 8 9 10 12 76 79 148 321
475 0 1 2 3 4 5 6 7 8 9 10 12 76 79 148 321
476 0 1 2 3 4 5 6 7 8 9 10 12 76 79 148 321
477 0 1 2 3 4 5 6 7 8 9 10 12 76 79 148 321
478 0 1 2 3 4 5 6 7 8 9 10 12 76 79 148 321
479 0 1 2 3 4 5 6 7 8 9 10 12 76 79 148 321
480 0 1 2 3 4 5 6 7 8 9 10 12 76 79 148 321
481 0 1 2 3 4 5 6 7 8 9 10 12 76 79 148 321
482 0 1 2 3 4 5 6 7 8 9 10 12 76 79 148 321
483 0 1 2 3 4 5 6 7 8 9 10 12 76 79 148 321
484 0 1 2 3 4 5 6 7 8 9 10 12 76 79 148 321
485 0 1 2 3 4 5 6 7 8 9 10 12 76 79 148 321
486 0 1 2 3 4 5 6 7 8 9 10 12 76 79 148 321
487 0 1 2 3 4 5 6 7 8 9 10 12 76 79 148 321
488 0 1 2 3 4 5 6 7 8 9 10 12 76 79 148 321
489 0 1 2 3 4 5 6 7 8 9 10 12 76 79 148 321
490 0 1 2 3 4 5 6 7 8 9 10 12 76 79 148 321
491 0 1 2 3 4 5 6 7 8 9 10 12 76 79 148 321
492 0 1 2 3 4 5 6 7 8 9 10 12 76 79 148 321
493 0 1 2 3 4 5 6 7 8 9 10 12 76 79 148 321
494 0 1 2 3 4 5 6 7 8 9 10 12 76 79 148 321
495 0 1 2 3 4 5 6 7 8 9 10 12 76 79 148 321
496 0 1 2 3 4 5 6 7 8 9 10 12 76 79 148 321
497 0 1 2 3 4 5 6 7 8 9 10 12 76 79 148 321
498 0 1 2 3 4 5 6 7 8 9 10 12 76 79 148 321
499 0 1 2 3 4 5 6 7 8 9 10 12 76 79 148 321
