1483
119 91
121 89
118 92
120 92
120 88
122 88
117 93
121 93
119 87
123 87
116 94
122 94
118 86
124 86
115 95
123 93
123 95
117 85
125 85
114 96
124 92
124 96
116 84
126 84
113 95
113 97
125 97
115 83
127 83
112 94
112 98
126 98
114 82
128 82
111 93
111 99
127 99
114 81
129 81
111 92
110 100
112 100
128 100
130 80
109 101
113 101
129 101
131 79
108 102
114 102
130 102
130 78
132 78
107 103
114 103
131 101
131 103
129 77
133 77
106 104
132 100
130 104
132 104
128 76
134 76
134 78
105 105
133 99
129 105
133 105
127 75
135 75
135 79
104 106
134 98
128 106
134 106
126 74
136 74
136 80
103 107
135 97
127 107
135 107
125 73
137 73
136 81
102 108
104 108
136 96
127 108
136 108
124 72
138 72
101 107
101 109
105 109
137 95
137 109
123 71
139 71
101 106
100 110
106 110
138 94
138 110
122 70
124 70
140 70
99 111
107 111
139 93
139 111
121 69
125 69
141 69
98 112
108 112
139 92
140 94
138 112
120 68
126 68
142 68
97 113
109 113
141 95
137 113
119 67
127 67
143 67
143 69
96 114
110 114
142 96
136 114
127 66
142 66
144 66
144 70
95 113
95 115
111 115
141 97
143 97
135 115
141 65
145 65
145 71
94 112
94 116
112 116
140 98
144 98
134 116
140 64
146 64
146 72
93 111
93 117
112 117
140 99
145 99
133 117
139 63
147 63
147 73
92 110
92 118
94 118
146 100
132 118
139 62
148 62
91 109
91 119
95 119
147 101
131 119
149 61
90 108
90 120
96 120
148 102
130 120
150 60
89 107
89 121
91 121
149 102
129 121
151 59
88 106
88 120
88 122
92 122
150 102
128 122
152 58
87 105
87 119
87 123
93 123
151 102
128 123
153 57
153 59
87 104
86 118
86 124
94 124
152 102
127 124
154 56
154 60
85 117
85 125
95 125
153 102
126 125
155 55
155 61
84 116
84 126
96 126
154 103
125 126
156 54
156 62
83 127
85 127
97 127
155 104
124 127
155 53
157 53
157 63
82 126
82 128
85 128
98 128
155 105
123 128
154 52
158 52
158 54
158 64
81 125
81 128
82 129
99 129
155 106
122 129
153 51
159 51
159 55
159 65
80 124
80 128
82 130
100 130
155 107
121 130
152 50
160 50
160 66
79 123
79 128
82 131
101 131
155 108
120 131
151 49
161 49
161 67
78 122
78 128
82 132
100 132
102 132
155 109
150 48
162 48
162 68
77 121
77 128
82 133
99 133
103 133
155 110
149 47
163 47
163 67
163 69
76 120
76 128
82 134
98 134
104 134
155 111
148 46
164 46
164 66
164 70
75 119
75 128
82 135
97 135
105 135
155 112
147 45
147 47
163 45
165 46
165 65
165 71
74 118
74 128
82 136
96 136
106 136
155 113
146 44
148 44
146 48
162 44
166 46
166 64
166 72
73 117
73 128
82 137
95 137
107 136
107 137
145 43
149 43
145 49
161 43
167 46
167 63
167 71
167 73
72 116
72 128
82 138
95 138
108 138
144 42
149 42
144 50
168 46
168 62
168 70
166 74
168 74
71 115
71 128
82 139
109 139
143 41
169 46
169 61
165 75
169 75
70 114
70 128
82 140
110 140
142 40
170 46
170 60
164 76
170 74
170 76
69 113
69 128
82 141
111 141
141 39
171 46
171 59
163 77
171 73
171 77
68 112
68 128
82 142
110 142
112 142
140 38
172 46
162 78
172 72
172 78
67 111
67 128
82 143
109 143
113 143
139 37
173 46
161 79
173 71
173 79
66 110
68 110
66 128
82 144
108 144
114 144
138 36
140 36
174 46
160 80
174 70
174 80
65 109
69 109
65 128
65 129
107 145
115 144
137 35
141 35
175 46
159 81
173 81
175 81
64 108
69 108
64 128
106 146
116 144
136 34
142 34
176 45
176 46
158 82
172 82
176 82
63 107
63 128
63 129
105 147
117 144
135 35
143 33
176 44
177 46
157 83
171 83
177 83
62 106
62 128
63 130
104 148
118 144
134 36
144 32
176 43
178 46
156 84
170 84
178 84
61 105
61 128
63 131
103 149
119 144
133 37
145 31
176 42
179 46
155 85
169 83
169 85
179 85
60 104
60 128
63 132
102 150
120 144
132 38
146 30
180 46
154 86
168 82
178 86
180 86
59 103
59 105
59 128
63 133
102 151
121 145
131 39
147 29
181 46
154 87
168 81
177 87
180 87
181 85
58 102
58 103
58 106
58 128
58 129
63 134
122 146
130 40
148 28
182 46
182 47
176 88
182 84
57 101
57 107
57 128
58 130
63 135
123 147
129 41
149 27
183 46
182 48
175 89
183 83
56 100
56 108
56 128
58 131
63 136
124 146
124 148
128 42
149 26
150 28
184 46
182 49
174 90
184 82
55 99
55 109
55 128
63 137
125 145
125 149
127 43
151 29
185 46
182 50
173 91
185 81
54 98
54 110
54 128
63 138
126 144
126 149
126 44
152 29
186 46
182 51
172 92
186 80
53 97
53 111
53 128
63 139
127 143
127 149
125 44
125 45
153 29
187 46
182 52
171 93
187 79
52 96
54 96
52 112
52 128
63 140
128 142
128 149
124 44
124 46
126 46
154 29
188 46
182 53
170 94
188 78
51 95
55 95
51 113
51 128
63 141
129 141
129 149
123 43
123 47
127 47
155 29
189 46
182 54
169 95
189 77
50 94
56 94
50 114
50 128
63 142
130 140
130 149
122 42
122 48
128 48
156 29
190 46
182 55
169 96
190 76
190 78
49 93
57 93
49 128
63 143
131 139
131 149
121 41
121 49
129 49
157 29
191 46
182 56
170 97
191 76
191 79
48 92
58 92
48 128
63 144
131 138
132 149
120 40
120 50
130 50
158 29
192 46
171 98
192 80
47 91
59 91
47 128
63 145
132 137
133 149
119 39
119 50
159 29
193 46
193 47
172 99
193 81
46 90
59 90
46 128
46 129
133 136
134 149
118 38
118 50
160 29
194 46
193 48
173 100
194 82
45 89
45 127
45 128
46 130
134 135
135 149
117 37
117 50
161 29
195 46
193 49
172 101
174 101
195 83
44 88
44 90
44 128
45 126
46 131
135 134
116 36
118 36
116 50
162 29
196 46
193 50
171 102
175 102
195 84
43 87
43 91
43 128
46 132
136 133
115 35
119 35
115 50
163 29
197 46
170 103
176 103
194 85
42 86
42 92
42 128
46 133
137 132
114 34
120 34
114 50
164 29
198 46
169 104
177 104
193 86
41 85
41 93
41 128
46 134
138 132
113 33
121 33
165 29
199 46
168 105
178 105
192 87
40 84
40 94
40 128
46 135
139 132
112 32
112 34
122 32
200 46
167 106
179 106
191 88
39 83
39 95
39 128
46 136
140 132
111 31
111 35
123 31
201 46
166 107
180 107
191 89
38 82
38 84
40 82
38 96
38 128
46 137
141 132
110 36
202 46
166 108
181 108
37 81
38 85
41 81
37 97
39 97
37 128
47 138
142 132
109 37
203 46
203 47
182 109
36 80
41 80
36 98
40 98
36 127
36 128
48 139
143 132
108 38
204 45
204 46
203 48
183 110
35 79
35 99
41 99
35 128
36 126
49 140
144 133
107 39
204 44
205 46
203 49
184 111
34 78
34 100
42 100
34 128
36 125
48 141
50 141
144 134
106 38
106 40
204 43
206 46
203 50
183 112
185 112
33 77
33 101
43 101
33 128
36 124
48 142
51 142
144 135
105 37
105 41
204 42
207 46
203 51
182 113
186 113
32 76
32 102
32 128
36 123
51 143
144 136
104 36
104 42
204 41
208 46
203 52
181 114
187 114
31 75
31 77
31 103
31 127
36 122
52 144
145 137
103 35
104 43
203 40
209 46
203 53
180 115
188 115
31 74
30 78
30 104
30 126
36 121
52 145
146 138
102 34
202 39
210 46
203 54
179 116
187 116
189 116
32 73
29 79
30 105
29 125
36 120
52 146
147 139
101 33
201 39
211 46
202 55
203 55
178 117
186 117
190 117
33 72
28 80
28 124
36 119
148 140
100 32
200 39
201 55
203 56
177 118
185 118
191 118
34 71
27 81
27 123
36 118
149 141
100 31
199 39
200 55
203 57
176 119
185 119
192 117
192 119
35 70
26 82
26 122
36 117
150 142
198 39
203 58
175 120
193 116
193 120
34 69
36 69
25 83
25 121
150 143
197 38
203 59
174 121
194 115
194 121
33 68
37 68
24 84
24 120
150 144
196 38
203 60
174 122
194 114
195 122
32 67
38 67
23 85
24 119
150 145
195 38
203 61
196 123
31 66
39 66
24 118
150 146
194 38
203 62
195 124
197 124
30 65
40 65
40 67
24 117
150 147
193 38
203 63
194 125
198 123
198 125
29 64
41 64
41 68
150 148
192 37
203 64
193 126
199 122
199 126
28 63
42 63
41 69
150 149
191 36
203 65
192 127
200 121
199 127
27 62
43 62
150 150
190 35
203 66
191 128
201 120
199 128
26 61
44 61
189 34
204 67
190 129
202 119
199 129
26 60
43 60
45 60
188 33
188 35
205 68
189 130
203 118
199 130
42 59
46 59
187 32
188 36
206 69
188 131
204 117
200 131
41 58
46 58
47 60
186 31
207 68
207 70
187 132
205 116
201 132
40 57
46 57
48 61
185 30
208 67
207 71
186 133
188 133
206 115
202 133
39 56
46 56
49 62
184 29
209 66
207 72
185 134
189 134
206 114
203 134
38 55
46 55
50 62
183 29
210 65
207 73
208 73
184 135
190 135
204 134
38 54
46 54
51 62
182 29
211 64
207 74
209 73
183 136
191 136
205 134
38 53
46 53
52 62
212 63
207 75
210 73
182 137
192 137
206 134
46 52
213 62
207 76
211 73
181 138
193 138
207 134
46 51
214 61
207 77
212 73
180 137
181 139
193 139
194 138
208 134
46 50
215 60
207 78
213 73
179 137
180 140
192 140
195 138
209 134
46 49
207 79
214 73
178 137
179 141
192 141
196 138
210 134
46 48
207 80
177 137
178 142
197 138
211 134
46 47
207 81
176 137
177 143
46 46
207 82
175 137
177 144
46 45
207 83
174 137
177 145
45 44
47 44
207 84
173 137
177 146
44 43
48 43
207 85
172 137
177 147
43 42
49 42
206 86
171 137
177 148
42 42
48 41
50 42
205 87
170 137
177 149
41 42
47 40
51 42
204 88
206 88
169 137
177 150
40 42
47 39
52 42
203 89
207 89
168 137
176 151
177 151
178 151
39 42
47 38
53 42
202 90
208 90
167 136
175 151
177 152
179 151
38 42
47 37
54 42
201 91
209 91
166 135
174 151
180 151
37 42
47 36
55 42
200 92
210 92
165 134
167 134
173 151
181 151
36 42
47 35
56 42
199 93
211 93
164 133
168 133
172 151
182 151
35 41
35 42
48 34
57 42
198 94
212 94
163 132
171 151
183 151
34 42
35 40
49 33
58 42
197 95
213 95
162 131
170 151
33 43
50 32
59 42
196 96
214 96
161 130
169 151
32 44
51 31
60 43
196 97
214 97
160 129
160 131
168 151
31 45
52 30
52 31
61 44
196 98
159 128
161 128
159 132
167 151
30 46
53 29
53 30
60 45
62 43
62 45
158 127
162 127
158 133
166 151
29 46
54 28
59 46
63 42
63 46
157 126
163 126
157 134
165 151
28 46
58 47
64 41
64 47
156 126
164 125
156 135
164 151
27 46
58 48
65 40
65 48
155 126
165 124
156 136
26 46
66 39
64 49
66 49
166 123
25 46
67 38
67 50
167 122
24 46
68 37
68 51
23 46
69 36
69 52
70 35
70 53
69 34
71 34
71 36
71 54
68 33
72 33
72 37
72 55
67 32
73 32
73 38
73 56
66 31
74 31
74 39
74 57
65 30
75 30
75 40
73 58
75 58
64 29
76 29
76 41
72 59
76 59
63 28
77 28
77 42
71 60
77 60
62 27
78 27
78 43
70 61
78 61
62 26
79 26
79 44
69 62
79 62
80 26
78 45
80 45
68 63
80 63
81 26
77 46
81 46
67 64
80 64
82 26
76 47
82 47
66 65
81 65
83 26
76 48
83 47
65 66
82 66
84 26
84 47
64 67
83 67
85 26
85 47
63 68
84 68
86 26
86 47
62 69
83 69
85 68
87 26
87 47
61 70
82 70
86 68
88 26
88 47
60 71
62 71
81 71
87 68
89 46
59 72
63 72
80 72
88 68
90 45
58 73
64 73
79 73
89 68
91 44
57 74
65 74
78 74
90 68
92 43
66 75
78 75
91 68
91 69
93 42
67 76
78 76
92 68
91 70
67 77
78 77
93 68
91 71
78 78
94 68
91 72
78 79
95 68
91 73
77 80
96 68
91 74
76 81
97 68
91 75
75 82
98 67
91 76
75 83
99 66
91 77
75 84
100 65
91 78
75 85
100 64
91 79
75 86
100 63
91 80
75 87
100 62
101 62
92 81
75 88
100 61
102 62
93 82
100 60
103 62
94 83
100 59
104 62
95 84
100 58
105 62
95 85
96 83
100 57
106 62
95 86
97 82
100 56
107 62
95 87
98 81
100 55
95 88
99 80
100 54
100 80
101 80
102 80
154
124 92
114 81
111 92
114 103
136 81
127 108
101 106
139 111
139 92
119 67
127 66
112 117
140 99
147 73
139 62
96 120
128 123
87 104
153 102
84 116
85 128
159 55
101 131
120 131
155 113
107 136
161 43
95 138
149 42
144 50
168 70
171 59
82 144
174 70
65 129
69 108
136 34
176 42
169 85
120 144
102 151
154 87
168 81
180 87
58 103
58 131
149 26
125 44
50 114
169 96
182 56
191 76
131 138
130 50
63 145
59 90
135 149
45 126
193 50
195 84
114 50
165 29
111 31
123 31
191 89
46 137
166 108
181 108
38 85
41 80
143 132
43 101
48 142
32 128
51 143
144 136
204 41
104 43
31 74
30 105
52 146
211 46
100 31
200 55
185 119
36 117
198 39
174 122
194 114
23 85
24 117
193 38
41 69
150 150
203 66
26 60
199 130
187 32
188 36
41 58
186 31
185 30
206 114
182 29
38 53
52 62
181 139
193 139
215 60
214 73
192 141
197 138
211 134
46 45
207 85
168 137
177 152
47 35
168 133
183 151
34 42
35 40
59 42
214 97
52 31
196 98
53 30
54 28
164 151
58 48
155 126
156 136
64 49
167 122
23 46
75 30
77 42
62 26
80 64
76 48
65 66
88 26
88 47
57 74
93 42
67 77
78 79
97 68
91 80
75 88
107 62
95 88
100 54
102 80
