1142
119 90
119 91
121 90
121 91
118 90
118 92
122 90
122 92
117 90
117 93
123 90
123 93
116 90
116 94
124 90
124 94
115 89
115 95
125 90
125 95
114 88
114 96
126 90
126 96
113 87
113 97
127 90
127 97
112 86
112 98
128 90
128 98
112 85
112 99
129 90
129 99
112 84
112 100
130 89
130 100
112 83
112 101
131 88
131 101
112 82
112 102
132 87
132 102
112 81
112 103
133 86
133 103
112 80
112 104
133 85
134 104
111 79
112 105
133 84
135 105
110 78
112 106
133 83
136 106
109 77
112 107
133 82
136 107
108 76
111 108
133 81
136 108
107 75
110 108
133 80
136 109
106 74
109 108
133 79
136 110
105 73
108 108
133 78
136 111
104 72
107 108
133 77
136 112
103 71
104 71
105 71
106 108
133 76
136 113
102 71
102 72
106 71
105 108
133 75
136 114
101 71
101 73
107 71
104 108
104 109
133 74
136 115
100 71
100 74
108 70
103 108
105 110
134 73
136 116
99 71
99 75
109 69
102 108
106 111
135 72
136 117
98 71
98 76
110 68
101 108
107 112
136 71
136 118
97 71
97 77
111 67
100 108
108 113
136 70
137 72
136 119
96 71
96 78
112 66
99 108
109 114
136 69
138 73
136 120
95 71
95 79
112 65
98 108
110 115
136 68
139 74
136 121
94 71
94 80
111 64
97 108
111 116
136 67
140 75
136 122
93 71
93 81
110 63
96 108
112 117
136 66
141 76
136 123
92 71
92 82
109 62
95 108
112 118
136 65
142 77
137 124
91 83
108 61
94 108
112 119
136 64
143 78
138 125
91 84
107 60
93 108
112 120
136 63
144 79
139 126
91 85
106 59
92 108
112 121
136 62
145 80
140 127
90 86
91 86
105 58
112 122
136 61
146 81
141 128
89 86
104 57
111 123
136 60
147 82
142 129
88 86
103 56
104 56
105 56
110 123
136 59
148 83
143 130
87 86
102 56
106 56
109 123
136 58
149 84
144 131
86 86
101 56
107 56
108 123
136 57
150 85
145 132
85 86
100 56
108 56
107 123
136 56
151 86
146 133
84 86
99 56
109 56
106 123
152 86
147 134
83 86
98 56
110 56
105 123
153 86
148 135
82 86
97 56
111 56
104 123
154 86
149 136
81 86
96 56
112 55
103 123
155 86
150 137
80 86
95 56
112 54
102 123
102 124
156 86
151 138
79 86
94 56
112 53
101 123
101 125
157 86
151 139
78 86
93 56
112 52
100 123
101 126
158 86
151 140
77 86
92 56
112 51
99 123
101 127
159 86
151 141
76 86
112 50
98 123
101 128
160 86
151 142
75 86
112 49
97 123
101 129
161 86
150 143
151 143
74 86
112 48
96 123
101 130
162 86
149 143
73 86
112 47
95 123
101 131
163 86
148 143
72 85
72 86
112 46
94 123
101 132
164 86
147 143
72 84
112 45
93 123
101 133
165 85
165 86
146 143
72 83
112 44
92 123
101 134
165 84
166 87
145 143
72 82
112 43
101 135
165 83
167 88
144 143
72 81
112 42
101 136
165 82
168 89
143 143
72 80
112 41
101 137
165 81
169 90
142 143
72 79
112 40
101 138
165 80
170 91
141 143
72 78
112 39
101 139
165 79
171 92
140 143
72 77
111 38
101 140
165 78
172 93
139 143
72 76
110 37
101 141
165 77
173 94
138 143
72 75
109 36
101 142
165 76
174 95
137 143
72 74
108 35
100 143
101 143
102 143
165 75
175 96
136 143
72 73
107 34
108 34
109 34
99 143
103 143
165 74
176 97
135 143
72 72
106 34
110 34
98 143
104 143
166 73
177 97
134 143
71 71
105 34
111 34
97 143
105 143
167 72
178 97
133 143
70 72
71 70
104 34
112 34
96 143
106 143
166 71
167 71
168 71
179 97
69 73
71 69
103 34
113 34
95 143
107 143
165 71
168 70
169 72
180 97
180 98
68 74
71 68
102 34
114 34
94 143
108 143
164 71
168 69
170 73
181 97
179 99
67 75
71 67
101 34
115 34
93 143
109 143
163 71
168 68
171 74
178 100
66 76
71 66
100 34
116 34
92 143
110 143
162 71
168 67
172 75
177 101
65 77
71 65
99 34
117 34
91 143
111 143
161 71
167 66
173 76
176 102
64 78
71 64
98 34
118 34
90 142
90 143
112 143
160 71
166 65
174 76
175 103
63 79
71 63
97 34
119 34
89 141
159 71
165 64
175 76
174 104
62 80
71 62
96 34
120 34
88 140
158 71
164 63
176 76
173 105
61 81
71 61
95 34
121 34
87 139
157 71
163 62
177 76
172 106
60 82
71 60
94 34
122 34
86 138
162 61
178 76
171 107
59 83
71 59
93 34
123 34
85 137
161 60
179 76
170 108
58 84
71 58
92 34
124 34
84 136
160 59
180 76
169 108
169 109
57 85
71 57
91 34
125 34
83 135
159 58
181 76
168 108
170 110
56 86
70 56
71 56
90 34
126 34
82 134
158 57
167 108
171 111
55 86
69 55
89 34
127 34
81 133
157 56
158 56
159 56
166 108
172 112
54 86
68 54
88 34
128 34
80 132
160 56
165 108
173 113
53 86
67 53
87 34
129 34
79 131
161 56
164 108
174 114
52 86
66 52
86 34
130 34
78 130
162 56
163 108
175 115
51 86
65 51
131 34
77 129
163 56
162 108
176 116
64 50
132 34
76 128
164 56
161 108
177 117
63 49
133 34
75 127
165 56
160 108
178 118
62 48
134 34
74 126
166 56
159 108
179 118
61 47
135 34
73 125
167 56
158 108
180 118
180 119
60 46
136 34
72 124
168 56
157 108
181 118
179 120
59 45
137 34
71 123
169 56
178 121
58 44
138 34
70 124
71 122
170 56
177 122
57 43
139 34
69 125
71 121
171 56
176 123
56 42
140 34
68 126
71 120
172 56
175 124
55 41
141 34
67 127
71 119
173 56
174 125
54 40
142 34
66 128
71 118
174 56
173 126
53 39
143 34
65 129
71 117
175 56
172 127
52 38
144 34
64 130
71 116
176 56
171 126
171 127
171 128
51 39
52 37
145 34
63 131
71 115
177 56
170 125
171 129
50 40
52 36
146 34
62 132
71 114
178 56
169 124
172 130
49 41
52 35
147 34
61 133
71 113
179 56
168 123
173 131
48 42
52 34
148 34
60 134
71 112
180 56
167 123
174 132
48 43
52 33
149 34
59 135
71 111
181 55
166 123
175 133
48 44
52 32
58 136
71 110
182 55
165 123
176 134
48 45
53 31
57 137
71 109
183 54
164 123
177 135
48 46
54 30
56 138
71 108
184 53
163 123
178 136
48 47
55 31
55 139
185 52
162 123
179 137
47 48
48 48
56 32
55 140
186 51
161 123
180 138
46 47
48 49
57 33
54 141
55 141
187 50
160 123
181 139
45 46
48 50
58 34
53 141
55 142
188 49
159 123
182 140
44 45
48 51
59 34
52 141
55 143
189 48
158 123
183 140
183 141
43 44
48 52
60 34
51 141
55 144
190 47
157 123
184 139
183 142
42 43
48 53
61 34
50 141
55 145
191 46
185 138
182 143
41 42
48 54
62 34
49 141
55 146
192 45
186 137
181 143
40 41
48 55
63 34
48 141
55 147
193 44
187 136
180 143
39 40
48 56
64 34
47 141
55 148
194 43
188 135
179 143
38 41
48 57
65 34
46 141
55 149
195 42
189 134
178 143
37 42
48 58
45 140
55 150
194 41
195 41
196 41
190 133
177 143
36 42
48 59
44 139
55 151
193 41
197 41
197 42
191 132
176 143
35 42
48 60
43 139
44 138
55 152
56 152
192 41
198 41
198 43
192 131
175 143
34 42
48 61
42 139
44 137
57 152
191 41
199 41
199 44
193 131
174 143
33 42
48 62
41 139
44 136
58 152
190 41
200 41
200 45
194 131
173 143
32 42
48 63
40 139
44 135
59 152
189 41
201 41
201 46
195 131
172 143
31 42
48 64
39 139
44 134
60 152
188 41
202 41
202 47
196 131
30 43
48 65
38 138
44 133
61 151
187 40
203 41
203 48
197 131
29 44
47 66
37 137
44 132
62 150
186 39
204 41
204 49
198 131
28 45
46 67
36 136
45 131
63 149
185 38
205 41
204 50
199 131
28 46
45 68
36 135
46 130
64 148
184 37
206 41
204 51
200 131
28 47
44 69
36 134
47 129
65 147
184 36
207 41
204 52
201 130
28 48
43 70
36 133
48 128
66 146
184 35
208 42
202 129
28 49
42 71
35 132
67 145
184 34
209 43
203 128
28 50
41 72
34 131
68 144
184 33
210 44
204 127
28 51
40 73
33 130
69 143
184 32
211 45
205 126
28 52
39 74
32 129
184 31
212 46
205 125
28 53
38 75
31 128
184 30
213 47
205 124
28 54
37 76
30 127
184 29
214 48
205 123
28 55
36 77
29 126
184 28
215 49
205 122
28 56
35 78
28 125
29 125
30 125
183 27
215 50
205 121
28 57
34 79
31 124
182 26
215 51
205 120
28 58
33 80
32 123
181 25
215 52
205 119
28 59
32 81
33 122
180 26
205 118
28 60
31 82
34 121
179 27
205 117
28 61
30 83
35 120
178 28
205 116
28 62
29 83
36 119
177 29
204 115
205 115
28 83
37 118
176 30
206 114
38 117
175 31
207 113
39 116
174 32
208 112
40 115
173 33
209 111
41 114
172 34
210 110
42 113
171 34
211 109
43 112
170 34
212 108
44 111
213 107
45 110
214 106
46 109
215 105
47 108
215 104
46 107
47 107
48 107
215 103
45 107
215 102
44 107
215 101
43 107
215 100
42 107
215 99
41 107
215 98
40 107
215 97
39 107
215 96
38 107
215 95
37 107
214 94
215 94
36 107
213 94
35 107
212 94
34 107
211 94
33 107
210 94
32 107
209 94
31 107
208 94
30 106
207 94
29 105
206 94
28 104
205 94
204 93
204 94
204 92
204 91
204 90
204 89
204 88
204 87
204 86
204 85
204 84
205 83
206 82
207 81
208 80
209 79
210 78
211 77
212 76
213 75
214 74
213 73
214 73
215 73
212 73
211 73
210 73
209 73
208 73
207 73
206 73
205 73
204 73
84
112 86
133 86
112 107
136 108
103 71
103 108
136 71
112 66
136 123
92 71
92 108
91 86
112 122
103 56
136 56
154 86
112 55
103 123
92 56
151 143
72 86
165 86
92 123
101 143
107 34
71 71
133 143
168 71
181 97
90 143
112 143
157 71
181 76
168 108
71 56
157 56
128 34
86 34
51 86
168 56
157 108
181 118
71 123
52 38
171 129
168 123
149 34
181 55
54 30
71 108
55 141
48 51
157 123
183 142
39 40
65 34
196 41
44 139
55 152
192 131
172 143
31 42
48 65
36 136
184 37
207 41
204 52
48 128
69 143
205 126
28 125
181 25
215 52
28 62
204 115
28 83
170 34
215 105
48 107
215 94
28 104
204 94
215 73
204 73
