84
121 89
122 88
123 87
124 86
125 85
126 84
127 83
128 82
129 81
130 80
131 79
132 78
133 77
134 76
135 75
136 74
137 73
138 72
139 71
140 70
141 69
142 68
143 67
144 66
145 65
146 64
147 63
148 62
149 61
150 60
151 59
152 58
153 57
154 56
155 55
156 54
157 53
158 52
159 52
160 53
161 54
162 55
163 56
164 57
165 58
166 59
167 60
168 61
169 62
170 63
171 64
172 65
173 66
174 67
175 68
176 69
177 70
178 71
179 72
180 73
181 74
182 75
183 76
184 77
185 78
186 79
187 80
188 81
189 82
190 83
191 84
192 85
193 86
194 87
195 88
196 89
197 90
198 91
199 92
200 93
201 94
202 95
203 96
204 97
1
204 97
