1510
119 91
121 89
118 92
122 88
117 93
123 87
116 94
124 86
115 95
125 85
114 94
114 96
116 96
124 84
126 84
113 93
113 97
117 97
123 83
127 83
112 92
112 98
118 98
128 82
111 91
111 99
119 99
129 81
110 90
110 100
120 100
130 80
109 89
109 101
111 101
121 101
131 79
108 88
108 102
112 102
122 102
132 78
132 80
107 87
107 103
113 103
123 103
133 77
133 81
106 86
106 104
114 104
124 104
132 76
134 76
134 82
105 85
105 105
125 105
131 75
135 75
135 83
104 84
104 106
126 106
130 74
136 74
135 84
104 83
103 106
127 107
129 73
137 73
103 82
105 82
102 106
128 108
129 72
138 72
138 74
103 81
106 81
101 106
128 109
139 71
139 75
103 80
107 80
100 106
127 110
129 110
140 70
140 76
103 79
108 79
99 106
126 111
130 111
141 69
140 77
103 78
109 78
98 106
125 112
131 112
142 68
141 78
103 77
110 77
97 106
124 113
132 113
143 67
142 79
102 76
103 76
111 76
96 106
123 114
133 114
144 66
143 80
101 76
103 75
112 75
95 106
122 115
134 115
143 65
145 65
144 81
100 76
103 74
112 74
94 106
121 116
135 114
135 116
142 64
146 64
145 82
99 76
103 73
93 106
93 107
120 117
136 113
136 117
141 63
147 63
146 83
98 76
92 106
93 108
119 118
121 118
137 112
137 118
140 62
148 62
147 82
97 76
91 106
93 109
118 119
122 118
122 119
138 111
138 119
139 61
149 61
148 81
96 76
90 106
93 110
117 120
123 120
139 110
139 120
138 60
150 60
149 80
95 76
89 106
116 121
124 121
140 109
140 121
137 59
151 59
150 79
94 76
88 106
115 122
125 122
141 108
141 122
136 58
152 58
151 78
93 76
87 106
114 123
126 123
142 107
142 121
142 123
135 57
153 57
152 77
92 76
86 106
113 124
127 124
143 106
143 120
143 124
134 56
154 56
153 76
85 106
112 125
144 105
143 119
144 125
133 55
153 55
155 55
154 76
84 106
111 126
144 104
143 126
145 126
132 54
152 54
156 54
155 76
83 106
110 127
143 103
142 127
146 127
131 53
151 53
157 53
82 106
109 128
142 102
141 128
147 128
130 52
150 52
158 52
81 106
108 129
141 101
140 129
148 129
129 51
150 51
159 51
80 106
107 128
107 130
140 100
142 100
139 130
149 130
128 50
128 52
130 50
160 50
79 106
106 127
106 131
139 99
143 99
138 131
150 129
150 131
127 49
127 53
161 49
161 51
78 105
78 106
105 126
106 126
105 132
138 98
144 98
137 132
151 128
151 132
126 48
126 54
162 48
162 52
77 106
78 104
104 125
104 133
137 97
145 97
136 133
152 127
150 133
152 133
125 47
125 55
163 47
163 48
163 53
76 106
78 103
103 124
103 134
136 96
146 96
135 134
153 126
149 134
153 134
124 46
126 46
124 56
164 46
164 54
75 106
79 102
102 123
102 135
135 96
146 95
134 135
154 125
148 135
154 135
123 45
127 45
123 57
163 45
165 46
165 55
74 105
80 101
102 122
101 134
101 136
103 136
134 97
155 124
147 136
155 136
122 44
128 44
122 58
162 44
166 46
166 56
73 106
74 104
81 100
101 133
100 137
104 137
133 98
156 123
146 137
156 135
156 137
121 43
121 45
129 43
121 59
161 43
167 46
167 57
72 106
73 107
74 103
82 99
99 138
105 138
132 98
157 122
145 138
157 138
120 42
130 42
121 60
160 42
168 46
166 58
168 58
71 106
73 108
74 102
83 98
98 139
106 139
131 98
158 121
158 139
119 41
131 41
159 41
169 45
169 46
165 59
169 59
70 106
73 109
74 101
84 97
97 140
107 140
130 98
159 140
118 40
132 40
158 40
169 44
170 46
164 60
170 60
69 106
73 110
74 100
85 96
96 141
108 141
160 141
117 39
133 39
158 39
171 46
163 61
171 61
68 106
73 111
74 99
86 95
95 142
109 142
161 142
116 38
134 38
158 38
172 46
162 62
172 60
172 62
67 106
73 112
74 98
87 94
94 143
110 143
162 141
162 143
115 37
135 37
159 37
173 46
161 63
173 59
173 63
66 106
73 113
74 97
88 93
93 144
111 144
163 140
163 144
114 36
134 36
136 37
160 36
174 46
161 64
174 64
65 106
73 114
74 96
89 93
92 145
111 145
112 143
164 139
162 145
164 145
113 35
113 37
133 35
137 37
161 35
175 46
175 65
64 106
72 115
73 115
74 95
90 93
91 145
111 146
113 142
165 138
161 146
165 146
112 34
112 38
132 34
138 37
162 34
176 46
176 66
63 106
71 115
73 116
111 147
114 141
166 137
160 147
166 147
111 33
111 39
131 33
139 37
161 33
163 33
177 46
177 67
62 105
62 106
70 115
73 117
111 148
115 140
167 136
159 148
167 148
110 32
112 32
110 40
130 32
140 37
160 32
164 32
178 46
178 68
61 106
62 104
69 115
73 118
111 149
112 149
116 139
168 135
158 149
168 149
109 31
113 31
109 41
129 31
141 36
159 31
165 31
179 46
179 69
60 106
62 103
68 115
73 119
111 150
113 149
117 138
169 134
157 150
169 150
108 30
114 30
108 42
129 30
142 35
158 30
166 30
180 46
180 70
59 106
73 120
114 149
118 138
168 133
170 133
156 151
170 151
107 29
115 29
107 43
129 29
142 34
157 29
167 29
181 46
181 71
58 106
73 121
115 149
119 138
167 132
171 132
155 152
171 152
107 28
116 28
106 44
129 28
142 33
156 28
168 28
182 46
182 72
57 106
73 122
116 149
172 131
154 153
172 152
107 27
117 27
105 45
129 27
142 32
155 27
169 27
183 45
183 46
181 73
183 73
56 106
73 123
117 149
173 130
153 152
173 152
106 26
118 26
104 46
129 26
142 31
154 26
169 26
184 46
180 74
184 74
55 105
55 106
55 107
73 124
118 149
173 129
152 151
174 152
105 26
103 47
105 47
142 30
153 25
169 25
185 45
185 46
179 75
185 75
54 106
55 104
55 108
73 125
119 149
151 150
175 151
104 26
102 48
106 48
142 29
185 44
186 46
178 76
186 75
53 106
55 103
55 109
73 126
120 149
150 150
176 150
103 26
102 49
107 49
142 28
185 43
187 46
177 77
187 75
52 106
55 102
55 110
73 127
121 149
149 150
177 149
102 26
102 50
108 50
142 27
185 42
188 46
176 78
188 75
188 76
51 106
55 101
55 111
73 128
122 149
148 150
178 148
101 26
102 51
109 51
142 26
185 41
189 46
175 79
189 75
188 77
50 106
55 100
74 129
123 149
147 150
179 147
100 26
102 52
109 52
185 40
190 46
190 47
174 80
190 75
188 78
49 106
55 99
75 130
124 149
146 150
180 146
99 26
102 53
185 39
191 46
190 48
173 81
191 75
188 79
48 106
55 98
75 131
76 130
125 149
145 150
181 145
98 26
102 54
185 38
192 46
190 49
172 82
192 75
188 80
47 106
55 97
75 132
77 130
126 149
144 150
182 144
97 26
102 55
185 37
193 46
190 50
171 81
172 83
193 75
188 81
46 106
56 96
75 133
78 130
127 149
143 150
183 143
96 26
102 56
185 36
194 46
190 51
170 80
172 84
194 75
188 82
45 106
57 96
75 134
79 130
128 149
142 150
183 142
184 142
95 26
103 57
185 35
195 46
190 52
169 79
172 85
195 74
195 75
188 83
44 106
44 107
58 96
75 135
80 130
129 149
185 141
94 26
104 58
185 34
186 34
196 46
190 53
168 78
172 86
195 73
196 75
188 84
43 106
44 108
59 96
75 136
81 130
186 140
93 26
105 59
185 33
187 34
197 46
190 54
167 78
169 77
172 87
195 72
197 75
188 85
42 105
42 106
44 109
60 96
75 137
82 130
187 139
92 26
106 60
185 32
188 34
198 45
198 46
190 55
170 76
172 88
195 71
198 75
188 86
41 106
42 104
44 110
61 96
75 138
83 130
188 138
91 26
107 61
185 31
189 34
198 44
199 46
190 56
171 75
172 89
195 70
199 75
188 87
189 87
40 106
42 103
75 139
84 130
189 137
90 27
108 62
184 30
198 43
200 46
190 57
171 74
172 90
195 69
200 75
188 88
190 87
39 106
42 102
75 140
85 130
190 136
89 28
108 63
183 29
198 42
201 46
171 73
172 91
201 75
188 89
191 87
38 106
42 101
75 141
86 130
191 135
88 29
182 29
198 41
202 46
171 92
172 92
202 75
188 90
192 87
37 106
42 100
75 142
192 134
87 30
198 40
203 46
170 92
172 93
203 75
188 91
193 87
36 106
42 99
75 143
193 133
86 31
204 46
204 47
169 92
172 94
204 75
188 92
194 87
35 106
42 98
75 144
194 132
85 30
85 32
205 46
204 48
168 91
172 95
205 75
188 93
34 106
42 97
43 97
75 145
193 131
195 131
84 29
84 33
206 46
204 49
167 90
172 96
206 75
188 94
33 107
42 96
44 97
75 146
192 130
196 130
83 28
84 34
207 46
204 50
166 89
172 97
207 75
207 76
188 95
32 108
42 95
191 129
197 129
82 27
84 35
208 46
204 51
165 88
172 98
208 75
207 77
188 96
31 109
42 94
190 128
198 128
81 26
84 36
209 46
204 52
164 88
172 99
209 75
207 78
188 97
30 110
42 93
189 127
199 127
80 25
84 37
204 53
163 88
172 100
207 79
29 109
29 111
42 92
188 126
199 126
84 38
204 54
162 88
172 101
207 80
28 108
29 112
42 91
187 125
200 125
85 39
204 55
161 88
172 102
207 81
27 107
29 113
42 90
186 124
201 124
84 40
86 40
204 56
160 88
172 103
207 82
26 106
29 114
42 89
185 123
201 123
202 125
83 41
87 41
204 57
159 88
172 104
207 83
25 105
29 115
42 88
185 122
201 122
203 126
82 42
88 42
205 58
158 88
171 105
172 105
207 84
24 104
29 116
42 87
184 121
201 121
204 127
81 43
89 43
206 59
157 88
170 105
171 106
207 85
23 103
29 117
42 86
184 120
201 120
205 126
205 128
80 44
89 44
90 42
207 60
169 105
171 107
207 86
29 118
42 85
184 119
201 119
206 125
206 129
79 45
89 45
91 41
208 61
168 105
171 108
207 87
29 119
41 84
42 84
43 84
184 118
201 118
207 124
207 130
78 46
89 46
92 40
209 62
167 105
171 109
207 88
29 120
40 84
42 83
44 84
184 117
201 117
208 123
208 131
89 47
93 39
210 63
166 105
171 110
29 121
39 84
42 82
45 84
184 116
201 116
209 122
209 132
89 48
94 38
211 63
165 105
171 111
29 122
38 84
42 81
46 84
184 115
201 115
210 121
210 133
95 37
212 63
164 105
171 112
29 123
37 84
42 80
184 114
201 114
210 120
211 133
96 37
213 63
163 105
171 113
29 124
36 84
42 79
184 113
201 113
212 133
214 63
162 105
171 114
29 125
35 84
42 78
184 112
201 112
213 133
215 63
161 105
171 115
29 126
34 84
42 77
184 111
201 111
171 116
29 127
33 84
42 76
201 110
171 117
29 128
30 128
32 84
42 75
201 109
202 109
29 129
31 128
31 84
42 74
201 108
203 109
29 130
32 128
42 73
201 107
204 109
29 131
33 128
42 72
201 106
205 109
29 132
34 128
42 71
206 109
29 133
35 128
42 70
207 109
29 134
36 128
41 69
42 69
208 109
37 128
40 69
43 68
209 109
38 128
39 69
44 67
210 109
39 128
38 69
45 66
211 109
40 128
37 69
46 65
212 109
41 128
47 64
42 128
48 63
43 128
49 62
44 129
48 61
50 61
45 130
47 60
51 60
46 131
46 59
52 59
52 61
47 132
45 58
53 58
53 62
48 133
44 57
54 57
53 63
49 134
43 56
55 56
55 58
50 133
50 135
42 55
56 55
56 59
51 132
51 136
41 54
43 54
56 54
57 60
52 131
50 137
52 137
40 53
44 53
56 53
58 61
53 130
49 138
53 138
39 52
45 52
56 52
59 62
54 129
48 139
54 139
38 51
56 51
60 63
55 128
48 140
55 140
37 50
56 50
61 64
55 127
56 128
56 141
36 49
57 49
62 65
57 128
57 142
35 50
56 48
58 48
63 66
58 128
57 143
34 51
55 47
59 47
64 67
59 128
33 52
54 46
60 46
63 68
65 68
60 128
32 53
53 45
61 45
61 47
62 69
66 69
61 128
31 52
31 54
52 44
62 44
62 48
61 70
67 70
30 51
30 55
51 43
63 43
63 49
60 71
68 71
29 50
29 56
50 42
64 42
64 50
59 72
69 72
28 49
28 57
49 41
65 41
64 51
58 73
70 71
27 48
27 58
48 40
66 40
66 41
57 74
71 70
26 47
26 58
47 39
67 39
58 75
72 69
25 46
25 58
47 38
68 38
59 76
73 68
24 45
24 58
48 37
68 37
60 77
74 67
74 69
23 44
23 59
49 36
68 36
61 78
75 66
75 70
23 43
23 60
49 35
68 35
62 79
76 65
76 71
23 61
49 34
68 34
62 80
77 64
77 72
23 62
50 33
68 33
62 81
78 63
78 73
23 63
51 32
68 32
62 82
79 63
79 74
23 64
52 31
68 31
62 83
80 63
80 75
23 65
53 30
53 32
68 30
62 84
81 63
81 76
23 66
54 29
54 33
68 29
62 85
81 77
23 67
55 28
68 28
80 78
23 68
55 27
68 27
79 79
23 69
78 80
77 81
76 82
76 83
76 84
282
119 91
116 94
114 94
113 97
123 83
109 101
121 101
131 79
108 88
107 87
133 77
106 86
114 104
135 84
104 83
137 73
128 108
129 72
138 74
128 109
140 70
99 106
140 77
103 78
109 78
97 106
143 65
145 65
112 74
94 106
103 73
93 106
93 107
146 83
121 118
148 62
118 119
122 118
93 110
140 109
88 106
115 122
142 121
153 57
92 76
113 124
127 124
143 124
153 76
143 119
144 104
156 54
155 76
157 53
150 52
148 129
129 51
150 51
107 130
128 50
130 50
78 105
106 126
151 132
77 106
163 48
78 103
126 46
102 135
135 96
146 95
134 135
165 46
102 122
162 44
166 46
101 133
156 135
121 45
129 43
121 59
145 138
121 60
73 108
158 121
158 139
130 98
169 44
69 106
85 96
117 39
158 39
68 106
158 38
173 46
173 59
66 106
88 93
161 64
164 139
175 46
74 95
90 93
91 145
63 106
140 37
62 104
73 118
111 149
158 149
109 41
179 46
62 103
68 115
111 150
157 150
170 151
107 29
119 138
167 132
129 28
182 72
73 122
154 153
107 27
183 45
118 26
129 26
169 26
184 46
73 124
173 129
174 152
153 25
169 25
54 106
185 44
73 126
188 46
55 111
73 128
142 26
123 149
109 52
102 53
185 39
102 54
192 46
55 97
126 149
185 37
96 26
102 56
142 150
183 142
184 142
185 35
75 135
129 149
188 84
59 96
186 140
167 78
172 87
75 137
188 34
198 46
44 110
61 96
75 138
91 26
185 31
189 34
199 75
198 43
190 57
195 69
42 102
108 63
198 42
201 46
171 73
172 91
38 106
86 130
182 29
171 92
192 134
198 40
36 106
42 99
204 46
169 92
194 87
35 106
194 132
34 106
42 97
44 97
75 146
42 95
209 46
209 75
188 97
80 25
172 100
199 126
84 38
185 123
204 57
185 122
172 105
157 88
23 103
29 118
78 46
207 88
89 48
42 81
46 84
210 120
96 37
29 124
42 79
212 133
35 84
213 133
215 63
161 105
34 84
184 111
201 111
29 127
42 76
171 117
29 129
31 84
201 106
42 71
29 134
42 69
37 69
212 109
43 128
53 63
41 54
45 52
56 52
56 51
48 140
37 50
56 50
61 64
55 127
56 141
36 49
57 143
61 128
67 70
68 71
64 50
69 72
64 51
66 40
66 41
57 74
47 38
24 58
23 43
49 34
68 34
68 31
53 30
68 30
81 63
54 33
62 85
81 77
55 27
68 27
23 69
76 84
