1281
119 91
121 89
118 92
122 88
117 93
123 87
116 92
116 94
124 86
115 91
115 95
125 85
114 90
114 96
126 84
126 86
113 97
127 83
127 87
112 98
128 82
128 88
111 97
111 99
113 99
129 81
127 89
129 89
110 96
110 100
114 100
128 80
130 80
126 90
130 90
109 95
109 101
114 101
127 79
131 79
131 91
108 94
108 102
126 78
132 78
132 92
107 93
107 103
125 77
133 77
133 93
106 92
106 104
124 76
134 76
134 94
105 91
105 105
107 105
123 75
135 75
135 93
135 95
104 90
104 106
108 106
122 74
136 74
136 92
136 96
103 89
103 107
109 107
121 73
137 73
137 91
137 97
102 88
102 108
110 108
120 72
136 72
138 72
138 98
101 87
101 109
111 109
119 71
136 71
139 71
139 99
100 86
100 110
112 110
118 70
118 72
140 70
138 100
140 100
99 85
99 109
99 111
113 111
117 69
117 73
141 69
137 101
141 101
98 84
98 86
98 108
98 112
113 112
116 68
116 74
142 68
142 70
136 102
142 102
97 83
97 87
97 107
97 113
115 67
115 75
143 67
143 71
135 103
143 103
96 82
96 88
96 106
96 114
114 66
114 76
144 66
144 72
134 104
144 104
95 81
95 89
96 105
95 115
113 65
114 77
145 65
145 73
134 105
145 103
145 105
94 80
94 90
94 115
96 116
113 64
146 64
146 74
146 102
146 106
93 79
93 115
97 117
147 63
147 75
147 101
147 107
92 78
92 115
98 118
148 62
148 64
148 100
148 108
91 77
93 77
91 115
99 119
149 61
149 65
149 99
149 100
149 109
90 76
94 76
90 115
98 120
100 120
150 60
150 66
150 98
150 110
89 75
95 75
89 115
97 121
101 121
151 59
151 67
151 97
151 111
88 74
96 74
88 115
96 122
102 122
152 58
152 68
152 96
152 112
87 73
97 73
87 115
96 123
103 123
153 58
153 69
153 95
153 113
86 72
86 74
86 115
104 124
154 58
154 70
154 94
154 114
85 71
85 75
85 115
105 125
155 58
155 71
155 93
155 115
84 70
84 76
84 115
106 126
156 58
156 72
156 92
156 94
154 116
156 115
83 69
83 77
83 115
107 127
157 57
157 73
157 91
157 95
153 117
157 115
82 68
82 78
82 115
106 128
108 128
158 56
158 74
158 90
158 96
152 118
158 115
81 67
82 79
81 115
105 129
109 129
157 55
159 55
158 75
158 89
159 97
151 119
159 115
80 66
80 115
104 130
110 130
156 54
160 54
160 98
150 120
160 115
79 67
80 65
79 115
103 131
111 131
155 53
161 53
161 99
149 121
151 121
161 115
78 68
81 64
78 114
102 132
112 130
112 132
154 52
162 52
162 54
162 100
148 122
152 122
162 115
77 69
82 63
77 113
101 133
113 129
113 133
153 51
163 51
163 55
163 101
147 123
153 123
163 115
76 70
83 62
76 112
100 134
114 128
114 134
152 50
164 50
164 56
164 102
146 124
154 124
164 115
75 71
84 61
75 111
99 135
114 127
114 135
151 49
164 49
165 57
145 123
146 125
155 125
165 115
74 72
85 60
74 110
98 136
114 136
150 48
164 48
165 48
166 58
144 123
146 126
156 126
166 115
73 73
86 59
73 109
97 137
114 137
149 47
151 47
164 47
166 48
167 59
143 123
146 127
157 127
167 115
72 72
72 74
86 58
72 108
96 138
98 138
114 138
148 46
151 46
164 46
168 60
142 123
146 128
147 128
158 128
168 115
71 71
71 75
86 57
71 107
95 139
99 139
114 139
147 45
164 45
169 61
141 123
146 129
159 129
169 115
70 70
70 75
86 56
70 106
70 108
94 140
100 140
114 140
146 44
164 44
168 62
170 62
140 123
146 130
170 115
69 69
69 75
86 55
69 105
69 109
93 141
101 141
114 141
145 43
164 43
171 63
139 123
146 131
171 115
68 68
68 75
86 54
68 104
68 110
92 142
102 142
114 142
144 42
144 44
164 42
172 62
172 64
138 123
146 132
172 115
67 67
67 75
86 53
87 53
67 103
67 111
91 143
103 143
114 143
143 41
143 45
164 41
173 61
173 65
137 123
146 133
173 115
66 66
66 75
86 52
88 53
66 102
66 103
66 112
103 144
115 144
142 40
144 40
142 46
164 40
174 60
174 66
136 123
146 134
174 115
65 65
86 51
89 53
65 101
65 113
116 144
141 39
145 39
141 47
164 39
175 59
175 67
135 123
146 135
175 115
65 64
85 50
86 50
90 53
64 100
66 100
64 114
117 144
140 38
146 38
140 48
164 38
176 58
176 68
146 136
176 115
84 50
86 49
91 53
63 99
67 99
63 115
118 144
139 37
147 37
139 49
164 37
177 57
177 69
146 137
177 115
83 50
86 48
92 53
62 98
68 98
62 116
64 116
119 144
138 36
148 36
138 50
164 36
178 56
178 70
146 138
178 115
82 50
86 47
93 53
61 97
69 97
61 117
120 144
137 35
149 35
137 51
164 35
179 55
179 71
146 139
179 115
81 50
86 46
94 53
60 96
70 96
60 118
121 144
137 34
150 34
136 52
164 34
180 54
180 72
146 140
180 115
86 45
95 53
59 95
71 95
59 119
122 144
136 53
181 53
181 73
146 141
181 114
181 115
181 116
86 44
96 53
58 94
60 94
72 94
58 120
123 144
182 52
181 74
146 142
181 113
182 115
181 117
86 43
57 93
61 93
73 93
57 119
57 121
124 144
182 51
146 143
181 112
183 115
181 118
86 42
56 92
62 92
74 92
74 94
56 118
56 122
125 144
182 50
147 144
181 111
184 115
181 119
86 41
55 91
63 91
75 91
75 95
55 117
55 123
126 144
182 49
148 144
181 110
185 115
181 120
86 40
54 90
63 90
75 90
76 96
54 116
54 124
127 144
182 48
149 144
181 109
186 115
181 121
86 39
53 90
77 97
53 115
53 125
128 144
182 47
150 144
181 108
187 115
180 122
86 38
52 90
78 98
52 114
52 126
54 126
129 144
182 46
151 144
181 107
188 115
179 123
86 37
51 90
79 99
51 113
51 127
55 127
130 144
182 45
152 144
181 106
189 115
178 124
86 36
80 100
50 112
50 128
56 128
182 44
153 144
181 105
190 115
177 125
86 35
81 101
49 111
49 129
57 129
182 43
154 144
181 104
191 115
176 126
85 34
86 34
87 34
48 110
48 130
58 130
182 42
155 144
181 103
192 115
175 127
84 34
88 34
47 111
59 131
182 41
156 144
181 102
193 115
174 128
83 34
89 34
46 110
46 112
60 132
182 40
157 144
181 101
194 115
174 129
82 34
90 34
45 109
45 112
61 133
182 39
158 144
181 100
195 115
174 130
81 34
91 34
44 108
44 112
62 134
182 38
159 144
181 99
196 115
174 131
80 34
92 34
43 107
43 112
63 133
63 135
182 37
160 144
181 98
197 115
174 132
79 34
93 34
42 106
42 112
64 132
64 136
182 36
180 97
198 115
198 116
174 133
78 34
94 34
41 105
41 112
65 131
63 137
65 137
182 35
179 96
199 115
198 117
174 134
77 34
95 34
40 104
40 112
66 130
62 138
66 138
181 34
178 95
200 115
198 118
174 135
76 34
96 34
39 103
39 112
67 129
61 139
67 139
180 33
177 94
179 94
201 115
198 119
174 136
75 34
97 34
38 102
38 112
67 128
60 140
68 140
179 32
176 93
180 93
202 115
198 120
174 137
74 34
98 34
37 101
37 112
59 141
69 141
178 31
175 92
181 92
203 115
198 121
174 138
73 34
99 34
36 100
36 112
58 142
70 142
178 30
174 91
182 91
204 114
204 115
198 122
174 139
72 34
100 34
35 99
35 112
57 143
70 143
71 141
178 29
173 90
183 90
204 113
205 114
198 123
174 140
71 34
101 34
34 98
34 112
56 144
72 140
178 28
172 89
184 89
204 112
206 114
198 124
174 141
70 34
102 34
33 97
33 112
55 145
73 139
178 27
172 88
185 88
185 90
204 111
207 114
198 125
174 142
69 34
103 34
32 96
32 112
54 144
74 138
178 26
172 87
186 87
186 91
204 110
208 114
198 126
174 143
68 34
104 34
31 95
31 112
53 143
75 137
178 25
187 86
187 92
204 109
209 114
198 127
67 34
105 34
30 94
30 112
30 113
52 142
76 136
178 24
188 93
204 108
210 114
198 128
66 34
106 34
30 114
51 142
77 135
189 94
204 107
211 114
198 129
65 34
107 34
30 115
50 142
78 134
190 95
204 106
212 114
198 130
199 130
64 35
108 34
30 116
49 142
79 133
191 96
204 105
213 114
198 131
200 130
63 36
109 34
30 117
80 132
192 97
204 104
214 114
198 132
201 130
62 37
110 34
30 118
81 131
193 98
204 103
215 114
197 133
202 130
61 38
111 34
30 119
81 130
194 99
204 102
196 134
203 130
60 39
112 34
30 120
204 101
195 135
204 130
59 40
113 34
30 121
204 100
194 136
205 130
58 41
114 34
114 35
30 122
204 99
205 99
193 137
206 130
57 42
115 34
114 36
30 123
204 98
192 138
207 130
56 43
58 43
116 34
114 37
30 124
204 97
191 139
208 130
55 42
55 44
59 44
117 34
114 38
30 125
204 96
190 140
209 130
54 41
54 45
60 45
118 34
114 39
30 126
204 95
189 140
210 130
53 40
53 46
61 46
119 34
114 40
30 127
204 94
188 140
211 130
52 39
52 47
62 47
120 34
114 41
30 128
204 93
187 141
212 130
51 38
51 48
63 48
121 34
114 42
30 129
204 92
186 142
50 37
50 49
64 49
122 34
114 43
31 130
204 91
186 143
49 38
50 36
49 50
65 50
123 34
114 44
32 131
204 90
186 144
48 38
51 35
48 50
50 51
66 51
124 34
114 45
33 132
204 89
186 145
47 38
52 34
47 51
51 52
67 52
125 34
114 46
34 133
204 88
46 38
53 33
46 52
51 53
126 34
114 47
35 134
204 87
45 38
53 32
45 53
51 54
114 48
35 135
204 86
44 38
53 31
44 54
51 55
114 49
35 136
204 85
205 85
43 38
43 54
51 56
204 84
206 85
42 39
42 54
51 57
204 83
207 85
41 39
41 54
51 58
204 82
208 85
40 39
40 54
51 59
204 81
209 85
39 39
39 54
51 60
204 80
210 85
38 54
51 61
204 79
211 85
37 54
51 62
204 78
212 85
36 54
51 63
204 77
213 85
35 54
51 64
204 76
214 85
34 54
51 65
204 75
215 85
33 53
33 54
51 66
204 74
32 54
33 52
51 67
204 73
31 54
33 51
51 68
204 72
30 54
33 50
51 69
204 71
33 49
51 70
204 70
205 70
33 48
50 71
204 69
206 70
33 47
49 72
204 68
207 70
33 46
48 73
204 67
208 70
33 45
47 74
204 66
209 70
33 44
46 75
204 65
210 70
33 43
45 75
204 64
211 70
33 42
44 75
204 63
212 70
34 41
43 75
204 62
213 70
35 40
42 75
203 61
214 70
36 40
41 75
202 60
215 70
40 75
201 59
39 75
200 58
202 58
38 75
200 57
203 57
37 75
200 56
204 56
36 75
200 55
205 55
35 75
200 54
206 54
34 75
200 53
207 53
33 75
200 52
208 52
32 75
200 51
209 51
31 75
200 50
210 50
30 75
200 49
211 49
200 48
212 48
200 47
213 47
200 46
200 45
199 44
198 43
197 42
196 41
195 40
197 40
194 39
197 39
193 38
106
114 90
126 90
114 101
137 91
136 71
113 112
96 105
114 77
134 105
94 90
113 64
147 75
149 100
97 73
96 123
153 113
156 58
82 79
158 75
158 89
80 65
79 115
164 102
114 127
166 115
166 48
151 46
147 128
159 129
168 62
91 143
114 143
66 75
66 103
103 144
135 123
65 64
64 116
81 50
137 34
150 34
164 34
136 53
181 53
96 53
181 74
146 143
63 90
75 90
181 109
181 121
51 90
130 144
81 101
86 34
48 110
48 130
160 144
181 98
174 132
182 35
67 128
204 115
70 143
101 34
55 145
172 87
174 143
187 86
30 94
30 112
178 24
65 34
49 142
198 132
215 114
81 130
194 99
205 99
115 34
188 140
212 130
30 129
50 36
48 50
186 145
67 52
126 34
53 31
114 49
35 136
43 38
204 83
39 39
215 85
30 54
51 70
33 42
204 62
36 40
215 70
30 75
213 47
200 45
197 39
193 38
