1153
119 89
121 91
118 88
122 92
117 87
123 93
116 86
124 94
115 85
125 95
114 84
126 94
126 96
113 83
113 85
127 93
127 97
112 82
112 86
128 92
128 98
111 81
129 91
129 99
110 80
130 90
130 100
109 79
131 89
131 101
108 78
132 88
132 102
107 77
133 87
133 103
106 76
133 86
134 104
105 75
135 105
104 74
136 106
103 73
103 75
136 107
102 72
102 76
136 108
137 108
101 71
103 71
101 77
136 109
138 108
100 70
100 78
136 110
139 108
99 69
99 79
136 111
140 108
98 68
100 68
98 80
136 112
141 108
97 67
101 67
97 81
136 113
142 108
96 66
102 66
96 82
136 114
143 108
95 65
95 67
103 65
95 83
136 115
144 108
94 64
94 68
104 64
94 84
136 116
145 108
93 63
93 69
105 63
93 85
136 117
146 108
92 62
92 70
106 62
92 86
136 118
147 108
91 61
92 71
107 61
91 86
91 87
136 119
148 108
90 60
106 60
108 60
108 62
90 88
136 120
149 108
89 59
105 59
109 59
109 63
89 89
136 121
150 108
88 58
90 58
104 58
110 58
110 64
88 90
136 122
151 108
87 57
91 57
103 57
111 57
111 65
87 91
136 123
152 108
86 56
92 56
103 56
112 56
112 66
86 92
153 108
85 55
112 55
85 93
154 108
84 54
84 94
155 108
83 53
83 95
156 108
82 52
82 96
157 108
157 109
81 51
81 95
81 97
158 108
157 110
80 50
80 94
80 98
82 98
159 108
157 111
79 49
79 93
79 99
83 99
160 108
157 112
78 48
78 92
78 100
84 100
161 108
157 113
77 47
77 49
77 91
77 101
85 101
162 108
157 114
76 46
76 50
76 90
76 102
86 102
163 108
157 115
75 45
75 51
75 89
75 103
87 103
164 108
157 116
74 44
76 44
74 52
74 88
74 104
88 104
165 108
157 117
73 43
77 43
73 53
73 87
73 105
89 105
166 108
157 118
72 42
78 42
72 54
72 86
72 106
90 106
167 108
157 119
71 41
79 41
71 55
71 107
91 107
168 108
157 120
70 40
80 40
71 56
70 106
71 108
92 108
157 121
69 39
81 39
71 57
69 105
69 107
93 109
157 122
68 38
82 38
71 58
68 104
68 108
94 110
157 123
67 37
83 37
71 59
67 103
67 109
95 111
66 36
84 36
71 60
66 102
66 110
96 112
65 35
85 35
71 61
65 101
65 111
97 113
64 36
65 34
86 34
71 62
64 100
64 112
98 114
63 37
87 34
71 63
63 99
63 113
99 115
62 38
88 34
71 64
62 98
62 114
98 116
100 116
61 39
89 34
71 65
61 97
61 115
63 115
97 117
101 117
60 40
90 34
71 66
60 96
60 116
64 116
96 118
102 118
59 41
91 34
71 67
59 95
59 117
65 117
95 119
103 117
103 119
58 42
92 34
71 68
58 94
58 118
66 118
94 120
104 116
104 120
57 43
93 34
71 69
57 93
57 117
57 119
67 119
93 121
105 115
105 121
56 42
56 44
94 34
71 70
56 92
56 116
56 120
68 120
92 122
106 114
104 122
106 122
55 41
55 45
95 34
71 71
55 91
55 115
55 121
69 121
92 123
107 113
103 123
107 123
54 40
54 46
96 34
54 90
54 114
54 122
70 122
106 112
108 112
108 124
53 39
53 47
97 34
53 89
53 113
53 123
71 123
105 111
109 111
107 125
109 125
52 38
52 48
98 34
52 88
52 112
52 124
104 110
110 110
106 126
110 124
110 126
53 37
51 49
99 34
51 87
51 111
51 125
103 109
111 109
105 127
111 123
111 127
54 36
50 50
100 34
51 86
50 110
50 126
52 126
103 108
112 108
104 128
112 122
112 128
54 35
49 51
101 34
49 109
49 127
53 127
112 107
103 129
112 129
54 34
48 51
102 34
48 108
48 128
54 128
102 130
112 130
54 33
47 52
103 34
48 107
55 129
101 131
112 131
54 32
46 53
104 34
47 106
56 130
100 132
112 132
54 31
45 54
105 34
46 105
46 107
57 131
99 133
112 133
54 30
44 55
106 34
45 104
45 108
58 132
98 134
112 134
43 54
43 56
107 34
44 104
44 109
59 133
97 135
112 135
42 53
42 57
108 34
43 104
43 110
60 134
96 136
112 136
41 52
41 58
109 34
42 104
42 111
61 135
95 137
112 137
40 51
40 59
42 59
110 34
41 104
41 112
60 136
62 136
94 138
96 138
112 138
39 50
39 60
43 60
111 34
40 104
40 113
59 137
63 137
93 139
97 139
112 139
38 49
38 61
44 61
112 34
39 104
39 114
58 138
64 138
92 140
98 140
112 140
37 48
37 62
45 62
113 34
38 104
38 115
57 139
65 139
91 141
99 141
112 141
36 47
36 62
46 63
114 34
37 104
37 116
56 140
66 140
90 142
100 142
112 142
35 46
35 62
47 64
115 34
36 104
36 117
55 141
67 141
90 143
101 143
112 143
113 143
34 45
34 62
48 65
116 34
35 104
35 118
55 142
68 142
114 143
33 44
35 44
33 62
117 34
34 104
34 119
55 143
69 143
115 143
32 43
36 43
32 62
118 34
33 104
33 120
55 144
116 143
31 42
37 42
31 62
119 34
32 104
32 121
55 145
117 143
38 41
30 62
120 34
31 104
31 122
55 146
118 143
39 40
29 62
121 34
30 104
30 123
55 147
119 143
28 62
28 63
122 34
29 104
29 124
55 148
120 143
28 64
123 34
28 104
28 125
55 149
121 143
28 65
124 34
29 126
55 150
122 143
28 66
125 34
30 127
55 151
123 143
28 67
126 34
31 128
55 152
124 143
28 68
127 34
32 129
125 143
28 69
128 34
33 130
126 143
28 70
129 35
34 131
127 143
28 71
130 36
35 132
128 143
28 72
131 37
36 133
129 143
28 73
132 38
36 134
130 143
28 74
133 39
36 135
131 143
28 75
134 40
36 136
132 143
28 76
135 41
37 137
133 143
28 77
136 42
38 138
134 143
28 78
136 43
137 41
39 139
135 143
28 79
136 44
138 40
40 139
136 143
28 80
136 45
139 39
41 139
137 143
28 81
136 46
140 38
42 139
138 143
28 82
136 47
141 37
141 39
43 139
139 143
28 83
136 48
142 36
142 40
44 139
140 143
136 49
143 35
143 41
141 143
136 50
144 34
144 42
142 143
136 51
145 34
145 43
143 143
136 52
146 34
146 44
144 143
136 53
147 34
147 45
145 143
136 54
148 34
148 46
146 143
136 55
149 34
149 47
147 143
136 56
150 48
148 143
136 57
151 49
149 143
136 58
152 50
150 143
136 59
153 51
151 143
136 60
154 50
154 52
136 61
155 49
155 53
136 62
156 48
156 54
136 63
157 47
157 55
136 64
158 46
157 56
136 65
159 45
157 57
136 66
160 44
157 58
136 67
161 43
157 59
136 68
162 42
157 60
136 69
163 41
157 61
136 70
164 40
157 62
136 71
165 39
157 63
166 38
166 40
157 64
167 37
167 41
157 65
168 36
168 42
157 66
169 35
169 43
157 67
170 34
170 44
157 68
171 33
171 45
157 69
172 32
172 46
157 70
173 31
173 47
157 71
158 71
174 30
174 48
156 72
159 71
175 29
175 47
175 49
155 73
160 71
176 28
176 46
174 50
176 50
154 74
161 71
177 27
177 45
173 51
177 51
154 75
162 71
178 26
178 44
172 52
178 52
154 76
163 71
179 25
179 43
171 53
179 53
154 77
164 71
180 25
180 42
170 54
180 54
154 78
165 71
181 25
181 41
169 55
181 55
154 79
166 71
182 40
168 56
181 56
182 54
154 80
167 71
183 39
181 57
183 53
154 81
168 71
184 38
181 58
184 52
154 82
184 37
181 59
185 52
154 83
181 60
186 52
154 84
181 61
187 52
154 85
181 62
188 52
154 86
155 86
181 63
189 52
156 86
181 64
190 52
157 86
181 65
191 52
158 86
181 66
192 52
159 86
181 67
193 52
160 86
181 68
194 52
161 86
181 69
195 52
162 86
181 70
196 51
196 52
163 86
181 71
196 50
197 52
164 86
181 72
196 49
198 52
165 86
181 73
196 48
199 52
181 74
196 47
200 52
181 75
196 46
201 52
181 76
196 45
202 52
181 77
196 44
203 52
181 78
196 43
204 52
204 53
181 79
196 42
205 52
204 54
181 80
196 41
206 52
204 55
181 81
207 51
207 52
204 56
181 82
207 50
208 52
204 57
181 83
207 49
209 52
204 58
181 84
207 48
210 52
204 59
181 85
207 47
211 52
204 60
181 86
207 46
212 52
204 61
181 87
207 45
213 52
204 62
181 88
207 44
214 52
204 63
181 89
207 43
215 52
204 64
181 90
207 42
204 65
181 91
207 41
204 66
181 92
204 67
181 93
204 68
181 94
204 69
181 95
204 70
181 96
204 71
181 97
204 72
181 98
204 73
205 73
181 99
204 74
206 73
181 100
204 75
207 73
181 101
204 76
208 73
181 102
204 77
209 73
181 103
204 78
210 73
181 104
204 79
211 73
181 105
204 80
212 73
181 106
204 81
213 73
181 107
204 82
214 73
181 108
204 83
215 73
181 109
204 84
181 110
204 85
181 111
204 86
181 112
204 87
181 113
204 88
181 114
204 89
181 115
204 90
181 116
204 91
181 117
204 92
181 118
204 93
180 119
204 94
205 94
179 120
181 120
204 95
206 94
178 121
182 121
204 96
207 94
177 122
183 122
204 97
208 94
176 123
184 123
204 98
209 94
175 124
185 124
204 99
210 94
174 125
186 125
204 100
211 94
173 126
187 126
204 101
212 94
172 127
188 127
204 102
213 94
171 126
172 128
189 128
204 103
214 94
170 125
171 129
172 129
190 129
204 104
215 94
215 95
169 124
172 130
191 130
204 105
215 96
168 123
172 131
192 131
204 106
215 97
172 132
191 132
204 107
215 98
172 133
190 133
204 108
215 99
172 134
189 134
204 109
215 100
172 135
188 135
204 110
215 101
172 136
187 136
204 111
215 102
172 137
186 137
204 112
215 103
172 138
185 138
204 113
215 104
172 139
184 139
204 114
215 105
172 140
183 140
204 115
172 141
183 141
205 116
172 142
183 142
205 117
172 143
205 118
205 119
205 120
205 121
205 122
205 123
205 124
205 125
205 126
84
112 86
133 86
136 108
103 71
92 71
91 86
136 123
92 56
103 56
112 66
112 55
157 108
72 86
168 108
71 56
71 108
92 108
157 123
65 34
86 34
71 71
92 123
103 123
71 123
52 38
51 86
103 108
112 122
112 107
48 51
48 128
48 107
54 30
107 34
55 141
90 143
101 143
112 143
48 65
69 143
31 42
39 40
28 62
28 104
28 125
55 152
128 34
36 136
133 143
28 83
44 139
149 34
136 56
151 143
157 56
136 71
170 34
157 71
181 25
181 55
168 56
168 71
184 37
154 86
165 86
181 76
204 52
196 41
215 52
207 41
181 97
204 73
215 73
181 118
204 94
171 129
215 94
168 123
192 131
215 105
204 115
183 142
172 143
205 126
