136
437 486
438 485
439 484
440 483
441 482
442 481
443 480
444 479
445 478
446 477
447 476
448 475
449 474
450 473
451 472
452 471
453 470
454 469
455 468
456 467
457 466
458 465
459 464
460 463
461 462
462 461
463 460
464 459
465 458
466 457
467 456
468 455
469 454
470 453
471 452
472 451
473 450
474 449
475 448
476 447
477 446
478 445
479 444
480 444
481 445
482 446
483 447
484 448
485 449
486 450
487 451
488 452
489 453
490 454
491 455
492 456
493 457
494 458
495 459
496 460
497 461
498 462
499 463
500 464
501 465
502 466
503 467
504 468
505 469
506 470
507 471
508 472
509 473
510 474
511 475
512 476
513 477
514 478
515 479
516 480
517 481
518 482
519 483
520 484
521 485
522 486
523 487
524 488
525 489
526 490
527 491
528 492
529 493
530 494
531 495
532 496
533 497
534 498
535 499
536 500
537 501
538 502
539 503
540 504
541 505
542 506
543 507
544 508
545 509
546 510
547 511
548 512
549 513
550 514
551 515
552 516
553 517
554 518
555 519
556 520
557 521
558 522
559 523
560 524
561 525
562 526
563 527
564 528
565 529
566 530
567 531
568 532
569 533
570 534
571 535
572 536
1
572 536
