11452
333 269
333 271
333 268
333 272
333 267
333 273
333 266
333 274
333 265
333 275
333 264
333 276
332 263
333 263
334 263
333 277
331 263
335 263
333 278
334 278
330 263
336 263
332 279
334 279
335 278
329 263
337 263
331 280
335 280
336 278
328 263
338 263
330 281
336 281
337 278
327 263
339 263
330 282
337 282
338 278
326 263
340 263
330 283
338 283
339 278
325 263
341 263
330 284
339 284
340 278
324 263
342 263
330 285
340 285
341 278
323 263
343 263
330 286
341 286
342 278
322 263
344 263
330 287
342 287
343 278
321 263
345 263
330 288
343 288
344 278
320 263
346 263
330 289
344 289
345 278
319 263
347 263
330 290
345 290
346 278
318 262
348 262
330 291
345 291
347 278
317 262
318 261
348 261
349 262
329 292
330 292
345 292
348 277
316 262
318 260
348 260
350 261
328 292
345 293
349 277
349 278
315 262
318 259
348 259
351 260
327 292
346 294
350 277
350 279
314 262
318 258
348 258
352 259
326 292
347 295
351 277
351 280
313 262
318 257
348 257
353 258
325 292
348 296
352 277
352 281
312 262
318 256
348 256
354 257
324 292
349 297
353 277
353 282
311 262
318 255
348 255
355 256
323 292
350 298
354 277
354 283
310 262
317 254
319 254
348 254
356 255
322 292
350 299
355 277
355 284
316 253
320 253
348 253
357 254
321 292
350 300
356 277
356 285
315 252
321 252
348 252
358 253
320 292
350 301
357 277
357 286
314 251
322 251
348 251
359 252
319 292
350 302
358 277
358 287
313 250
323 250
348 250
360 251
318 292
350 303
359 277
359 288
312 249
324 249
348 249
361 250
317 292
350 304
360 276
360 277
360 289
311 248
325 248
348 248
362 249
316 292
350 305
360 275
360 290
310 247
347 247
348 247
363 248
315 291
350 306
360 274
360 291
310 246
346 247
348 246
314 290
350 307
360 273
360 292
361 292
310 245
345 247
348 245
313 289
350 308
351 308
360 272
362 291
310 244
344 247
348 244
312 288
349 309
352 308
360 271
363 290
310 243
343 247
348 243
311 287
348 310
353 308
360 270
364 289
310 242
342 247
348 242
310 286
347 311
354 308
360 269
365 288
310 241
341 247
348 241
309 285
346 312
355 308
360 268
366 287
310 240
340 247
348 240
308 284
345 313
356 308
360 267
367 286
310 239
349 239
307 283
344 314
357 308
360 266
368 285
310 238
350 238
306 282
343 315
358 308
361 265
369 284
310 237
351 237
305 281
342 316
359 308
362 264
370 283
310 236
352 236
304 280
341 317
360 308
363 263
371 282
310 235
353 235
303 279
303 280
303 281
304 279
305 279
340 318
361 308
364 263
372 281
310 234
354 234
303 282
306 279
339 319
362 308
365 263
373 280
310 233
311 233
353 233
354 233
355 233
303 283
307 279
338 320
363 308
366 263
374 279
310 232
311 232
312 233
352 233
356 233
303 284
308 279
337 321
364 308
367 263
375 278
312 231
313 233
351 233
357 233
303 285
309 279
336 322
365 307
368 263
313 230
314 233
350 233
358 233
303 286
310 279
335 321
335 322
336 323
337 323
366 307
366 308
369 263
314 229
315 233
349 233
359 232
303 287
311 279
335 320
338 323
367 306
367 308
370 263
315 228
316 233
348 233
360 231
303 288
312 279
335 319
339 323
368 305
368 308
371 263
316 227
317 233
347 233
361 230
303 289
313 279
335 318
340 323
369 304
369 308
372 263
317 226
318 233
346 233
362 229
303 290
314 279
335 317
341 323
370 303
370 308
373 263
318 225
319 233
345 233
363 228
303 291
315 279
335 316
342 323
371 302
371 308
374 263
319 224
320 233
344 233
364 227
303 292
316 279
335 315
343 323
372 301
372 308
375 262
375 263
320 223
321 233
343 233
365 226
303 293
317 278
335 314
344 323
373 300
373 308
375 261
321 222
322 233
342 233
366 225
303 294
318 277
335 313
345 323
374 299
374 308
375 260
322 221
323 233
341 232
341 233
367 224
302 295
304 295
335 312
346 323
375 298
375 308
375 259
323 220
324 233
340 231
340 232
342 231
368 223
301 296
305 296
334 311
347 323
376 297
376 308
375 258
324 219
325 233
340 230
343 230
369 222
300 297
306 297
333 310
348 323
377 296
377 308
375 257
325 218
340 229
344 229
370 221
299 298
307 298
332 309
349 323
349 324
378 295
378 308
375 256
325 217
340 228
345 228
371 221
371 222
298 299
308 299
331 308
350 323
348 325
379 294
379 308
375 255
325 216
340 227
346 227
372 221
372 223
297 300
309 300
330 307
351 323
351 324
347 326
380 293
380 308
375 254
325 215
340 226
347 226
373 221
373 224
296 301
310 301
352 323
352 325
346 327
376 253
325 214
340 225
348 225
374 221
374 225
295 302
311 302
353 323
353 326
345 328
377 252
325 213
340 224
349 224
375 221
375 226
294 302
312 303
354 323
354 327
344 329
378 251
325 212
340 223
350 223
376 221
376 227
293 302
313 304
355 323
355 328
343 330
379 252
325 211
340 222
351 222
377 221
377 228
292 302
314 305
356 323
356 329
342 331
380 253
325 210
340 221
352 221
378 221
378 229
291 302
315 306
357 323
357 330
341 332
381 254
325 209
340 220
353 220
379 221
378 230
290 302
315 307
358 323
358 331
340 333
382 255
325 208
340 219
354 219
380 221
378 231
289 302
289 303
315 308
359 323
359 332
339 334
383 256
325 207
340 218
355 218
381 220
378 232
288 302
290 304
315 309
360 323
360 333
338 335
384 257
325 206
340 217
341 217
382 219
378 233
287 301
287 303
291 305
316 310
361 323
361 334
337 336
385 258
324 205
340 216
342 216
383 218
378 234
286 300
286 304
292 306
317 311
362 323
362 335
336 337
386 259
323 204
340 215
343 215
384 217
378 235
285 299
285 305
293 307
318 312
363 323
363 336
335 337
336 338
337 338
387 260
322 203
340 214
344 214
385 216
378 236
284 298
285 306
294 308
319 313
364 323
364 337
338 338
388 261
340 213
345 213
386 217
283 297
285 307
295 309
320 314
365 322
365 337
339 338
389 262
340 212
346 212
387 218
282 296
285 308
296 310
320 315
366 323
340 338
390 263
340 211
347 211
388 219
281 295
285 309
297 311
320 316
367 323
341 338
390 264
340 210
348 210
389 219
280 294
285 310
298 312
320 317
368 323
342 338
390 265
340 209
349 209
390 219
279 293
285 311
299 313
320 318
369 323
343 338
390 266
340 208
350 208
391 219
278 292
285 312
300 314
320 319
370 323
344 338
391 267
340 207
351 207
392 219
277 291
284 313
285 313
300 315
320 320
371 323
345 338
392 268
340 206
352 206
393 219
276 290
283 312
285 314
300 316
320 321
372 323
346 338
393 269
340 205
353 205
394 219
275 289
282 311
285 315
300 317
320 322
373 323
347 338
394 270
339 204
354 204
395 219
395 220
274 288
281 310
285 316
300 318
320 323
374 323
348 338
395 271
338 203
355 203
396 219
394 221
273 287
274 287
275 287
280 309
284 317
300 319
320 324
375 323
349 338
395 272
337 202
356 204
393 222
273 286
276 287
279 308
283 317
300 320
320 325
376 323
350 338
395 273
357 205
393 223
273 285
277 287
278 307
282 317
300 321
320 326
377 323
395 274
358 206
393 224
273 284
278 287
277 306
281 317
300 322
320 327
378 323
395 275
359 206
393 225
273 283
279 287
276 305
280 317
300 323
320 328
379 323
395 276
360 206
393 226
273 282
280 287
275 304
279 317
300 324
320 329
380 323
380 324
395 277
361 206
393 227
273 281
281 287
274 303
278 317
300 325
320 330
381 323
381 324
380 325
395 278
362 206
393 228
273 280
282 287
273 302
277 317
300 326
320 331
382 323
382 325
380 326
395 279
363 206
393 229
273 279
283 287
276 317
300 327
320 332
383 323
383 326
380 327
395 280
364 206
393 230
274 278
284 287
275 317
300 328
320 333
384 322
384 326
380 328
395 281
365 206
393 231
275 277
285 287
274 317
274 318
300 329
320 334
385 321
385 326
380 329
366 206
394 232
276 276
286 287
273 317
275 319
300 330
320 335
386 320
386 326
380 330
367 206
395 232
277 275
287 287
276 320
300 331
320 336
387 319
387 326
380 331
368 206
396 232
278 274
288 287
277 321
300 332
320 337
388 318
388 326
380 332
369 206
397 232
279 273
278 322
301 333
320 338
389 317
389 326
380 333
370 206
398 232
280 272
279 323
302 334
320 339
390 316
390 326
380 334
399 232
280 271
280 324
302 335
391 315
391 326
380 335
400 232
280 270
281 325
302 336
392 314
392 326
380 336
401 232
280 269
281 326
302 337
393 313
393 326
380 337
402 232
280 268
281 327
302 338
394 312
394 326
403 232
403 233
280 267
281 328
302 339
395 311
395 326
404 232
402 234
280 266
281 329
302 340
396 311
405 233
401 235
280 265
281 330
302 341
397 311
406 234
400 236
280 264
281 331
302 342
398 311
407 235
399 237
280 263
280 332
302 343
399 311
408 236
398 238
280 262
279 332
302 344
400 311
408 237
397 239
280 261
278 332
302 345
401 311
408 238
396 240
280 260
277 332
302 346
402 311
408 239
395 241
280 259
276 332
302 347
403 311
408 240
394 242
280 258
281 258
275 332
404 310
408 241
393 243
280 257
282 259
274 332
274 333
405 309
408 242
393 244
280 256
283 260
273 332
275 334
406 308
408 243
393 245
280 255
284 261
276 335
407 307
408 244
393 246
280 254
285 262
277 336
406 306
407 306
408 306
408 245
280 253
286 263
278 337
405 306
408 305
408 246
280 252
287 264
279 338
404 305
408 304
409 247
280 251
288 264
280 339
403 304
408 303
410 248
280 250
289 264
281 340
402 303
408 302
411 249
280 249
290 264
282 341
401 302
408 301
412 250
280 248
291 264
282 342
400 301
408 300
413 251
280 247
292 264
282 343
399 300
408 299
413 252
280 246
293 264
282 344
398 299
408 298
413 253
280 245
294 264
282 345
397 298
408 297
413 254
280 244
295 264
282 346
396 297
408 296
413 255
280 243
281 243
282 347
395 296
408 295
413 256
280 242
281 242
282 242
282 244
281 348
408 294
413 257
283 242
283 245
280 349
408 293
413 258
284 242
284 246
280 350
409 292
413 259
285 242
285 247
280 351
410 291
413 260
286 242
286 248
280 352
412 261
413 261
287 242
287 249
280 353
411 261
288 241
288 249
280 354
410 261
289 240
289 249
280 355
409 261
290 239
290 249
280 356
408 261
291 238
291 249
280 357
407 261
292 237
292 249
280 358
406 261
406 262
293 236
293 249
280 359
405 261
407 263
294 235
294 249
280 360
408 264
294 234
295 234
295 249
280 361
409 265
293 233
280 362
410 266
292 232
410 267
291 231
410 268
290 230
410 269
289 229
410 270
288 228
410 271
287 227
410 272
286 226
410 273
285 225
410 274
284 224
410 275
283 223
410 276
282 222
281 222
281 223
282 221
280 222
280 224
282 220
279 221
279 225
282 219
278 220
278 226
282 218
277 219
277 227
282 217
276 218
276 227
282 216
275 217
275 227
282 215
274 216
274 227
282 214
273 215
273 227
282 213
272 214
272 227
282 212
271 213
271 227
282 211
270 212
270 227
282 210
269 212
269 227
283 209
268 212
268 227
284 208
267 212
267 227
283 207
284 207
285 207
266 212
266 227
282 206
286 207
265 212
265 227
281 205
287 207
264 212
264 227
280 204
288 207
263 212
263 227
279 203
289 207
262 212
262 227
278 202
290 207
261 212
261 227
277 201
291 207
260 212
260 227
276 200
292 207
259 212
259 227
275 199
293 206
258 212
258 227
274 198
294 205
257 212
257 227
257 228
273 197
295 204
256 212
256 227
258 229
273 196
296 203
255 211
255 212
259 230
273 195
297 202
254 212
255 210
260 231
273 194
298 201
253 212
255 209
261 232
273 193
299 200
252 212
255 208
262 233
273 192
300 199
300 200
300 201
251 212
255 207
263 234
273 191
300 198
300 202
250 212
255 206
264 235
274 190
300 197
300 203
249 212
255 205
265 236
275 189
300 196
300 204
248 212
255 204
265 237
276 188
300 195
300 205
247 212
255 203
265 238
277 187
300 194
300 206
246 212
255 202
265 239
278 186
300 193
300 207
245 212
255 201
265 240
279 185
300 192
300 208
244 212
255 200
265 241
280 184
300 191
300 209
243 212
256 199
264 242
265 242
281 183
300 190
300 210
242 212
257 198
263 242
264 243
280 182
281 182
282 182
300 189
300 211
241 212
241 213
258 197
262 242
263 244
279 182
300 188
300 212
240 211
240 212
241 214
261 242
262 245
278 182
300 187
300 213
239 212
240 210
241 215
260 242
261 246
277 182
300 186
300 214
238 212
240 209
241 216
259 242
260 247
276 182
300 185
237 212
240 208
241 217
258 242
259 248
275 182
300 184
236 212
240 207
241 218
257 242
258 249
274 182
300 183
235 212
240 206
241 219
256 242
257 250
273 182
300 182
234 212
240 205
241 220
255 242
256 251
272 182
300 181
233 212
240 204
241 221
254 242
255 252
271 182
300 180
232 212
240 203
241 222
253 242
254 253
270 182
300 179
231 212
240 202
241 223
252 242
253 254
269 181
300 178
230 212
240 201
241 224
251 242
252 255
268 181
300 177
229 212
240 200
241 225
250 242
251 256
267 181
300 176
228 212
241 199
241 226
250 257
251 257
252 257
266 181
300 175
227 212
242 198
241 227
250 258
253 257
265 181
300 174
226 212
226 213
243 197
240 228
250 259
254 257
264 181
300 173
225 211
225 212
226 214
239 229
250 260
255 257
263 181
300 172
225 210
226 215
238 230
250 261
256 257
262 181
300 171
225 209
226 216
237 231
250 262
257 257
261 181
300 170
225 208
226 217
236 232
250 263
258 257
300 169
225 207
226 218
235 233
250 264
259 257
300 168
225 206
226 219
235 234
250 265
260 257
300 167
225 205
226 220
235 235
250 266
261 257
300 166
225 204
226 221
235 236
250 267
262 257
300 165
225 203
226 222
235 237
250 268
263 257
300 164
225 202
226 223
235 238
250 269
264 257
300 163
225 201
226 224
235 239
250 270
265 257
300 162
225 200
226 225
235 240
250 271
300 161
226 199
226 226
235 241
249 272
250 272
251 272
300 160
227 198
226 227
235 242
248 272
251 273
252 272
300 159
228 197
225 228
235 243
247 272
252 274
253 272
300 158
224 229
235 244
246 272
253 275
254 272
300 157
223 230
235 245
245 272
254 276
255 272
300 156
222 231
235 246
244 272
255 277
256 272
300 155
221 232
235 247
243 272
256 278
257 272
300 154
220 233
235 248
242 272
257 279
258 272
300 153
220 234
235 249
241 272
258 280
259 272
300 152
220 235
235 250
240 272
258 281
260 272
300 151
220 236
235 251
239 272
258 282
261 272
300 150
220 237
235 252
238 272
258 283
262 272
300 149
220 238
235 253
237 272
258 284
263 272
300 148
220 239
235 254
236 272
236 273
258 285
264 272
300 147
220 240
235 255
235 272
237 274
258 286
265 272
300 146
220 241
235 256
234 272
238 275
258 287
300 145
220 242
235 257
233 272
239 276
257 288
300 144
232 272
240 277
256 289
300 143
231 272
241 278
255 290
300 142
230 272
242 279
254 291
300 141
229 272
243 280
253 292
300 140
301 140
228 272
243 281
252 293
300 139
302 141
227 272
243 282
251 294
300 138
303 142
226 272
243 283
250 294
250 295
251 295
300 137
304 142
225 272
243 284
249 293
249 296
252 296
300 136
305 142
224 272
243 285
248 292
248 297
253 297
300 135
306 142
223 272
243 286
247 291
247 298
254 298
300 134
307 142
222 272
243 287
246 290
246 299
255 299
300 133
308 142
221 272
244 288
245 289
245 300
256 300
300 132
309 142
220 272
244 301
257 301
300 131
310 142
219 272
219 273
243 302
258 302
300 130
311 142
218 272
218 274
242 301
243 303
244 303
300 129
312 142
217 272
217 275
241 300
243 304
245 304
300 128
313 142
216 272
216 276
240 299
243 305
246 305
300 127
314 142
215 272
215 277
239 298
243 306
247 306
300 126
315 142
214 272
214 278
238 297
243 307
248 307
300 125
316 142
213 272
213 279
237 296
243 308
249 308
301 124
317 142
212 272
212 280
236 295
243 309
250 309
301 123
318 142
211 272
211 281
235 294
243 310
251 310
301 122
319 142
210 271
210 281
234 293
243 311
252 311
301 121
320 142
209 270
209 281
233 292
243 312
253 312
301 120
321 142
208 269
208 281
232 291
243 313
254 313
301 119
322 142
207 268
207 281
231 290
243 314
255 314
301 118
323 142
206 267
206 281
206 282
230 289
243 315
256 315
301 117
324 142
205 266
206 266
207 266
205 281
207 283
229 288
243 316
257 316
301 116
325 142
204 265
208 266
208 284
228 287
228 288
228 289
243 317
258 317
301 115
326 142
203 264
209 266
209 285
228 290
257 318
301 114
327 142
202 263
210 266
210 286
228 291
256 319
301 113
328 142
201 262
211 266
211 287
228 292
255 320
301 112
302 112
329 142
200 261
212 265
212 288
228 293
254 321
301 111
303 112
330 142
199 260
213 264
213 289
228 294
253 322
301 110
304 112
331 143
198 259
214 263
213 290
228 295
252 323
301 109
305 112
332 143
197 258
215 262
213 291
228 296
251 324
301 108
306 112
333 143
196 257
216 261
213 292
228 297
250 325
301 107
307 112
334 143
195 256
217 260
213 293
228 298
249 326
301 106
308 112
335 143
194 255
218 259
213 294
228 299
248 327
301 105
309 112
336 143
193 254
219 258
213 295
228 300
247 328
301 104
310 112
337 143
192 253
220 257
213 296
228 301
246 329
301 103
311 112
338 143
191 252
228 302
245 330
301 102
312 112
339 143
190 251
190 252
190 253
191 251
192 251
227 303
244 331
301 101
313 112
340 143
190 250
190 254
193 251
226 304
243 332
244 332
245 332
301 100
314 112
341 143
190 249
190 255
194 251
225 305
244 333
246 332
300 99
315 112
342 143
190 248
190 256
195 251
224 306
245 334
247 332
299 98
316 112
343 143
190 247
190 257
196 251
223 307
246 335
248 332
298 97
344 143
190 246
190 258
197 251
222 308
247 336
249 332
297 96
345 143
190 245
190 259
198 251
221 309
248 337
250 332
297 95
346 144
189 244
190 244
190 260
199 251
220 310
249 338
251 332
297 94
347 144
188 243
190 243
190 261
200 251
219 311
250 339
252 332
297 93
348 144
187 242
190 242
190 262
201 251
218 311
251 340
253 332
297 92
349 144
186 241
191 241
190 263
202 251
217 311
252 341
254 332
297 91
350 144
185 240
192 240
190 264
203 251
216 311
252 342
255 332
297 90
351 144
184 239
193 239
190 265
204 251
215 311
252 343
256 332
297 89
352 144
183 238
194 238
190 266
205 251
214 311
214 312
252 344
257 332
298 88
353 144
182 237
195 237
189 267
213 311
213 312
213 313
215 313
252 345
258 332
299 87
354 144
181 236
196 236
188 268
213 314
216 314
252 346
259 333
300 86
355 144
181 235
187 269
213 315
217 315
251 347
252 347
260 334
301 86
301 87
356 144
181 234
186 270
213 316
218 316
250 347
261 335
302 86
302 88
181 233
185 271
213 317
219 317
249 347
262 336
303 86
303 89
181 232
184 271
213 318
220 317
248 347
263 337
304 86
304 90
181 231
183 271
213 319
221 317
247 347
264 338
305 85
305 91
181 230
182 271
213 320
222 317
246 347
265 339
306 84
306 92
181 229
181 271
213 321
223 317
245 347
266 340
307 83
307 93
181 228
180 271
213 322
224 317
244 347
267 341
308 82
308 94
181 227
179 271
213 323
225 317
243 347
267 342
309 81
309 94
181 226
178 271
213 324
226 317
242 347
267 343
310 80
310 94
181 225
177 271
213 325
227 317
241 347
267 344
311 79
311 94
181 224
176 271
213 326
228 317
240 347
267 345
312 78
312 94
181 223
175 270
175 271
214 327
239 347
239 348
267 346
312 77
181 222
175 269
174 272
215 328
238 347
240 349
267 347
312 76
180 221
175 268
173 273
216 329
237 348
241 350
312 75
179 222
180 220
175 267
172 273
217 330
236 349
242 351
312 74
178 223
180 219
175 266
171 273
218 331
235 349
243 352
312 73
177 224
180 218
175 265
170 273
219 332
234 349
244 353
312 72
176 225
180 217
175 264
169 273
220 332
233 349
245 354
312 71
175 226
180 216
175 263
168 273
221 332
232 349
246 355
313 70
174 227
180 215
175 262
167 273
222 332
231 349
247 356
314 69
173 228
180 214
175 261
166 273
223 332
230 349
248 357
315 68
172 229
180 213
175 260
165 273
224 332
229 349
249 358
316 67
171 229
180 212
175 259
164 273
225 332
228 349
250 359
317 66
170 229
180 211
175 258
163 273
226 332
227 349
250 360
318 65
169 229
180 210
175 257
162 273
227 332
226 349
250 361
317 64
318 64
319 64
168 229
180 209
175 256
161 273
161 274
228 332
225 349
249 362
250 362
251 362
316 64
320 64
167 229
181 208
160 273
162 275
224 349
248 362
252 362
315 64
321 64
166 229
182 207
163 276
223 349
247 362
253 362
314 64
322 64
165 230
183 206
164 277
222 349
246 362
254 362
313 64
323 64
164 231
183 205
184 206
184 207
165 278
221 349
245 362
255 362
312 64
324 64
163 232
183 204
185 206
185 208
166 279
220 348
244 362
256 362
311 64
325 64
162 233
183 203
186 206
186 209
167 280
219 347
243 362
257 362
310 64
326 63
161 234
183 202
187 206
187 210
168 281
218 346
242 362
258 362
309 64
327 62
160 235
183 201
188 206
188 211
169 282
217 345
241 362
259 362
308 63
308 64
328 61
159 236
183 200
189 206
189 212
170 283
216 344
240 362
260 362
308 62
307 65
329 60
158 237
183 199
190 206
190 213
171 284
215 343
239 362
261 362
308 61
306 66
330 59
157 238
183 198
191 206
191 214
172 285
214 342
238 362
262 362
308 60
305 67
331 58
156 239
183 197
192 206
192 215
173 286
213 341
263 362
308 59
304 68
332 57
155 238
155 239
155 240
183 196
193 206
193 216
174 286
174 287
264 362
308 58
303 69
333 56
155 237
155 241
183 195
194 206
194 217
175 286
173 288
308 57
302 70
334 57
155 236
155 242
183 194
195 205
195 206
195 218
176 286
176 287
172 289
308 56
301 71
335 58
155 235
155 243
183 193
195 204
195 219
177 286
177 288
171 290
308 55
300 71
336 59
155 234
156 244
183 192
195 203
195 220
178 286
178 289
170 291
308 54
299 71
337 60
155 233
157 245
183 191
195 202
195 221
179 286
179 290
169 292
309 53
298 71
338 61
155 232
158 246
183 190
195 201
180 286
180 291
168 293
310 52
297 71
338 62
154 231
159 247
183 189
195 200
181 286
181 292
167 294
311 51
296 71
338 63
153 230
160 248
183 188
196 199
182 286
182 293
166 295
312 50
295 71
338 64
152 229
160 249
183 187
197 198
183 286
183 294
165 296
311 49
312 49
313 49
294 71
338 65
151 228
160 250
183 186
198 197
184 286
183 295
164 297
310 49
293 71
338 66
151 227
160 251
183 185
199 197
199 198
185 286
183 296
163 296
163 297
163 298
309 49
338 67
151 226
160 252
183 184
200 197
200 199
186 285
183 297
163 295
162 299
308 49
338 68
151 225
160 253
183 183
201 197
201 200
187 284
183 298
163 294
161 300
307 49
338 69
151 224
160 254
183 182
202 197
202 201
188 283
183 299
163 293
160 301
306 49
338 70
151 223
160 255
183 181
184 181
203 197
203 202
189 282
183 300
163 292
159 302
305 49
338 71
151 222
160 256
185 181
204 197
204 203
190 281
183 301
184 301
163 291
158 303
304 49
339 72
151 221
160 257
186 181
205 197
205 204
184 302
185 301
162 290
157 304
303 49
340 73
151 220
160 258
187 181
206 197
206 205
185 303
186 301
161 289
156 305
302 49
340 74
151 219
188 181
207 197
207 206
186 304
187 301
160 288
155 306
301 49
340 75
151 218
189 181
208 197
208 207
187 305
188 301
159 289
154 307
300 49
340 76
151 217
190 181
209 197
209 208
188 306
189 301
158 290
153 308
299 48
340 77
150 216
191 181
210 197
210 209
189 307
190 301
157 291
152 309
298 47
340 78
149 215
192 181
211 197
210 210
190 308
191 301
156 292
151 310
297 46
340 79
148 214
193 180
212 197
210 211
191 309
192 301
155 293
296 45
340 80
147 213
194 181
213 196
213 197
210 212
192 310
193 301
154 294
295 44
340 81
341 81
146 213
146 214
147 212
195 181
213 195
211 213
193 311
194 300
153 295
294 43
340 82
342 80
145 213
145 215
147 211
196 181
213 194
211 214
194 311
195 299
152 296
293 42
340 83
343 79
144 213
144 216
147 210
197 181
213 193
211 215
195 311
196 298
151 296
292 41
341 84
344 78
143 213
143 217
147 209
198 181
213 192
211 216
196 311
197 297
150 296
291 42
342 84
345 77
142 213
142 218
147 208
199 181
213 191
211 217
197 311
197 312
198 296
149 296
290 43
343 84
346 76
141 212
141 219
147 207
200 181
213 190
211 218
198 311
196 313
148 296
289 44
344 84
347 75
140 211
140 220
147 206
201 181
213 189
211 219
195 314
147 297
288 45
345 84
348 74
139 210
139 221
147 205
202 181
214 188
211 220
194 315
146 298
287 46
346 84
349 73
138 209
138 222
147 204
203 181
215 187
211 221
193 316
145 299
286 47
347 84
350 72
137 208
137 223
147 203
204 181
216 186
211 222
192 316
144 300
286 48
348 84
351 71
136 207
136 224
148 202
217 185
211 223
191 316
143 301
286 49
349 84
352 70
135 206
136 225
149 202
149 203
218 184
211 224
190 316
142 302
286 50
350 84
353 69
134 205
135 226
150 202
150 204
219 183
211 225
189 316
141 303
286 51
351 84
353 68
133 204
134 227
151 202
151 205
220 182
211 226
188 316
140 304
286 52
352 84
353 67
132 203
133 228
152 202
152 206
221 181
211 227
187 316
139 305
286 53
353 84
353 66
132 229
153 202
153 207
222 181
186 316
138 306
286 54
354 84
354 85
353 65
131 230
154 202
154 208
223 181
185 316
137 307
286 55
355 84
354 86
353 64
130 231
155 202
155 209
224 181
184 316
184 317
136 308
286 56
356 84
354 87
353 63
129 232
156 202
156 210
225 181
183 316
183 317
183 318
185 318
136 309
357 84
354 88
353 62
128 231
128 232
128 233
157 202
157 211
226 181
182 316
183 319
186 319
135 310
136 310
358 84
354 89
353 61
128 230
127 234
158 202
158 212
227 181
181 316
183 320
187 320
134 310
359 84
354 90
353 60
128 229
126 235
159 201
159 213
228 181
180 316
183 321
188 321
133 310
360 84
354 91
353 59
128 228
125 236
160 200
160 213
229 181
179 316
183 322
189 322
132 310
361 84
354 92
352 58
128 227
124 236
161 199
161 213
230 181
178 316
183 323
190 323
131 310
362 84
354 93
351 57
127 226
123 236
162 198
162 213
231 181
177 316
183 324
191 324
130 310
363 84
354 94
350 56
126 225
122 236
162 197
232 181
176 316
183 325
192 325
129 310
364 84
354 95
349 55
125 224
121 236
162 196
233 181
175 316
183 326
193 326
128 310
365 84
354 96
348 54
349 54
350 54
124 223
120 236
161 195
234 181
174 316
183 327
194 326
127 310
366 83
354 97
348 53
351 54
123 222
119 236
160 194
235 181
173 316
183 328
195 326
126 310
367 82
354 98
348 52
352 54
122 221
118 236
159 193
236 181
172 316
183 329
196 326
125 310
368 81
353 99
348 51
353 54
121 220
117 236
158 192
237 181
171 316
183 330
197 326
124 310
368 80
352 100
347 50
354 54
120 221
116 236
157 191
238 181
170 315
183 331
198 326
123 310
368 79
351 101
346 49
355 54
119 221
115 236
156 190
239 181
169 314
183 332
122 310
122 311
368 78
350 102
345 48
356 54
118 221
114 236
155 189
240 181
168 313
183 333
121 309
121 310
123 312
368 77
349 103
344 47
357 54
117 221
113 236
154 188
241 181
167 314
183 334
121 308
120 311
124 313
368 76
348 104
343 46
358 54
116 221
153 187
242 181
166 315
183 335
121 307
119 312
125 314
368 75
347 105
342 45
359 54
115 221
152 186
153 186
154 186
243 181
165 316
183 336
121 306
119 313
126 315
368 74
346 106
341 44
360 54
114 221
151 186
155 185
244 181
164 317
183 337
121 305
119 314
127 316
368 73
346 107
340 43
361 53
113 221
150 186
156 184
245 181
163 318
183 338
121 304
119 315
128 317
368 72
346 108
339 42
362 52
112 221
149 186
157 183
162 319
183 339
121 303
119 316
129 318
368 71
346 109
338 41
363 51
111 221
148 186
158 182
161 320
183 340
121 302
119 317
130 319
368 70
346 110
337 40
364 50
110 221
147 186
159 181
160 321
183 341
121 301
119 318
131 320
368 69
346 111
336 39
337 39
338 39
365 49
109 221
146 186
160 180
159 322
183 342
121 300
119 319
132 321
368 68
346 112
339 39
366 48
108 221
145 186
161 179
158 323
183 343
120 299
119 320
133 322
368 67
345 113
347 113
340 39
367 47
107 221
144 186
162 178
157 324
183 344
184 344
119 298
119 321
134 323
368 66
369 66
344 114
348 114
341 39
368 46
106 221
143 186
163 177
156 325
184 345
185 344
118 297
119 322
134 324
370 66
343 115
348 115
342 39
369 45
105 222
142 186
164 176
155 325
185 346
186 344
117 296
119 323
134 325
371 66
342 116
348 116
343 39
370 44
104 223
141 186
164 175
154 325
154 326
186 347
187 344
116 295
117 295
118 295
119 324
372 66
341 117
348 117
344 39
371 43
103 224
140 186
164 174
153 325
155 327
187 348
188 344
116 294
119 295
118 325
119 325
373 66
340 118
348 118
345 39
372 42
102 225
139 186
164 173
156 328
188 349
189 344
116 293
120 295
117 325
374 66
339 119
348 119
346 39
373 41
101 226
138 185
164 172
157 328
189 350
190 344
116 292
121 295
116 325
375 66
338 120
348 120
347 39
374 40
100 227
137 184
164 171
158 328
190 351
191 344
116 291
122 295
115 325
376 66
337 121
348 121
348 39
375 39
99 228
136 184
164 170
159 328
191 352
192 344
116 290
123 294
114 325
377 66
336 122
348 122
349 38
376 38
98 229
135 184
164 169
160 328
192 353
193 344
116 289
124 293
113 325
378 66
335 123
348 123
350 37
377 37
97 230
134 184
163 168
161 328
193 354
194 344
116 288
125 292
112 325
379 65
334 124
348 124
351 36
376 36
377 36
378 36
96 231
133 184
162 167
162 328
162 329
193 355
195 344
116 287
126 291
111 325
379 64
380 65
333 125
348 125
349 125
351 35
375 36
95 232
132 184
161 166
163 328
161 330
193 356
196 343
115 286
116 286
127 290
110 325
379 63
381 65
332 124
332 125
350 124
351 34
374 36
94 233
131 184
160 165
160 331
193 357
197 342
117 285
128 289
109 325
379 62
382 65
332 123
351 123
351 33
373 36
93 234
130 184
159 164
159 332
193 358
198 341
118 284
129 288
108 325
379 61
383 65
332 122
352 122
351 32
372 36
92 234
129 184
158 163
158 333
193 359
194 359
119 283
130 287
107 324
107 325
379 60
384 65
332 121
353 121
351 31
371 36
91 233
91 234
128 184
157 162
157 334
192 360
195 359
120 282
131 287
107 323
379 59
385 65
332 120
354 120
351 30
370 36
91 232
127 184
156 161
157 161
158 161
156 335
191 361
196 359
121 281
132 287
107 322
379 58
386 65
332 119
355 119
351 29
369 36
91 231
126 184
159 161
155 336
190 362
197 359
122 280
133 287
107 321
379 57
387 65
332 118
356 118
351 28
368 36
91 230
125 183
160 161
154 336
154 337
189 362
198 359
123 279
134 287
107 320
379 56
388 64
332 117
357 117
351 27
367 36
91 229
124 183
161 161
153 336
155 338
188 362
199 359
124 278
135 287
107 319
379 55
389 63
332 116
358 116
351 26
366 36
91 228
123 183
162 160
152 337
156 339
187 362
200 359
125 277
136 287
107 318
379 54
390 62
332 115
359 115
351 25
91 227
122 183
163 159
151 338
157 340
186 362
201 359
126 276
137 287
107 317
378 53
391 61
332 114
360 114
351 24
91 226
121 183
164 158
151 339
158 341
185 362
202 358
127 275
138 287
107 316
392 60
332 113
361 113
352 23
91 225
120 183
165 157
151 340
159 342
184 362
203 357
128 274
139 287
107 315
393 59
331 112
362 114
353 22
91 224
119 183
165 156
151 341
160 343
183 362
204 356
129 273
140 286
107 314
394 58
363 115
354 21
91 223
118 183
165 155
151 342
161 344
182 362
130 272
141 285
107 313
363 116
91 222
117 183
164 154
151 343
162 345
181 362
130 271
142 284
107 312
363 117
91 221
116 183
163 153
151 344
163 345
130 270
143 283
107 311
363 118
115 183
162 152
151 345
164 345
130 269
144 282
106 310
363 119
114 183
161 151
151 346
165 345
130 268
145 281
105 310
363 120
113 183
160 150
151 347
166 345
130 267
104 310
363 121
112 183
159 149
151 348
130 266
103 310
363 122
111 183
158 148
150 349
151 349
129 265
102 310
363 123
110 182
110 183
157 147
149 349
150 350
128 264
101 310
363 124
110 181
109 184
156 146
157 146
158 146
148 349
149 351
127 263
100 310
363 125
364 125
110 180
108 184
159 146
147 349
148 352
126 262
99 310
365 125
110 179
107 184
160 146
146 349
147 353
125 261
98 310
366 124
110 178
106 184
161 146
145 349
146 354
124 260
97 310
367 123
110 177
105 184
162 146
144 349
145 355
123 259
96 310
368 122
110 176
104 184
163 146
143 349
144 356
122 258
95 310
369 121
110 175
103 184
164 146
142 349
143 357
121 257
122 257
123 257
94 310
370 120
110 174
102 184
165 145
141 348
142 358
120 258
124 257
93 310
371 119
109 173
101 184
166 144
140 347
141 359
119 259
125 257
92 310
372 118
108 172
100 184
167 143
139 346
140 359
118 260
126 257
91 310
91 311
373 117
107 171
99 184
168 142
138 345
139 359
117 261
127 257
91 312
374 116
106 170
98 184
169 142
137 344
138 359
138 360
116 262
128 257
91 313
375 115
105 169
97 184
170 142
136 343
137 359
139 361
115 263
129 257
91 314
376 114
104 168
96 184
171 142
135 342
136 359
140 362
114 264
115 264
130 257
91 315
377 115
104 167
95 184
172 142
134 342
135 359
141 363
113 263
115 265
131 256
91 316
378 116
104 166
94 184
173 142
133 342
134 359
142 364
112 262
115 266
132 255
91 317
378 117
104 165
93 184
174 142
132 342
133 359
143 364
111 261
115 267
133 254
91 318
378 118
104 164
92 184
175 142
131 342
132 359
144 364
110 260
115 268
134 253
91 319
378 119
104 163
91 184
176 142
130 342
131 359
145 364
109 259
115 269
135 252
91 320
378 120
104 162
90 184
177 142
129 342
130 359
146 364
108 258
115 270
136 251
91 321
378 121
104 161
89 184
178 142
128 342
129 359
147 364
107 257
114 271
115 271
137 252
91 322
378 122
105 160
88 184
179 142
127 342
128 359
148 364
106 256
113 271
138 253
91 323
378 123
106 159
87 184
180 142
126 342
127 359
149 364
105 257
112 271
139 254
91 324
378 124
106 158
107 160
86 184
181 142
125 342
126 359
150 364
104 258
111 271
140 255
91 325
378 125
379 125
106 157
108 161
85 184
182 142
124 342
125 359
151 364
103 259
110 271
141 256
90 326
380 125
106 156
109 162
84 184
183 142
123 342
124 359
152 364
102 260
109 271
142 257
89 327
381 125
106 155
110 163
83 184
184 143
122 342
123 360
153 364
153 365
101 261
108 271
143 258
88 328
382 125
106 154
111 164
82 184
185 143
121 342
122 361
154 364
154 366
100 262
107 271
144 259
87 329
383 125
106 153
112 165
81 184
186 143
120 342
121 361
155 364
155 367
99 263
106 271
145 260
86 330
384 125
106 152
113 166
80 183
187 143
119 342
120 361
156 364
156 368
98 264
105 272
145 261
85 331
385 125
106 151
114 167
79 183
188 143
118 342
119 361
157 364
157 369
97 265
104 273
145 262
84 332
386 125
106 150
115 167
78 183
189 143
117 342
118 361
158 364
158 370
96 266
103 274
145 263
84 333
387 125
106 149
116 167
77 183
190 143
116 342
117 361
159 364
159 371
95 267
102 275
145 264
84 334
388 124
388 125
106 148
117 167
76 183
191 143
115 342
116 361
160 364
160 372
94 267
101 276
145 265
84 335
388 123
106 147
118 167
75 183
192 143
114 342
115 361
161 364
161 373
93 267
100 277
145 266
84 336
388 122
106 146
119 166
119 167
74 183
193 143
113 342
114 361
162 364
162 374
92 267
99 278
84 337
388 121
105 145
119 165
73 183
194 143
112 342
113 361
163 364
163 375
91 266
91 267
98 279
84 338
388 120
104 144
105 144
106 144
119 164
72 183
195 143
195 144
111 342
112 361
164 364
164 376
91 265
97 280
84 339
388 119
104 143
107 144
119 163
71 183
196 143
194 145
110 342
111 361
165 363
165 377
91 264
96 281
83 340
84 340
388 118
104 142
108 144
119 162
70 183
197 143
193 146
109 342
110 361
166 362
165 378
91 263
95 282
82 340
388 117
104 141
109 144
119 161
69 183
198 143
192 147
108 342
109 361
165 379
91 262
94 282
81 340
389 116
104 140
110 144
119 160
68 183
199 143
191 148
107 342
108 362
165 380
91 261
93 282
80 340
390 115
104 139
111 144
119 159
67 183
200 143
190 149
106 342
107 363
165 381
91 260
92 282
92 283
79 340
391 114
104 138
112 144
119 158
66 183
66 184
201 143
189 150
105 342
106 364
165 382
91 259
91 282
93 284
78 340
392 115
104 137
113 144
119 157
65 183
67 185
202 143
188 151
104 342
105 365
165 383
91 258
94 285
77 340
393 116
104 136
114 144
119 156
64 183
68 186
203 143
187 152
103 342
104 366
165 384
91 257
95 286
76 340
394 117
104 135
115 143
120 155
63 183
69 187
204 143
186 153
103 367
165 385
91 256
96 287
75 340
395 118
104 134
116 142
121 154
62 183
70 188
205 143
185 154
103 368
165 386
91 255
97 288
74 340
396 119
103 133
117 141
122 154
122 155
61 183
71 189
206 143
184 155
102 369
103 369
164 387
165 387
91 254
98 289
73 339
397 120
102 132
118 140
123 154
123 156
60 183
72 190
207 143
183 156
101 368
103 370
163 387
164 388
166 388
91 253
99 290
72 339
398 121
101 131
119 139
124 154
124 157
59 183
72 191
208 143
183 157
100 367
103 371
162 387
163 389
167 389
91 252
99 291
71 339
399 122
100 130
119 138
125 154
125 158
58 183
72 192
209 143
184 158
99 366
103 372
161 387
162 390
168 390
70 339
400 123
99 131
119 137
126 154
126 159
57 183
72 193
210 143
185 159
98 365
103 373
160 387
161 391
169 391
69 339
401 124
98 132
119 136
127 153
127 160
56 183
72 194
211 143
186 159
97 364
104 374
159 386
160 392
170 392
68 339
402 125
97 133
119 135
128 152
128 161
55 183
72 195
212 143
187 159
96 363
105 375
158 385
159 393
171 393
67 339
403 124
403 125
96 134
119 134
129 151
129 162
54 183
72 196
213 143
188 159
95 362
106 376
157 384
158 394
172 394
66 339
403 123
95 135
119 133
130 150
130 163
53 183
72 197
214 143
189 159
94 361
107 377
156 383
157 394
173 395
65 339
404 122
94 136
119 132
131 149
131 164
52 183
72 198
215 143
190 159
93 361
108 378
155 382
156 394
174 396
64 339
405 121
93 137
119 131
132 148
132 165
51 183
71 199
73 199
216 143
191 159
92 361
109 379
154 381
155 394
175 397
63 339
406 120
92 138
119 130
133 147
133 166
50 183
70 200
74 200
217 143
192 159
91 361
110 380
153 380
154 394
176 397
62 338
407 119
91 139
119 129
134 146
134 167
69 200
75 201
218 143
193 159
90 361
111 381
152 379
153 394
153 395
177 397
61 338
62 337
408 118
90 140
119 128
68 200
76 201
219 143
194 159
89 361
112 382
152 394
154 396
178 397
60 338
62 336
409 117
89 141
119 127
67 200
77 201
220 143
195 159
88 361
113 383
155 397
179 397
59 338
62 335
410 116
88 142
119 126
66 200
78 201
221 143
196 159
87 361
114 384
156 398
180 397
58 338
62 334
411 115
87 143
118 125
65 200
79 201
222 143
197 159
86 361
115 385
157 399
181 397
57 338
63 333
411 114
412 115
86 143
87 144
117 124
118 124
119 124
64 200
80 201
223 143
198 159
85 361
116 385
116 386
158 400
182 397
56 337
64 332
411 113
413 115
85 143
87 145
120 124
63 200
81 201
224 143
84 361
117 385
115 387
159 401
183 397
55 336
65 331
411 112
414 114
84 143
87 146
121 124
62 200
82 201
225 143
83 361
118 386
114 388
160 402
184 397
54 335
66 330
411 111
415 113
83 143
87 147
122 124
61 201
83 201
83 202
226 143
82 361
119 387
113 389
161 402
185 397
53 334
67 329
411 110
416 112
82 143
87 148
123 124
60 202
84 201
82 203
227 143
81 360
120 388
112 390
162 402
186 397
52 333
68 328
411 109
417 111
81 143
87 149
124 123
59 203
85 202
81 204
228 143
80 359
121 389
111 390
163 402
187 397
51 332
69 327
411 108
418 110
80 143
87 150
125 122
58 204
86 202
80 205
229 143
79 358
122 390
110 390
164 402
188 397
50 331
70 326
410 107
419 109
79 143
87 151
126 121
57 205
87 202
79 206
230 143
78 358
123 390
109 390
189 397
49 330
71 325
409 106
420 108
78 143
87 152
127 120
56 206
88 202
78 207
231 143
77 358
124 390
108 390
190 397
48 331
72 324
408 105
421 107
77 143
87 153
127 119
128 120
55 207
89 202
77 208
232 143
76 358
125 390
107 390
191 397
47 332
407 104
422 107
422 108
76 142
87 154
127 118
129 120
54 207
90 202
76 209
233 143
75 358
126 390
106 390
192 396
192 397
46 333
406 103
423 107
423 109
75 141
87 155
127 117
130 120
53 207
91 202
75 210
234 143
74 358
127 390
105 390
192 395
193 397
45 334
405 103
424 107
424 110
74 140
87 156
127 116
131 119
52 207
92 202
74 211
235 143
73 358
128 390
104 390
192 394
194 397
44 335
404 103
425 107
425 111
73 139
87 157
127 115
132 118
51 207
93 202
73 212
236 143
72 358
129 390
103 390
192 393
195 397
43 336
403 103
426 107
426 112
72 138
87 158
127 114
133 117
50 207
94 202
72 213
237 143
71 358
130 390
102 390
191 392
196 397
42 337
402 103
427 107
427 113
71 137
87 159
127 113
134 116
49 207
95 202
72 214
238 143
70 358
131 390
131 391
101 390
101 391
190 391
197 397
41 338
401 103
428 107
428 114
70 138
87 160
127 112
135 115
48 207
96 202
72 215
239 143
69 358
132 389
132 390
130 392
100 389
100 392
189 390
198 397
40 339
400 103
429 107
429 115
69 139
127 111
136 114
47 207
97 202
72 216
240 143
68 358
132 388
129 393
99 388
99 393
188 389
199 397
39 340
399 103
430 107
430 116
68 140
127 110
137 113
46 207
98 202
72 217
241 143
67 358
132 387
128 394
98 387
98 394
187 388
200 396
38 340
398 103
431 107
431 117
67 141
126 109
138 112
45 207
99 202
72 218
242 143
66 358
132 386
127 395
97 386
97 395
186 387
201 395
37 340
397 103
432 107
432 118
67 142
125 108
139 111
44 207
100 202
72 219
243 143
65 358
132 385
126 396
96 385
96 396
185 386
201 394
202 396
36 340
396 103
433 107
432 119
67 143
124 107
140 110
43 207
101 202
72 220
244 142
64 358
132 384
125 397
95 384
95 397
184 385
201 393
203 397
35 339
35 340
395 103
434 107
432 120
67 144
123 106
141 109
42 207
102 202
72 221
245 143
63 358
132 383
124 398
94 383
94 398
183 384
201 392
204 397
34 340
35 338
34 341
394 102
435 107
432 121
67 145
122 105
142 108
41 206
72 222
246 143
62 358
132 382
124 399
93 382
93 399
182 383
201 391
202 391
205 397
33 340
35 337
33 342
393 101
436 107
432 122
433 122
67 146
121 106
143 107
143 108
143 109
40 205
72 223
247 143
61 358
132 381
124 400
92 381
92 400
181 382
201 390
203 390
206 397
32 340
35 336
32 343
392 100
434 122
67 147
120 107
144 107
143 110
39 204
72 224
248 143
60 358
132 380
124 401
91 380
91 401
201 389
204 389
207 397
31 340
35 335
31 344
391 99
435 122
67 148
119 108
145 107
143 111
38 203
72 225
249 143
59 358
132 379
124 402
90 379
90 401
201 388
205 388
208 397
30 340
35 334
30 345
391 98
436 122
67 149
118 109
146 107
143 112
37 202
72 226
250 143
58 358
132 378
124 403
89 378
89 401
201 387
206 387
209 397
29 340
35 333
29 346
391 97
437 122
67 150
117 109
147 107
143 113
36 201
72 227
251 143
57 358
132 377
124 404
88 377
88 401
200 386
207 386
210 397
28 340
35 332
28 347
391 96
438 122
67 151
116 109
148 107
143 114
35 200
72 228
252 143
56 358
132 376
124 405
87 401
199 385
208 385
211 397
27 340
35 331
27 348
391 95
439 122
67 152
115 109
149 107
143 115
34 201
72 229
253 143
55 358
132 375
124 406
86 401
198 384
209 384
212 397
26 340
35 330
26 349
391 94
440 122
66 153
114 109
150 107
143 116
34 202
71 230
254 143
54 358
124 407
85 402
197 383
210 383
213 397
25 340
35 329
26 350
391 93
441 122
65 154
113 109
151 107
143 117
34 203
70 231
255 143
53 358
123 408
84 403
196 382
211 382
214 397
24 340
35 328
26 351
392 92
442 122
64 155
112 109
152 107
143 118
34 204
69 232
256 143
52 358
122 409
83 404
211 381
215 397
23 340
35 327
26 352
393 91
443 122
63 156
111 109
153 107
143 119
34 205
68 233
257 143
51 358
121 410
82 405
211 380
216 396
22 340
35 326
26 353
394 90
444 122
62 157
110 109
154 107
143 120
34 206
67 234
258 143
50 358
120 411
81 406
211 379
217 395
21 340
34 325
26 354
395 89
445 122
61 158
109 109
155 107
143 121
34 207
66 234
259 144
49 358
119 412
80 407
211 378
217 394
218 396
33 325
26 355
396 88
446 122
60 159
108 109
156 107
143 122
34 208
65 234
260 145
118 413
79 407
211 377
217 393
219 397
32 325
26 356
396 87
447 121
447 122
59 160
107 109
157 107
34 209
64 234
261 146
117 414
78 407
212 376
217 392
220 398
31 325
26 357
396 86
447 120
448 122
58 160
158 107
158 108
34 210
63 234
262 147
116 415
77 407
213 375
217 391
221 398
30 325
26 358
396 85
447 119
449 122
57 160
159 108
158 109
34 211
62 234
263 148
115 416
76 407
214 374
218 390
222 398
29 325
26 359
396 84
447 118
450 122
56 160
160 109
158 110
34 212
61 234
61 235
264 149
115 417
75 407
215 373
219 389
223 398
28 325
396 83
447 117
451 122
55 159
55 160
161 110
158 111
34 213
60 234
62 236
265 150
115 418
74 407
216 372
220 388
224 398
27 325
396 82
447 116
452 122
55 158
162 111
158 112
34 214
63 237
266 151
115 419
73 407
217 371
221 387
225 398
26 325
396 81
447 115
453 122
55 157
163 112
158 113
33 215
34 215
64 238
267 152
114 420
72 407
218 370
222 386
25 325
396 80
447 114
454 122
55 156
164 113
158 114
32 215
65 239
268 153
113 421
71 407
219 369
223 385
24 325
396 79
447 113
455 122
55 155
165 114
158 115
31 215
66 240
269 154
112 422
70 407
220 368
224 384
23 325
396 78
447 112
456 122
55 154
166 115
158 116
30 215
67 241
270 155
111 423
69 407
221 367
225 383
22 325
396 77
447 111
457 122
55 153
167 116
158 117
29 215
68 242
271 156
110 424
68 406
68 407
222 366
226 384
21 325
396 76
448 110
458 122
55 152
168 117
158 118
28 215
69 243
272 157
109 425
68 405
227 385
396 75
449 109
459 122
55 151
169 118
158 119
27 215
70 244
273 158
108 426
68 404
228 386
396 74
450 108
460 122
55 150
170 119
158 120
26 215
71 244
71 245
272 159
274 158
107 427
68 403
229 387
396 73
397 73
451 107
461 122
54 149
171 120
158 121
25 214
72 244
70 246
271 159
275 158
106 427
107 428
68 402
230 388
398 73
462 122
53 148
172 121
158 122
24 213
69 247
270 159
276 158
108 429
68 401
231 389
399 73
463 122
52 149
173 122
23 212
68 248
269 159
277 158
109 430
68 400
232 390
400 73
464 122
51 150
174 122
22 211
67 249
268 159
278 158
110 431
68 399
233 391
401 73
465 122
50 151
175 122
21 210
66 250
267 159
279 158
111 432
68 398
234 392
402 73
466 122
49 152
176 122
20 209
65 251
266 159
280 158
112 433
68 397
235 393
403 73
467 122
48 153
177 122
20 208
64 252
265 159
281 158
113 434
68 396
236 394
404 72
468 122
47 154
178 122
20 207
63 253
264 159
282 157
282 158
114 435
68 395
237 395
405 71
469 122
46 155
179 122
20 206
62 253
263 159
282 156
115 436
68 394
238 396
406 70
470 122
45 156
180 122
20 205
61 253
61 254
262 159
282 155
116 437
68 393
239 397
407 69
471 122
44 157
181 122
20 204
60 253
62 255
261 159
282 154
117 438
67 392
240 396
240 397
240 398
408 68
472 122
43 158
182 122
20 203
59 254
63 256
260 159
282 153
118 439
66 392
240 395
241 398
409 67
473 122
42 158
183 122
20 202
58 255
64 257
259 159
282 152
119 438
119 439
65 392
240 394
242 398
410 66
474 122
41 158
184 122
20 201
57 256
65 258
258 159
282 151
120 437
64 392
240 393
243 398
411 65
475 122
40 158
185 122
20 200
56 257
66 259
257 159
281 150
121 436
63 392
240 392
244 398
412 64
412 66
476 122
39 158
186 122
19 199
56 258
67 260
256 159
280 149
122 435
62 392
240 391
245 398
413 63
413 67
477 121
477 122
38 158
187 121
187 122
18 198
56 259
68 261
255 159
279 148
123 434
61 392
240 390
246 398
414 62
414 68
477 120
186 120
188 120
188 121
188 122
17 197
56 260
69 262
254 159
278 147
124 433
60 392
240 389
247 398
415 61
415 69
477 119
185 119
188 119
189 121
189 122
16 196
56 261
70 263
253 159
277 146
125 432
59 392
240 388
248 398
416 60
416 69
477 118
184 118
188 118
190 120
190 122
15 195
56 262
71 264
252 159
276 145
126 431
58 392
240 387
249 398
417 59
417 69
476 117
183 117
188 117
191 119
191 122
14 194
56 263
72 265
251 159
275 144
127 430
57 392
240 386
250 398
418 58
418 69
475 116
182 116
188 116
192 118
192 122
14 193
56 264
73 266
250 159
274 143
275 143
276 143
128 429
56 392
240 385
251 398
419 57
419 69
474 115
181 115
188 115
193 117
193 122
14 192
56 265
73 267
249 159
277 143
129 428
55 392
240 384
252 398
420 56
420 69
473 114
180 114
188 114
194 116
194 122
14 191
56 266
73 268
248 159
278 143
130 428
54 392
240 383
241 383
253 398
421 55
421 69
421 70
472 113
179 113
188 113
195 115
195 122
15 190
56 267
73 269
247 159
279 143
131 428
53 391
242 383
254 398
420 54
421 54
422 54
422 69
420 71
471 112
178 112
188 112
196 114
196 122
16 189
56 268
73 270
246 159
280 143
132 428
52 391
243 383
419 54
419 72
470 111
177 111
188 111
197 113
197 122
17 188
73 271
245 159
281 143
133 428
51 391
244 383
418 54
418 73
469 110
176 110
188 110
198 112
198 122
18 187
73 272
244 159
282 143
134 428
50 391
245 383
417 54
417 74
468 109
175 109
188 109
199 111
199 122
19 186
73 273
243 159
135 428
49 391
246 383
416 54
416 75
467 108
174 108
188 108
200 110
200 122
20 185
73 274
242 159
136 428
48 390
247 383
415 54
415 76
466 107
467 107
468 107
173 107
188 107
201 109
201 122
21 184
73 275
241 159
137 428
47 389
248 383
414 54
414 77
469 107
202 108
202 122
22 183
73 276
240 159
138 428
46 388
249 383
413 54
413 78
470 107
203 107
203 122
23 182
73 277
239 159
139 428
45 387
250 383
412 53
412 79
471 107
204 121
204 122
24 181
73 278
238 159
140 428
44 386
251 383
411 52
411 80
472 107
205 120
205 122
25 180
73 279
237 159
141 428
43 385
252 383
410 51
473 107
206 119
206 122
26 179
73 280
236 159
142 428
42 384
253 383
409 50
474 107
207 118
207 122
27 178
73 281
235 159
143 428
41 383
254 383
475 107
208 117
208 122
28 177
73 282
234 159
144 428
40 382
255 383
476 107
209 116
209 122
29 176
73 283
233 159
145 428
256 384
477 107
210 115
210 122
30 175
72 284
232 159
146 428
257 385
478 107
211 114
211 122
31 174
71 285
231 159
147 428
258 386
479 107
212 113
212 122
70 285
230 159
148 428
259 387
480 107
213 112
213 122
69 285
229 159
149 428
260 388
481 107
214 111
214 122
68 285
228 159
150 427
261 389
482 108
215 110
215 122
67 285
227 159
151 426
262 390
483 109
216 109
216 122
66 285
226 159
152 425
263 391
484 110
217 108
217 122
65 285
225 159
153 424
264 392
485 111
218 107
218 122
64 285
224 159
154 423
265 393
486 112
219 121
219 122
63 285
223 159
155 422
266 394
487 113
220 120
220 122
62 285
222 159
156 421
267 395
488 114
221 119
221 122
61 285
61 286
221 159
157 420
268 396
489 115
222 118
222 122
60 285
62 287
220 159
158 421
269 397
490 116
223 117
223 122
63 288
219 159
158 422
270 396
270 397
270 398
491 117
224 116
224 122
64 289
218 159
158 423
270 395
271 398
492 116
492 117
492 118
225 115
225 122
65 290
217 159
158 424
270 394
272 398
492 115
492 119
226 114
226 122
66 291
216 159
158 425
271 393
273 398
492 114
492 120
227 113
227 122
67 292
215 159
158 426
272 392
274 398
492 113
492 121
228 112
228 122
68 293
214 159
158 427
273 391
275 398
492 112
492 122
493 122
229 111
229 122
69 294
213 159
158 428
274 390
276 398
492 111
494 122
230 110
230 122
70 295
158 429
275 389
277 398
493 110
495 122
231 109
231 122
71 296
158 430
276 388
278 398
494 109
496 122
232 108
232 122
72 297
158 431
277 387
279 398
495 108
497 122
233 107
233 122
73 298
158 432
278 386
280 398
496 107
498 122
234 121
72 299
158 433
279 385
281 398
497 107
499 122
235 120
71 300
158 434
280 384
498 107
500 122
236 119
70 301
158 435
159 435
279 383
280 383
281 383
499 107
501 122
237 118
69 302
160 434
278 383
500 107
502 122
238 117
68 303
161 433
277 383
501 107
503 122
239 116
67 304
162 432
276 383
502 107
504 122
240 115
66 305
163 431
275 383
503 107
505 122
241 114
65 306
164 430
274 383
504 107
506 122
242 113
64 307
165 429
273 383
505 107
507 122
243 112
63 307
166 428
272 383
506 107
508 122
244 111
62 307
167 427
271 383
507 107
509 122
245 110
61 307
168 426
270 383
508 107
510 122
246 109
60 307
169 425
509 107
511 122
247 108
170 424
510 107
512 122
248 107
171 423
511 107
513 122
249 107
249 108
172 422
514 122
250 107
250 109
173 421
173 422
173 423
515 122
251 107
251 110
173 424
516 122
252 107
252 111
173 425
517 122
253 107
253 112
173 426
518 122
254 107
254 113
173 427
519 122
255 107
255 114
173 428
520 122
256 107
255 115
256 114
256 115
173 429
521 122
257 107
254 116
257 113
257 116
173 430
522 121
522 122
258 107
253 117
258 112
258 117
173 431
522 120
523 122
259 107
252 118
259 111
259 118
173 432
522 119
524 122
260 107
251 119
260 110
260 119
173 433
522 118
525 122
261 107
250 120
261 109
261 120
173 434
522 117
526 122
262 107
262 108
249 121
262 121
173 435
174 435
522 116
527 122
263 107
248 122
263 122
175 435
522 115
528 122
264 108
176 435
522 114
529 122
265 109
177 435
522 113
530 122
266 110
178 435
522 112
531 122
267 111
179 435
522 111
532 122
268 112
180 435
523 110
533 122
269 113
181 435
524 109
534 122
270 114
182 435
525 108
535 122
271 115
183 435
526 107
536 122
272 116
184 435
527 107
537 122
273 117
185 435
528 107
538 123
274 118
186 435
529 107
539 124
275 119
187 435
530 107
540 125
276 120
188 434
188 435
531 107
541 126
277 121
188 433
532 107
542 127
278 120
278 121
278 122
188 432
533 107
543 128
278 119
188 431
534 107
544 129
278 118
188 430
535 107
544 130
278 117
188 429
536 107
544 131
278 116
188 428
537 107
544 132
278 115
188 427
538 107
544 133
278 114
188 426
539 107
544 134
278 113
188 425
540 107
544 135
278 112
188 424
541 107
544 136
278 111
188 423
542 107
542 108
544 137
278 110
188 422
543 107
543 109
278 109
188 421
189 421
544 107
544 110
278 108
190 421
545 107
545 111
278 107
191 421
546 107
546 112
192 421
547 107
547 113
193 421
548 107
548 114
194 421
549 107
549 115
195 421
550 107
550 116
196 421
551 107
551 117
197 421
552 107
552 118
198 421
553 107
552 119
199 421
554 107
552 120
200 421
555 107
552 121
201 421
556 107
552 122
202 421
557 107
203 421
203 422
558 107
203 423
559 107
203 424
560 107
203 425
561 107
203 426
562 107
203 427
563 107
203 428
564 107
203 429
565 107
203 430
566 107
203 431
567 107
203 432
568 107
203 433
569 107
203 434
570 107
203 435
204 435
571 107
205 435
572 107
572 108
206 435
573 107
573 109
207 435
574 107
574 110
208 435
575 107
575 111
209 435
576 107
576 112
210 435
577 107
577 113
211 435
578 107
578 114
212 435
579 107
579 115
213 435
580 107
580 116
214 435
581 107
580 117
215 435
582 107
580 118
216 435
583 106
580 119
217 435
584 105
580 120
218 434
218 435
585 104
580 121
218 433
219 435
586 103
580 122
581 122
218 432
220 435
579 123
581 123
582 122
218 431
221 434
578 124
582 124
583 122
218 430
222 433
578 125
583 125
584 122
218 429
223 432
578 126
584 126
585 122
218 428
224 431
578 127
585 127
586 122
218 427
225 430
578 128
586 128
587 122
218 426
226 429
578 129
587 129
588 122
218 425
227 428
578 130
588 130
589 122
218 424
228 427
578 131
589 131
590 122
218 423
229 426
578 132
590 132
591 122
218 422
230 425
578 133
591 133
592 121
218 421
231 424
578 134
592 134
593 120
232 423
578 135
593 135
594 119
233 422
233 423
233 424
593 136
595 118
233 425
593 137
595 117
233 426
592 138
595 116
233 427
591 139
595 115
233 428
590 140
596 114
233 429
589 141
597 113
233 430
588 142
598 112
233 431
587 143
599 111
233 432
586 144
600 110
233 433
585 145
601 109
233 434
584 146
602 108
233 435
234 435
583 147
603 107
235 435
582 148
236 434
581 149
237 433
580 150
238 432
579 150
579 151
239 431
578 150
578 151
578 152
580 152
240 430
578 153
581 152
241 429
578 154
582 152
242 428
578 155
583 152
243 427
578 156
584 152
244 426
578 157
585 152
245 425
578 158
586 152
246 424
578 159
587 152
247 423
578 160
588 152
248 422
248 423
248 424
578 161
589 152
249 423
248 425
578 162
590 152
250 424
248 426
578 163
591 152
251 425
248 427
578 164
592 152
252 426
248 428
578 165
593 152
253 427
248 429
594 153
254 428
248 430
595 154
255 429
248 431
596 155
256 430
248 432
596 156
257 431
248 433
596 157
258 432
248 434
596 158
259 433
248 435
596 159
260 434
596 160
261 435
596 161
262 435
596 162
263 434
263 435
596 163
263 433
264 435
596 164
263 432
265 435
596 165
263 431
266 434
596 166
263 430
267 433
596 167
597 167
263 429
268 432
595 168
598 167
263 428
269 431
594 169
599 166
263 427
270 430
593 170
600 165
263 426
271 429
592 171
601 164
263 425
272 428
591 172
602 163
263 424
273 427
590 173
603 162
263 423
274 426
589 174
604 161
263 422
275 425
588 175
605 160
276 424
587 176
606 159
277 423
586 177
607 158
278 422
278 423
278 424
585 178
608 157
278 425
584 179
609 156
278 426
583 180
610 155
278 427
582 180
582 181
611 154
278 428
581 180
583 182
612 154
612 155
278 429
584 182
613 154
613 156
278 430
585 182
614 154
614 157
278 431
586 182
615 154
615 158
278 432
587 182
616 154
616 159
278 433
588 182
617 154
617 160
278 434
589 182
618 154
618 161
278 435
590 182
619 154
619 162
591 182
620 154
620 163
592 182
621 154
621 164
593 182
622 154
622 165
594 182
623 153
623 165
595 182
595 183
624 152
624 165
596 182
594 184
625 151
625 165
593 185
626 150
626 165
592 186
626 149
627 150
627 151
591 187
626 148
628 150
628 152
590 188
626 147
629 150
629 153
589 189
626 146
630 149
630 154
588 190
626 145
631 148
631 155
588 191
626 144
632 147
632 156
588 192
626 143
633 146
633 156
588 193
626 142
634 145
634 156
588 194
626 141
635 144
635 156
588 195
626 140
636 143
636 156
587 196
626 139
637 142
637 156
586 197
625 138
638 141
638 156
585 197
624 137
639 140
639 156
584 197
623 136
640 139
640 156
583 197
622 135
641 156
582 197
581 197
580 197
579 197
578 197
577 197
576 197
575 197
574 197
574 198
573 197
575 199
576 200
576 201
576 202
576 203
576 204
576 205
576 206
576 207
576 208
576 209
576 210
576 211
576 212
576 213
576 214
576 215
576 216
576 217
576 218
576 219
576 220
576 221
576 222
576 223
576 224
576 225
576 226
576 227
577 227
576 228
577 228
578 227
576 229
578 229
579 227
576 230
579 230
580 227
576 231
580 231
581 227
576 232
581 232
582 227
576 233
582 233
583 227
576 234
583 234
584 227
576 235
584 235
585 227
576 236
585 236
586 227
576 237
586 237
587 227
576 238
587 238
588 227
576 239
588 239
589 227
576 240
589 240
590 226
576 241
590 240
591 225
576 242
591 240
592 225
576 243
592 241
593 225
576 244
593 242
594 225
576 245
594 243
595 225
576 246
595 244
596 224
576 247
596 245
597 223
576 248
597 246
598 222
576 249
598 247
599 221
576 250
599 248
600 220
576 251
600 249
601 219
576 252
601 249
601 250
600 218
601 218
602 218
576 253
602 248
602 249
600 251
599 218
602 217
576 254
602 247
599 252
598 217
602 216
576 255
602 246
598 253
597 216
602 215
576 256
602 245
597 254
596 215
602 214
576 257
602 244
596 255
595 214
602 213
577 258
602 243
595 255
594 213
602 212
578 259
602 242
594 255
593 212
602 211
579 260
602 241
593 255
592 211
602 210
580 261
602 240
592 255
591 210
602 209
581 262
602 239
591 255
602 208
582 263
602 238
602 207
583 264
603 237
603 206
584 265
604 236
604 205
585 266
605 235
605 204
586 267
606 234
606 203
587 268
607 234
607 203
588 269
608 234
608 203
589 270
609 234
609 203
590 271
610 234
610 203
590 272
611 234
611 203
589 273
591 273
612 234
612 203
588 274
592 274
613 234
613 203
587 275
593 275
614 234
614 203
586 275
594 276
615 234
615 203
585 275
595 277
616 234
616 203
584 275
596 278
617 234
617 203
583 275
597 279
618 234
618 203
582 275
598 280
619 234
619 203
581 275
599 281
620 234
620 203
580 275
600 282
621 234
621 202
579 275
601 283
622 234
622 235
621 201
622 203
578 275
602 284
623 234
623 236
621 200
623 204
577 275
603 284
624 234
624 237
621 199
623 205
576 275
576 276
604 284
625 234
625 238
621 198
623 206
575 275
577 277
605 283
605 284
626 234
625 239
621 197
623 207
578 278
605 282
627 234
625 240
621 196
623 208
579 279
605 281
628 234
625 241
621 195
623 209
580 280
605 280
629 234
625 242
621 194
623 210
581 281
605 279
630 234
625 243
622 193
623 211
582 282
605 278
631 234
625 244
623 192
623 212
583 283
605 277
632 234
625 245
624 191
623 213
584 284
605 276
633 234
625 246
625 190
623 214
585 285
605 275
625 247
626 189
623 215
586 286
605 274
625 248
627 188
623 216
587 287
605 273
625 249
628 187
623 217
588 287
605 272
629 188
589 287
589 288
605 271
630 189
590 287
588 289
605 270
606 270
631 190
587 290
607 270
632 191
586 290
608 270
633 192
585 290
609 270
634 193
584 290
610 270
635 194
583 290
611 270
636 195
582 290
612 270
636 196
581 290
613 270
636 197
580 290
614 270
579 290
615 270
578 290
616 270
577 290
617 270
576 290
576 291
618 270
575 290
575 291
575 292
577 292
619 269
575 293
578 293
620 268
575 294
579 294
621 269
575 295
580 295
622 270
575 296
581 296
623 271
575 297
582 297
624 271
575 298
583 298
625 271
575 299
584 299
626 271
575 300
585 300
627 271
575 301
586 301
628 271
575 302
587 302
629 271
575 303
588 302
630 271
575 304
589 302
631 271
575 305
590 302
590 303
632 271
632 272
575 306
590 304
633 271
631 273
575 307
590 305
630 274
575 308
590 306
629 275
575 309
590 307
628 276
575 310
590 308
627 277
575 311
590 309
626 278
575 312
590 310
625 279
575 313
590 311
625 280
575 314
590 312
625 281
575 315
590 313
625 282
575 316
590 314
625 283
575 317
590 315
626 284
575 318
590 316
627 285
575 319
590 317
628 286
575 320
591 318
628 287
574 321
592 319
628 288
574 322
593 320
628 289
574 323
594 321
628 290
574 324
595 322
628 291
574 325
596 323
628 292
574 326
597 324
628 293
574 327
598 325
628 294
574 328
599 326
628 295
574 329
600 326
628 296
574 330
601 326
601 327
628 297
574 331
602 326
600 328
628 298
574 332
603 327
599 329
627 299
574 333
604 328
598 330
626 300
605 329
597 331
625 301
606 330
596 332
624 302
607 331
595 333
623 303
608 332
594 334
622 304
609 333
593 335
621 305
610 334
592 335
620 306
611 335
591 335
619 306
621 307
611 336
590 335
618 306
622 308
611 337
589 335
617 306
623 309
611 338
616 306
624 310
611 339
615 306
625 311
611 340
614 306
625 312
611 341
613 306
625 313
612 342
612 306
625 314
613 343
611 306
625 315
614 343
610 306
625 316
615 343
609 306
625 317
616 343
608 306
625 318
617 343
607 306
625 319
618 343
606 306
625 320
619 343
605 306
620 343
621 343
622 343
623 343
624 343
625 343
626 343
627 344
628 345
628 346
628 347
628 348
628 349
628 350
628 351
628 352
628 353
627 354
627 355
627 356
627 357
627 358
627 359
627 360
627 361
627 362
627 363
627 364
627 365
627 366
627 367
627 368
626 369
625 370
624 371
623 372
623 373
623 374
623 375
623 376
623 377
623 378
623 379
623 380
623 381
623 382
623 383
623 384
624 384
623 385
625 385
623 386
626 385
623 387
627 385
623 388
628 385
623 389
629 385
623 390
630 385
623 391
631 385
623 392
632 385
623 393
633 385
623 394
634 385
623 395
635 385
623 396
636 385
623 397
637 385
622 398
623 398
638 385
621 398
639 385
639 386
620 398
640 385
640 387
619 398
641 385
641 388
618 397
642 385
641 389
617 396
643 385
641 390
616 395
644 385
641 391
615 394
645 385
641 392
614 393
646 385
641 393
613 392
641 394
612 391
641 395
611 390
641 396
610 389
641 397
609 388
641 398
608 387
641 399
607 387
641 400
606 387
640 401
641 401
605 387
639 402
641 402
604 387
638 403
641 403
603 387
637 404
641 404
602 387
636 405
641 405
601 386
635 406
641 406
600 385
634 407
641 407
599 384
633 408
641 408
598 383
632 409
641 409
597 382
631 410
641 410
596 381
630 411
641 411
595 380
629 412
594 379
628 413
593 378
593 379
593 380
627 413
593 377
593 381
626 413
593 376
593 382
593 375
593 383
592 374
593 384
591 373
593 385
590 372
593 386
589 371
593 387
588 370
593 388
587 369
593 389
586 368
593 390
585 367
593 391
584 366
593 392
583 365
593 393
582 364
592 394
581 363
582 363
583 363
591 395
580 364
581 362
584 363
590 396
579 365
581 361
585 363
589 397
578 366
581 360
586 363
588 398
578 367
581 359
587 363
587 399
578 368
581 358
588 363
586 400
578 369
581 357
589 363
585 401
578 370
581 356
590 363
584 402
578 371
581 355
591 363
583 403
578 372
580 354
592 363
582 404
578 373
579 353
593 363
581 403
581 404
581 405
578 374
578 352
594 363
581 402
581 406
578 375
577 351
595 363
581 401
581 407
578 376
576 350
596 362
596 363
581 400
581 408
578 377
575 349
596 361
581 399
582 409
578 378
574 348
596 360
581 398
583 410
596 359
581 397
584 411
596 358
581 396
585 412
596 357
580 395
586 413
596 356
579 394
587 414
596 355
578 393
588 415
596 354
589 416
596 353
590 415
590 416
590 417
596 352
590 414
590 418
596 351
591 413
590 419
596 350
592 412
590 420
593 411
590 421
594 410
590 422
595 409
590 423
596 408
591 424
592 425
593 426
594 427
595 428
596 429
597 429
598 429
599 429
600 429
601 429
602 429
603 429
604 429
604 430
604 431
604 432
604 433
604 434
604 435
604 436
604 437
604 438
603 439
604 439
602 439
601 439
600 439
599 439
598 439
597 439
596 439
595 439
594 439
593 439
592 439
591 439
590 438
589 439
588 440
587 441
586 442
585 443
584 443
583 443
582 443
581 443
580 443
579 443
578 442
578 443
578 441
578 440
578 439
578 438
578 437
578 436
578 435
578 434
578 433
577 432
576 431
575 430
574 430
573 430
572 430
571 430
570 430
569 430
568 430
567 430
566 430
565 430
564 430
563 430
562 430
561 430
560 430
559 431
558 432
557 433
556 434
555 435
554 436
553 436
552 436
551 436
550 436
549 436
548 436
547 436
546 436
545 436
544 435
543 434
542 433
541 432
540 431
539 430
538 429
537 428
536 427
535 426
534 425
533 424
532 423
531 422
530 421
531 421
532 421
529 422
530 420
533 421
528 423
531 419
534 421
527 424
532 418
535 421
526 425
533 417
536 421
525 426
534 416
537 421
524 427
535 415
538 421
523 428
536 414
539 421
522 428
522 429
523 429
537 413
540 421
521 427
521 430
524 430
538 412
541 421
520 426
520 431
525 431
539 411
542 421
519 425
519 432
526 432
540 410
543 421
518 424
518 433
527 433
541 409
544 421
517 423
517 434
528 434
542 408
545 421
516 422
516 435
529 435
543 407
515 421
515 436
516 436
517 436
528 436
529 436
530 436
544 406
514 421
518 436
527 436
513 421
519 436
526 436
512 421
520 436
525 436
511 421
521 436
524 436
510 421
522 436
523 436
509 421
508 421
507 421
506 421
505 421
504 421
503 421
502 421
501 421
500 421
499 421
498 421
497 421
496 421
495 421
494 421
493 421
492 421
491 421
490 421
489 421
488 421
487 421
486 421
485 420
484 420
483 420
482 420
481 420
480 420
479 420
478 420
477 420
476 420
475 420
474 420
473 420
472 420
471 420
471 421
470 420
470 421
470 422
472 422
470 423
473 423
470 424
474 424
470 425
475 425
470 426
476 426
470 427
477 427
470 428
478 428
470 429
479 429
470 430
480 430
470 431
481 431
470 432
482 432
470 433
483 433
470 434
484 434
469 435
470 435
485 435
468 435
486 436
467 435
487 436
466 435
488 436
465 435
489 436
464 435
490 436
463 435
491 436
462 435
492 436
461 435
493 436
460 435
494 436
459 435
495 436
458 435
496 436
457 435
497 436
456 435
498 436
455 435
499 436
454 435
500 436
453 435
452 435
451 435
450 435
449 435
448 435
447 435
446 435
445 435
444 435
443 435
442 435
441 434
441 435
440 435
442 433
439 435
439 436
443 432
438 435
438 437
444 431
437 434
437 437
445 430
436 433
436 437
446 429
435 432
435 437
447 428
434 431
434 437
448 427
433 430
433 437
449 426
432 429
432 437
450 425
431 428
431 437
451 424
430 427
430 437
452 423
429 426
429 437
453 422
428 425
428 437
454 421
427 424
427 437
455 420
426 423
426 437
425 422
425 437
425 421
424 436
424 437
425 420
423 435
423 437
425 419
422 434
422 437
425 418
421 433
421 437
425 417
420 432
420 437
425 416
419 431
419 437
425 415
418 430
418 437
425 414
417 429
417 437
425 413
416 428
416 437
426 412
415 427
415 437
427 411
414 426
414 437
428 410
413 425
413 437
429 409
412 424
412 437
430 408
411 423
411 437
431 407
410 422
410 437
431 406
432 407
432 408
409 438
431 405
433 407
433 409
408 439
431 404
434 407
434 410
407 440
431 403
435 407
435 411
406 441
431 402
436 407
436 412
405 442
431 401
437 407
437 413
404 443
431 400
438 407
438 414
403 444
431 399
439 407
439 415
402 445
431 398
440 406
440 416
401 446
431 397
441 405
440 417
400 447
431 396
442 404
440 418
399 448
431 395
443 403
440 419
398 449
430 394
444 403
440 420
397 450
445 403
396 450
396 451
446 403
395 450
397 452
447 403
398 453
448 403
399 454
449 403
400 455
450 403
401 456
451 403
402 457
452 402
403 458
453 401
404 459
454 400
405 459
454 399
455 399
406 459
453 398
407 459
407 460
452 397
408 459
406 461
451 396
405 462
450 395
404 463
449 394
403 464
448 393
402 465
447 392
401 465
446 391
400 465
445 390
399 465
444 389
398 465
443 388
444 388
445 388
397 465
442 388
446 388
396 465
441 388
447 388
395 465
440 387
448 388
394 465
394 466
439 386
449 388
393 465
395 467
438 385
450 388
392 466
396 468
437 384
451 388
391 467
397 469
436 383
452 387
390 468
398 470
435 382
453 386
389 469
399 471
434 381
454 385
388 470
400 472
433 380
455 384
387 471
401 473
432 379
433 379
434 379
456 384
386 472
402 474
435 379
457 384
385 473
403 475
436 378
458 384
384 474
404 476
437 377
459 384
383 475
405 477
438 376
460 384
382 476
406 477
439 375
461 384
381 477
407 477
440 374
462 384
380 478
408 477
441 373
463 384
379 478
379 479
409 477
442 372
464 384
378 478
380 480
410 477
443 371
465 384
377 479
381 481
411 477
443 370
466 384
376 480
382 481
412 477
443 369
467 384
375 481
383 481
413 477
443 368
468 384
374 482
384 481
414 477
442 367
469 384
373 483
385 481
415 477
441 366
470 384
372 484
386 481
416 477
440 365
471 384
371 485
387 481
439 364
472 384
370 486
388 481
438 363
473 384
369 486
389 481
437 362
474 384
368 486
390 481
436 361
475 384
367 486
391 481
435 360
476 383
366 486
366 487
392 481
434 359
477 382
365 486
367 488
393 481
433 358
477 381
478 383
364 487
368 489
394 482
433 357
477 380
478 380
479 384
363 488
369 490
395 483
433 356
477 379
479 379
480 384
362 489
370 491
396 484
433 355
477 378
480 378
481 384
361 490
371 492
397 485
433 354
476 377
481 377
482 384
360 491
372 493
398 486
432 353
475 376
482 376
483 384
359 492
373 493
373 494
399 487
431 352
474 375
483 375
484 384
358 493
374 493
372 495
400 488
430 351
473 374
484 374
485 384
357 494
371 496
401 489
429 350
472 373
485 373
486 384
356 495
370 497
402 490
428 349
471 372
486 372
487 384
355 496
369 498
403 491
427 348
470 371
487 371
488 384
354 497
368 499
404 492
426 347
469 370
488 370
489 384
353 498
367 500
405 492
425 346
468 369
489 369
490 384
352 498
366 501
406 492
424 345
468 368
490 369
491 384
351 498
365 501
366 502
407 492
423 344
468 367
491 369
492 384
350 498
364 502
367 503
408 492
422 343
423 343
424 343
468 366
492 369
493 384
349 498
363 503
368 504
409 493
421 344
425 343
468 365
493 369
494 384
348 498
362 504
369 505
410 494
420 344
426 343
468 364
494 369
495 384
347 498
361 505
370 506
411 495
419 344
427 343
468 363
495 369
496 384
346 498
360 506
371 507
412 496
418 344
428 343
468 362
496 369
497 384
345 498
359 507
372 507
413 497
417 344
429 343
468 361
497 369
498 384
344 498
358 508
373 507
414 498
416 344
430 343
468 360
498 369
499 384
343 498
357 509
374 507
415 499
415 344
431 343
468 359
499 369
500 384
342 498
356 510
375 507
416 500
414 344
432 343
468 358
500 369
501 384
341 498
355 511
413 344
433 343
468 357
501 368
502 384
340 498
354 512
412 344
434 343
468 356
502 367
503 384
339 498
353 513
411 344
435 343
469 355
503 366
504 384
338 498
352 513
410 344
436 343
470 354
504 365
505 384
337 498
409 344
437 342
470 353
471 354
505 364
506 384
336 498
408 344
437 341
438 342
438 343
470 352
472 354
506 363
507 384
335 497
335 498
407 344
437 340
439 342
439 344
470 351
473 354
507 362
508 384
335 496
334 499
406 345
437 339
440 342
440 345
470 350
474 354
508 361
509 384
335 495
333 500
405 346
437 338
441 342
441 346
470 349
475 354
509 360
510 384
335 494
336 494
333 501
404 347
437 337
442 342
442 347
470 348
476 354
510 359
511 384
335 493
337 493
333 502
403 348
437 336
443 342
443 348
470 347
477 354
511 358
512 384
335 492
338 492
333 503
402 349
437 335
444 342
444 349
470 346
478 354
512 357
513 384
335 491
339 491
333 504
401 350
437 334
445 342
445 350
470 345
479 354
513 356
514 384
335 490
340 490
333 505
400 351
437 333
446 342
446 351
470 344
480 354
514 355
515 385
335 489
341 489
333 506
399 352
437 332
447 342
447 352
470 343
481 354
515 354
515 355
515 356
516 386
335 488
342 488
333 507
398 353
437 331
448 342
448 353
470 342
482 354
516 354
515 357
517 386
335 487
343 487
333 508
397 354
437 330
449 342
449 354
469 341
483 354
517 354
515 358
518 386
335 486
344 486
333 509
396 354
437 329
450 341
450 354
468 340
484 354
518 354
515 359
519 386
334 485
345 485
395 354
436 328
451 340
467 339
468 339
469 339
485 354
519 354
515 360
520 386
333 484
346 484
394 354
435 327
452 339
470 339
486 354
520 354
515 361
521 386
332 483
347 483
393 354
393 355
434 328
435 326
471 339
487 354
521 354
515 362
522 386
331 483
347 482
348 483
392 354
394 356
433 328
435 325
472 339
488 354
522 354
515 363
523 386
330 483
347 481
349 483
395 357
432 328
435 324
473 339
489 354
523 354
515 364
524 386
329 483
347 480
350 483
396 358
431 328
435 323
474 339
490 354
524 354
515 365
525 386
525 387
328 483
347 479
351 482
397 359
430 328
435 322
475 339
491 354
525 354
515 366
526 386
524 388
327 483
347 478
352 481
398 360
429 328
435 321
476 339
492 354
526 353
515 367
527 387
523 389
326 483
347 477
353 480
399 361
428 328
435 320
477 339
493 354
525 352
526 352
515 368
528 388
522 390
325 483
347 476
354 479
400 362
427 328
434 319
478 339
494 354
524 351
526 351
515 369
529 388
521 391
324 483
346 475
355 478
401 363
426 328
433 318
479 339
495 354
523 350
526 350
530 388
520 392
323 483
345 474
356 477
402 364
425 328
432 317
480 339
496 354
522 349
527 349
531 388
519 393
322 483
344 473
357 476
403 365
424 328
431 316
481 339
497 354
521 348
528 348
532 388
518 394
321 483
343 472
358 475
404 365
404 366
423 328
430 315
482 339
498 354
520 347
529 347
533 388
517 395
320 483
342 471
359 474
405 365
403 367
422 328
429 314
483 339
499 354
519 346
530 346
534 388
516 396
319 483
341 470
360 473
402 368
421 328
428 313
484 339
500 354
518 345
531 345
535 388
515 397
318 482
340 469
361 472
401 369
420 328
427 312
428 312
429 312
485 339
517 344
532 344
536 388
514 398
317 481
339 468
340 468
341 468
362 471
400 369
430 312
486 339
516 343
533 343
537 388
514 399
316 481
316 482
342 468
362 470
399 369
431 312
487 339
515 342
534 342
538 388
513 400
515 400
315 481
315 483
343 467
362 469
398 369
432 312
488 339
514 341
535 341
539 388
512 400
516 401
314 481
314 484
344 466
362 468
397 369
433 312
489 339
513 340
536 340
540 388
511 400
517 401
313 481
313 485
345 465
363 467
396 369
434 312
490 339
512 339
535 339
536 339
537 339
541 388
510 400
518 401
312 480
312 486
346 464
364 466
395 369
435 312
491 339
534 339
537 338
542 388
509 400
519 401
311 479
311 487
347 463
365 465
394 369
436 312
492 339
533 339
537 337
543 388
508 400
520 401
310 478
310 488
348 462
366 464
393 369
437 312
493 339
532 339
537 336
544 388
507 400
521 401
309 477
309 489
349 461
367 463
392 369
438 312
494 339
531 339
537 335
545 388
506 400
522 401
308 476
308 490
350 460
368 462
391 369
439 312
495 339
530 339
537 334
546 388
505 400
523 401
307 490
307 491
308 491
351 459
369 461
390 369
440 312
496 339
529 339
537 333
547 388
504 400
306 489
306 491
352 458
370 460
389 369
441 312
497 339
528 339
537 332
548 388
503 400
305 488
305 491
353 457
388 369
442 311
527 339
537 331
549 388
502 400
304 487
304 491
354 456
387 369
538 330
550 388
501 400
303 486
303 491
386 368
539 329
551 388
500 400
302 485
302 491
385 367
540 328
552 388
499 400
301 484
301 491
384 366
541 327
553 388
498 400
300 483
300 491
383 365
542 326
554 387
497 400
299 482
299 491
382 364
543 326
543 327
555 386
496 400
298 481
298 491
381 363
544 326
544 328
556 385
495 400
297 480
297 491
380 362
545 326
545 329
556 384
494 400
296 479
296 491
379 361
546 326
546 330
556 383
493 400
295 478
295 491
378 360
547 326
547 331
556 382
492 400
294 477
294 491
377 359
548 326
548 332
555 381
491 400
293 476
293 491
376 360
549 326
549 333
554 380
490 400
375 361
550 326
550 334
553 379
489 400
374 361
551 326
551 335
552 378
488 400
373 361
552 325
552 326
552 336
551 377
487 399
372 361
552 324
552 337
550 376
486 399
371 361
552 323
552 338
549 375
485 399
370 361
552 322
552 339
548 374
484 399
369 361
552 321
552 340
547 373
483 399
368 361
552 320
552 341
482 399
367 361
552 319
553 342
481 399
366 361
552 318
554 343
480 399
365 361
552 317
554 344
479 399
364 361
552 316
554 345
478 399
363 361
551 315
552 315
554 346
477 399
362 361
550 315
554 347
476 399
361 362
549 315
554 348
475 399
360 362
548 315
554 349
474 399
359 362
547 315
554 350
473 399
358 362
546 315
554 351
472 399
357 362
545 315
554 352
356 362
544 315
554 353
355 362
543 315
553 354
554 354
354 362
542 314
552 354
353 362
541 313
551 354
352 362
540 312
550 354
351 362
539 311
540 311
541 311
549 354
350 362
539 310
542 310
548 354
349 362
539 309
543 309
547 354
348 362
348 363
539 308
544 308
546 354
347 362
349 364
539 307
545 307
545 354
346 363
350 365
539 306
546 306
544 354
345 363
351 366
539 305
547 305
543 354
344 363
352 367
539 304
548 304
542 354
343 363
353 368
539 303
549 303
541 354
342 363
353 369
539 302
550 302
341 363
353 370
539 301
551 301
340 363
353 371
539 300
552 300
339 363
353 372
538 299
338 363
353 373
537 298
337 363
353 374
536 297
336 363
353 375
535 296
335 363
353 376
534 297
535 295
334 363
353 377
354 377
533 297
534 294
333 363
333 364
353 378
355 377
532 297
533 293
332 363
334 365
353 379
356 377
531 297
532 292
331 364
335 366
353 380
357 377
530 297
531 291
330 365
336 367
353 381
358 377
529 297
530 290
329 366
337 368
353 382
359 377
528 297
529 289
328 367
337 369
353 383
360 377
527 297
528 288
327 368
337 370
353 384
361 377
526 297
527 287
326 369
337 371
353 385
362 377
525 297
526 286
325 370
337 372
353 386
363 377
524 297
525 285
324 371
337 373
353 387
364 377
523 297
524 284
323 371
337 374
353 388
365 377
522 297
523 283
322 371
337 375
353 389
366 377
521 297
522 282
321 371
337 376
353 390
367 377
520 297
520 298
522 281
320 372
337 377
353 391
368 376
520 299
522 280
319 373
337 378
353 392
520 300
522 279
318 374
336 379
353 393
520 301
522 278
317 375
335 380
353 394
520 302
522 277
316 376
334 381
353 395
520 303
522 276
315 377
333 382
353 396
520 304
522 275
314 378
332 383
353 397
520 305
522 274
313 379
331 384
353 398
520 306
522 273
312 380
331 385
353 399
520 307
522 272
311 381
331 386
353 400
520 308
522 271
310 382
331 387
353 401
520 309
523 270
309 382
331 388
353 402
520 310
524 271
308 382
331 389
353 403
520 311
525 272
307 382
331 390
352 404
520 312
526 273
306 381
306 382
331 391
351 405
520 313
527 274
306 380
305 383
331 392
350 406
520 314
528 275
306 379
304 384
331 393
349 407
520 315
529 276
306 378
303 385
331 394
348 408
520 316
530 277
306 377
303 386
348 409
520 317
531 278
306 376
303 387
348 410
520 318
532 279
306 375
303 388
348 411
520 319
533 280
306 374
303 389
348 412
520 320
534 281
306 373
303 390
348 413
535 280
535 281
306 372
303 391
348 414
535 279
305 371
303 392
348 415
535 278
304 370
303 393
348 416
535 277
303 369
303 394
348 417
535 276
303 395
347 418
348 418
535 275
303 396
346 418
349 419
535 274
303 397
345 418
350 419
535 273
344 418
351 419
536 272
343 418
352 419
537 271
342 418
353 419
538 270
341 418
354 419
538 269
539 270
539 271
340 418
355 419
538 268
540 270
540 272
339 418
356 419
538 267
541 270
541 273
338 418
357 419
538 266
542 270
542 274
337 418
358 419
538 265
543 270
543 275
336 418
359 419
538 264
544 270
544 276
335 418
360 419
538 263
545 270
545 277
334 418
361 419
538 262
546 270
546 278
333 418
333 419
362 419
362 420
538 261
547 270
547 279
332 419
333 420
363 419
361 421
538 260
548 270
548 280
331 420
333 421
364 419
364 420
360 422
538 259
549 270
549 281
330 421
333 422
365 419
365 421
359 423
538 258
550 270
550 282
329 422
333 423
366 419
366 422
358 424
538 257
551 270
550 283
328 423
333 424
367 419
367 423
357 425
538 256
552 270
550 284
327 424
333 425
368 419
368 424
357 426
537 255
553 269
550 285
326 425
333 426
369 419
369 425
357 427
536 255
537 254
325 426
333 427
370 419
370 426
357 428
535 254
537 253
324 427
333 428
371 418
371 426
357 429
534 253
537 252
323 428
333 429
372 417
372 426
357 430
533 252
537 251
322 429
373 416
373 426
357 431
532 251
537 250
321 429
374 415
374 426
357 432
531 250
537 249
320 429
375 414
375 426
357 433
530 249
537 248
319 429
376 413
376 426
357 434
529 248
537 247
318 428
318 429
377 412
377 426
528 247
537 246
318 427
317 430
378 411
378 426
527 246
537 245
318 426
316 431
378 410
379 426
526 245
537 244
318 425
315 432
378 409
380 426
525 244
537 243
318 424
314 433
378 408
381 426
524 243
537 242
538 242
318 423
313 434
378 407
382 426
523 242
537 241
538 241
539 241
539 243
318 422
312 435
378 406
383 426
522 241
522 242
522 243
540 241
540 244
318 421
311 435
378 405
384 426
522 244
541 241
541 245
317 420
318 420
310 435
378 404
385 426
522 245
542 241
542 246
316 420
309 435
378 403
386 426
522 246
543 241
543 247
315 420
308 435
378 402
387 426
522 247
544 241
544 248
314 420
307 435
377 401
388 425
522 248
545 241
545 249
313 420
306 435
376 400
389 424
522 249
546 241
546 250
312 420
305 435
375 399
390 423
522 250
547 241
547 251
311 420
304 435
304 436
374 398
391 422
522 251
548 241
548 252
310 420
303 435
305 437
373 397
392 421
522 252
549 241
549 253
309 420
305 438
372 396
393 420
522 253
550 241
550 254
308 420
305 439
393 419
394 421
522 254
551 240
551 254
307 420
305 440
393 418
395 422
522 255
552 239
552 254
306 420
305 441
393 417
395 423
521 256
552 238
305 420
305 442
393 416
395 424
520 257
552 237
304 420
305 443
393 415
395 425
519 258
551 236
303 420
305 444
393 414
395 426
518 259
550 235
305 445
393 413
395 427
517 260
549 234
305 446
394 412
395 428
516 261
548 233
305 447
395 411
395 429
515 262
547 232
305 448
396 410
395 430
514 262
546 231
305 449
397 409
395 431
513 262
545 230
305 450
398 408
395 432
512 262
544 229
305 451
399 407
395 433
511 262
543 228
306 452
400 406
395 434
510 262
542 227
307 453
401 405
395 435
509 262
541 226
308 454
402 404
508 262
540 225
309 455
403 403
507 263
539 224
540 224
541 224
310 456
404 402
506 264
542 224
311 457
505 265
543 224
312 458
504 266
544 224
313 459
503 267
545 224
502 267
546 224
501 267
547 224
500 267
548 224
499 267
549 224
498 267
550 223
497 267
551 222
496 267
552 221
495 267
551 220
552 220
553 220
494 267
494 268
550 220
493 267
495 269
549 219
492 267
492 268
496 270
548 218
491 266
492 269
497 271
547 217
490 265
492 270
498 272
546 216
489 264
492 271
499 273
545 215
488 263
492 272
500 274
544 214
487 262
492 273
501 275
543 213
486 261
492 274
502 276
542 212
485 260
492 275
503 277
541 211
484 259
492 276
504 278
540 210
483 258
492 277
505 279
539 209
540 209
541 209
482 257
492 278
506 280
539 208
542 209
481 256
491 279
492 279
507 281
539 207
543 209
480 255
490 279
507 282
539 206
544 209
479 254
489 279
539 205
545 209
478 253
488 278
539 204
546 209
478 252
479 252
487 277
539 203
547 209
478 251
480 251
486 276
539 202
548 209
478 250
481 250
485 275
539 201
549 209
478 249
482 249
484 274
539 200
550 208
478 248
483 248
483 273
539 199
551 207
478 247
484 247
482 272
538 198
552 206
478 246
485 246
481 271
537 197
553 205
478 245
486 245
480 270
536 196
478 244
487 244
479 269
535 195
478 243
488 243
478 268
534 194
535 194
536 194
478 242
489 242
477 269
533 194
537 194
478 241
490 241
477 270
532 194
538 194
478 240
491 240
477 271
531 194
539 194
477 239
492 239
477 272
530 194
540 194
476 239
492 238
493 239
477 273
529 194
541 194
475 239
492 237
494 239
477 274
528 194
542 194
474 239
492 236
495 239
477 275
527 194
543 194
473 239
492 235
496 239
477 276
526 194
544 194
472 239
492 234
497 239
477 277
525 194
545 194
471 239
492 233
498 239
477 278
524 194
546 193
470 239
492 232
499 239
477 279
523 194
547 192
469 239
492 231
500 239
477 280
522 194
548 191
468 239
492 230
501 239
476 281
521 194
549 190
467 239
492 229
502 239
475 281
520 194
466 239
492 228
503 239
474 281
519 194
519 195
465 239
492 227
504 239
473 281
518 195
519 196
464 239
492 226
505 239
472 281
517 196
519 197
463 239
463 240
491 225
506 239
471 281
516 197
519 198
462 238
462 239
463 241
490 224
491 224
492 224
507 239
470 281
515 198
519 199
462 237
461 240
463 242
493 224
469 281
514 199
519 200
463 236
460 241
463 243
494 224
468 281
513 200
519 201
464 235
459 242
463 244
495 224
467 281
512 201
519 202
465 234
458 243
463 245
496 224
466 281
511 202
519 203
466 233
457 244
463 246
497 224
465 281
510 203
519 204
467 232
456 245
463 247
498 224
464 281
464 282
509 204
519 205
468 231
455 246
463 248
499 224
463 280
463 281
465 283
508 205
469 230
454 247
463 249
500 224
463 279
466 284
507 205
470 229
453 248
463 250
501 224
463 278
467 285
506 205
471 228
452 249
463 251
502 224
463 277
468 286
505 205
472 227
451 250
463 252
503 224
463 276
469 287
504 204
504 205
473 226
450 251
463 253
504 224
463 275
470 288
503 205
504 203
474 225
449 252
463 254
505 224
463 274
471 289
502 204
504 202
473 224
474 224
475 224
448 253
506 224
463 273
472 290
501 203
504 201
472 224
447 252
447 253
507 224
463 272
473 291
500 202
504 200
471 224
447 251
508 224
463 271
474 292
499 201
504 199
470 224
447 250
509 224
463 270
475 293
498 200
504 198
469 224
447 249
510 224
463 269
476 294
497 199
504 197
468 224
447 248
511 224
476 295
477 295
496 198
504 196
467 224
447 247
512 224
478 295
495 197
504 195
466 224
447 246
513 224
479 295
494 196
504 194
465 224
447 245
514 224
480 295
493 195
504 193
464 224
446 244
447 244
515 224
481 295
492 194
504 192
463 224
445 245
447 243
516 224
482 295
491 193
504 191
462 224
444 246
517 224
483 295
490 192
461 224
443 247
518 224
484 295
489 191
489 192
489 193
460 224
442 248
519 224
485 295
488 192
489 190
489 194
441 249
520 224
486 295
487 193
489 189
489 195
440 250
487 295
486 194
489 188
489 196
439 251
488 295
485 195
489 187
489 197
438 252
489 295
484 196
489 186
489 198
437 253
490 295
490 296
483 197
490 185
489 199
436 254
490 297
482 198
491 184
489 200
435 255
490 298
481 199
492 183
489 201
434 255
490 299
480 200
493 182
489 202
433 255
433 256
490 300
479 201
494 181
489 203
432 254
432 255
433 257
490 301
478 202
495 180
489 204
432 253
433 258
490 302
477 203
496 179
489 205
432 252
433 259
490 303
476 204
497 178
432 251
433 260
490 304
475 205
498 177
432 250
433 261
490 305
474 204
474 205
499 176
432 249
433 262
490 306
474 203
432 248
433 263
490 307
474 202
432 247
433 264
490 308
474 201
432 246
433 265
490 309
474 200
432 245
433 266
490 310
491 310
474 199
432 244
433 267
489 311
490 311
491 311
492 310
474 198
432 243
433 268
488 312
490 312
492 312
493 310
474 197
431 242
433 269
487 313
490 313
493 313
494 310
474 196
430 241
433 270
486 314
490 314
494 314
495 310
474 195
429 240
432 271
434 271
485 315
490 315
495 315
496 310
474 194
429 239
430 239
431 272
435 272
484 316
490 316
496 316
497 309
474 193
429 238
431 238
430 273
436 273
483 317
490 317
497 316
498 308
474 192
429 237
432 237
429 274
437 274
482 318
490 318
498 316
499 307
474 191
429 236
433 236
428 275
438 275
481 319
490 319
499 316
500 306
474 190
429 235
434 235
428 276
439 276
480 320
490 320
500 316
501 305
474 189
429 234
435 234
428 277
440 277
479 321
490 321
501 316
502 304
474 188
429 233
436 233
428 278
441 278
478 321
502 316
503 303
474 187
429 232
437 232
428 279
442 279
477 321
503 316
504 302
474 186
429 231
438 231
428 280
443 278
443 279
443 280
476 321
504 316
505 301
474 185
428 230
439 230
428 281
443 277
443 281
475 320
475 321
505 316
474 184
427 229
440 229
428 282
443 276
474 321
475 319
474 183
426 228
441 228
428 283
443 275
473 321
475 318
474 182
425 227
442 227
429 284
443 274
472 321
475 317
473 181
424 226
430 285
443 273
471 321
475 316
472 180
423 225
424 225
425 225
431 286
444 272
470 321
475 315
471 179
423 224
426 224
431 287
445 271
469 321
475 314
470 178
423 223
427 223
431 288
446 270
468 321
475 313
469 177
470 177
471 177
423 222
428 222
431 289
447 269
467 321
475 312
472 177
423 221
429 221
431 290
448 268
466 321
475 311
473 177
423 220
430 220
431 291
465 321
474 177
423 219
431 219
431 292
464 321
475 177
423 218
432 218
431 293
463 321
476 177
423 217
433 217
431 294
462 321
477 177
423 216
434 216
431 295
461 321
478 177
423 215
435 215
432 296
460 320
460 321
479 177
423 214
436 214
433 296
460 319
480 177
423 213
437 213
434 296
460 318
481 177
423 212
438 212
435 296
460 317
482 177
423 211
436 296
460 316
483 177
422 210
423 210
437 296
460 315
484 176
421 210
423 209
438 296
460 314
420 210
423 208
439 296
460 313
419 210
423 207
440 296
460 312
418 210
423 206
441 296
460 311
417 210
423 205
442 296
416 210
423 204
443 296
415 210
423 203
444 296
414 209
414 210
424 202
445 296
414 208
425 201
446 296
414 207
426 200
447 296
414 206
427 199
448 296
414 205
428 198
449 296
414 204
429 197
450 296
414 203
430 197
451 296
414 202
431 197
452 296
414 201
432 197
453 296
414 200
433 197
454 296
414 199
434 197
455 296
414 198
435 197
456 296
414 197
436 197
457 296
414 196
437 197
458 296
413 195
414 195
438 197
459 296
412 195
414 194
439 197
460 296
411 195
414 193
440 197
461 296
410 195
414 192
441 196
409 195
414 191
442 195
408 195
414 190
443 194
407 195
414 189
444 193
406 195
413 188
444 192
445 194
405 195
412 187
444 191
446 195
404 195
411 186
444 190
447 196
403 195
410 185
444 189
448 197
402 195
409 184
444 188
449 198
401 195
408 183
444 187
450 199
400 195
407 182
444 186
451 200
399 195
406 181
444 185
452 201
398 195
405 180
444 184
453 200
453 201
453 202
397 195
405 179
443 183
453 199
453 203
396 195
406 178
442 182
454 198
453 204
395 195
407 177
441 181
455 197
453 205
394 194
408 176
440 180
456 196
393 193
409 175
439 179
457 195
392 192
410 174
438 178
458 194
391 191
411 173
437 177
459 193
390 190
412 172
436 176
390 189
413 171
435 175
390 188
434 174
390 187
433 173
390 186
433 172
390 185
433 171
390 184
433 170
390 183
433 169
389 182
433 168
388 181
433 167
387 180
433 166
386 179
433 165
385 178
433 164
384 177
433 163
383 176
433 162
382 175
433 161
381 175
433 160
380 175
433 159
379 175
432 158
433 158
434 158
378 175
435 158
377 175
436 158
376 175
437 158
375 175
438 158
374 175
439 158
373 174
440 158
372 173
441 158
371 172
442 157
370 171
442 156
443 158
369 170
443 155
444 159
368 169
444 154
445 160
367 168
367 169
367 170
445 153
446 160
366 168
367 171
446 152
447 160
365 168
367 172
447 151
448 160
364 168
367 173
448 150
449 160
363 168
367 174
449 149
450 160
362 168
367 175
450 148
451 160
361 168
367 176
451 147
452 160
360 168
367 177
452 146
453 160
359 168
367 178
453 145
454 160
358 168
367 179
454 144
455 160
357 168
367 180
453 143
454 143
455 143
456 160
356 168
367 181
452 143
457 160
355 168
367 182
451 143
458 160
354 168
367 183
450 143
459 160
353 168
449 143
460 160
352 167
448 143
461 160
351 167
447 143
462 160
350 167
446 143
463 160
349 167
445 143
464 160
348 167
444 143
465 160
347 167
443 143
466 159
346 167
442 142
467 158
345 167
441 143
468 158
344 167
440 143
469 158
343 167
439 143
470 158
342 167
438 143
471 158
341 167
437 143
472 158
340 167
436 143
473 158
339 167
435 143
474 158
338 167
434 143
475 158
337 166
337 167
337 168
433 143
476 158
336 167
337 169
432 143
477 157
477 158
335 168
337 170
431 143
477 156
478 158
334 169
337 171
430 143
477 155
479 158
333 170
337 172
429 144
477 154
480 158
332 171
337 173
428 145
477 153
481 158
331 172
337 174
427 146
477 152
482 158
330 173
337 175
426 147
477 151
483 158
329 174
337 176
425 148
477 150
484 158
328 175
337 177
424 149
477 149
485 158
327 176
337 178
423 150
476 148
486 158
326 177
337 179
422 151
475 147
487 158
325 178
337 180
421 151
474 146
488 158
324 179
337 181
420 151
473 145
489 157
323 180
338 182
419 151
472 144
489 156
490 158
322 179
322 180
322 181
339 182
418 151
471 143
489 155
491 159
322 178
340 182
417 151
489 154
492 159
322 177
341 182
416 151
489 153
493 159
322 176
342 182
415 151
489 152
494 159
322 175
343 182
414 151
489 151
495 159
322 174
344 182
413 151
489 150
496 159
322 173
345 182
412 151
489 149
497 159
322 172
346 182
411 150
489 148
498 159
322 171
347 182
410 149
489 147
499 159
322 170
348 182
409 148
489 146
500 159
322 169
349 182
408 147
489 145
501 159
322 168
350 182
407 146
488 144
502 159
322 167
351 182
406 145
487 143
503 159
322 166
352 182
405 144
486 142
504 158
404 143
505 157
403 144
506 156
402 145
507 155
401 146
508 154
400 147
509 153
399 148
510 152
398 149
511 151
397 150
510 150
511 150
512 150
512 151
512 152
396 151
509 150
513 150
512 153
395 151
508 149
514 150
512 154
394 151
507 148
515 149
512 155
393 151
506 147
516 148
512 156
392 151
505 146
517 147
512 157
391 151
504 145
518 146
512 158
390 151
503 144
519 145
512 159
389 150
389 151
502 143
520 144
512 160
389 149
501 142
521 143
512 161
513 161
389 148
522 142
513 162
514 161
389 147
523 141
514 163
515 161
389 146
514 164
516 161
389 145
514 165
517 161
388 144
389 144
514 166
518 161
387 144
389 143
514 167
519 161
386 144
514 168
520 161
385 144
514 169
521 161
384 144
514 170
522 161
383 144
514 171
523 160
382 144
514 172
524 159
381 144
514 173
525 158
380 144
514 174
526 157
379 144
514 175
527 156
378 144
514 176
528 157
377 144
529 158
376 144
530 159
375 144
531 159
374 144
532 159
533 159
534 159
535 159
536 159
537 159
538 159
539 159
540 159
541 159
542 159
543 160
544 161
545 162
546 163
547 164
547 165
547 166
547 167
547 168
548 168
547 169
549 167
547 170
550 166
547 171
551 165
547 172
552 164
553 163
554 162
555 161
556 160
557 159
833
333 263
333 278
318 262
348 262
330 292
348 277
345 293
310 262
318 292
360 277
325 248
310 247
348 247
363 248
360 292
350 308
340 247
363 263
303 279
355 233
310 232
375 278
365 307
335 322
375 263
303 294
318 277
340 232
325 233
325 218
370 221
350 323
330 307
380 293
380 308
378 251
355 218
288 302
315 309
340 217
335 337
322 203
385 216
378 236
365 322
365 337
390 266
300 317
285 316
355 203
396 219
273 287
320 324
337 202
350 338
380 323
273 302
395 281
393 231
273 317
288 287
300 332
370 206
280 272
320 339
380 337
395 311
395 326
404 232
281 331
302 347
280 257
273 332
393 246
408 306
408 246
295 264
282 347
395 296
280 242
410 291
413 261
405 261
295 234
295 249
280 362
410 276
282 222
271 227
270 212
285 207
273 197
256 227
255 212
300 199
265 242
282 182
258 197
240 212
300 214
300 184
269 181
250 242
250 257
241 227
243 197
225 212
261 181
300 169
265 257
250 272
226 227
235 242
228 197
300 154
235 272
265 272
258 287
220 242
235 257
300 139
243 287
220 272
243 302
258 302
315 142
301 124
205 266
205 281
228 287
243 317
258 317
301 111
330 142
220 257
213 296
228 302
190 251
243 332
316 112
297 96
345 143
190 266
205 251
213 311
258 332
181 236
196 236
300 86
252 347
356 144
213 326
228 317
312 78
312 94
175 271
238 347
267 347
180 221
319 64
175 256
228 332
250 362
160 273
166 229
223 349
183 206
308 64
238 362
213 341
264 362
333 56
175 286
195 206
155 243
183 191
195 221
313 49
151 228
198 197
293 71
163 298
183 181
338 71
190 281
183 301
160 258
160 288
301 49
151 310
193 180
147 213
213 197
210 212
340 83
292 41
198 296
198 311
148 296
204 181
148 202
136 225
353 69
132 203
221 181
211 227
353 84
286 56
183 316
128 233
136 310
162 198
162 213
233 181
348 54
354 98
183 329
368 81
121 220
198 326
168 313
121 310
113 236
152 186
245 181
363 51
336 39
346 112
183 344
368 66
106 221
164 176
134 325
116 295
153 325
119 325
137 184
379 65
351 36
378 36
348 125
163 328
115 286
332 125
198 341
193 359
130 287
107 325
91 234
156 161
125 183
153 336
366 36
378 53
361 113
165 157
331 112
204 356
394 58
354 21
130 272
181 362
91 221
106 310
145 281
166 345
151 349
110 183
156 146
363 125
121 257
91 310
168 142
137 359
376 114
104 168
135 342
95 184
136 251
115 271
106 256
106 159
91 325
378 125
183 142
124 359
152 364
120 342
106 271
80 183
388 125
145 266
119 167
91 267
104 144
196 143
165 377
84 340
166 362
109 361
391 114
91 282
65 183
103 342
121 154
165 387
73 339
207 143
119 139
183 157
91 252
99 291
100 130
103 373
403 125
94 361
72 198
50 183
62 338
134 146
134 167
152 379
152 394
220 143
180 397
411 115
87 143
117 124
198 159
117 385
62 200
84 201
79 358
164 402
49 330
127 120
72 324
421 107
232 143
192 397
406 103
102 390
71 137
49 207
72 214
87 160
132 390
201 395
244 142
64 358
35 340
102 202
122 105
436 107
432 122
143 107
181 382
391 99
209 397
88 377
35 200
67 152
72 229
132 375
86 401
124 407
196 382
211 382
258 143
217 395
21 340
34 325
49 358
396 88
143 122
447 122
107 109
158 107
26 359
55 160
60 234
115 419
225 398
34 215
225 383
68 407
222 366
21 325
273 158
396 73
451 107
72 244
106 427
462 122
53 148
158 122
173 122
20 209
282 158
60 253
67 392
240 398
119 439
258 159
411 65
477 122
38 158
188 122
14 194
274 143
129 428
73 268
240 383
53 391
254 398
422 54
422 69
56 268
282 143
243 159
466 107
173 107
188 107
203 107
203 122
23 182
140 428
411 80
409 50
40 382
255 383
73 283
31 174
481 107
228 159
218 107
218 122
157 420
60 285
270 398
492 122
213 159
233 107
233 122
73 298
496 107
281 398
158 435
281 383
507 122
270 383
60 307
248 107
511 107
173 421
522 122
173 435
263 107
248 122
263 122
526 107
537 122
188 435
278 122
541 107
544 137
188 421
278 107
556 107
552 122
203 421
203 435
571 107
218 435
586 103
580 122
218 421
578 135
233 422
595 118
593 137
233 435
603 107
578 150
248 422
578 165
593 152
248 435
263 435
596 167
263 422
278 422
611 154
581 180
278 435
596 182
626 150
626 165
588 195
640 139
622 135
641 156
573 197
576 212
576 227
591 225
576 242
591 240
602 218
602 249
576 257
591 210
591 255
606 234
606 203
590 272
621 234
621 202
575 275
605 284
633 234
625 249
628 187
623 217
590 287
605 270
636 197
575 290
620 268
575 305
590 302
633 271
625 283
590 317
575 320
602 326
628 298
574 333
620 306
589 335
611 341
625 320
605 306
626 343
628 353
627 368
623 383
623 398
638 385
646 385
608 387
641 400
641 411
593 378
626 413
593 393
581 363
596 363
581 408
578 378
574 348
578 393
596 350
590 423
596 408
604 429
604 439
590 438
578 443
575 430
560 430
545 436
530 421
545 421
515 421
515 436
530 436
544 406
500 421
485 420
470 420
470 435
485 435
455 435
500 436
440 435
455 420
425 422
425 437
431 407
410 422
410 437
443 403
430 394
440 420
395 450
455 399
408 459
443 388
393 465
455 384
432 379
408 477
378 478
443 371
466 384
416 477
477 382
365 486
393 481
433 358
374 493
489 384
468 369
489 369
365 501
350 498
408 492
422 343
500 384
375 507
416 500
500 369
352 513
470 354
437 342
335 498
407 344
514 384
515 354
333 509
450 354
467 339
485 354
435 327
452 339
332 483
347 483
392 354
526 386
526 353
515 369
482 339
405 365
500 354
420 328
427 312
317 481
339 468
362 471
514 399
512 339
537 339
541 388
308 476
523 401
308 491
390 369
370 460
497 339
442 311
527 339
502 400
354 456
542 326
556 385
377 359
293 476
293 491
552 326
487 399
547 373
552 341
552 315
362 361
472 399
554 354
539 311
347 362
541 354
552 300
535 296
353 377
332 363
522 282
321 371
520 297
368 376
337 378
353 392
520 305
523 270
353 403
306 382
331 394
520 320
535 281
303 369
348 418
303 397
538 270
333 418
363 419
537 255
553 269
550 285
333 429
357 434
318 429
378 411
378 426
537 241
522 241
318 420
303 435
372 396
393 420
522 255
552 239
552 254
303 420
305 451
395 435
508 262
539 224
404 402
313 459
553 220
493 267
539 209
492 279
507 282
478 253
553 205
478 268
534 194
477 239
492 239
477 280
549 190
519 194
462 239
490 224
507 239
519 205
463 281
504 205
463 254
505 224
475 224
447 253
463 269
476 295
447 243
504 191
489 191
460 224
520 224
490 295
432 255
489 205
474 205
499 176
490 310
433 270
429 240
474 192
490 321
505 301
443 281
475 321
505 316
428 283
442 227
423 225
469 177
448 268
475 311
431 295
460 321
438 212
423 210
484 176
460 311
414 210
446 296
429 197
414 195
461 296
444 193
405 195
405 180
441 181
453 205
459 193
390 190
413 171
433 173
382 175
432 158
442 157
367 168
455 160
455 143
367 183
352 167
442 142
467 158
337 166
477 158
430 143
337 181
489 157
322 181
471 143
415 151
500 159
322 166
352 182
486 142
404 143
512 150
389 151
501 142
512 161
523 141
389 143
527 156
514 176
374 144
542 159
547 172
557 159
