11347
332 269
333 271
331 268
333 272
330 267
333 273
329 266
331 266
333 274
328 265
328 267
332 265
333 275
327 264
327 268
333 264
333 276
326 263
326 269
333 263
333 277
325 262
325 270
333 278
324 261
324 271
334 279
323 260
323 272
335 280
322 259
322 273
336 281
321 258
321 274
337 282
320 257
320 259
320 275
338 283
319 256
319 260
319 276
337 284
339 284
318 255
318 261
318 277
336 285
340 285
317 254
319 254
318 262
335 286
341 284
341 286
316 253
316 255
320 253
334 287
342 283
342 287
315 252
315 256
321 252
333 288
343 282
343 288
314 251
314 257
322 251
332 289
344 281
344 289
313 250
313 258
323 250
331 290
345 280
345 290
312 249
312 259
324 249
330 291
346 279
345 291
311 248
311 260
325 248
330 292
347 278
345 292
310 247
310 261
348 277
345 293
309 246
310 262
346 294
308 245
347 295
307 244
348 296
306 243
349 297
305 242
350 298
304 241
350 299
351 297
303 240
350 300
352 296
302 239
302 241
304 239
350 301
353 295
301 238
301 242
305 238
350 302
354 294
354 296
300 237
300 243
306 237
350 303
355 293
355 297
299 236
299 244
307 236
350 304
356 292
356 298
298 235
298 245
308 235
350 305
357 292
357 299
297 234
297 246
309 234
350 306
358 292
358 300
296 233
296 247
310 233
350 307
359 292
359 301
295 232
295 234
295 248
310 232
350 308
360 292
360 302
294 231
295 249
350 309
361 303
293 230
295 250
350 310
362 304
292 229
295 251
350 311
363 305
291 228
291 230
295 252
350 312
364 306
290 227
290 231
295 253
350 313
365 307
289 226
289 232
295 254
350 314
365 308
288 225
290 225
288 233
295 255
350 315
365 309
287 224
291 224
287 234
295 256
350 316
365 310
286 223
292 223
286 235
295 257
350 317
365 311
285 222
293 222
285 236
295 258
350 318
365 312
284 221
294 221
284 237
295 259
350 319
365 313
283 220
295 220
283 238
295 260
350 320
365 314
282 219
282 221
296 219
282 239
295 261
350 321
365 315
281 218
282 222
297 218
281 240
295 262
350 322
365 316
280 217
298 217
280 241
295 263
350 323
365 317
279 216
279 218
299 216
280 242
295 264
350 324
365 318
278 215
278 219
300 215
280 243
296 265
350 325
365 319
277 214
279 214
277 220
300 214
280 244
297 266
350 326
365 320
276 213
280 213
276 221
280 245
298 267
350 327
365 321
275 212
281 212
275 222
280 246
299 268
350 328
365 322
274 211
282 211
274 223
280 247
300 269
350 329
365 323
273 210
283 210
273 224
280 248
301 270
350 330
365 324
272 209
284 209
272 225
280 249
302 271
350 331
365 325
271 209
273 208
285 208
271 226
280 250
303 272
350 332
365 326
270 209
270 210
273 207
285 207
271 227
280 251
303 273
350 333
365 327
269 209
270 211
273 206
280 252
303 274
350 334
365 328
268 209
270 212
273 205
280 253
303 275
350 335
365 329
267 209
273 204
280 254
303 276
350 336
365 330
266 209
273 203
280 255
303 277
350 337
365 331
265 209
273 202
280 256
303 278
350 338
365 332
264 209
273 201
280 257
303 279
365 333
263 209
273 200
365 334
262 209
273 199
365 335
261 209
273 198
365 336
260 209
273 197
365 337
259 209
274 196
258 208
258 209
275 195
257 209
258 207
276 194
256 209
258 206
277 193
255 209
255 210
258 205
278 192
254 209
255 211
258 204
279 191
253 209
255 212
258 203
280 190
252 209
258 202
281 189
251 209
258 201
282 188
250 209
258 200
282 187
249 209
258 199
282 186
248 209
258 198
282 185
247 209
258 197
282 184
246 209
259 196
282 183
245 209
260 195
282 182
244 209
261 194
243 208
243 209
261 193
242 209
243 207
261 192
241 209
243 206
261 191
240 209
240 210
243 205
261 190
239 209
240 211
243 204
261 189
238 209
240 212
243 203
261 188
237 209
243 202
261 187
236 209
243 201
261 186
235 209
243 200
261 185
234 209
243 199
261 184
233 209
243 198
261 183
232 209
243 197
261 182
231 209
261 181
262 181
230 209
263 181
229 209
264 181
228 208
228 209
265 181
227 209
228 207
266 181
226 209
228 206
267 181
225 209
225 210
228 205
268 181
224 209
225 211
228 204
269 181
223 209
225 212
228 203
222 209
228 202
221 209
228 201
220 209
228 200
219 209
228 199
218 209
228 198
217 209
228 197
216 209
229 196
215 209
230 195
214 209
231 194
213 208
213 209
232 193
212 209
213 207
231 192
233 192
211 209
213 206
230 191
233 191
210 209
210 210
213 205
229 190
233 190
209 209
210 211
213 204
228 189
233 189
208 209
210 212
213 203
227 188
233 188
207 209
211 213
213 202
226 187
233 187
206 209
211 214
213 201
225 186
233 186
205 209
211 215
213 200
224 185
233 185
204 209
211 216
213 199
223 184
233 184
203 209
211 217
213 198
222 183
233 183
202 209
211 218
213 197
221 182
233 182
201 209
211 219
221 181
233 181
234 181
200 209
211 220
235 181
199 209
211 221
236 181
198 208
198 209
211 222
237 181
197 209
198 207
211 223
238 181
196 209
198 206
211 224
239 181
195 208
195 209
195 210
198 205
211 225
240 181
194 209
195 207
195 211
198 204
211 226
241 181
193 209
195 206
195 212
198 203
211 227
242 181
192 209
195 213
198 202
212 228
243 181
191 209
195 214
198 201
213 229
244 181
190 209
195 215
198 200
214 230
245 181
189 209
195 216
198 199
215 231
188 209
195 217
198 198
216 232
187 209
195 218
198 197
217 233
186 209
195 219
218 234
185 209
195 220
219 235
184 209
195 221
220 234
220 236
183 208
183 209
221 233
220 237
182 209
183 207
222 232
220 238
181 209
183 206
223 231
220 239
180 209
180 210
224 230
220 240
179 209
180 211
225 229
225 231
220 241
178 209
180 212
226 228
226 232
220 242
177 209
180 213
226 227
227 233
220 243
176 209
180 214
228 234
220 244
175 209
180 215
229 235
220 245
174 209
180 216
230 236
220 246
173 209
180 217
231 237
220 247
172 209
180 218
232 236
232 238
220 248
171 209
180 219
233 235
233 239
220 249
170 209
180 220
234 234
234 240
220 250
169 209
180 221
235 233
235 241
220 251
168 209
181 222
236 232
235 242
220 252
167 209
181 223
237 231
235 243
220 253
166 209
181 224
238 230
235 244
220 254
165 209
181 225
239 229
239 231
235 245
220 255
164 209
181 226
240 228
240 232
235 246
220 256
163 209
181 227
241 227
241 233
235 247
220 257
162 209
162 210
181 228
242 234
235 248
220 258
161 209
162 211
181 229
243 235
235 249
220 259
160 209
162 212
181 230
244 236
235 250
220 260
159 209
162 213
181 231
245 237
235 251
220 261
158 209
181 232
246 238
235 252
220 262
157 209
181 233
247 237
247 239
235 253
220 263
156 209
181 234
248 236
248 240
235 254
220 264
155 209
181 235
249 235
249 241
235 255
220 265
154 209
181 236
250 234
250 242
235 256
220 266
153 209
182 237
251 233
250 243
235 257
220 267
152 209
183 238
252 232
250 244
220 268
151 209
151 210
184 239
253 231
250 245
220 269
150 209
151 211
185 240
254 230
250 246
220 270
149 209
151 212
186 241
255 229
255 231
250 247
220 271
148 208
148 209
151 213
187 242
256 228
256 232
250 248
220 272
147 209
148 207
147 210
151 214
188 243
256 227
257 233
250 249
221 273
146 209
148 206
147 211
151 215
189 244
258 234
250 250
222 274
145 209
148 205
147 212
151 216
190 243
190 245
259 235
250 251
223 275
144 209
148 204
147 213
151 217
191 242
190 246
260 236
250 252
224 276
143 209
148 203
151 218
192 241
190 247
261 237
250 253
225 277
142 209
148 202
151 219
193 240
190 248
262 238
250 254
226 278
141 209
149 201
151 220
194 239
190 249
263 239
250 255
227 279
140 209
150 200
151 221
195 238
195 240
190 250
264 240
250 256
228 280
139 209
151 199
151 222
196 237
196 241
190 251
265 241
250 257
228 281
229 279
138 209
152 198
151 223
196 236
197 242
190 252
265 242
228 282
230 278
137 209
152 197
153 198
151 224
198 243
190 253
265 243
228 283
231 277
136 209
152 196
154 198
151 225
199 244
190 254
265 244
228 284
232 276
135 209
152 195
155 198
151 226
200 245
190 255
265 245
228 285
233 275
233 277
134 209
152 194
156 198
151 227
201 246
190 256
265 246
228 286
234 274
234 278
133 209
152 193
157 198
151 228
202 247
190 257
265 247
228 287
235 273
235 279
132 208
132 209
152 192
158 198
152 229
203 248
190 258
265 248
228 288
235 272
236 280
131 209
132 207
152 191
159 198
153 230
204 249
190 259
265 249
228 289
237 281
130 209
132 206
152 190
160 198
154 231
205 250
190 260
265 250
228 290
238 282
129 209
132 205
152 189
161 198
155 232
205 251
190 261
265 251
228 291
239 283
128 209
132 204
152 188
162 198
155 233
156 231
205 252
190 262
265 252
228 292
240 282
240 284
127 209
132 203
152 187
155 234
157 230
205 253
190 263
265 253
228 293
241 281
241 285
126 209
152 186
155 235
158 229
205 254
190 264
265 254
228 294
242 280
242 286
125 209
153 185
155 236
159 229
205 255
190 265
265 255
228 295
243 279
243 287
124 209
154 184
155 237
160 229
205 256
190 266
265 256
228 296
244 278
243 288
123 209
155 183
155 238
161 229
205 257
265 257
228 297
245 277
243 289
122 209
156 182
155 239
162 229
205 258
228 298
246 276
243 290
121 209
121 210
157 181
155 240
163 229
205 259
228 299
247 275
243 291
120 209
121 211
158 180
155 241
164 229
205 260
228 300
248 274
248 276
243 292
119 209
121 212
159 179
155 242
165 229
205 261
228 301
249 273
249 277
243 293
118 209
121 213
160 178
155 243
166 229
205 262
228 302
250 272
250 278
243 294
117 209
121 214
161 177
156 244
205 263
228 303
251 279
243 295
116 209
121 215
162 176
157 245
205 264
228 304
252 280
243 296
115 209
121 216
163 176
158 246
205 265
228 305
253 281
243 297
114 209
121 217
164 176
159 247
205 266
228 306
254 282
243 298
113 209
121 218
160 248
228 307
255 283
243 299
112 209
121 219
160 249
228 308
256 282
256 284
243 300
111 209
121 220
160 250
228 309
257 281
257 285
243 301
110 209
122 221
160 251
228 310
258 280
258 286
243 302
109 209
123 222
160 252
228 311
259 279
258 287
243 303
108 209
124 223
160 253
228 312
260 278
258 288
243 304
107 209
125 224
160 254
228 313
261 277
258 289
243 305
106 209
106 210
126 225
160 255
228 314
262 276
258 290
243 306
105 209
106 211
127 225
160 256
161 256
228 315
263 275
263 277
258 291
243 307
104 209
106 212
128 225
128 226
160 257
162 256
228 316
264 274
264 278
258 292
243 308
103 209
106 213
129 225
128 227
160 258
163 256
228 317
265 273
265 279
258 293
243 309
102 208
102 209
106 214
130 225
128 228
160 259
164 256
228 318
265 272
266 280
258 294
243 310
101 209
102 207
106 215
131 225
128 229
160 260
165 256
228 319
267 281
258 295
243 311
100 209
102 206
106 216
132 225
128 230
160 261
166 256
228 320
268 282
258 296
243 312
99 209
102 205
106 217
133 225
128 231
160 262
167 256
228 321
269 283
258 297
243 313
98 209
102 204
106 218
134 225
128 232
160 263
168 256
228 322
270 282
270 284
258 298
243 314
97 209
102 203
106 219
135 225
128 233
160 264
169 256
228 323
271 281
271 285
258 299
243 315
96 209
102 202
106 220
136 225
160 265
170 256
228 324
272 280
272 286
258 300
243 316
95 209
106 221
160 266
171 256
228 325
273 279
273 287
258 301
243 317
94 209
107 222
160 267
172 256
228 326
274 278
273 288
258 302
93 209
108 223
160 268
173 256
228 327
275 277
273 289
258 303
92 209
109 224
160 269
174 256
228 328
276 276
273 290
258 304
91 209
91 210
110 225
160 270
175 256
175 257
228 329
277 275
273 291
258 305
90 209
91 211
111 226
160 271
175 258
228 330
278 274
278 276
273 292
258 306
89 209
91 212
112 227
160 272
175 259
228 331
279 273
279 277
273 293
258 307
88 209
91 213
113 228
160 273
175 260
228 332
280 272
280 278
273 294
258 308
87 209
91 214
113 229
160 274
175 261
229 333
281 279
273 295
258 309
86 209
91 215
113 230
160 275
175 262
230 334
282 280
273 296
258 310
85 209
91 216
113 231
160 276
175 263
231 335
283 281
273 297
258 311
84 208
84 209
91 217
113 232
160 277
175 264
232 336
284 282
273 298
258 312
83 209
84 207
91 218
113 233
160 278
175 265
233 337
285 283
273 299
258 313
82 209
84 206
91 219
113 234
160 279
175 266
234 338
286 284
273 300
258 314
81 209
84 205
91 220
113 235
160 280
175 267
235 339
287 285
273 301
258 315
80 209
84 204
91 221
113 236
160 281
175 268
236 340
288 286
273 302
258 316
79 209
84 203
91 222
160 282
175 269
237 339
237 341
288 287
273 303
258 317
78 209
84 202
91 223
160 283
175 270
238 338
238 342
288 288
273 304
258 318
77 209
84 201
91 224
160 284
175 271
239 337
238 343
288 289
273 305
258 319
76 209
91 225
160 285
175 272
240 336
238 344
288 290
273 306
258 320
75 209
91 226
160 286
175 273
241 335
238 345
288 291
273 307
258 321
74 209
91 227
160 287
175 274
242 334
238 346
288 292
273 308
258 322
73 209
91 228
160 288
175 275
243 333
238 347
288 293
273 309
258 323
72 209
72 210
91 229
159 289
161 289
175 276
243 332
238 348
288 294
273 310
258 324
71 209
72 211
91 230
158 290
162 290
175 277
238 349
288 295
273 311
258 325
70 209
72 212
91 231
157 291
163 291
175 278
238 350
288 296
273 312
258 326
69 209
72 213
91 232
156 292
163 292
175 279
238 351
288 297
273 313
258 327
68 209
72 214
91 233
155 293
163 293
175 280
238 352
288 298
273 314
258 328
67 209
91 234
154 294
163 294
175 281
238 353
288 299
273 315
258 329
66 209
91 235
153 295
163 295
175 282
238 354
288 300
273 316
258 330
65 209
91 236
152 296
163 296
175 283
238 355
288 301
273 317
258 331
64 209
91 237
151 296
163 297
175 284
238 356
288 302
258 332
63 209
91 238
150 296
163 298
175 285
238 357
289 303
259 333
62 208
62 209
91 239
149 296
175 286
238 358
290 304
260 334
61 209
62 207
91 240
148 296
176 287
238 359
291 305
261 335
60 209
60 210
62 206
91 241
177 288
238 360
292 306
262 336
59 209
60 211
62 205
91 242
178 289
238 361
293 305
293 307
261 337
263 337
58 209
60 212
62 204
91 243
179 290
238 362
294 304
292 308
294 308
260 338
264 338
57 209
60 213
62 203
91 244
180 291
239 363
295 303
291 309
295 309
259 339
265 339
56 209
60 214
62 202
91 245
181 290
181 292
240 364
296 302
290 310
296 310
258 340
266 340
55 209
60 215
62 201
91 246
182 289
182 293
240 365
241 363
297 301
289 311
297 311
257 341
267 339
267 341
54 209
60 216
62 200
91 247
183 288
183 294
240 366
242 362
298 300
288 312
298 312
256 342
268 338
267 342
53 209
60 217
63 199
91 248
184 287
183 295
240 367
243 362
299 299
287 313
299 313
255 343
269 337
267 343
52 209
60 218
64 198
91 249
185 286
183 296
240 368
244 362
300 298
286 314
300 314
254 344
270 336
267 344
51 209
60 219
65 198
91 250
186 285
183 297
240 369
245 362
301 297
285 315
300 315
253 345
271 335
267 345
50 208
50 209
60 220
66 198
91 251
187 284
183 298
240 370
246 362
302 296
285 316
300 316
252 346
272 334
267 346
49 207
49 209
50 207
60 221
67 198
91 252
188 283
188 285
183 299
240 371
247 362
303 295
303 297
300 317
252 347
273 333
267 347
50 206
48 209
60 222
68 198
91 253
189 282
189 286
183 300
240 372
248 362
303 294
304 298
300 318
273 332
268 348
50 205
47 209
60 223
69 198
91 254
190 281
190 287
183 301
240 373
249 362
305 299
300 319
274 331
269 349
50 204
46 209
60 224
70 198
91 255
191 288
183 302
240 374
250 362
306 300
300 320
275 331
270 350
50 203
45 209
60 225
71 198
91 256
92 256
192 289
183 303
240 375
307 301
300 321
276 331
271 351
50 202
44 209
60 226
72 198
91 257
93 256
193 290
183 304
240 376
308 302
300 322
277 331
272 352
50 201
43 209
60 227
91 258
94 256
194 291
183 305
240 377
309 301
309 303
300 323
278 331
273 353
50 200
42 209
60 228
91 259
95 256
195 292
183 306
240 378
310 300
310 304
300 324
279 331
272 354
274 354
50 199
41 209
60 229
61 229
91 260
96 256
196 291
196 293
183 307
240 379
311 299
311 305
300 325
280 331
271 355
275 355
50 198
40 209
60 230
62 229
91 261
97 256
197 290
197 294
183 308
240 380
312 298
312 306
300 326
281 331
270 356
276 354
276 356
50 197
39 209
60 231
63 229
91 262
98 256
198 289
198 295
183 309
240 381
313 297
313 307
300 327
269 357
277 353
277 357
50 196
38 209
60 232
64 229
91 263
99 256
199 288
198 296
183 310
240 382
314 296
314 308
300 328
268 358
278 352
278 358
50 195
37 209
60 233
65 229
91 264
100 256
200 287
198 297
183 311
240 383
241 383
315 295
315 309
300 329
267 359
279 351
279 359
50 194
36 209
60 234
66 229
91 265
101 256
201 286
198 298
183 312
240 384
242 383
316 294
316 310
300 330
266 360
280 350
280 360
50 193
35 208
35 209
60 235
67 229
91 266
102 256
202 285
198 299
183 313
240 385
243 383
317 293
317 311
300 331
265 361
281 349
280 361
50 192
34 209
35 207
34 210
60 236
68 229
91 267
103 256
203 284
203 286
198 300
183 314
240 386
244 383
318 292
318 312
300 332
264 362
282 348
280 362
50 191
33 209
35 206
34 211
60 237
69 229
91 268
104 256
204 283
204 287
198 301
183 315
240 387
245 383
319 313
301 333
282 347
283 349
50 190
32 209
35 205
34 212
60 238
70 229
91 269
105 256
205 282
205 288
198 302
183 316
240 388
246 383
320 314
302 334
284 350
50 189
31 209
35 204
34 213
60 239
71 229
91 270
106 256
106 257
205 281
206 289
198 303
183 317
240 389
247 383
320 315
321 313
302 335
285 351
50 188
30 209
35 203
34 214
60 240
72 229
91 271
106 258
207 290
198 304
183 318
240 390
248 383
320 316
322 312
302 336
286 352
50 187
29 209
35 202
34 215
60 241
91 272
106 259
208 291
198 305
183 319
240 391
249 383
320 317
323 311
302 337
287 353
50 186
28 209
35 201
60 242
91 273
106 260
209 292
198 306
183 320
240 392
250 383
320 318
324 310
302 338
288 354
50 185
27 209
35 200
60 243
91 274
106 261
210 293
198 307
183 321
240 393
251 383
320 319
325 309
325 311
302 339
289 355
50 184
26 209
60 244
61 244
91 275
106 262
211 294
198 308
183 322
240 394
252 383
320 320
326 308
326 312
302 340
290 356
50 183
51 183
25 209
60 245
62 244
91 276
106 263
212 295
198 309
183 323
240 395
253 383
320 321
327 307
327 313
302 341
291 357
52 183
24 209
60 246
63 244
91 277
106 264
213 296
198 310
183 324
240 396
254 383
320 322
328 307
328 314
302 342
292 358
53 183
23 208
23 209
60 247
64 244
91 278
106 265
213 297
198 311
183 325
240 397
255 383
320 323
329 307
329 315
302 343
293 359
54 183
22 209
23 207
60 248
65 244
91 279
106 266
213 298
198 312
183 326
240 398
241 398
256 383
320 324
330 307
330 316
302 344
294 360
55 183
21 209
21 210
23 206
60 249
66 244
91 280
106 267
213 299
198 313
183 327
242 398
257 383
320 325
331 317
302 345
295 361
56 183
20 209
21 211
23 205
60 250
67 244
91 281
106 268
213 300
198 314
183 328
243 398
258 383
320 326
332 318
302 346
296 362
57 183
21 212
23 204
60 251
68 244
91 282
106 269
213 301
198 315
183 329
244 398
259 383
320 327
333 319
302 347
297 363
58 183
21 213
23 203
60 252
69 244
91 283
106 270
213 302
198 316
245 398
260 383
320 328
334 320
298 364
59 183
21 214
23 202
60 253
70 244
91 284
106 271
213 303
198 317
246 398
261 383
320 329
335 321
299 365
60 183
21 215
23 201
60 254
71 244
91 285
107 272
213 304
198 318
247 398
262 383
320 330
335 322
300 366
61 183
21 216
23 200
60 255
72 244
91 286
108 271
108 273
213 305
198 319
248 398
263 383
320 331
301 367
62 183
21 217
23 199
60 256
91 287
109 270
109 274
213 306
198 320
249 398
264 383
320 332
302 368
63 183
21 218
23 198
60 257
91 288
110 269
110 275
213 307
198 321
250 398
265 383
320 333
303 369
64 183
21 219
23 197
60 258
91 289
111 268
111 276
213 308
198 322
251 398
266 383
320 334
304 370
65 183
21 220
23 196
60 259
91 290
112 267
112 277
213 309
198 323
252 398
267 383
320 335
305 371
66 183
21 221
23 195
60 260
91 291
92 291
113 266
113 268
113 278
213 310
198 324
253 398
268 383
320 336
306 372
67 183
21 222
22 194
23 194
60 261
91 292
93 291
114 265
114 269
114 279
213 311
198 325
254 398
269 383
320 337
306 373
68 183
21 223
21 194
23 193
60 262
91 293
94 291
115 264
115 270
115 280
213 312
198 326
270 383
270 384
320 338
306 374
69 183
21 224
20 194
23 192
60 263
91 294
95 291
116 263
115 271
115 281
213 313
198 327
271 383
270 385
320 339
306 375
70 183
21 225
19 194
23 191
60 264
91 295
96 291
117 262
115 282
213 314
198 328
272 383
270 386
321 340
306 376
71 183
21 226
18 194
23 190
60 265
91 296
97 291
118 261
115 283
213 315
198 329
273 383
270 387
322 341
306 377
72 183
21 227
17 194
23 189
60 266
91 297
98 291
119 260
115 284
213 316
198 330
274 383
270 388
323 342
306 378
73 183
21 228
16 194
23 188
60 267
91 298
99 291
120 259
120 261
115 285
213 317
198 331
275 383
270 389
324 343
306 379
74 183
21 229
15 194
23 187
59 268
60 268
61 268
91 299
121 258
121 262
115 286
213 318
198 332
276 383
270 390
325 344
306 380
75 183
21 230
14 194
23 186
58 268
60 269
62 268
91 300
121 257
122 263
116 287
213 319
198 333
277 383
270 391
326 345
306 381
76 183
21 231
23 185
57 268
60 270
63 268
91 301
123 264
116 288
213 320
198 334
278 383
270 392
327 346
306 382
77 183
21 232
23 184
56 268
60 271
64 268
91 302
124 263
124 265
116 289
213 321
198 335
279 383
270 393
328 345
328 347
78 183
21 233
23 183
60 272
65 268
91 303
125 262
125 266
116 290
213 322
198 336
280 383
270 394
329 344
329 348
79 183
21 234
23 182
60 273
66 268
91 304
126 261
126 267
116 291
213 323
198 337
281 383
270 395
330 343
330 349
80 183
21 235
24 181
60 274
67 268
91 305
127 260
127 268
116 292
213 324
198 338
270 396
331 342
331 350
81 182
21 236
25 180
60 275
68 268
91 306
128 259
128 269
116 293
213 325
198 339
270 397
332 341
332 351
82 181
21 237
26 179
60 276
69 268
91 307
129 258
129 270
116 294
213 326
198 340
270 398
271 398
333 340
332 352
83 180
21 238
27 178
60 277
70 268
91 308
130 257
130 271
116 295
213 327
198 341
272 398
334 339
332 353
84 179
21 239
28 177
60 278
71 268
91 309
131 256
130 272
213 328
273 398
335 338
332 354
85 178
21 240
29 176
60 279
72 268
91 310
92 310
132 255
130 273
213 329
274 398
335 337
332 355
86 177
21 241
30 175
60 280
73 268
91 311
93 310
133 254
130 274
213 330
275 398
332 356
87 176
21 242
31 174
60 281
91 312
94 310
134 253
134 255
130 275
213 331
276 398
332 357
87 175
88 177
21 243
32 173
60 282
91 313
95 310
135 252
135 256
130 276
213 332
277 398
332 358
87 174
89 178
21 244
33 172
60 283
61 283
91 314
96 310
136 251
136 257
130 277
213 333
278 398
332 359
87 173
90 179
21 245
34 171
60 284
62 283
91 315
97 310
137 258
130 278
213 334
279 398
332 360
87 172
91 180
21 246
35 170
60 285
63 283
91 316
98 310
138 259
130 279
213 335
280 398
332 361
87 171
92 181
21 247
36 169
60 286
64 283
91 317
99 310
139 260
130 280
213 336
281 398
332 362
333 362
87 170
93 182
21 248
37 168
60 287
65 283
91 318
100 310
140 261
130 281
213 337
332 363
334 362
87 169
94 183
21 249
38 167
60 288
66 283
91 319
101 310
141 262
130 282
213 338
331 364
335 362
87 168
95 184
21 250
39 166
60 289
67 283
91 320
102 310
142 263
130 283
213 339
330 365
336 362
87 167
96 183
21 251
40 165
60 290
68 283
91 321
103 310
143 264
130 284
213 340
329 366
337 362
87 166
97 183
21 252
41 164
60 291
69 283
91 322
104 310
144 265
130 285
213 341
328 367
338 362
87 165
98 183
21 253
42 163
60 292
70 283
91 323
105 310
145 266
130 286
214 342
327 368
339 362
87 164
99 183
21 254
41 162
43 162
60 293
71 283
91 324
106 310
145 267
130 287
215 343
326 369
340 362
87 163
100 183
21 255
40 161
44 161
60 294
72 283
91 325
107 310
107 311
145 268
216 344
325 370
341 362
87 162
101 183
21 256
39 160
45 160
60 295
73 283
108 310
107 312
145 269
217 345
324 371
342 362
87 161
102 183
21 257
38 159
46 159
60 296
109 310
107 313
145 270
218 346
323 371
343 362
87 160
103 183
21 258
38 158
47 158
60 297
110 310
107 314
145 271
219 347
322 371
344 362
88 159
104 183
21 259
48 157
60 298
61 298
111 310
107 315
145 272
220 348
321 371
345 362
89 158
105 183
21 260
49 156
60 299
62 298
112 310
107 316
145 273
221 349
346 362
90 157
106 183
21 261
50 155
60 300
63 298
113 310
107 317
145 274
222 349
347 362
91 156
107 183
21 262
51 154
51 156
60 301
64 298
114 310
107 318
145 275
223 349
348 363
92 155
108 183
21 263
52 153
52 157
60 302
65 298
115 310
107 319
145 276
349 364
93 154
109 183
21 264
53 152
53 158
60 303
66 298
116 310
107 320
145 277
350 365
94 153
110 183
21 265
53 151
54 152
54 159
60 304
67 298
117 310
107 321
145 278
349 366
351 366
95 152
111 183
21 266
53 150
55 152
55 160
60 305
68 298
118 310
107 322
145 279
348 367
352 367
94 151
96 151
112 183
21 267
53 149
56 152
60 306
69 298
119 310
107 323
145 280
347 368
353 368
93 150
97 150
113 183
21 268
53 148
57 152
60 307
70 298
120 310
107 324
145 281
346 369
353 369
354 367
92 149
98 149
98 151
114 183
21 269
58 152
59 308
71 298
121 310
107 325
108 325
345 370
353 370
355 366
91 148
99 148
99 152
115 183
21 270
59 152
58 309
72 298
122 310
109 325
344 371
353 371
356 365
90 147
100 147
100 153
116 183
21 271
60 152
57 310
73 298
123 310
110 325
343 372
353 372
357 364
89 146
101 146
101 154
117 183
21 272
61 152
56 311
124 310
111 325
342 373
353 373
358 363
358 365
88 145
102 145
102 155
118 183
21 273
62 152
55 312
125 310
112 325
341 374
353 374
359 362
359 366
87 144
103 144
103 156
119 183
21 274
63 152
54 313
126 310
113 325
340 375
353 375
360 361
360 367
87 143
104 144
104 157
120 183
21 275
64 152
53 314
127 310
114 325
339 376
353 376
361 361
361 368
86 142
105 143
105 158
121 183
21 276
65 152
52 315
128 310
115 325
338 377
353 377
362 361
362 369
85 141
106 142
106 159
122 183
21 277
66 152
51 316
129 310
116 325
337 378
353 378
363 360
363 370
84 140
107 141
105 160
123 183
21 278
67 152
50 317
130 310
117 325
353 379
364 359
364 371
83 139
107 140
108 142
104 161
124 183
21 279
49 318
131 310
118 325
353 380
365 359
365 372
82 138
107 139
108 139
109 143
104 162
125 183
21 280
49 319
132 310
119 325
353 381
366 359
366 373
81 137
107 138
109 139
110 144
104 163
126 184
21 281
49 320
133 310
353 382
367 359
367 374
80 137
107 137
110 139
111 145
104 164
127 184
21 282
49 321
134 310
134 311
353 383
368 359
368 375
79 137
107 136
111 139
112 146
104 165
128 184
21 283
49 322
135 310
134 312
353 384
369 359
368 376
78 137
107 135
112 139
113 147
104 166
129 184
21 284
49 323
136 310
134 313
353 385
370 359
77 137
107 134
113 139
114 148
104 167
130 184
21 285
49 324
137 310
134 314
353 386
371 359
76 137
107 133
114 139
115 149
104 168
131 184
21 286
49 325
138 310
134 315
353 387
372 359
75 137
107 132
115 139
116 150
132 184
21 287
49 326
139 310
134 316
353 388
373 359
74 137
107 131
116 139
117 151
133 184
21 288
49 327
140 310
134 317
353 389
374 359
73 137
106 130
107 130
117 139
118 152
134 184
21 289
49 328
141 310
134 318
353 390
375 359
72 137
105 130
107 129
118 139
119 153
135 184
21 290
49 329
142 310
134 319
353 391
376 359
71 137
104 130
107 128
119 139
120 154
136 184
21 291
49 330
143 310
134 320
353 392
377 359
103 130
107 127
121 154
137 184
21 292
50 331
144 310
134 321
354 393
378 358
102 130
107 126
122 155
21 293
51 332
145 310
134 322
355 394
379 357
101 130
107 125
123 156
21 294
52 333
146 310
134 323
356 395
380 356
100 130
107 124
108 124
124 157
21 295
53 334
147 310
134 324
357 396
381 355
107 123
109 124
125 156
125 158
21 296
54 335
148 310
134 325
356 397
358 396
382 354
107 122
110 124
126 155
126 159
21 297
55 336
149 310
355 398
359 396
383 354
107 121
111 124
127 154
125 160
127 160
21 298
56 337
150 310
354 399
360 396
384 354
107 120
112 124
128 153
124 161
128 161
21 299
57 338
151 310
353 400
361 396
385 354
107 119
113 124
129 152
123 162
129 162
21 300
58 338
152 311
353 401
362 396
386 354
107 118
114 124
130 151
122 163
130 163
21 301
59 338
153 312
353 402
363 396
387 354
107 117
115 124
131 150
121 164
131 164
21 302
60 338
153 313
154 313
353 403
364 396
388 354
107 116
116 124
132 149
120 165
132 165
21 303
61 338
153 314
155 313
365 396
389 354
107 115
117 124
133 148
119 166
133 166
21 304
62 338
153 315
156 313
366 396
390 354
107 114
118 123
134 147
119 167
134 167
21 305
63 337
153 316
157 313
367 396
391 354
107 113
119 122
134 146
21 306
64 336
153 317
158 313
368 396
392 354
107 112
120 121
21 307
65 335
153 318
159 313
369 396
393 353
107 111
121 120
21 308
66 334
153 319
160 313
370 396
394 352
394 354
107 110
122 120
21 309
67 333
153 320
161 313
371 396
395 351
395 355
107 109
123 120
21 310
68 332
68 334
153 321
162 313
372 396
396 350
396 356
108 108
124 120
21 311
69 331
69 335
153 322
163 313
373 397
397 349
397 357
109 107
125 120
21 312
70 330
70 336
153 323
164 313
374 398
398 348
398 358
110 106
126 120
21 313
71 329
71 337
153 324
165 313
375 399
399 347
399 359
111 105
127 120
21 314
72 328
72 338
153 325
166 313
376 400
400 346
398 360
400 360
112 105
21 315
72 327
73 339
154 326
167 313
377 401
401 345
397 361
401 361
113 105
21 316
72 326
74 340
155 327
168 313
378 402
402 344
396 362
402 362
114 105
21 317
72 325
75 340
156 328
378 403
403 344
395 363
403 363
115 105
21 318
72 324
76 340
155 329
157 328
378 404
404 344
394 364
404 364
116 105
21 319
77 340
154 330
158 328
378 405
405 344
393 365
405 365
117 105
21 320
78 340
153 331
159 328
378 406
406 344
392 366
118 105
21 321
79 340
153 332
160 328
378 407
407 344
391 367
119 105
21 322
80 340
153 333
161 328
378 408
408 343
390 368
120 105
21 323
81 340
153 334
162 328
378 409
409 342
390 369
121 105
21 324
82 340
153 335
163 328
378 410
410 341
122 105
21 325
83 340
153 336
378 411
411 340
123 106
22 326
84 340
378 412
412 339
124 107
23 327
378 413
413 338
125 107
24 328
378 414
414 337
126 107
25 329
378 415
415 336
127 107
26 330
378 416
416 335
416 337
128 107
26 331
27 329
378 417
417 334
417 338
129 107
26 332
28 328
378 418
418 333
418 339
130 107
26 333
29 327
378 419
419 332
419 340
131 107
26 334
30 326
378 420
379 420
420 331
420 341
132 107
26 335
31 325
378 421
380 420
420 330
421 342
133 107
26 336
32 325
378 422
381 420
420 329
422 343
134 107
26 337
33 325
378 423
382 420
420 328
423 344
135 107
26 338
34 325
378 424
383 420
421 327
424 345
136 107
26 339
378 425
384 420
422 326
425 346
137 107
25 340
26 340
27 340
378 426
385 420
423 325
426 347
138 107
24 340
26 341
28 340
386 420
424 324
427 348
139 107
23 340
26 342
29 340
387 420
425 323
428 349
140 107
22 340
26 343
30 340
388 420
426 322
429 350
141 107
21 340
26 344
31 340
389 420
427 321
430 349
430 351
142 107
26 345
32 340
390 420
427 320
428 322
431 348
431 352
143 107
143 108
26 346
33 340
391 420
427 319
429 323
432 347
432 353
144 107
143 109
26 347
34 340
392 420
427 318
430 324
433 346
433 354
145 107
143 110
26 348
35 340
393 420
427 317
431 325
434 345
433 355
146 107
143 111
26 349
394 419
394 421
427 316
432 326
435 344
433 356
147 107
143 112
26 350
395 418
395 422
427 315
433 327
436 343
433 357
148 107
143 113
26 351
396 417
395 423
396 422
427 314
434 327
437 342
433 358
149 107
143 114
26 352
397 416
395 424
397 422
427 313
435 327
438 341
150 107
143 115
26 353
398 415
395 425
398 422
427 312
439 340
439 342
151 107
143 116
26 354
399 414
395 426
399 422
428 311
440 339
440 343
152 107
143 117
26 355
400 413
395 427
400 422
429 310
441 339
441 344
153 107
143 118
26 356
401 412
395 428
401 422
430 309
442 339
442 345
154 107
143 119
26 357
402 411
395 429
402 422
431 308
443 339
443 346
155 107
143 120
26 358
27 358
403 410
395 430
403 422
431 307
444 339
444 347
156 107
143 121
26 359
28 358
404 409
395 431
404 422
431 306
445 339
445 348
157 107
143 122
27 360
29 358
404 408
395 432
405 422
431 305
446 339
446 349
158 107
144 123
28 361
30 358
404 407
395 433
406 422
431 304
447 339
447 350
159 107
145 124
29 362
31 358
404 406
395 434
407 422
431 303
448 339
448 351
160 107
146 125
30 363
32 358
404 405
395 435
408 422
431 302
449 339
449 352
161 107
147 126
31 364
33 358
404 404
395 436
409 422
431 301
450 339
450 353
162 107
148 127
32 365
34 358
404 403
395 437
410 422
410 423
431 300
451 339
450 354
163 107
149 128
33 366
35 358
404 402
395 438
411 422
410 424
431 299
452 339
164 107
150 129
34 367
36 358
395 439
412 422
410 425
431 298
453 339
165 107
151 130
35 368
37 358
395 440
413 422
410 426
431 297
454 339
166 107
152 129
152 131
36 369
38 358
395 441
414 422
410 427
431 296
432 296
455 339
167 107
153 128
153 132
37 370
39 358
395 442
415 422
410 428
431 295
433 296
456 339
168 107
154 127
154 133
38 371
40 358
395 443
416 422
410 429
434 296
457 339
169 107
155 126
155 134
39 372
41 358
395 444
417 422
410 430
435 296
458 339
170 107
156 125
156 135
40 373
42 358
395 445
418 422
410 431
436 296
459 339
171 107
157 124
156 136
41 374
43 358
395 446
419 422
410 432
437 296
460 339
172 107
158 123
156 137
42 375
44 358
395 447
420 422
410 433
438 296
461 339
173 107
173 108
158 122
156 138
43 376
45 358
395 448
421 422
410 434
439 296
462 339
174 107
173 109
156 139
44 377
46 358
395 449
422 422
410 435
440 296
463 339
175 107
173 110
156 140
43 378
45 378
47 358
395 450
423 422
410 436
441 296
464 339
176 107
173 111
156 141
42 379
46 379
48 358
396 451
424 422
410 437
442 296
465 339
177 107
173 112
156 142
157 142
41 380
47 380
49 358
397 452
425 422
425 423
443 296
466 339
178 107
173 113
156 143
158 142
40 381
48 381
50 358
398 453
426 421
425 424
444 296
467 339
179 107
173 114
156 144
159 142
40 382
49 382
51 358
399 454
427 420
427 422
425 425
445 296
468 340
180 107
173 115
156 145
160 142
50 383
52 358
400 455
428 419
428 423
425 426
446 296
469 341
181 107
173 116
156 146
161 142
51 384
53 358
401 456
429 418
429 424
425 427
447 297
470 342
182 107
173 117
156 147
162 142
52 385
54 358
400 457
402 457
430 417
430 425
425 428
448 298
470 343
471 341
183 107
173 118
156 148
163 142
53 386
55 358
399 458
403 458
430 416
431 418
431 426
425 429
449 299
470 344
472 340
184 107
173 119
156 149
164 142
53 387
56 358
398 459
404 459
430 415
432 419
432 427
425 430
450 300
470 345
473 339
473 341
185 107
173 120
156 150
165 142
53 388
57 358
397 460
405 459
430 414
433 420
433 428
425 431
451 301
470 346
474 339
474 342
186 107
173 121
156 151
166 142
53 389
58 358
396 461
406 459
430 413
434 420
434 429
425 432
450 302
452 302
470 347
475 339
475 343
187 107
173 122
156 152
167 142
53 390
59 358
395 462
407 459
430 412
435 420
435 430
425 433
449 303
453 303
470 348
476 339
476 344
188 107
174 123
156 153
168 142
53 391
60 358
394 463
408 459
430 411
436 420
436 431
425 434
448 304
454 304
470 349
477 339
477 345
189 107
175 124
156 154
54 392
61 358
393 464
430 410
437 420
437 432
425 435
447 305
455 303
455 305
470 350
478 339
478 346
190 107
176 125
156 155
55 393
62 358
393 465
430 409
438 420
438 433
425 436
446 306
456 302
456 306
470 351
479 339
479 347
191 107
177 126
156 156
56 394
63 358
430 408
439 420
439 434
425 437
445 307
457 301
457 307
470 352
480 339
480 348
192 107
178 127
156 157
157 157
57 395
64 358
430 407
431 407
440 420
440 435
444 308
458 300
458 308
470 353
481 339
481 349
193 107
179 128
156 158
158 157
58 396
65 358
430 406
441 420
443 309
459 299
459 309
470 354
482 339
482 350
194 107
180 129
156 159
159 157
59 397
66 358
430 405
442 420
442 310
460 298
460 310
469 355
483 351
195 107
181 130
156 160
160 157
60 398
67 358
430 404
443 420
442 311
461 297
460 311
468 356
484 352
196 107
182 129
182 131
156 161
161 157
61 399
68 358
430 403
444 420
461 296
462 298
460 312
468 357
485 351
485 353
197 107
183 128
183 132
162 157
62 398
62 400
69 358
430 402
445 420
463 299
460 313
468 358
486 350
485 354
198 107
184 127
183 133
163 157
63 397
63 401
70 358
430 401
446 420
464 300
460 314
468 359
487 349
486 355
199 107
185 126
183 134
164 157
64 396
64 402
71 358
430 400
447 420
465 301
460 315
468 360
488 348
487 356
200 107
186 125
183 135
165 157
65 395
65 403
72 358
430 399
448 420
466 302
460 316
468 361
489 347
488 357
201 107
187 124
183 136
66 394
66 404
73 358
430 398
449 420
467 303
460 317
468 362
490 346
489 358
202 107
188 123
183 137
67 393
67 405
74 358
430 397
450 420
468 304
460 318
468 363
491 345
489 359
203 107
203 108
188 122
183 138
67 392
68 406
75 358
430 396
451 420
469 303
469 305
460 319
468 364
492 344
492 346
489 360
204 107
203 109
183 139
68 407
69 407
76 358
430 395
452 420
470 302
470 306
460 320
468 365
493 343
493 347
489 361
205 107
203 110
183 140
70 408
77 358
430 394
453 420
471 301
471 307
460 321
468 366
494 342
494 348
489 362
206 107
203 111
183 141
71 409
78 358
431 393
454 420
472 300
472 308
468 367
495 341
495 349
489 363
207 107
203 112
183 142
72 410
79 358
432 392
455 420
455 421
473 299
473 309
468 368
496 340
496 350
489 364
208 107
203 113
183 143
184 143
73 411
80 359
432 391
433 393
456 420
455 422
474 298
474 310
468 369
497 339
497 351
489 365
209 107
203 114
183 144
185 143
74 412
81 360
432 390
434 394
457 420
455 423
475 297
475 311
498 352
489 366
210 107
203 115
183 145
186 143
75 413
82 361
432 389
435 395
458 420
455 424
476 296
475 312
499 353
489 367
211 107
203 116
183 146
187 143
76 412
76 414
83 361
432 388
436 396
459 420
455 425
476 295
477 297
475 313
500 352
500 354
489 368
212 107
203 117
183 147
188 143
77 411
77 415
84 361
432 387
437 395
437 397
460 420
455 426
478 298
475 314
501 351
489 369
490 369
213 107
203 118
183 148
189 143
78 410
78 416
85 361
432 386
438 394
438 398
461 420
455 427
479 299
475 315
502 350
489 370
491 369
214 107
203 119
183 149
190 143
79 409
79 417
86 361
432 385
439 393
439 399
462 420
455 428
480 300
475 316
503 349
489 371
492 369
215 107
203 120
183 150
191 143
80 408
80 418
87 361
432 384
440 392
440 400
463 420
455 429
481 301
475 317
504 348
489 372
493 369
216 107
203 121
183 151
192 143
81 407
81 419
88 361
432 383
441 391
441 401
464 420
455 430
482 302
475 318
505 347
489 373
494 369
217 107
203 122
183 152
193 143
82 406
82 420
89 361
432 382
442 390
442 402
465 420
455 431
483 303
475 319
506 346
489 374
495 369
218 107
218 108
183 153
194 143
83 405
83 421
90 361
432 381
443 389
443 403
466 420
455 432
484 302
484 304
475 320
507 345
489 375
496 369
219 107
218 109
183 154
195 143
84 404
84 422
91 361
432 380
443 388
467 420
455 433
485 301
485 305
475 321
508 344
508 346
489 376
497 369
220 107
218 110
183 155
196 143
85 403
85 423
92 361
432 379
444 387
468 420
455 434
486 300
486 306
509 343
509 347
489 377
498 369
221 107
218 111
183 156
197 143
86 402
86 424
93 361
433 378
445 386
445 388
469 420
455 435
487 299
487 307
510 342
510 348
489 378
499 369
222 107
218 112
183 157
198 143
86 401
87 425
94 361
434 377
446 385
446 389
470 420
470 421
488 298
488 308
511 341
511 349
489 379
500 369
223 107
218 113
183 158
199 143
88 426
95 361
435 376
447 384
447 390
471 419
470 422
489 297
489 309
512 340
512 350
489 380
224 107
218 114
183 159
184 159
200 143
89 427
96 361
436 375
448 384
448 391
472 418
470 423
490 296
490 310
512 339
513 339
513 351
489 381
225 107
218 115
183 160
185 159
201 143
90 427
97 361
437 374
449 384
449 392
472 417
473 419
470 424
490 295
490 311
491 309
514 339
514 352
489 382
226 107
218 116
183 161
186 159
202 143
91 427
98 361
438 373
450 384
450 393
472 416
474 420
470 425
490 312
492 308
515 339
515 353
489 383
227 107
218 117
183 162
187 159
203 143
92 427
99 361
439 372
451 384
451 394
472 415
475 420
470 426
490 313
493 307
516 339
515 354
489 384
490 384
228 107
218 118
183 163
188 159
204 143
93 427
100 361
440 371
452 384
452 395
472 414
476 420
470 427
490 314
494 306
517 339
515 355
491 384
229 107
218 119
183 164
189 159
205 143
94 427
101 361
441 371
453 384
453 396
472 413
477 420
470 428
490 315
495 305
518 339
515 356
492 384
230 107
218 120
183 165
190 159
206 143
95 427
102 361
442 371
454 384
454 397
472 412
478 420
470 429
490 316
496 304
496 306
519 339
515 357
493 384
231 107
218 121
183 166
191 159
207 143
96 427
103 361
443 371
455 384
455 398
472 411
479 420
470 430
490 317
497 303
497 307
520 339
515 358
494 384
232 107
218 122
183 167
192 159
208 143
97 427
104 361
456 384
455 399
472 410
480 420
470 431
490 318
498 302
498 308
521 339
515 359
495 384
233 107
233 108
183 168
193 159
209 143
98 427
105 361
457 384
472 409
481 420
470 432
490 319
499 301
499 309
522 339
515 360
496 384
234 107
233 109
183 169
194 159
210 143
99 427
106 361
458 384
472 408
482 420
470 433
490 320
500 301
500 310
523 339
515 361
497 384
235 107
233 110
183 170
195 159
211 143
100 427
107 361
459 384
472 407
483 420
470 434
490 321
501 301
501 311
524 339
515 362
498 384
236 107
233 111
183 171
196 159
212 143
101 427
108 361
460 384
472 406
484 420
470 435
502 301
502 312
525 339
515 363
499 384
237 107
233 112
183 172
197 159
213 143
102 427
109 361
461 384
472 405
485 420
485 421
503 301
503 313
526 339
515 364
500 384
238 107
233 113
183 173
198 159
214 143
103 427
110 360
462 384
472 404
486 421
485 422
504 301
504 314
527 339
515 365
239 107
233 114
183 174
199 159
215 143
104 427
111 359
463 384
472 403
487 421
485 423
505 301
505 315
528 340
515 366
240 107
233 115
183 175
200 159
216 143
105 427
112 358
464 384
472 402
488 421
485 424
505 316
529 339
529 341
515 367
241 107
233 116
183 176
201 159
217 143
106 427
113 357
465 384
472 401
489 421
485 425
506 317
530 338
530 342
515 368
242 107
233 117
183 177
202 159
218 143
107 426
114 356
466 384
472 400
490 421
485 426
507 318
531 337
531 343
515 369
243 107
233 118
183 178
203 159
219 143
108 425
115 355
115 357
467 383
472 399
473 399
491 421
485 427
508 319
532 336
532 344
514 370
244 107
233 119
183 179
204 159
220 143
109 424
114 354
116 354
116 358
468 382
474 399
492 421
485 428
509 320
533 335
533 345
514 371
245 107
233 120
183 180
184 180
205 159
221 143
110 423
113 353
117 353
117 359
469 382
475 399
493 421
485 429
510 320
534 334
534 336
532 346
534 346
514 372
246 107
233 121
183 181
185 180
206 159
222 143
111 422
112 352
118 352
118 360
470 382
476 399
494 421
485 430
511 320
535 333
535 337
531 347
535 347
514 373
247 107
233 122
183 182
186 180
207 159
223 143
112 421
111 351
119 351
119 361
471 382
477 399
495 421
485 431
512 320
536 332
536 338
530 348
536 348
514 374
248 107
248 108
183 183
187 180
208 159
224 143
113 420
110 350
120 350
120 362
472 382
478 399
496 421
485 432
513 320
537 331
537 339
529 349
537 349
514 375
249 107
248 109
183 184
188 180
209 159
225 143
114 419
109 349
120 349
121 363
473 382
479 399
497 421
485 433
514 320
538 330
528 350
538 350
514 376
250 107
248 110
183 185
189 180
210 159
226 143
115 418
115 419
108 348
120 348
122 362
122 364
474 382
480 399
498 421
485 434
515 320
539 329
527 351
539 351
514 377
251 107
248 111
183 186
190 180
211 159
227 143
116 417
107 347
120 347
123 361
123 365
475 382
481 399
499 421
485 435
516 320
540 328
526 352
540 352
514 378
252 107
248 112
183 187
191 180
212 159
228 143
117 416
106 346
120 346
124 360
124 366
476 382
482 399
500 421
500 422
517 320
541 327
526 353
541 353
514 379
253 107
248 113
183 188
192 180
213 159
229 143
118 415
118 417
105 345
120 345
124 359
125 367
477 382
483 399
501 421
500 423
518 320
542 326
541 354
514 380
254 107
248 114
183 189
193 180
214 159
230 143
119 414
119 418
104 344
120 344
126 368
484 399
502 421
500 424
519 320
543 325
543 327
514 381
255 107
248 115
183 190
194 181
215 159
231 143
120 413
120 419
103 343
120 343
127 369
485 399
503 421
500 425
520 320
544 324
544 328
514 382
256 107
248 116
183 191
195 181
216 159
232 143
121 412
121 420
103 342
120 342
128 370
486 399
504 421
500 426
545 323
545 329
514 383
257 107
248 117
196 181
217 159
233 142
122 411
122 421
129 371
487 399
505 421
500 427
546 322
546 330
514 384
258 107
248 118
197 181
218 159
234 142
121 410
123 410
123 422
130 370
130 372
488 400
506 421
500 428
547 321
547 331
515 385
259 107
248 119
198 181
219 159
235 142
120 409
124 409
124 423
131 369
131 373
489 400
507 421
500 429
548 320
548 322
548 332
516 386
260 107
248 120
199 181
220 159
236 142
119 408
124 408
125 424
132 368
132 374
490 400
508 421
500 430
549 319
549 323
549 333
517 386
261 107
248 121
200 181
221 159
237 142
118 407
124 407
126 425
133 367
132 375
491 400
509 421
500 431
550 318
550 324
550 334
518 386
262 107
248 122
201 181
222 159
238 142
117 406
127 426
134 366
132 376
492 400
510 421
500 432
551 317
551 325
551 335
519 386
263 107
263 108
202 181
223 159
239 142
116 405
128 427
135 365
132 377
493 400
511 421
500 433
552 316
552 326
552 336
520 386
264 107
263 109
203 181
224 159
240 142
115 404
129 428
136 364
132 378
494 400
512 421
500 434
552 315
553 337
521 386
265 107
263 110
204 181
225 159
241 142
114 403
128 429
130 428
137 363
132 379
495 400
513 421
500 435
554 338
522 386
266 107
263 111
226 159
242 142
113 402
127 430
131 428
138 362
132 380
496 400
514 421
500 436
553 339
555 339
523 386
267 107
263 112
227 159
243 142
112 401
126 431
132 428
139 361
132 381
497 400
515 421
515 422
552 340
556 340
524 386
268 107
263 113
228 159
244 142
111 400
125 432
133 428
138 360
140 360
132 382
498 400
516 421
515 423
552 341
557 341
525 386
269 107
263 114
229 159
110 399
124 433
134 428
137 359
141 359
132 383
499 400
517 421
515 424
558 342
526 386
270 107
263 115
230 159
109 398
123 434
135 428
142 358
132 384
500 400
518 421
515 425
559 343
271 107
263 116
231 159
108 397
122 435
136 428
143 357
132 385
501 400
519 421
515 426
560 344
272 107
263 117
232 159
107 396
121 436
137 428
144 356
132 386
502 400
520 421
515 427
561 345
273 107
263 118
233 159
106 395
108 395
120 437
138 428
145 355
145 357
132 387
503 399
521 421
515 428
562 346
274 107
263 119
234 159
105 394
109 394
119 438
139 428
146 354
146 358
132 388
504 399
522 421
515 429
561 347
563 347
275 107
263 120
235 159
104 393
110 393
119 439
140 428
145 353
147 353
147 359
132 389
505 399
523 421
515 430
560 348
564 348
276 107
263 121
236 159
103 392
111 392
144 352
148 352
148 360
132 390
506 399
524 421
515 431
559 349
565 348
277 107
263 122
237 159
102 391
112 391
143 351
149 351
149 361
507 399
525 421
515 432
558 350
566 348
278 107
278 108
238 159
102 390
113 390
142 350
150 350
150 362
508 399
526 421
515 433
557 351
567 348
279 106
278 109
239 159
101 389
114 389
141 349
151 349
151 363
509 399
527 421
515 434
556 352
568 348
280 105
278 110
240 159
100 388
115 388
140 348
152 348
152 364
510 399
528 421
515 435
555 353
569 348
281 104
278 111
241 159
99 387
116 387
139 347
153 347
152 365
153 363
511 399
529 421
515 436
554 354
570 348
282 103
278 112
242 159
98 386
117 386
138 346
154 346
152 366
154 362
512 399
530 421
530 422
571 348
283 102
278 113
243 159
97 385
117 385
137 345
155 345
152 367
155 362
513 399
531 420
530 423
572 348
284 101
278 114
244 159
96 384
136 344
156 345
152 368
156 362
514 399
532 419
530 424
573 348
285 100
278 115
245 159
95 383
135 343
157 345
152 369
157 362
515 400
533 418
530 425
574 348
286 99
278 116
246 159
94 382
135 342
158 345
152 370
158 362
516 401
534 417
530 426
575 349
286 98
287 100
278 117
247 159
93 381
95 381
159 345
152 371
159 362
517 401
535 416
530 427
576 348
576 350
286 97
288 101
278 118
248 159
92 380
96 380
160 345
152 372
160 362
518 401
536 415
530 428
577 347
577 351
286 96
289 102
278 119
249 159
91 379
97 379
161 345
152 373
161 362
519 401
537 414
530 429
578 346
578 352
286 95
290 103
278 120
250 159
90 378
98 378
162 345
152 374
162 362
520 401
538 413
530 430
579 345
578 353
286 94
291 102
291 104
278 121
251 159
89 377
99 377
163 345
152 375
163 362
521 401
539 412
539 414
530 431
580 344
578 354
286 93
292 101
292 105
278 122
252 159
88 377
100 376
164 345
152 376
164 362
522 401
540 411
540 415
530 432
581 343
578 355
286 92
293 100
293 106
279 123
253 159
101 375
165 345
152 377
153 377
165 362
523 401
541 410
541 416
530 433
582 342
578 356
286 91
294 99
294 107
280 124
254 159
102 374
166 345
152 378
154 377
166 362
541 409
542 417
530 434
581 341
583 341
578 357
286 90
295 98
295 108
281 125
255 159
103 373
152 379
155 377
167 362
541 408
543 418
530 435
580 340
584 340
578 358
286 89
296 97
296 109
282 126
256 159
152 380
156 377
168 362
541 407
544 419
530 436
579 339
585 339
578 359
286 88
297 96
297 110
283 127
257 159
152 381
157 377
169 362
541 406
542 406
545 420
578 338
586 338
586 340
578 360
286 87
298 111
284 128
258 159
152 382
158 377
170 362
541 405
543 406
545 421
577 337
587 337
587 341
578 361
286 86
287 86
299 111
285 129
259 158
152 383
159 377
171 362
541 404
544 406
545 422
576 336
588 336
588 342
578 362
286 85
288 86
300 111
286 130
258 157
260 158
152 384
160 377
172 362
541 403
545 423
575 335
589 335
589 343
578 363
579 363
286 84
289 86
301 111
287 131
258 156
261 158
152 385
161 377
173 362
541 402
545 424
574 334
590 344
578 364
580 363
286 83
290 86
302 112
288 132
258 155
262 158
152 386
162 377
174 362
541 401
545 425
574 333
591 345
578 365
581 363
286 82
291 86
303 112
289 133
258 154
263 158
152 387
163 377
175 362
541 400
545 426
592 346
578 366
582 364
286 81
292 86
304 112
290 134
258 153
264 158
152 388
164 377
176 362
541 399
545 427
593 347
578 367
583 365
286 80
293 86
305 112
291 135
258 152
265 158
152 389
165 377
165 378
177 362
541 398
545 428
594 348
578 368
584 366
286 79
294 86
306 112
292 134
292 136
258 151
266 158
152 390
165 379
178 362
541 397
545 429
595 349
578 369
585 367
286 78
295 86
307 112
293 133
293 137
258 150
267 158
152 391
165 380
179 362
541 396
545 430
546 430
596 350
578 370
586 368
286 77
296 86
308 112
294 132
294 138
258 149
268 158
152 392
165 381
180 362
541 395
545 431
547 430
597 349
578 371
587 369
286 76
297 86
309 112
295 131
295 139
258 148
269 158
152 393
165 382
181 362
181 363
541 394
545 432
548 430
598 348
578 372
588 370
286 75
298 86
310 112
296 130
296 139
258 147
270 158
152 394
165 383
182 361
181 364
541 393
545 433
549 430
599 347
578 373
589 371
286 74
299 86
311 112
297 129
297 139
258 146
271 158
153 395
165 384
183 360
181 365
541 392
545 434
550 430
600 346
578 374
590 370
590 372
286 73
300 86
312 112
298 128
298 139
258 145
272 158
154 396
165 385
183 359
184 359
181 366
541 391
545 435
551 430
601 345
578 375
591 369
591 373
286 72
301 85
313 112
299 127
299 139
258 144
273 158
155 397
165 386
183 358
185 359
181 367
541 390
545 436
552 430
602 344
578 376
592 368
592 374
286 71
287 71
302 84
314 112
300 126
300 139
300 140
258 143
274 157
156 398
165 387
183 357
186 359
181 368
541 389
553 430
603 343
578 377
593 367
593 375
286 70
288 71
303 83
303 85
315 112
301 125
300 141
274 156
275 158
157 399
183 356
187 359
181 369
541 388
554 430
604 342
578 378
594 366
593 376
286 69
289 71
304 82
304 86
316 112
301 124
300 142
301 142
274 155
276 158
157 400
183 355
188 359
181 370
542 387
555 430
605 341
578 379
595 365
593 377
286 68
290 71
305 81
305 87
317 112
300 143
302 142
274 154
277 158
157 401
183 354
189 359
181 371
543 386
556 430
606 341
578 380
596 364
593 378
286 67
291 71
306 80
306 88
318 112
300 144
303 142
274 153
278 158
157 402
158 402
183 353
190 359
181 372
544 385
557 430
607 341
578 381
596 363
286 66
292 71
307 79
307 89
319 112
300 145
304 142
274 152
279 158
157 403
159 402
183 352
191 359
181 373
545 385
558 430
608 341
578 382
286 65
293 71
308 78
308 90
320 112
300 146
305 142
274 151
280 158
157 404
160 402
183 351
192 359
181 374
546 385
559 430
609 341
578 383
286 64
309 78
309 91
321 112
300 147
306 142
274 150
281 158
157 405
161 402
183 350
193 359
181 375
547 384
547 385
560 430
560 431
610 341
578 384
286 63
310 78
310 92
322 112
300 148
307 142
274 149
282 158
157 406
162 402
183 349
194 358
181 376
547 383
548 385
561 430
560 432
611 341
578 385
286 62
311 78
311 93
323 112
300 149
308 142
274 148
157 407
163 402
183 348
195 357
181 377
547 382
549 385
562 430
560 433
612 342
578 386
286 61
312 78
312 94
324 112
300 150
309 142
274 147
157 408
164 402
183 347
196 356
181 378
547 381
550 385
563 430
560 434
613 343
578 387
286 60
325 112
300 151
310 142
274 146
157 409
183 346
197 356
181 379
547 380
551 385
564 430
560 435
614 343
578 388
286 59
326 112
300 152
311 142
274 145
157 410
183 345
198 356
181 380
547 379
552 385
565 430
560 436
615 343
578 389
286 58
327 112
300 153
312 142
274 144
157 411
183 344
199 356
181 381
547 378
553 385
566 430
560 437
616 343
578 390
286 57
328 112
300 154
313 142
274 143
275 143
157 412
200 356
181 382
182 382
547 377
554 385
567 430
560 438
617 343
578 391
286 56
329 112
300 155
314 142
276 143
157 413
201 356
180 383
183 382
547 376
555 385
568 430
618 343
578 392
287 55
330 112
300 156
315 142
277 143
157 414
202 356
180 384
184 382
547 375
556 385
569 430
619 343
578 393
288 54
331 112
300 157
316 142
278 143
157 415
203 356
180 385
185 382
547 374
570 430
620 343
579 394
289 53
332 112
332 113
300 158
317 142
279 143
157 416
204 356
180 386
186 382
547 373
571 430
621 343
580 395
290 52
333 112
332 114
300 159
318 142
280 143
157 417
180 387
187 382
572 430
622 343
581 396
291 51
334 112
332 115
300 160
319 142
281 143
157 418
180 388
188 382
573 430
623 343
581 397
582 395
292 50
335 112
332 116
300 161
320 142
282 143
157 419
180 389
189 382
574 430
624 343
581 398
583 394
293 49
336 112
332 117
300 162
321 142
157 420
180 390
190 382
575 430
625 343
581 399
584 393
292 48
294 49
337 112
332 118
300 163
322 142
158 421
180 391
191 382
626 343
581 400
585 393
292 47
295 49
338 112
332 119
300 164
323 142
158 422
159 421
180 392
192 382
627 344
581 401
586 393
292 46
296 49
339 112
332 120
300 165
324 142
158 423
160 421
180 393
193 382
628 345
581 402
587 393
292 45
297 49
340 112
332 121
300 166
301 166
325 142
158 424
161 421
180 394
194 382
628 346
581 403
588 393
292 44
298 49
341 112
332 122
300 167
302 166
326 142
158 425
162 421
180 395
195 382
628 347
581 404
589 393
292 43
299 49
342 112
332 123
300 168
303 166
327 142
158 426
163 421
180 396
196 382
628 348
581 405
590 393
292 42
300 49
343 112
332 124
300 169
304 166
328 142
158 427
164 421
180 397
181 397
197 382
628 349
581 406
591 393
292 41
301 49
344 112
332 125
300 170
305 166
329 142
158 428
165 421
182 397
198 382
628 350
581 407
592 393
302 50
345 112
300 171
306 166
330 142
158 429
166 421
183 397
199 382
628 351
581 408
593 393
303 51
346 112
300 172
307 166
331 143
158 430
167 421
184 397
200 382
628 352
582 409
594 392
304 52
347 113
300 173
308 166
332 143
158 431
168 421
185 397
201 382
628 353
583 410
595 391
305 53
348 113
348 114
300 174
309 166
333 143
158 432
169 421
186 397
202 382
584 411
596 390
306 54
349 113
348 115
300 175
310 166
334 143
158 433
170 421
187 397
203 382
585 412
597 389
307 55
350 113
348 116
300 176
311 166
335 143
158 434
171 421
188 397
204 382
586 413
598 388
308 54
308 56
351 113
348 117
300 177
312 166
336 143
158 435
172 421
189 397
205 382
587 414
599 387
309 53
308 57
309 56
352 113
348 118
300 178
313 166
337 143
173 421
173 422
190 397
206 382
588 415
600 387
310 52
308 58
310 56
353 113
348 119
300 179
314 166
338 143
174 421
173 423
191 397
207 382
589 416
601 387
311 51
308 59
311 56
354 113
348 120
300 180
315 166
339 143
175 421
173 424
192 397
208 382
590 415
590 417
602 387
312 50
308 60
312 56
355 113
348 121
300 181
316 166
340 143
176 421
173 425
193 396
209 382
591 414
590 418
603 387
313 49
308 61
313 56
356 113
348 122
300 182
317 166
341 143
177 421
173 426
194 395
210 382
592 413
590 419
604 387
308 62
314 56
357 113
348 123
300 183
318 166
342 143
178 421
173 427
195 395
211 382
593 412
590 420
605 387
308 63
315 56
358 113
348 124
300 184
319 166
343 143
179 421
173 428
196 395
212 381
212 383
594 411
590 421
606 387
308 64
316 56
359 113
348 125
300 185
320 166
344 143
180 421
173 429
197 395
213 380
213 383
595 410
590 422
607 387
317 56
360 113
300 186
321 166
345 143
181 421
173 430
198 395
214 379
214 383
596 409
590 423
608 387
318 56
361 113
300 187
322 166
322 167
182 421
173 431
199 395
215 378
215 383
596 408
590 424
609 386
319 56
319 57
362 114
300 188
323 166
322 168
183 421
173 432
200 395
216 377
216 383
590 425
610 385
320 56
319 58
363 114
363 115
300 189
324 166
322 169
184 421
173 433
201 395
217 376
217 383
590 426
611 384
611 386
321 56
319 59
364 114
363 116
300 190
325 166
322 170
185 421
173 434
202 396
218 375
218 383
590 427
612 383
612 387
322 56
319 60
365 114
363 117
300 191
326 166
322 171
186 421
173 435
203 397
219 374
219 383
590 428
613 383
613 388
323 56
319 61
366 114
363 118
300 192
327 166
322 172
187 421
204 397
220 373
220 383
590 429
591 429
614 383
614 389
324 56
319 62
367 114
363 119
300 193
328 166
322 173
188 421
188 422
205 397
221 372
221 383
590 430
592 429
615 383
615 390
325 56
319 63
368 114
363 120
300 194
329 166
322 174
189 421
188 423
206 397
222 371
222 383
590 431
593 429
616 383
616 391
326 56
319 64
369 114
363 121
300 195
330 166
322 175
190 421
188 424
207 397
222 370
223 383
590 432
594 429
617 383
617 392
327 56
370 114
363 122
300 196
331 166
322 176
191 421
188 425
208 397
222 369
224 383
590 433
595 429
618 383
618 393
328 56
371 114
363 123
300 197
332 166
322 177
192 421
188 426
209 397
222 368
225 383
590 434
596 429
619 383
619 394
329 56
372 114
363 124
300 198
333 166
322 178
193 421
188 427
210 396
222 367
590 435
597 429
620 383
620 395
330 56
373 114
363 125
300 199
334 166
322 179
194 421
188 428
211 395
222 366
590 436
598 429
621 383
621 396
331 56
374 114
335 166
322 180
195 421
188 429
212 395
590 437
599 429
622 383
622 397
332 56
375 114
336 166
322 181
196 421
188 430
213 395
590 438
600 429
623 383
623 398
333 56
376 114
337 166
337 167
322 182
197 421
188 431
214 395
589 439
601 429
624 382
624 399
334 55
334 57
377 114
338 167
337 168
322 183
198 421
188 432
215 395
588 440
602 429
625 381
625 398
625 400
335 54
335 58
378 114
378 115
339 167
337 169
322 184
199 421
188 433
216 395
587 441
603 429
626 380
626 397
626 401
336 53
336 59
379 114
378 116
340 167
337 170
322 185
200 421
188 434
217 395
586 442
604 429
604 430
627 379
627 396
626 402
336 52
337 60
380 114
378 117
341 167
337 171
322 186
201 421
188 435
218 396
585 443
604 431
627 378
628 395
626 403
336 51
338 61
381 114
378 118
342 167
337 172
322 187
202 421
219 397
584 443
604 432
627 377
629 394
626 404
336 50
338 62
339 60
382 114
378 119
343 167
337 173
322 188
203 421
203 422
220 398
583 443
604 433
627 376
630 393
626 405
336 49
338 63
340 59
383 114
378 120
344 167
337 174
322 189
204 421
203 423
221 398
582 443
604 434
627 375
631 392
626 406
336 48
338 64
341 58
384 114
378 121
345 167
337 175
322 190
205 421
203 424
222 398
581 443
604 435
627 374
632 391
626 407
336 47
338 65
342 57
385 114
378 122
346 167
337 176
322 191
206 421
203 425
223 398
580 443
604 436
627 373
633 390
633 392
626 408
336 46
338 66
343 56
343 58
386 114
378 123
347 167
337 177
322 192
207 421
203 426
224 398
579 443
604 437
627 372
634 389
634 393
626 409
336 45
338 67
344 55
344 59
387 114
378 124
348 167
337 178
322 193
208 421
203 427
225 398
578 443
604 438
627 371
635 388
635 394
626 410
336 44
338 68
345 54
345 60
388 114
378 125
349 167
337 179
322 194
209 421
203 428
604 439
627 370
636 387
636 395
626 411
336 43
338 69
346 54
346 61
389 114
350 167
337 180
322 195
210 421
203 429
627 369
637 386
637 396
626 412
336 42
338 70
347 54
347 62
390 114
351 167
337 181
322 196
211 421
203 430
627 368
638 385
638 397
626 413
336 41
338 71
348 54
348 63
391 114
352 167
352 168
322 197
212 421
203 431
639 385
639 398
336 40
339 72
349 64
392 115
353 166
353 168
352 169
322 198
213 421
203 432
640 385
640 399
336 39
340 73
350 65
393 116
354 165
354 168
352 170
322 199
214 421
203 433
641 385
641 400
337 38
340 74
351 64
351 66
394 117
355 164
355 168
352 171
322 200
215 421
203 434
642 385
641 401
338 37
340 75
352 63
352 67
395 118
356 163
356 168
352 172
322 201
216 421
203 435
643 385
641 402
339 36
340 76
353 62
353 68
394 119
396 119
357 162
357 168
352 173
322 202
217 421
644 385
641 403
340 36
340 77
354 61
353 69
393 120
397 120
358 161
358 168
352 174
322 203
218 421
645 385
641 404
341 36
340 78
355 60
353 70
392 121
398 121
359 160
359 168
352 175
323 204
219 422
646 385
641 405
342 36
340 79
356 59
353 71
391 122
399 122
360 159
360 168
352 176
324 205
218 423
220 422
641 406
343 36
340 80
357 58
353 72
390 123
400 123
361 158
361 168
352 177
325 206
218 424
221 422
641 407
344 36
340 81
358 57
353 73
389 124
401 124
362 157
362 168
352 178
325 207
326 205
218 425
222 422
641 408
345 36
340 82
359 56
353 74
388 125
402 125
363 156
363 168
352 179
325 208
327 204
218 426
223 422
641 409
346 36
340 83
360 55
360 57
353 75
403 125
364 155
364 168
352 180
325 209
328 203
328 205
218 427
224 422
641 410
347 36
361 54
361 58
353 76
365 154
365 168
352 181
325 210
329 202
329 206
218 428
225 422
641 411
348 36
362 53
362 59
353 77
364 153
366 153
366 168
352 182
325 211
330 202
330 207
218 429
226 422
349 36
363 52
363 60
353 78
363 152
367 152
367 168
367 169
325 212
331 202
331 208
218 430
227 422
350 36
363 51
364 61
353 79
362 151
368 151
367 170
325 213
332 202
332 209
218 431
228 422
351 36
364 50
365 62
353 80
361 150
369 150
367 171
325 214
333 202
333 210
218 432
229 422
352 35
365 49
366 63
353 81
360 149
370 149
367 172
325 215
334 202
334 211
218 433
230 422
353 34
366 48
367 64
353 82
359 148
371 148
367 173
325 216
335 202
335 212
218 434
231 422
354 33
366 47
368 65
353 83
358 147
372 147
367 174
325 217
336 202
336 213
218 435
232 422
354 32
366 46
368 66
369 64
353 84
357 146
373 146
367 175
368 175
325 218
337 202
337 214
233 422
233 423
354 31
366 45
368 67
370 63
354 85
356 145
374 145
367 176
369 175
325 219
338 215
234 422
233 424
354 30
366 44
368 68
371 62
354 86
356 144
374 144
367 177
370 175
325 220
339 216
235 422
233 425
354 29
366 43
368 69
372 61
354 87
375 143
367 178
371 175
325 221
340 217
236 422
233 426
354 28
366 42
368 70
373 60
354 88
376 143
367 179
372 175
325 222
340 218
341 216
237 422
233 427
354 27
366 41
368 71
374 59
354 89
377 143
367 180
373 175
325 223
340 219
342 215
238 422
233 428
354 26
366 40
368 72
375 58
375 60
354 90
378 143
367 181
374 175
325 224
340 220
343 214
239 422
233 429
354 25
366 39
368 73
376 58
376 61
354 91
379 143
367 182
375 175
325 225
340 221
344 213
240 422
233 430
354 24
366 38
368 74
377 58
377 62
354 92
380 143
367 183
376 175
325 226
340 222
345 212
241 422
233 431
354 23
366 37
368 75
378 57
378 58
378 63
354 93
381 143
377 175
325 227
340 223
346 211
242 422
233 432
354 22
366 36
367 36
368 76
378 56
379 58
379 64
354 94
382 143
378 175
325 228
340 224
347 210
243 422
233 433
354 21
368 36
368 77
378 55
380 58
379 65
354 95
383 143
379 175
325 229
340 225
348 209
348 211
244 422
233 434
369 36
368 78
378 54
381 58
354 96
384 143
380 175
325 230
340 226
349 208
349 212
245 422
233 435
370 36
368 79
378 53
382 58
354 97
385 143
381 175
325 231
340 227
350 207
350 213
246 422
371 36
368 80
383 58
354 98
386 143
382 175
325 232
340 228
351 206
351 214
247 422
372 36
368 81
384 58
387 143
383 176
325 233
340 229
352 205
352 215
248 422
248 423
373 36
385 58
388 143
384 177
340 230
353 204
353 216
249 422
248 424
374 36
386 58
389 143
389 144
385 178
340 231
354 203
354 217
250 422
248 425
375 36
387 58
390 143
389 145
386 179
340 232
355 203
355 218
251 422
248 426
376 36
388 58
391 143
389 146
387 180
340 233
356 204
355 219
252 422
248 427
377 36
389 58
392 143
389 147
388 181
340 234
357 205
355 220
253 422
248 428
378 36
390 58
393 143
389 148
389 182
340 235
358 206
355 221
254 422
248 429
391 58
394 143
389 149
390 183
340 236
359 206
355 222
255 422
248 430
392 58
395 143
389 150
390 184
391 182
340 237
360 206
355 223
256 422
248 431
393 58
396 143
389 151
390 185
392 181
340 238
361 206
355 224
257 422
248 432
394 58
397 143
390 186
393 180
393 182
340 239
362 206
355 225
258 422
248 433
395 59
398 143
390 187
394 180
394 183
340 240
363 206
355 226
259 422
248 434
396 60
399 143
390 188
395 180
395 184
340 241
364 206
355 227
260 422
248 435
396 61
397 59
400 143
390 189
396 180
396 185
340 242
365 206
355 228
261 422
396 62
398 58
401 143
390 190
397 180
397 186
340 243
366 206
355 229
262 422
396 63
399 57
402 143
398 180
398 187
340 244
367 206
355 230
263 422
263 423
396 64
400 56
403 143
399 180
399 188
340 245
368 206
355 231
264 422
263 424
396 65
401 55
404 143
400 180
400 189
340 246
369 206
355 232
265 422
263 425
396 66
402 54
402 56
405 143
401 180
401 190
340 247
370 206
355 233
266 422
263 426
396 67
403 53
403 57
406 143
402 180
402 191
341 248
356 234
267 422
263 427
396 68
404 52
404 58
407 143
403 180
403 192
342 249
357 235
268 422
263 428
396 69
405 51
405 59
408 143
404 180
404 193
343 250
358 234
358 236
269 422
263 429
396 70
406 50
406 60
409 143
405 180
405 194
344 251
359 233
359 237
270 422
263 430
396 71
407 50
407 61
410 143
406 179
405 195
345 250
345 252
360 232
360 238
271 422
263 431
396 72
408 50
408 62
411 143
407 178
406 196
346 249
346 253
361 231
361 239
272 422
263 432
396 73
409 50
409 63
412 143
408 177
407 197
347 248
347 254
362 230
362 240
273 422
263 433
396 74
410 64
413 143
409 176
408 198
348 247
348 255
363 229
363 241
274 422
263 434
396 75
411 65
414 143
410 175
409 199
348 256
364 228
363 242
275 422
263 435
396 76
412 64
415 143
415 144
411 174
410 200
348 257
365 227
363 243
276 422
396 77
413 63
416 143
415 145
412 173
411 199
411 201
348 258
366 226
363 244
277 422
396 78
414 62
417 143
415 146
413 172
412 198
412 202
348 259
367 225
363 245
278 422
396 79
415 61
418 143
415 147
413 171
413 197
413 203
348 260
368 224
368 226
363 246
279 423
396 80
416 60
416 62
419 143
415 148
414 196
414 204
348 261
369 223
369 227
363 247
280 424
396 81
417 59
417 63
420 143
415 149
414 195
414 205
348 262
370 222
370 228
363 248
281 425
396 82
418 58
418 64
421 143
415 150
414 206
370 221
371 229
363 249
282 426
396 83
419 57
419 65
422 143
415 151
414 207
372 230
363 250
283 427
396 84
420 56
420 66
423 143
414 208
373 229
373 231
363 251
284 428
396 85
421 55
421 67
424 143
414 209
374 228
374 232
363 252
283 429
285 429
396 86
422 54
422 68
425 143
414 210
375 227
375 233
363 253
282 430
286 430
396 87
422 69
426 143
415 211
376 226
376 234
363 254
281 431
287 431
396 88
427 143
416 210
416 212
377 225
377 235
363 255
280 432
288 432
397 89
428 143
417 209
417 213
378 224
378 236
363 256
279 433
289 433
398 90
429 143
418 208
418 214
379 223
363 257
278 434
290 434
399 91
430 143
419 207
419 215
380 222
363 258
278 435
291 433
291 435
398 92
400 92
431 144
420 206
420 216
381 221
363 259
292 432
292 436
397 93
401 91
401 93
432 145
421 205
421 207
421 217
382 220
363 260
293 431
293 437
396 94
402 90
402 94
432 146
433 144
422 204
422 208
422 218
383 219
383 221
363 261
294 430
293 438
395 95
403 89
403 95
432 147
434 143
423 203
423 209
423 219
384 218
384 222
363 262
295 429
293 439
394 96
404 88
404 96
432 148
435 142
424 202
423 210
423 220
385 217
385 223
363 263
296 428
293 440
393 97
405 87
405 97
432 149
436 142
425 201
423 221
385 216
386 224
364 264
297 427
297 429
293 441
392 98
406 86
406 98
432 150
437 142
426 200
423 222
387 225
365 265
298 426
298 430
293 442
391 99
407 85
406 99
432 151
438 142
427 199
427 201
423 223
388 226
366 264
366 266
299 425
299 431
293 443
408 84
406 100
432 152
439 142
428 198
428 202
423 224
389 227
367 263
367 267
300 424
300 432
293 444
409 83
406 101
432 153
440 142
429 197
429 203
423 225
390 226
390 228
368 262
368 268
301 423
301 433
293 445
410 82
406 102
432 154
441 142
430 204
424 226
391 225
391 229
369 261
367 269
369 269
302 422
302 434
293 446
411 81
406 103
432 155
442 142
431 205
425 227
392 224
392 230
370 260
366 270
370 270
303 421
303 435
293 447
411 80
407 104
432 156
432 206
426 228
393 223
393 231
371 259
365 271
371 271
303 420
304 420
293 448
408 105
432 157
433 205
433 207
427 229
394 222
394 232
372 258
372 260
364 272
372 272
305 420
293 449
409 106
432 158
434 204
434 208
428 230
395 221
395 232
373 257
373 261
363 273
373 273
306 420
293 450
410 107
433 159
435 203
435 209
429 231
396 220
396 232
374 256
374 262
362 274
374 274
307 420
293 451
294 451
411 107
411 108
433 160
434 158
436 202
436 210
429 232
396 219
397 232
375 255
375 263
361 275
375 275
308 420
293 452
295 451
412 107
411 109
433 161
435 157
437 201
437 211
429 233
398 232
376 254
360 276
375 276
309 420
293 453
296 451
413 107
411 110
433 162
436 157
438 200
438 212
429 234
399 232
377 253
360 277
375 277
310 420
293 454
297 451
414 107
411 111
433 163
437 157
439 199
429 235
400 232
378 252
378 254
375 278
311 420
293 455
298 451
415 107
411 112
433 164
438 157
440 198
429 236
401 232
378 251
379 255
376 279
312 420
293 456
299 451
416 107
411 113
433 165
439 157
441 197
429 237
402 232
380 256
377 280
313 420
293 457
300 451
417 107
411 114
433 166
440 157
442 196
429 238
403 232
381 257
378 281
314 420
293 458
301 451
418 107
411 115
433 167
441 157
443 195
429 239
404 232
382 258
379 282
315 420
293 459
302 451
419 107
433 168
442 157
444 194
444 196
429 240
383 257
383 259
380 283
316 420
293 460
303 451
420 107
433 169
444 193
445 193
445 197
430 241
384 256
384 260
380 284
317 420
293 461
304 451
421 107
433 170
446 193
446 198
431 242
385 255
385 261
380 285
318 420
318 421
293 462
305 451
422 108
433 171
447 193
447 199
432 243
386 254
386 262
380 286
319 419
318 422
293 463
306 452
423 109
433 172
448 193
448 200
432 244
387 253
387 263
380 287
320 418
318 423
293 464
307 453
424 110
433 173
449 193
449 201
432 245
388 252
388 264
380 288
321 417
318 424
293 465
308 454
425 111
434 174
450 193
450 202
432 246
389 251
389 265
380 289
322 416
318 425
293 466
309 455
426 112
435 175
451 193
451 203
432 247
390 250
390 266
380 290
321 415
323 415
318 426
293 467
310 456
427 113
436 176
452 193
452 204
432 248
391 249
391 267
380 291
320 414
324 414
318 427
293 468
311 457
428 114
437 177
453 193
453 205
432 249
392 248
392 268
380 292
319 413
325 413
318 428
293 469
312 458
429 115
438 178
454 193
432 250
393 247
393 269
380 293
318 412
326 412
318 429
293 470
313 459
430 114
430 116
439 179
455 193
432 251
393 246
394 270
380 294
317 411
327 411
293 471
431 113
431 117
440 180
456 193
432 252
395 271
380 295
316 410
328 410
328 412
293 472
432 112
432 118
441 181
457 193
432 253
395 272
396 270
380 296
315 409
329 409
329 413
293 473
433 111
432 119
458 193
432 254
395 273
397 269
380 297
314 408
330 408
330 414
293 474
434 110
432 120
459 193
432 255
395 274
398 268
380 298
313 407
331 407
331 415
293 475
435 109
432 121
460 192
433 256
395 275
399 267
380 299
312 406
331 406
332 416
293 476
294 476
436 108
436 110
432 122
461 191
433 257
434 255
395 276
400 266
380 300
311 405
331 405
333 417
293 477
295 476
436 107
437 111
462 190
433 258
435 254
395 277
401 265
401 267
380 301
310 404
331 404
333 418
334 418
293 478
296 476
438 112
463 189
433 259
436 253
436 255
395 278
402 264
402 268
380 302
309 403
331 403
333 419
335 418
293 479
297 476
439 113
464 188
433 260
437 252
437 256
395 279
403 263
403 269
380 303
308 402
331 402
333 420
336 418
293 480
298 476
440 114
465 187
433 261
438 251
438 257
395 280
404 262
404 270
380 304
307 401
331 401
333 421
337 418
293 481
299 476
441 115
466 186
433 262
439 250
439 258
395 281
405 261
405 271
380 305
306 400
331 400
333 422
338 418
293 482
300 476
442 116
467 185
433 263
440 249
440 259
395 282
406 260
406 272
380 306
305 399
331 399
333 423
339 418
293 483
301 476
443 115
443 117
468 184
468 186
433 264
441 248
441 260
395 283
407 259
407 273
380 307
304 398
331 398
333 424
340 418
293 484
302 476
444 114
444 118
469 183
469 187
433 265
442 247
442 261
395 284
408 258
408 274
380 308
303 397
331 397
333 425
341 418
293 485
303 476
445 113
445 119
469 182
470 188
433 266
443 246
443 248
443 262
395 285
408 257
409 259
409 275
380 309
331 396
333 426
342 418
293 486
304 476
446 112
446 120
469 181
471 189
433 267
444 245
444 249
444 263
395 286
408 256
410 260
410 276
380 310
331 395
333 427
343 418
293 487
305 476
447 111
447 121
469 180
472 188
472 190
433 268
445 244
445 250
445 264
395 287
408 255
411 261
410 277
380 311
331 394
333 428
344 418
293 488
306 476
448 110
447 122
469 179
473 187
473 191
433 269
446 243
446 251
446 265
395 288
408 254
412 261
410 278
380 312
333 429
345 418
293 489
307 476
449 109
469 178
474 186
474 192
433 270
447 243
447 252
447 266
395 289
408 253
413 261
410 279
380 313
346 418
293 490
308 476
308 477
450 108
450 110
469 177
475 185
474 193
434 271
448 242
447 253
448 267
395 290
408 252
410 280
380 314
347 418
293 491
308 478
451 107
451 111
476 184
474 194
435 272
449 241
448 268
395 291
408 251
410 281
380 315
348 418
308 479
452 112
477 183
474 195
436 273
450 240
395 292
408 250
410 282
380 316
349 419
308 480
453 113
478 182
474 196
437 274
451 239
451 241
395 293
408 249
410 283
380 317
350 419
308 481
454 114
479 181
474 197
436 275
438 275
452 238
452 242
395 294
408 248
410 284
380 318
351 419
308 482
455 115
480 180
480 182
474 198
435 276
439 276
451 237
453 237
453 243
395 295
408 247
410 285
380 319
352 419
308 483
309 483
456 116
481 179
481 183
474 199
434 277
440 277
450 236
454 236
454 244
395 296
408 246
410 286
380 320
353 419
308 484
310 483
457 117
482 178
482 184
474 200
433 278
441 278
449 235
455 235
455 245
395 297
410 287
380 321
354 419
308 485
311 483
458 116
458 118
483 177
483 185
474 201
432 279
442 279
448 234
456 234
456 246
395 298
410 288
380 322
355 419
308 486
312 483
459 115
459 119
484 176
484 186
474 202
431 280
443 280
447 233
457 233
457 247
395 299
410 289
380 323
356 419
308 487
313 483
460 114
460 120
485 187
474 203
430 281
443 281
446 232
458 232
458 234
458 248
395 300
410 290
380 324
357 419
357 420
308 488
314 483
461 113
461 121
486 188
474 204
429 282
445 231
459 231
459 235
459 249
395 301
410 291
380 325
358 419
357 421
308 489
315 483
462 112
462 122
487 189
474 205
428 283
444 230
460 230
460 236
460 250
395 302
380 326
359 419
357 422
308 490
316 483
463 111
463 123
488 188
488 190
443 229
460 229
461 237
461 251
395 303
380 327
360 419
357 423
308 491
317 482
317 483
464 110
464 124
489 187
489 191
442 228
460 228
462 238
462 252
395 304
380 328
361 419
357 424
317 481
318 483
465 109
465 125
490 186
489 192
442 227
460 227
462 239
463 237
463 253
395 305
380 329
362 419
357 425
319 483
466 108
466 126
491 185
489 193
460 226
464 236
463 254
395 306
396 306
380 330
363 419
357 426
320 483
466 107
467 127
492 184
489 194
460 225
465 235
463 255
395 307
397 306
380 331
357 427
321 483
468 128
493 183
489 195
460 224
466 234
463 256
395 308
398 306
380 332
357 428
322 483
469 129
494 182
489 196
467 233
463 257
395 309
399 306
380 333
357 429
323 483
470 130
495 181
489 197
468 232
463 258
395 310
400 306
380 334
357 430
324 483
471 129
471 131
496 180
496 182
489 198
469 231
463 259
395 311
401 306
380 335
357 431
325 483
472 128
471 132
497 179
497 183
489 199
470 230
470 232
463 260
395 312
402 306
380 336
357 432
326 483
473 127
473 129
471 133
498 178
498 184
489 200
471 229
471 233
463 261
395 313
403 306
380 337
357 433
327 483
474 126
474 130
471 134
499 177
499 185
489 201
472 228
472 234
463 262
395 314
404 306
357 434
328 483
475 125
475 131
471 135
499 176
500 186
489 202
473 227
473 235
463 263
395 315
405 306
329 483
476 124
476 132
471 136
501 187
489 203
474 226
474 236
463 264
395 316
406 306
330 483
477 123
477 133
471 137
502 188
489 204
475 225
475 237
463 265
395 317
407 306
331 483
477 122
478 134
471 138
503 187
503 189
489 205
475 224
476 238
463 266
395 318
408 306
332 483
478 121
479 135
471 139
504 186
504 190
477 237
477 239
463 267
395 319
333 482
333 484
479 120
480 136
471 140
505 185
504 191
478 236
478 240
463 268
464 268
395 320
334 481
334 485
480 119
481 137
471 141
506 184
505 192
479 235
478 241
463 269
465 268
395 321
335 480
335 486
481 118
482 138
471 142
507 183
506 193
480 234
478 242
463 270
466 268
395 322
336 479
335 487
481 117
482 119
483 139
471 143
508 182
507 194
481 233
478 243
463 271
467 268
395 323
337 478
335 488
481 116
483 120
484 140
470 144
509 181
506 195
508 194
482 232
478 244
463 272
468 268
395 324
338 477
335 489
481 115
484 119
484 121
485 141
469 145
510 180
505 196
509 194
483 231
478 245
463 273
469 268
395 325
339 476
335 490
481 114
485 118
485 122
486 142
468 146
511 179
504 197
510 194
484 230
478 246
463 274
470 268
395 326
339 475
340 477
335 491
481 113
486 117
486 122
487 142
467 147
512 178
504 198
511 194
485 229
485 231
478 247
463 275
471 268
339 474
341 478
335 492
481 112
487 116
487 122
488 142
466 148
513 177
504 199
512 194
486 228
486 232
478 248
463 276
472 268
339 473
342 479
335 493
481 111
488 115
488 122
489 142
465 149
514 176
504 200
513 194
487 227
487 233
478 249
463 277
473 268
339 472
343 480
335 494
481 110
489 114
489 122
490 142
464 150
504 201
514 194
488 226
488 234
478 250
463 278
474 268
339 471
344 481
335 495
481 109
490 113
490 122
491 142
463 151
504 202
515 194
489 225
489 235
478 251
463 279
475 268
339 470
345 482
335 496
481 108
491 112
491 122
492 142
462 150
462 152
504 203
516 194
490 224
490 236
478 252
463 280
476 268
339 469
346 483
335 497
481 107
492 111
492 122
493 142
461 149
461 153
463 153
504 204
517 194
491 237
478 253
463 281
477 268
477 269
339 468
347 483
335 498
493 110
494 142
460 148
460 154
464 154
504 205
518 194
492 238
478 268
477 270
340 467
348 484
334 499
494 109
495 142
459 147
459 155
465 155
519 194
519 195
492 239
493 237
479 267
477 271
341 466
349 485
333 500
495 108
495 110
496 142
458 146
458 156
466 156
520 194
519 196
494 236
480 267
477 272
342 465
350 486
333 501
496 107
496 111
497 142
457 145
457 157
467 157
521 194
519 197
495 235
481 267
477 273
343 464
350 487
333 502
497 112
498 142
456 144
456 158
467 158
468 158
522 194
519 198
496 234
482 267
477 274
344 463
350 488
333 503
498 113
499 142
455 143
455 159
469 158
523 194
519 199
497 233
483 267
477 275
345 462
350 489
333 504
499 114
500 142
455 160
470 158
524 194
519 200
498 232
484 267
477 276
346 461
350 490
333 505
500 115
501 142
471 158
525 194
519 201
499 231
485 267
477 277
347 460
350 491
333 506
501 116
502 143
472 158
526 194
519 202
500 230
500 232
486 267
477 278
348 459
350 492
333 507
502 117
501 144
503 144
473 158
527 194
519 203
501 229
501 233
487 267
477 279
349 458
350 493
333 508
503 116
503 118
500 145
504 145
474 158
528 194
519 204
502 228
502 234
488 267
477 280
350 457
350 459
350 494
333 509
504 115
504 119
499 146
505 146
475 158
529 194
519 205
503 227
503 235
489 267
351 456
351 460
350 495
505 114
505 120
498 147
506 147
476 158
530 194
504 226
504 236
490 267
352 456
352 461
350 496
506 113
506 121
497 148
507 148
477 158
531 194
505 225
505 237
491 267
353 456
353 462
350 497
507 112
507 122
496 149
508 149
532 194
505 224
506 238
492 267
354 456
354 463
350 498
508 111
495 150
509 150
533 194
507 237
507 239
493 267
355 464
509 110
494 151
510 150
534 194
508 236
507 240
494 268
356 465
510 109
493 152
511 150
535 193
535 195
509 235
507 241
495 269
357 466
511 108
511 110
492 153
494 153
512 150
512 151
536 192
536 196
510 234
507 242
496 270
358 467
511 107
512 111
491 154
495 154
513 149
512 152
537 191
537 197
511 233
507 243
497 271
359 468
513 112
490 155
496 155
514 148
512 153
538 190
538 198
512 232
507 244
498 272
360 469
514 113
489 156
497 156
515 147
512 154
539 189
539 199
513 231
507 245
497 273
499 271
499 273
361 470
515 114
489 157
498 157
516 146
512 155
540 188
539 200
514 230
514 232
507 246
496 274
500 270
500 274
362 469
362 471
516 115
499 158
517 145
512 156
541 187
539 201
515 229
515 233
507 247
495 275
501 269
501 275
363 468
363 472
517 116
500 159
518 144
512 157
542 186
539 202
516 228
516 234
494 276
502 268
502 276
364 467
364 473
518 115
518 117
519 143
512 158
542 185
543 187
539 203
517 227
517 235
493 277
503 267
503 277
365 466
365 474
519 114
519 118
520 142
512 159
542 184
544 188
539 204
518 226
518 236
492 278
504 266
504 278
366 465
365 475
520 113
520 119
521 141
512 160
542 183
545 189
539 205
519 225
519 237
492 279
505 265
505 279
367 464
365 476
521 112
521 120
522 141
512 161
542 182
546 190
539 206
520 224
520 238
506 264
506 280
368 463
365 477
522 111
522 121
523 141
542 181
547 190
539 207
521 239
507 263
507 281
369 462
365 478
523 110
522 122
542 180
548 190
539 208
522 240
508 262
507 282
370 461
365 479
524 109
542 179
549 190
539 209
522 241
523 241
508 283
370 460
365 480
525 108
525 110
542 178
550 191
539 210
522 242
524 241
509 284
365 481
366 481
526 107
526 111
542 177
551 192
539 211
522 243
525 241
510 283
510 285
365 482
367 481
527 112
542 176
552 193
539 212
522 244
526 241
511 282
511 286
365 483
368 481
528 113
542 175
553 194
539 213
522 245
527 241
512 281
512 287
365 484
369 481
529 114
542 174
554 195
539 214
522 246
528 241
513 280
513 288
365 485
370 481
530 115
542 173
555 196
539 215
522 247
529 241
514 279
514 289
365 486
371 481
531 116
542 172
543 172
556 197
539 216
522 248
530 241
515 278
515 290
365 487
372 481
532 117
542 171
544 172
555 198
557 197
539 217
522 249
531 241
516 277
516 291
365 488
373 481
533 116
533 118
542 170
545 172
554 199
558 197
539 218
522 250
532 241
517 276
517 292
365 489
374 481
534 115
534 119
542 169
546 172
553 200
559 197
539 219
522 251
533 241
518 275
518 277
518 293
365 490
375 481
535 114
535 120
542 168
547 172
553 201
560 197
539 220
522 252
534 241
519 274
519 278
519 294
365 491
376 481
536 113
536 121
542 167
553 202
561 197
539 221
522 253
535 241
520 273
520 279
520 295
365 492
377 481
537 112
537 122
542 166
553 203
562 197
539 222
522 254
536 241
521 272
521 280
520 296
521 296
365 493
366 493
378 480
378 481
538 111
542 165
553 204
563 197
539 223
522 255
537 241
537 242
522 271
522 281
520 297
522 296
365 494
367 493
378 479
379 481
539 110
542 164
553 205
564 197
539 224
537 243
523 270
522 282
520 298
523 296
365 495
368 493
378 478
380 481
540 109
542 163
565 197
540 225
537 244
524 270
520 299
524 296
365 496
369 493
381 481
541 108
541 110
542 162
566 197
541 226
537 245
525 270
520 300
525 296
365 497
370 493
382 481
541 107
542 111
542 161
567 197
542 227
537 246
526 270
520 301
526 296
365 498
371 493
383 481
543 112
542 160
568 197
543 228
537 247
527 270
520 302
527 296
365 499
372 493
384 481
544 113
542 159
543 159
569 197
544 229
537 248
528 270
520 303
528 296
365 500
373 493
385 481
545 114
541 158
544 159
570 197
545 228
545 230
537 249
529 270
520 304
529 296
365 501
374 493
386 481
546 115
540 157
545 159
571 197
546 227
546 231
537 250
530 270
520 305
530 296
364 502
366 502
387 481
547 116
539 156
546 159
572 197
547 226
547 232
537 251
531 270
531 296
363 503
367 503
388 481
548 115
548 117
538 156
547 159
573 197
548 225
548 233
537 252
532 270
532 296
362 504
368 504
389 481
549 114
549 118
537 156
548 159
574 198
549 224
549 234
537 253
533 270
533 296
361 505
369 505
390 481
550 113
550 119
536 156
549 159
575 199
550 223
550 235
537 254
534 270
534 296
360 506
370 506
391 481
551 112
551 120
535 156
550 159
576 200
551 222
551 236
537 255
535 270
535 296
359 507
371 507
392 481
552 111
552 121
534 156
551 159
576 201
577 199
552 221
552 237
536 270
536 297
358 508
372 507
393 481
553 110
552 122
533 156
552 159
576 202
578 198
553 220
552 238
537 270
537 298
357 509
373 507
394 480
554 109
553 123
532 156
553 159
576 203
579 197
552 239
538 270
538 297
538 299
356 510
374 507
395 479
555 108
554 124
531 156
554 159
576 204
580 196
580 198
552 240
539 296
539 300
355 511
375 507
396 478
396 480
556 107
555 125
530 156
555 159
576 205
581 195
581 199
552 241
540 295
539 301
354 512
397 477
397 481
557 107
554 126
556 126
529 156
556 159
576 206
582 195
582 200
552 242
541 294
539 302
353 513
398 477
398 482
558 107
553 127
557 127
528 156
557 159
576 207
583 195
583 201
552 243
542 293
539 303
352 513
399 477
399 483
559 107
552 128
558 128
527 156
576 208
584 195
584 202
552 244
543 292
539 304
400 477
400 484
560 107
551 129
559 129
576 209
585 195
585 203
552 245
544 291
539 305
401 477
401 485
561 107
550 130
560 130
576 210
586 195
586 204
552 246
543 290
545 290
545 292
539 306
402 477
402 486
562 107
549 131
561 131
576 211
587 195
587 205
552 247
542 289
546 289
546 293
539 307
403 477
403 487
563 107
548 132
562 132
576 212
588 195
588 206
552 248
541 288
547 288
547 294
539 308
404 477
404 488
564 107
547 133
563 133
576 213
589 194
589 207
552 249
540 287
548 287
548 295
539 309
405 477
405 489
565 107
546 134
564 134
576 214
590 193
590 208
552 250
539 286
549 286
549 296
539 310
406 477
406 490
566 107
545 135
565 135
576 215
591 192
591 209
552 251
538 285
550 285
550 297
539 311
407 477
407 491
567 107
544 136
566 136
576 216
592 191
591 210
592 208
552 252
537 284
551 298
408 477
408 492
568 107
544 137
567 135
567 137
576 217
593 190
591 211
593 207
593 209
552 253
536 283
552 299
409 477
409 493
569 107
568 134
568 138
576 218
594 189
591 212
594 206
594 210
552 254
535 282
552 300
410 477
410 494
570 107
569 133
569 139
576 219
595 188
591 213
595 205
595 211
553 255
535 281
411 477
411 495
571 107
570 132
570 140
576 220
596 187
591 214
596 204
596 212
553 256
412 477
412 496
572 106
571 131
571 141
576 221
596 186
591 215
597 203
597 213
553 257
413 477
413 497
573 105
572 130
572 142
576 222
596 185
591 216
598 203
598 214
553 258
414 477
414 498
574 104
573 129
573 143
576 223
596 184
591 217
599 203
599 215
553 259
415 477
415 499
575 103
574 128
574 130
574 144
576 224
596 183
591 218
600 203
600 216
553 260
416 477
416 500
576 103
575 127
575 131
575 145
576 225
596 182
591 219
601 203
601 217
553 261
577 103
576 126
576 132
576 146
576 226
591 220
602 203
602 218
553 262
578 103
577 125
577 133
577 147
576 227
591 221
603 203
553 263
579 103
578 124
578 134
578 148
576 228
591 222
604 203
553 264
580 103
579 123
578 135
578 149
576 229
591 223
605 203
553 265
581 103
580 122
580 124
578 150
576 230
591 224
606 203
553 266
582 103
581 125
578 151
576 231
591 225
607 202
553 267
583 103
582 126
578 152
576 232
591 226
608 202
553 268
584 103
583 127
578 153
576 233
591 227
609 202
553 269
585 103
584 128
578 154
576 234
591 228
610 202
554 270
586 103
585 129
578 155
576 235
591 229
611 202
555 271
586 128
586 130
578 156
576 236
591 230
612 202
556 272
587 127
587 131
578 157
576 237
591 231
613 202
557 273
588 126
588 132
578 158
576 238
591 232
614 202
558 274
589 125
589 133
578 159
576 239
591 233
615 202
559 275
590 124
590 134
578 160
576 240
591 234
592 234
616 202
560 275
591 123
591 135
578 161
576 241
591 235
593 234
617 202
561 275
592 122
592 136
578 162
576 242
591 236
594 234
618 202
562 275
593 121
593 137
578 163
576 243
591 237
595 234
619 202
563 275
594 120
578 164
576 244
591 238
596 234
620 202
564 275
595 119
578 165
576 245
591 239
597 234
621 202
565 275
595 118
579 166
576 246
591 240
598 234
622 201
622 203
566 275
596 117
580 165
580 167
576 247
599 234
623 200
623 204
567 275
597 116
581 164
581 168
576 248
600 234
624 199
623 205
568 275
598 115
582 163
581 169
576 249
601 234
625 198
623 206
569 275
599 114
583 162
581 170
576 250
602 234
626 197
623 207
570 275
600 113
584 161
581 171
576 251
603 234
627 196
623 208
571 275
601 112
585 160
581 172
576 252
604 234
628 195
623 209
572 275
602 111
586 159
581 173
576 253
605 234
628 194
629 196
623 210
573 275
603 110
587 158
581 174
576 254
606 234
628 193
630 197
623 211
574 275
603 109
588 157
588 159
581 175
576 255
607 234
628 192
631 197
623 212
575 275
575 276
603 108
589 156
589 160
581 176
576 256
608 234
628 191
632 197
623 213
575 277
603 107
590 155
590 161
581 177
576 257
609 234
628 190
633 197
623 214
575 278
591 154
591 162
581 178
577 258
610 234
628 189
634 197
623 215
575 279
592 153
592 163
581 179
578 259
611 234
628 188
635 197
623 216
575 280
593 152
593 164
581 180
579 260
612 234
628 187
636 197
623 217
575 281
594 165
580 261
613 234
575 282
595 166
581 262
614 234
575 283
596 167
582 263
615 234
575 284
597 166
583 264
616 234
575 285
598 165
584 263
584 265
617 234
575 286
599 164
585 262
585 266
618 234
575 287
600 163
586 261
586 267
619 234
575 288
601 162
587 260
587 268
620 234
575 289
602 161
588 259
588 269
621 234
575 290
603 160
589 258
589 270
622 235
575 291
604 159
590 257
590 271
623 236
575 292
605 158
591 256
590 272
624 237
575 293
606 157
591 255
592 257
590 273
625 238
575 294
607 156
593 258
590 274
625 239
626 237
575 295
608 155
594 257
594 259
590 275
625 240
627 236
575 296
609 154
595 256
595 260
590 276
625 241
628 235
575 297
610 154
596 255
596 261
590 277
625 242
629 234
575 298
611 154
597 254
597 262
590 278
625 243
630 234
575 299
612 153
598 253
598 263
590 279
625 244
631 234
575 300
613 152
599 252
599 264
590 280
625 245
632 234
575 301
614 151
614 153
600 251
600 265
590 281
625 246
633 234
575 302
615 150
615 154
601 250
601 266
590 282
625 247
575 303
616 149
616 155
602 249
602 267
590 283
625 248
575 304
617 148
617 156
603 268
590 284
625 249
575 305
618 147
618 157
604 269
590 285
575 306
619 146
619 158
605 270
590 286
575 307
620 145
620 159
605 271
606 269
590 287
575 308
621 144
621 160
605 272
607 268
590 288
575 309
622 143
622 145
622 161
605 273
608 268
590 289
575 310
622 142
623 146
623 162
605 274
609 268
590 290
575 311
622 141
624 147
624 163
605 275
610 268
590 291
575 312
622 140
625 148
625 164
605 276
611 268
590 292
575 313
622 139
626 149
626 165
605 277
612 268
590 293
575 314
622 138
626 150
605 278
613 268
590 294
575 315
622 137
627 151
605 279
614 268
590 295
575 316
622 136
628 152
605 280
615 268
590 296
575 317
622 135
629 151
629 153
605 281
616 268
590 297
575 318
630 150
630 154
605 282
617 268
590 298
575 319
631 149
631 155
605 283
618 268
590 299
575 320
632 148
632 156
605 284
619 268
590 300
633 147
633 156
620 268
590 301
634 146
634 156
621 269
590 302
635 145
635 156
622 270
590 303
636 144
636 156
623 271
590 304
637 143
637 156
624 272
590 305
638 142
638 156
625 273
590 306
591 306
639 141
639 156
625 274
626 272
590 307
592 306
640 140
640 156
625 275
627 271
590 308
593 306
640 139
641 156
625 276
628 271
590 309
594 306
625 277
629 271
590 310
595 306
625 278
630 271
590 311
596 306
625 279
631 271
590 312
597 306
625 280
632 271
590 313
598 306
625 281
633 271
590 314
599 306
625 282
590 315
600 306
625 283
590 316
601 306
590 317
602 306
591 318
603 306
592 319
604 306
593 320
605 306
594 321
606 306
595 322
607 306
596 323
608 306
597 324
609 306
598 325
610 306
599 326
611 306
600 326
612 306
601 326
613 306
602 326
614 306
615 306
616 306
617 306
618 306
619 306
620 306
621 305
621 307
622 304
622 308
623 303
623 309
624 302
624 310
625 301
625 311
626 300
625 312
627 299
625 313
628 298
625 314
625 315
625 316
625 317
625 318
625 319
625 320
835
333 263
333 278
318 277
318 262
325 248
330 292
310 247
348 277
345 293
310 262
295 234
310 232
350 308
360 292
295 249
365 307
282 222
350 323
280 242
295 264
300 214
365 322
285 207
271 227
270 212
350 338
280 257
303 279
273 197
365 337
255 212
258 197
282 182
240 212
243 197
261 181
269 181
225 212
228 197
210 212
213 197
221 181
233 181
195 206
211 227
245 181
198 197
195 221
183 206
220 242
226 227
180 221
235 242
241 227
220 257
162 213
181 236
250 242
235 257
220 272
256 227
147 213
148 202
190 251
250 257
196 236
265 242
151 228
228 287
235 272
205 251
162 198
132 203
152 186
243 287
190 266
265 257
155 243
166 229
228 302
250 272
164 176
205 266
121 220
243 302
258 287
160 258
228 317
265 272
128 233
102 202
136 225
106 221
273 287
243 317
258 302
175 256
160 273
228 332
280 272
91 221
113 236
273 302
288 287
258 317
84 201
175 271
160 288
238 347
243 332
72 214
91 234
273 317
288 302
258 332
163 298
175 286
148 296
238 362
62 200
285 316
49 207
91 252
300 317
252 347
267 347
303 294
273 332
190 281
183 301
250 362
72 198
281 331
198 296
240 383
315 309
60 234
91 267
318 292
300 332
264 362
280 362
282 347
183 316
106 256
205 281
72 229
34 215
35 200
50 183
213 296
198 311
255 383
240 398
320 324
330 307
20 209
91 282
183 329
302 347
60 253
106 271
335 322
72 244
303 369
65 183
213 311
254 398
198 326
270 383
115 271
320 339
99 291
115 286
14 194
121 257
306 382
56 268
23 182
281 383
80 183
213 326
270 398
116 295
198 341
130 272
91 310
335 337
73 268
31 174
136 251
60 285
281 398
332 363
95 184
213 341
145 266
106 310
130 287
91 325
73 283
87 160
38 158
321 371
347 362
223 349
110 183
55 160
53 148
60 307
145 281
121 310
107 325
73 298
87 143
104 144
353 377
362 361
106 159
337 378
67 152
125 183
119 325
368 376
136 310
104 168
71 137
119 139
49 330
353 392
377 359
121 154
137 184
100 130
134 325
151 310
353 403
117 124
62 338
119 167
134 167
134 146
392 354
107 109
372 396
127 120
153 325
73 339
168 313
72 324
405 365
407 344
390 369
163 328
122 105
21 325
153 336
378 411
84 340
422 343
420 328
34 325
378 426
21 340
143 107
35 340
393 420
437 342
433 358
435 327
427 312
26 359
143 122
158 107
395 435
410 422
450 354
404 402
452 339
431 295
173 107
158 122
395 450
410 437
49 358
425 422
467 339
40 382
446 296
156 146
173 122
188 107
168 142
53 391
408 459
393 465
425 437
64 358
431 407
440 420
440 435
470 354
482 339
442 311
460 311
156 161
461 296
485 354
165 157
203 107
188 122
67 392
68 407
430 394
460 321
183 142
79 358
455 420
468 369
497 339
475 311
476 295
500 354
489 369
203 122
218 107
443 403
443 388
475 321
196 143
432 379
455 435
183 157
86 401
94 361
470 420
500 369
490 310
512 339
490 295
515 354
489 384
207 143
443 371
455 384
218 122
455 399
233 107
490 321
470 435
109 361
485 420
500 384
198 159
527 339
505 301
505 316
106 427
466 384
515 369
472 399
220 143
183 181
233 122
248 107
537 339
115 419
485 435
500 421
526 353
213 159
124 359
477 382
542 326
541 354
193 180
520 320
183 191
232 143
103 342
120 342
487 399
514 384
124 407
132 375
248 122
263 107
552 326
129 428
552 315
204 181
500 436
515 421
228 159
244 142
552 341
137 359
526 386
502 400
119 439
140 428
132 390
263 122
278 107
102 390
151 349
152 364
515 436
554 354
530 421
243 159
117 385
514 399
574 348
135 342
278 122
88 377
523 401
166 345
166 362
103 373
152 379
530 436
297 96
258 159
545 421
544 406
589 335
301 111
574 333
581 363
165 377
596 350
181 362
152 394
300 86
273 158
545 436
300 139
258 143
165 387
541 388
578 378
316 112
301 124
593 378
596 363
293 71
193 359
560 430
282 158
611 341
312 78
312 94
164 402
183 344
300 154
274 143
181 382
560 438
286 56
315 142
556 385
578 393
331 112
204 356
547 373
282 143
157 420
575 430
626 343
196 382
300 169
180 397
292 41
301 49
332 125
330 142
581 408
593 393
346 112
628 353
158 435
173 421
192 397
313 49
211 382
300 184
308 64
348 125
345 143
590 423
608 387
361 113
322 166
596 408
201 395
173 435
188 421
319 64
209 397
225 383
363 125
300 199
222 366
322 181
590 438
623 383
623 398
333 56
376 114
337 166
217 395
604 429
188 435
203 421
225 398
578 443
378 125
604 439
337 181
627 368
638 385
626 413
338 71
348 54
391 114
352 167
336 39
641 400
203 435
353 69
322 203
218 421
646 385
388 125
340 83
403 125
641 411
352 182
367 168
363 51
351 36
218 435
368 66
353 84
325 218
337 202
233 422
356 144
374 144
340 217
367 183
366 36
354 21
379 65
233 435
378 53
354 98
382 175
368 81
325 233
248 422
389 143
340 232
355 203
355 218
378 36
389 151
394 58
248 435
390 190
263 422
404 143
340 247
370 206
355 233
405 180
405 195
396 73
409 50
348 247
411 65
263 435
278 422
413 171
414 195
348 262
363 248
370 221
415 151
422 54
414 210
422 69
396 88
378 236
430 143
278 435
423 210
363 263
385 216
391 99
429 197
423 225
406 103
442 142
303 435
411 80
393 231
303 420
432 158
396 219
375 263
438 212
360 277
375 278
378 251
411 115
404 232
442 157
429 240
444 193
421 107
318 420
305 451
433 173
390 266
453 205
380 293
318 429
313 459
393 246
441 181
459 193
432 255
293 476
432 122
436 107
333 418
395 281
405 261
380 308
303 397
410 276
331 394
447 122
333 429
474 192
433 270
447 243
413 261
308 476
469 177
447 253
293 491
451 107
448 268
348 418
395 296
408 246
484 176
380 323
443 281
410 291
462 122
474 205
428 283
308 491
489 191
317 481
442 227
462 239
463 254
363 419
466 107
460 224
395 311
380 337
357 434
499 176
477 122
489 205
475 224
408 306
332 483
477 239
504 191
463 269
471 143
486 142
395 326
514 176
490 224
481 107
492 122
478 253
463 281
339 468
347 483
335 498
504 205
478 268
519 194
492 239
496 107
467 158
455 143
455 160
501 142
477 280
333 509
519 205
477 158
507 122
505 224
354 456
350 498
507 239
493 267
534 194
512 150
511 107
489 157
362 471
507 247
500 159
492 279
512 161
520 224
523 141
522 122
508 262
507 282
549 190
539 209
522 241
370 460
526 107
365 486
547 172
537 122
522 255
537 241
520 297
553 205
539 224
523 270
522 282
378 478
541 107
542 159
365 501
374 493
520 305
573 197
537 255
535 296
393 481
552 122
553 220
552 239
538 270
375 507
556 107
557 159
352 513
527 156
576 212
588 195
550 285
539 311
591 210
408 477
408 492
544 137
552 254
552 300
535 281
571 107
416 477
416 500
596 182
602 218
576 227
578 135
580 122
578 150
606 203
591 225
553 269
586 103
576 242
593 137
578 165
621 202
595 118
591 240
606 234
575 275
603 107
576 257
593 152
581 180
628 187
636 197
623 217
596 167
621 234
575 290
590 272
591 255
611 154
633 234
602 249
625 249
575 305
605 270
590 287
626 165
626 150
622 135
575 320
605 284
620 268
590 302
640 139
641 156
633 271
625 283
590 317
605 306
602 326
620 306
628 298
625 320
