10255
332 269
334 271
331 268
335 272
330 267
336 273
329 266
337 274
328 265
330 265
338 275
327 264
331 264
339 276
326 263
332 263
340 277
325 262
333 262
341 278
324 261
342 279
323 260
343 278
343 280
322 259
344 277
344 281
321 258
345 276
345 282
320 257
320 259
346 275
346 283
319 256
319 260
347 274
347 284
318 255
319 261
348 273
348 285
317 255
319 254
349 272
349 286
316 255
320 253
350 271
350 287
315 255
321 252
351 270
351 288
314 255
322 251
352 269
352 271
352 289
313 255
323 250
353 268
352 272
351 290
353 290
312 255
324 249
354 267
350 291
354 291
311 255
323 248
325 248
355 266
349 292
355 292
310 255
310 256
322 247
326 247
356 265
348 293
356 293
309 255
310 257
321 246
327 246
355 264
357 264
347 294
357 294
308 255
310 258
320 245
328 245
354 263
358 263
346 295
358 295
307 255
310 259
319 244
327 244
329 244
353 262
359 262
345 296
359 296
306 255
310 260
318 243
330 243
353 261
360 261
344 297
360 297
305 255
310 261
317 242
331 242
361 260
343 298
361 296
361 298
304 255
310 262
316 241
332 241
362 259
342 299
362 295
362 299
303 255
310 263
316 240
333 240
363 258
363 260
341 300
363 294
363 300
302 255
310 264
334 239
364 257
364 261
340 301
364 293
364 301
301 255
309 265
335 238
365 256
365 262
339 302
364 292
365 300
365 301
300 255
308 266
310 266
336 237
366 255
366 263
338 303
365 291
366 301
299 255
307 267
311 267
337 236
337 238
367 254
367 264
337 304
366 290
367 301
298 255
306 268
312 268
338 235
368 253
368 265
367 289
368 301
297 255
305 269
313 269
339 234
369 252
368 266
368 288
369 301
296 255
304 270
314 270
339 233
340 235
370 251
369 287
370 301
295 255
303 271
315 271
339 232
341 236
369 250
371 250
370 286
371 301
294 255
302 272
316 272
339 231
342 237
368 249
372 249
371 285
372 301
293 255
301 273
303 273
317 273
339 230
343 237
367 248
373 248
372 284
373 301
292 255
300 274
304 274
339 229
344 237
366 247
373 247
373 284
374 301
291 255
299 275
304 275
339 228
345 237
365 246
373 246
374 284
375 301
290 255
298 276
340 227
346 237
364 245
373 245
375 284
376 301
289 255
297 277
341 226
347 237
363 244
373 244
376 284
377 300
377 301
288 255
296 278
298 278
342 225
362 243
377 284
377 299
378 301
378 302
287 255
295 279
299 279
343 224
361 242
378 283
377 298
379 301
378 303
286 255
294 280
300 280
344 223
360 241
379 282
377 297
380 301
378 304
285 255
293 281
301 281
343 222
345 222
360 240
380 281
377 296
381 301
378 305
284 255
292 282
302 282
342 221
346 221
346 223
381 280
382 301
378 306
283 254
291 283
303 283
341 220
347 220
347 224
382 279
383 301
383 302
378 307
282 253
290 284
304 284
340 219
348 219
348 225
383 278
384 301
383 303
378 308
281 252
281 254
290 285
305 285
339 218
349 218
348 226
384 277
385 301
383 304
378 309
280 251
280 255
290 286
306 286
338 217
350 217
384 276
386 301
383 305
378 310
279 250
279 256
290 287
307 287
337 218
338 216
351 216
384 275
387 301
383 306
378 311
278 249
278 257
290 288
308 288
336 219
352 215
384 274
388 301
378 312
277 248
277 258
290 289
309 289
335 220
353 214
353 216
384 273
389 301
378 313
276 247
276 259
290 290
310 290
334 221
353 213
354 217
384 272
390 301
378 314
275 246
275 260
289 291
290 291
310 291
311 289
333 222
353 212
355 218
384 271
391 301
377 315
378 315
274 245
274 261
288 291
290 292
309 292
312 289
332 223
353 211
356 219
384 270
392 301
376 315
378 316
273 245
275 244
273 262
287 291
290 293
308 293
313 289
331 223
353 210
357 220
393 301
375 315
378 317
272 245
276 243
272 263
286 291
290 294
308 294
314 289
330 223
353 209
358 221
394 301
374 315
378 318
271 245
277 242
271 264
285 291
308 295
315 289
329 223
353 208
359 222
395 301
373 315
378 319
270 245
278 241
270 265
284 291
308 296
316 289
328 223
353 207
360 223
396 301
372 315
378 320
269 245
279 240
269 266
283 291
308 297
317 289
327 223
353 206
361 224
397 301
371 315
378 321
268 245
280 239
268 267
282 291
308 298
318 289
353 205
362 225
398 300
398 302
378 322
267 245
281 238
267 268
281 291
308 299
319 289
353 204
363 226
399 299
399 303
378 323
266 245
282 237
266 269
280 291
308 300
320 288
353 203
363 227
400 298
400 304
378 324
265 245
283 236
265 270
279 291
307 301
321 287
353 202
401 297
401 305
378 325
264 245
284 235
264 269
264 271
278 291
306 302
322 286
353 201
402 296
401 306
378 326
379 326
263 245
285 234
263 268
263 272
277 291
305 303
323 286
353 200
354 200
403 295
401 307
378 327
380 326
262 245
286 233
262 273
276 291
304 304
324 286
353 199
355 200
404 294
401 308
378 328
381 326
261 245
287 232
261 274
275 292
303 305
325 286
352 198
353 198
356 200
405 293
401 309
378 329
382 326
260 245
288 231
260 275
274 293
302 306
326 286
351 198
354 197
357 200
406 292
401 310
378 330
383 326
259 245
287 230
289 230
259 276
273 294
301 307
327 286
350 198
354 196
358 200
406 291
407 291
407 293
378 331
384 326
258 245
286 229
290 229
258 277
272 295
300 308
328 286
349 198
354 195
359 200
408 290
408 294
377 332
378 332
385 326
257 245
285 228
291 228
257 278
271 296
299 309
329 286
348 198
354 194
360 200
409 289
409 295
376 332
378 333
386 326
256 245
284 227
292 227
256 279
270 297
298 310
347 198
354 193
361 200
410 288
410 296
375 332
378 334
387 326
255 245
283 226
293 226
255 280
269 298
297 311
346 198
354 192
362 199
362 200
411 287
411 297
374 332
378 335
254 245
283 225
294 225
294 227
254 281
268 299
296 312
345 198
354 191
363 200
412 286
412 298
373 332
378 336
253 245
282 224
295 224
295 228
253 281
268 300
297 313
344 198
354 190
364 200
413 285
413 299
372 332
378 337
252 245
281 224
296 223
296 229
252 281
268 301
298 314
343 198
354 189
365 200
414 284
414 300
378 338
251 245
251 246
280 224
297 222
297 230
251 281
268 302
299 315
342 198
354 188
366 200
415 283
415 301
378 339
250 245
251 247
279 224
298 221
298 231
250 281
300 316
341 198
354 187
367 200
416 282
416 302
378 340
249 245
251 248
278 224
299 220
249 281
301 317
340 198
354 186
368 200
415 281
417 281
417 303
378 341
248 245
251 249
277 224
300 219
248 281
302 318
339 198
354 185
369 200
414 280
418 280
418 304
378 342
247 245
276 224
301 218
247 281
303 319
338 197
354 184
370 200
413 279
419 279
419 305
378 343
246 245
275 224
300 217
302 217
246 281
304 320
337 196
354 183
371 200
412 278
420 278
420 306
378 344
245 245
274 224
299 216
303 216
245 281
304 321
336 195
354 182
372 199
372 201
411 277
421 277
421 307
378 345
244 245
273 224
298 215
304 215
244 281
304 322
335 194
354 181
373 198
373 202
410 276
422 276
422 308
378 346
243 245
297 214
305 214
243 280
304 323
334 193
334 195
354 180
373 197
374 203
409 275
423 275
423 309
378 347
242 245
297 213
306 213
243 279
333 192
333 196
354 179
373 196
375 204
408 274
424 274
424 310
378 348
241 244
241 245
306 212
243 278
332 191
332 197
354 178
373 195
375 205
407 273
425 273
423 311
378 349
240 245
241 243
306 211
243 277
331 190
331 198
355 177
373 194
375 206
406 274
407 272
426 272
422 312
378 350
239 245
241 242
306 210
243 276
330 189
330 199
355 176
373 193
375 207
405 275
427 271
421 313
378 351
238 245
241 241
306 209
243 275
329 188
329 200
355 175
373 192
375 208
404 276
428 270
420 314
378 352
379 352
237 245
241 240
306 208
243 274
328 187
328 201
355 174
373 191
375 209
403 277
429 269
419 315
378 353
380 352
236 245
241 239
306 207
243 273
327 186
328 186
327 202
355 173
374 190
375 210
402 278
428 268
430 268
418 316
378 354
235 245
241 238
306 206
243 272
326 186
328 185
327 203
355 172
375 189
375 211
401 279
427 267
431 267
417 317
378 355
234 245
241 237
306 205
243 271
325 186
328 184
327 204
355 171
376 188
376 212
400 280
426 266
432 266
416 318
378 356
233 245
241 236
306 204
243 270
324 186
328 183
327 205
355 170
356 170
377 187
377 213
399 280
425 265
433 265
415 319
417 319
378 357
232 245
241 235
306 203
242 269
323 186
328 182
327 206
355 169
357 170
377 186
378 188
378 214
424 264
434 264
434 266
418 320
378 358
231 245
241 234
306 202
241 268
322 186
328 181
327 207
355 168
358 170
377 185
379 189
379 215
423 263
435 263
435 264
435 267
419 321
378 359
230 245
240 233
241 233
242 233
305 201
306 201
307 201
240 267
242 267
321 186
328 180
355 167
359 170
377 184
380 190
380 216
422 262
424 262
436 262
436 268
420 322
378 360
229 245
229 246
239 233
241 232
243 233
304 201
308 201
239 266
243 266
320 186
328 179
360 170
377 183
381 190
379 217
381 217
421 261
425 261
437 261
437 269
421 323
378 361
228 245
229 247
238 233
241 231
244 233
303 201
309 201
238 265
244 265
319 186
328 178
361 170
377 182
382 190
378 218
382 218
420 260
426 260
438 260
438 270
422 324
378 362
227 245
229 248
237 233
241 230
245 233
302 201
310 201
237 265
245 264
318 186
329 177
362 170
377 181
383 190
377 219
383 218
419 259
427 259
439 259
439 271
423 325
378 363
226 245
229 249
236 232
241 229
246 233
301 201
311 201
236 265
246 263
330 176
363 170
377 180
376 220
384 218
418 258
440 258
440 272
377 364
378 364
225 245
229 250
235 231
241 228
247 233
300 200
300 201
312 201
235 265
247 262
331 175
364 169
375 221
417 257
441 257
441 273
376 364
378 365
224 245
229 251
234 230
241 227
248 233
299 201
300 199
313 201
248 261
332 174
365 168
375 222
416 256
442 256
442 274
375 364
378 366
223 245
229 252
233 229
241 226
249 233
298 201
300 198
314 201
248 260
333 173
365 167
415 255
443 255
443 257
443 275
374 364
378 367
222 245
229 253
232 228
241 225
250 233
297 201
300 197
315 201
334 172
365 166
414 254
414 256
444 254
444 258
444 276
373 364
378 368
221 245
229 254
231 227
241 224
296 201
300 196
335 171
365 165
413 253
413 257
443 253
445 253
445 259
445 277
372 363
378 369
220 245
229 255
230 226
241 223
295 201
300 195
335 170
365 164
412 252
412 258
442 252
446 252
446 260
446 278
371 362
378 370
219 245
229 225
241 222
294 201
300 194
335 169
365 163
411 251
413 251
411 259
441 251
447 251
447 261
447 279
370 361
378 371
218 245
228 224
241 221
293 200
300 193
335 168
365 162
410 252
414 250
411 260
440 250
448 250
448 262
448 278
448 280
369 360
378 372
217 245
227 223
241 220
292 199
300 192
335 167
364 161
409 253
415 249
439 249
449 249
449 277
449 281
368 359
378 373
216 245
226 222
226 224
241 219
291 198
300 191
335 166
363 160
408 254
416 248
439 248
450 248
450 282
367 358
378 374
215 245
226 221
225 225
241 218
242 218
290 197
300 190
335 165
362 159
407 254
417 247
451 247
451 281
451 283
366 357
378 375
214 245
226 220
224 226
241 217
243 218
289 196
300 189
335 164
361 158
406 254
418 246
450 246
452 246
452 280
452 284
365 356
378 376
213 245
226 219
223 227
241 216
244 218
288 195
300 188
335 163
361 157
405 254
419 245
449 245
453 245
453 247
453 279
453 285
364 355
378 377
212 245
222 228
241 215
245 218
287 194
300 187
335 162
361 156
404 254
420 244
448 244
454 244
454 248
454 278
452 286
454 286
363 354
379 378
211 245
221 229
241 214
246 218
286 193
300 186
335 161
361 155
403 254
420 243
447 243
455 243
455 249
455 277
451 287
455 287
362 353
380 379
210 245
220 230
241 213
247 218
285 192
300 185
335 160
361 154
402 254
446 242
456 242
456 250
456 276
450 288
456 288
361 352
381 380
209 245
219 231
241 212
248 218
284 191
300 184
335 159
401 254
445 241
457 241
457 251
457 275
449 289
457 289
360 351
382 381
208 245
218 232
241 211
249 218
283 190
300 183
334 158
400 254
444 240
458 240
458 250
458 252
458 274
448 290
458 289
458 290
359 350
359 352
383 382
207 244
207 245
218 233
241 210
250 218
282 189
300 182
333 157
399 254
443 239
459 239
459 249
459 253
458 273
447 291
459 291
358 349
358 353
384 383
206 245
207 243
241 209
251 218
281 188
300 181
332 156
398 254
442 238
460 238
460 248
460 254
446 292
460 292
357 348
357 354
385 384
205 245
207 242
241 208
252 218
280 187
331 155
397 254
441 237
443 237
461 237
460 247
461 255
445 293
447 293
461 293
356 347
356 355
386 385
204 245
241 207
253 218
279 186
330 154
396 254
440 236
444 236
462 236
462 256
444 294
448 294
462 294
355 346
355 356
387 386
203 245
241 206
254 218
278 185
329 154
439 235
463 235
443 295
463 295
354 345
354 357
388 387
202 245
241 205
255 218
277 184
438 234
438 236
464 234
442 296
464 296
353 344
353 358
389 388
201 245
241 204
256 218
276 183
437 233
437 237
465 233
441 297
465 295
465 297
352 343
352 359
390 389
200 245
241 203
242 203
257 218
275 182
436 232
436 238
464 232
466 232
440 298
466 294
466 298
351 342
351 360
391 390
199 245
241 202
243 203
275 181
435 231
435 239
467 231
439 299
467 293
465 299
467 299
350 341
350 361
392 391
198 245
241 201
244 203
275 180
434 230
434 240
468 230
439 300
468 292
464 300
468 300
349 340
349 362
351 362
393 392
197 245
241 200
245 203
275 179
433 229
433 241
469 229
469 291
463 301
469 301
348 339
348 363
352 363
392 393
394 391
394 393
196 245
241 199
246 203
275 178
432 228
432 242
470 228
470 290
462 302
470 302
347 338
347 364
353 364
391 394
395 390
395 394
195 245
240 198
241 198
247 203
431 227
431 243
471 227
471 289
461 303
471 303
346 337
346 365
354 365
390 395
396 389
396 395
194 245
239 198
241 197
248 203
430 226
430 244
472 226
472 228
472 288
460 304
472 304
345 336
347 336
345 366
355 366
389 396
397 396
193 245
238 198
241 196
249 203
429 225
473 225
473 229
473 287
459 305
473 305
344 335
348 335
344 367
356 367
388 397
398 397
192 245
237 198
241 195
250 203
428 224
474 224
474 230
474 286
458 306
474 306
343 334
349 334
343 368
357 368
387 398
389 398
399 398
191 244
191 246
236 198
241 194
251 203
427 223
475 223
475 231
475 285
457 307
475 307
342 333
350 333
342 369
358 369
386 399
390 399
400 399
190 243
190 247
235 198
241 193
252 203
426 222
428 222
476 222
476 232
476 284
456 308
476 308
341 332
351 332
341 370
343 370
359 370
385 400
391 400
401 400
189 242
189 248
234 198
241 192
253 203
425 221
429 221
477 221
477 233
477 283
455 309
477 309
340 331
352 331
340 371
344 371
360 371
384 401
392 401
402 401
188 241
188 249
233 198
241 191
254 203
424 221
430 220
478 220
478 234
478 283
454 310
478 310
339 330
339 332
353 330
345 372
359 372
384 402
392 402
403 402
187 240
187 250
232 198
241 190
423 221
430 219
479 219
478 235
479 283
479 311
339 329
338 333
354 329
346 373
359 373
404 403
186 239
186 251
231 198
241 189
422 221
478 218
480 218
480 283
480 312
339 328
337 334
355 328
347 374
359 374
405 404
185 238
185 252
187 252
230 198
241 188
421 221
477 217
481 217
481 283
481 313
338 327
339 327
336 335
356 327
348 375
359 375
406 405
184 237
184 253
188 253
241 187
420 220
420 221
476 216
482 216
482 283
482 314
337 327
339 326
335 336
356 326
348 376
359 376
405 406
407 406
183 236
185 236
183 254
189 254
241 186
419 221
420 219
419 222
475 215
483 215
483 315
336 327
339 325
334 337
359 377
404 407
408 405
408 407
182 235
186 235
182 255
190 255
241 185
418 221
420 218
474 214
484 214
484 314
484 316
335 327
339 324
333 338
359 378
403 408
409 404
409 408
181 234
187 234
181 256
191 256
241 184
417 221
420 217
473 213
485 213
485 313
483 317
485 317
334 327
339 323
332 339
359 379
402 409
410 403
410 409
180 233
188 233
180 257
182 257
192 257
241 183
416 221
420 216
472 212
486 212
486 312
482 318
486 318
333 327
331 340
359 380
401 410
411 402
411 410
179 232
189 232
179 256
179 258
183 258
193 258
241 182
415 221
420 215
471 211
471 213
487 211
487 311
487 319
332 327
330 341
358 381
400 411
412 401
412 411
178 231
180 231
190 231
178 255
178 259
184 259
194 259
241 181
414 221
420 214
470 210
470 214
488 210
488 310
488 320
331 327
329 342
357 382
399 412
413 400
413 412
177 230
181 230
191 230
177 254
177 258
177 260
185 260
195 260
241 180
413 221
420 213
470 209
469 215
489 209
489 309
489 321
330 327
328 343
356 383
398 413
400 413
414 399
414 413
176 229
176 231
182 229
192 229
176 253
176 261
185 261
196 261
241 179
412 221
420 212
469 208
468 216
490 208
490 210
488 308
490 308
488 322
490 322
329 326
327 344
355 384
397 414
401 414
414 398
415 414
175 228
175 232
182 228
193 228
175 252
175 262
197 262
241 178
242 178
411 221
420 211
468 207
467 217
491 207
491 211
487 307
491 307
487 323
491 323
328 325
326 345
354 385
396 415
402 415
415 397
416 415
174 227
174 233
194 227
174 251
174 263
198 263
241 177
243 178
410 221
420 210
467 206
466 218
492 206
492 212
486 306
492 306
486 324
492 324
327 324
325 346
353 386
395 416
403 416
416 396
417 416
173 226
173 234
193 226
195 226
174 250
173 264
199 264
241 176
244 178
409 221
420 209
466 205
466 219
493 205
493 207
492 213
485 305
493 305
485 325
493 325
326 323
325 347
352 386
394 417
404 417
417 395
418 417
172 225
172 235
196 225
172 265
200 265
241 175
245 178
408 221
420 208
465 204
492 204
494 204
494 208
492 214
484 304
492 304
494 304
484 326
494 326
325 322
351 386
393 418
405 418
418 394
419 418
171 224
197 224
171 266
201 266
241 174
246 178
407 221
420 207
464 203
491 203
495 203
495 209
492 215
484 303
492 303
495 303
483 327
495 325
495 327
324 321
326 321
350 386
392 419
406 419
419 393
420 419
170 223
198 223
170 267
202 267
241 173
247 178
406 221
420 206
463 202
463 204
490 202
496 202
496 210
492 216
496 302
482 328
496 328
323 320
323 322
327 320
349 386
391 420
406 420
419 392
421 420
169 222
199 222
169 268
203 268
241 172
248 178
405 221
462 201
462 205
489 201
497 201
497 211
492 217
497 301
481 329
497 329
322 319
322 323
328 319
348 386
390 421
418 391
420 421
422 421
168 221
200 221
200 223
168 269
204 269
241 171
249 179
404 220
404 221
461 201
461 206
488 200
498 200
498 212
498 300
480 330
498 330
321 318
329 318
347 386
389 422
417 390
419 422
423 422
167 220
167 222
201 220
201 224
167 270
203 270
205 270
241 170
250 180
403 221
404 219
403 222
460 200
460 201
460 207
487 199
499 199
499 213
499 299
479 331
499 331
320 317
330 317
346 386
388 423
416 389
418 423
424 423
166 219
166 223
202 219
202 225
166 269
166 271
202 271
206 271
241 169
251 181
402 221
404 218
403 223
459 201
460 199
459 208
486 198
487 198
500 198
500 212
500 214
500 298
478 332
498 332
500 332
319 316
331 316
345 387
387 424
415 388
417 424
425 424
166 218
165 224
201 218
203 218
203 226
165 268
165 272
201 272
207 272
241 168
252 182
401 221
404 217
403 224
458 201
460 198
458 209
485 197
499 197
501 197
501 211
501 215
501 297
477 333
497 333
501 331
501 333
318 315
332 315
344 388
386 425
414 387
416 425
426 423
426 425
166 217
164 225
200 217
204 217
204 227
164 267
164 273
200 273
208 273
241 167
242 167
253 183
400 221
404 216
403 225
457 201
460 197
457 210
484 196
498 196
502 196
502 210
502 216
502 296
502 298
476 334
496 334
502 330
502 334
318 314
332 314
343 389
385 426
413 386
427 422
427 426
166 216
163 226
199 216
205 216
205 228
163 266
163 274
199 274
209 274
241 166
243 167
254 182
254 184
399 221
404 215
403 226
456 201
460 196
456 211
483 195
483 197
498 195
503 195
503 209
503 217
503 295
503 299
475 335
495 335
503 329
503 335
342 388
342 390
384 427
412 385
428 421
428 427
166 215
162 227
198 215
206 215
206 229
162 265
162 275
198 275
210 275
241 165
244 167
255 181
255 185
398 221
404 214
403 227
404 227
455 201
460 195
482 194
482 198
504 194
504 208
504 218
504 294
504 300
474 336
494 336
504 328
504 336
341 387
341 391
383 428
411 384
429 420
429 428
166 214
161 228
197 214
207 214
207 230
161 264
161 276
197 276
211 276
241 164
242 164
245 167
255 180
256 186
397 221
404 213
403 228
405 227
454 201
481 193
481 199
505 193
505 207
505 219
505 293
505 301
473 337
493 337
505 327
505 337
340 386
340 391
382 427
382 429
411 383
430 419
430 429
165 213
166 213
160 229
196 213
208 213
208 231
160 263
160 277
196 277
212 277
241 163
243 164
246 167
257 187
396 221
404 212
403 229
406 227
453 201
480 192
480 200
506 192
506 206
504 220
506 220
506 292
506 302
472 336
472 338
492 338
506 326
506 338
339 385
339 391
382 426
381 430
411 382
431 418
431 430
166 212
160 230
195 212
208 212
208 232
159 262
159 278
195 278
213 278
241 162
247 167
257 188
395 221
404 211
403 230
407 227
452 201
479 191
479 201
507 191
507 206
503 221
507 221
507 291
506 303
471 335
471 339
492 339
507 325
507 339
338 384
338 391
380 431
411 381
432 417
430 431
432 431
166 211
194 211
196 211
208 211
158 261
158 277
158 279
194 279
212 279
214 277
214 279
241 161
248 167
257 189
394 221
403 231
451 200
478 190
478 202
508 190
508 206
502 222
508 222
508 290
470 334
470 340
508 324
508 340
337 383
337 391
379 432
381 432
411 380
433 416
429 432
433 431
166 210
193 210
197 210
208 210
157 260
157 276
157 280
159 280
193 280
211 280
215 276
215 280
241 160
249 167
257 190
393 221
403 232
450 199
477 189
478 203
509 189
509 206
501 221
501 223
509 223
509 289
469 333
469 341
508 323
509 339
509 341
336 382
378 433
382 433
411 379
434 415
428 433
434 431
166 209
192 209
197 209
208 209
156 259
156 275
156 281
160 281
192 281
210 281
216 275
216 281
241 159
250 167
403 233
449 198
476 188
510 188
510 206
500 220
500 224
508 224
510 224
510 288
468 332
468 342
510 338
510 342
336 381
377 434
383 434
411 378
435 414
428 434
435 431
166 208
191 208
208 208
155 258
155 274
155 282
161 282
191 282
209 282
217 274
217 282
241 158
251 167
403 234
448 197
476 187
511 187
499 225
507 225
511 225
511 287
467 331
467 343
511 337
511 343
376 435
384 435
436 413
436 431
166 207
190 207
208 207
154 257
154 273
154 283
190 283
208 283
218 273
218 283
241 157
252 167
403 235
447 196
475 186
512 186
498 226
507 226
512 226
512 286
466 330
466 344
512 336
512 344
375 434
375 436
385 436
437 412
437 431
166 206
189 206
208 206
153 256
155 256
153 272
153 284
189 284
207 284
219 272
219 284
241 156
253 167
446 195
474 185
513 185
497 227
507 227
513 227
511 285
513 285
465 329
465 345
513 335
511 345
513 345
374 433
374 437
386 437
438 411
166 205
188 205
152 255
156 255
152 271
152 285
190 285
207 285
219 271
220 285
241 155
254 167
445 194
473 184
513 184
514 184
496 228
507 228
514 228
510 284
514 284
464 328
464 346
465 346
510 346
514 346
373 438
387 438
439 410
166 204
187 204
151 254
157 254
151 286
191 286
220 286
241 154
255 167
444 193
472 183
515 183
495 229
507 229
515 229
509 283
515 283
515 285
463 327
463 347
509 347
515 347
372 439
388 439
440 409
166 203
186 203
150 253
150 255
158 253
150 287
192 287
221 287
241 153
256 167
443 192
471 182
516 182
516 184
495 230
507 230
516 230
508 282
516 282
516 286
462 326
462 348
508 348
516 348
371 440
389 440
441 408
166 202
186 202
149 252
149 256
159 252
149 288
192 288
221 288
241 152
257 167
442 191
470 181
517 181
517 185
494 231
507 231
517 231
507 281
517 281
517 287
461 325
461 347
461 349
517 349
370 441
390 441
442 407
166 201
148 257
160 251
148 289
192 289
221 289
241 151
258 167
441 190
469 180
518 180
518 186
493 232
507 232
518 232
506 280
518 280
518 288
461 324
460 346
460 350
516 350
518 350
369 442
391 442
443 406
443 408
165 200
166 200
147 258
161 250
147 290
149 290
192 290
221 290
241 150
259 167
440 189
440 191
469 179
519 179
519 187
492 233
507 233
519 233
505 279
519 279
519 289
459 345
459 351
515 351
519 351
368 441
368 443
392 443
444 405
444 409
164 200
166 199
146 257
146 259
162 249
146 291
150 291
192 291
221 291
241 149
439 188
439 192
469 178
518 178
520 178
520 188
491 234
520 234
504 278
520 278
520 288
520 290
458 344
458 352
460 352
514 352
520 352
367 440
367 444
393 444
445 404
445 410
163 199
163 200
166 198
145 256
145 260
161 248
163 248
145 292
151 292
192 292
221 292
241 148
438 187
438 193
469 177
517 177
521 177
521 189
490 234
492 235
521 235
503 277
519 277
521 277
521 287
521 291
457 343
457 353
461 353
513 353
519 353
521 351
521 353
366 439
366 445
394 445
446 403
446 411
162 200
163 198
166 197
144 255
144 261
160 247
164 247
144 293
152 293
192 293
221 293
241 147
437 186
437 194
468 176
516 176
522 176
522 190
489 234
493 236
522 234
522 236
502 276
518 276
522 276
522 286
522 292
456 342
456 354
462 354
512 354
518 354
522 350
522 354
365 438
365 446
395 446
447 402
447 412
161 200
166 196
143 254
144 262
159 246
143 294
153 294
192 294
221 294
241 146
436 185
436 195
467 175
515 175
523 175
523 191
488 234
494 237
523 233
522 237
501 275
517 275
523 275
522 285
523 293
455 341
455 355
463 355
511 355
523 349
523 355
364 437
364 447
396 447
448 401
447 413
160 200
166 195
142 253
143 263
158 245
142 293
142 295
154 295
221 295
241 145
435 184
435 196
466 174
514 174
524 174
524 192
487 234
495 238
524 232
500 274
516 274
524 274
524 276
524 294
454 356
464 356
510 356
524 348
524 356
363 436
363 448
397 448
449 400
159 200
166 194
141 252
143 264
157 244
141 292
141 296
155 296
221 296
241 144
434 183
434 197
465 173
513 173
525 173
525 191
525 193
496 239
525 231
499 273
515 273
525 273
525 277
525 295
453 357
465 357
509 357
523 347
525 347
525 357
362 435
362 449
398 449
450 399
158 200
166 193
140 251
143 265
156 243
140 291
140 297
156 297
221 297
241 143
242 143
433 182
433 198
464 172
466 172
512 172
526 172
526 190
526 194
496 240
526 230
498 272
498 274
514 272
526 272
526 278
526 296
452 358
466 358
508 358
522 346
526 346
526 358
361 434
363 434
361 450
399 450
451 398
157 200
166 192
143 266
155 242
139 290
139 298
141 298
157 298
221 298
222 298
241 142
243 143
432 181
463 171
467 171
511 171
527 171
527 189
527 195
496 241
527 229
497 271
497 275
513 271
527 271
527 279
525 297
527 297
451 359
467 359
507 359
521 345
527 345
527 359
360 433
363 433
360 451
400 451
452 397
452 399
156 200
166 191
143 267
154 241
138 289
138 299
142 299
158 299
221 299
223 298
241 141
244 143
431 181
462 170
468 170
510 170
528 170
528 172
528 196
496 242
528 230
496 270
497 276
528 270
528 280
524 298
528 298
450 360
467 360
506 360
528 344
528 360
359 432
359 452
400 452
451 396
453 396
453 400
155 200
166 190
143 268
153 240
137 288
137 300
159 300
220 300
224 298
241 140
245 143
430 181
461 169
469 169
509 169
529 169
529 173
529 197
496 243
529 229
529 231
495 269
527 269
529 269
529 281
523 299
529 299
449 361
505 361
529 343
529 361
358 431
358 453
401 453
450 395
454 395
454 401
154 200
154 201
166 189
143 269
152 239
136 287
136 301
158 301
219 301
225 298
241 139
246 143
460 168
470 168
508 168
530 168
530 174
530 198
496 244
530 228
530 232
494 268
526 268
530 268
530 282
522 300
529 300
448 362
504 362
530 342
528 362
530 362
357 430
357 454
402 454
449 394
455 395
455 402
153 200
153 202
166 188
143 270
151 238
135 286
135 302
157 302
218 302
226 298
241 138
247 143
459 167
471 167
507 167
509 167
531 167
531 199
496 245
531 227
531 233
493 267
525 267
531 267
531 283
521 301
530 301
447 363
503 363
505 363
531 341
527 363
531 363
356 429
358 429
356 455
403 455
448 393
456 395
455 403
152 200
152 203
166 187
143 271
150 237
134 285
134 303
157 303
218 303
227 298
241 137
248 142
458 166
472 166
506 166
510 166
532 166
532 200
496 246
532 226
532 233
492 266
524 266
532 266
532 284
520 302
531 302
446 364
502 364
506 364
531 340
526 364
532 364
355 428
359 428
355 456
404 456
447 392
457 395
151 200
152 204
166 186
150 236
133 284
133 304
157 304
218 304
228 298
241 136
249 141
457 166
473 165
505 165
531 165
533 165
533 167
533 201
533 225
533 233
491 265
523 265
533 265
519 303
532 303
445 365
501 365
507 365
532 339
525 365
533 363
354 427
360 427
354 457
405 457
446 391
458 395
150 200
152 205
166 185
149 235
132 283
132 304
134 305
157 305
218 305
229 298
241 135
242 135
250 140
456 166
473 164
504 164
530 164
534 164
534 168
533 202
534 224
534 233
490 264
522 264
534 264
533 304
444 364
445 366
500 366
508 366
533 338
524 366
534 362
353 426
353 428
361 426
353 456
353 458
406 458
445 390
459 395
149 200
152 206
167 184
149 234
131 282
131 304
135 306
157 306
218 306
230 298
241 134
243 135
251 139
455 166
474 163
503 163
503 165
529 163
535 163
535 169
535 223
535 233
489 263
521 263
535 263
534 305
443 363
499 367
509 367
534 337
524 367
535 361
352 425
352 429
362 425
352 455
352 459
354 459
407 459
445 389
460 396
148 200
152 207
168 183
149 233
130 281
130 304
136 307
157 307
218 307
231 298
241 133
244 135
252 138
454 166
475 162
502 162
504 162
502 166
529 162
536 162
536 170
536 222
536 233
488 263
520 262
536 262
536 263
535 305
442 362
499 368
510 368
535 336
536 360
351 424
351 430
351 454
351 460
355 460
408 460
461 397
147 200
152 208
169 182
149 232
129 280
129 304
137 308
157 308
218 308
232 298
241 132
245 135
253 137
453 166
476 161
501 161
505 161
501 167
537 161
537 171
537 233
487 263
519 261
537 261
536 305
441 361
498 369
510 369
536 335
537 359
350 423
351 431
350 453
350 461
356 461
408 461
409 459
462 398
146 200
152 209
170 181
149 231
128 279
128 304
136 309
138 309
157 309
218 309
233 298
241 131
254 136
254 138
452 166
477 160
500 160
506 160
501 168
538 160
538 172
486 263
518 260
538 260
537 305
440 360
497 370
511 370
537 334
538 358
349 422
349 452
349 462
357 462
408 462
410 459
463 399
145 200
152 210
171 180
149 230
127 278
127 304
135 310
139 310
218 310
234 298
241 130
255 135
255 139
451 165
478 160
499 159
507 159
539 159
539 173
485 263
517 259
539 259
538 305
439 359
439 361
496 371
510 371
512 371
538 333
539 357
348 421
350 421
348 451
348 463
358 463
408 463
411 459
464 400
144 199
170 179
172 179
148 229
149 229
126 277
126 304
135 311
140 311
218 311
235 298
241 129
255 134
256 140
450 164
479 160
498 158
508 158
540 158
540 174
484 263
516 258
516 260
540 258
539 305
438 358
438 362
495 372
509 372
513 372
539 332
540 356
540 358
347 420
351 420
347 450
347 464
359 464
408 464
412 459
465 401
143 198
169 178
172 178
173 180
147 229
149 228
125 276
125 304
134 312
141 312
218 312
236 298
241 128
255 133
257 141
449 163
480 160
497 157
497 159
509 157
541 157
541 175
483 263
515 257
515 261
541 257
540 305
437 357
437 363
494 373
508 373
514 373
540 331
541 356
541 359
346 419
352 419
346 463
346 465
360 465
408 465
413 459
466 402
143 197
168 177
172 177
174 181
146 229
149 227
124 275
124 304
133 313
142 313
218 313
237 297
241 127
255 132
258 142
448 162
481 160
496 156
496 160
510 156
542 156
542 176
482 263
514 256
514 262
542 256
542 258
541 305
436 356
436 364
493 372
493 374
507 374
515 374
541 330
542 356
542 360
345 418
353 418
345 464
346 462
345 466
361 466
408 466
414 459
467 403
143 196
167 176
172 176
175 182
145 229
149 226
123 274
123 276
123 304
132 314
143 314
218 314
238 297
241 126
255 131
259 143
447 161
495 155
495 161
511 155
541 155
543 155
543 177
481 263
513 255
513 263
543 255
543 259
542 305
435 355
435 365
492 371
493 375
506 375
516 375
542 329
543 356
543 357
543 361
344 417
354 417
344 463
344 467
362 467
408 467
415 459
468 404
143 195
166 175
172 175
176 182
144 229
149 225
122 273
122 277
122 304
131 315
144 315
239 297
241 125
255 130
260 144
446 161
494 154
494 162
511 154
540 154
544 154
543 178
480 263
544 254
544 260
543 305
434 354
436 354
435 366
491 370
493 376
505 376
517 376
543 328
544 356
544 362
343 416
355 416
343 462
343 468
345 468
363 468
408 468
416 459
469 405
143 194
165 174
172 174
177 182
143 229
149 224
121 272
121 278
121 304
130 316
145 316
240 297
241 124
261 145
445 161
493 153
539 153
544 153
479 262
479 263
545 253
545 261
544 305
433 353
437 353
490 369
493 377
505 377
518 377
545 356
545 363
342 415
356 415
342 461
342 469
346 469
364 469
408 469
417 459
470 406
143 193
164 173
172 173
178 182
142 229
149 223
120 271
120 279
120 304
129 317
146 317
241 297
241 123
262 146
444 161
492 152
494 152
538 152
545 152
479 261
546 252
546 262
545 304
432 352
438 352
489 368
493 378
519 378
546 356
546 364
342 414
357 414
341 460
341 470
347 470
365 470
408 470
418 459
471 407
143 192
163 172
172 172
179 182
141 229
149 222
119 270
119 280
119 304
128 318
147 318
242 297
241 122
263 147
443 161
491 151
495 151
537 151
546 151
479 260
547 251
547 263
546 303
431 351
439 351
488 367
493 379
520 379
547 356
547 365
343 413
358 413
340 459
340 471
348 471
366 471
408 471
409 471
419 459
472 408
143 191
162 171
172 171
180 182
140 229
118 269
118 281
118 304
127 319
129 319
148 319
243 297
240 121
241 121
264 148
442 161
490 150
496 150
536 150
547 150
479 259
548 250
547 264
547 302
430 350
440 350
440 352
487 366
493 380
520 380
521 378
548 356
548 366
342 412
344 412
359 412
339 458
339 472
349 472
367 470
367 472
408 472
410 471
420 459
473 409
143 190
161 170
161 172
172 170
181 182
139 229
117 268
117 282
117 304
126 320
130 320
149 320
244 297
239 121
241 120
265 149
441 161
489 149
497 149
535 149
548 149
479 258
549 249
547 265
548 301
429 349
441 349
441 353
486 365
493 381
520 381
522 377
549 356
547 367
549 367
341 411
345 411
360 411
338 457
338 471
340 473
368 469
368 473
408 473
411 471
421 459
472 410
474 410
143 189
160 169
160 173
172 169
182 182
138 229
116 267
118 267
116 283
116 304
125 321
131 321
150 321
245 297
238 121
241 119
266 150
488 148
498 148
534 148
549 148
549 150
479 257
548 248
550 248
547 266
549 300
428 348
442 348
442 354
485 364
493 382
520 382
523 376
550 356
550 368
340 410
346 410
361 410
337 456
337 470
341 474
369 468
369 474
408 474
412 471
422 459
475 409
475 411
143 188
159 168
159 174
172 168
137 229
115 266
119 266
115 282
115 284
115 304
124 322
132 322
151 322
237 121
241 118
267 150
487 147
499 147
533 147
550 147
550 151
479 256
548 247
551 247
547 267
550 299
427 347
443 347
442 355
484 363
493 383
520 383
524 375
551 356
551 369
339 409
346 409
362 409
336 469
342 475
370 467
370 475
408 475
476 408
476 412
158 167
160 167
158 175
172 167
173 167
136 229
114 265
120 265
114 281
114 285
114 304
123 323
133 323
152 323
236 120
236 121
241 117
486 146
500 146
532 148
533 146
549 146
551 146
551 152
479 255
552 246
547 268
551 298
426 347
428 346
483 362
493 384
521 384
552 356
552 370
338 408
346 408
363 408
335 468
343 476
371 476
408 476
477 407
477 413
157 166
161 166
157 176
172 166
174 167
135 229
113 264
121 264
113 280
113 286
113 304
122 322
122 324
134 324
153 324
235 121
236 119
241 116
485 145
501 145
531 148
548 145
552 145
552 153
479 254
553 245
553 247
547 269
552 297
425 347
429 345
482 361
482 363
493 385
522 385
553 356
553 371
337 407
346 407
364 407
334 467
344 477
372 477
408 477
478 406
476 414
478 414
156 165
162 165
156 177
172 165
175 167
134 229
112 263
122 263
113 279
112 287
112 303
112 304
121 321
121 325
135 325
154 323
154 325
234 121
236 118
241 115
484 144
484 146
502 144
530 148
547 144
553 144
553 154
479 253
554 244
554 248
547 270
552 296
424 347
430 344
481 360
481 364
493 386
523 386
554 356
552 372
554 372
336 406
346 406
365 406
333 466
345 478
373 478
408 478
479 405
475 415
479 415
155 164
155 178
172 164
176 167
133 229
111 262
113 262
123 262
112 288
111 304
120 320
120 326
136 326
155 322
155 326
233 121
235 117
241 114
483 143
503 143
529 148
546 143
554 143
554 155
555 243
555 249
547 271
552 295
423 347
431 343
480 359
480 365
493 387
524 386
555 356
551 373
555 373
335 405
346 405
332 466
346 479
374 479
408 479
480 404
474 416
480 416
154 163
154 179
172 163
177 167
132 229
110 261
114 261
124 261
110 304
119 319
119 327
156 321
156 327
232 121
234 116
241 113
482 142
504 142
545 142
555 142
555 156
555 242
556 250
552 294
422 347
431 342
432 344
480 358
479 366
493 388
525 386
556 356
550 374
556 374
334 404
346 404
331 466
347 480
375 480
408 480
481 403
473 417
481 417
153 162
153 180
172 162
178 167
109 260
115 260
125 260
109 304
118 318
118 328
120 328
157 328
231 121
233 115
241 112
481 141
505 141
544 141
556 141
556 157
555 241
557 251
552 293
421 347
431 341
433 344
480 357
478 367
493 389
526 386
557 356
549 375
557 375
333 403
346 403
347 481
376 479
376 481
408 481
482 404
472 418
482 418
152 161
153 181
172 161
179 167
108 259
116 259
126 259
108 304
117 317
117 329
121 329
158 329
230 121
230 122
232 114
241 111
480 140
506 140
544 140
557 140
555 240
558 252
552 292
420 347
431 340
480 356
477 368
493 390
527 386
558 356
548 376
558 376
332 402
345 402
347 482
377 478
377 482
408 482
483 405
483 419
153 160
172 160
180 167
108 258
117 258
126 258
107 304
116 330
121 330
159 330
229 121
230 123
231 113
241 110
479 139
507 139
558 139
555 239
559 253
553 291
419 347
431 339
480 355
476 369
493 391
528 386
559 356
548 377
559 377
331 401
344 401
347 483
378 477
378 483
408 483
484 405
484 420
154 159
172 159
181 167
108 257
117 257
106 304
115 331
160 329
160 331
228 121
230 124
230 112
241 109
478 138
480 138
508 138
559 138
555 238
559 254
554 290
418 347
431 338
480 354
475 370
477 370
493 392
529 386
560 356
560 378
330 400
343 401
347 484
379 476
379 484
408 484
485 405
485 421
154 158
172 158
182 167
108 256
105 304
114 332
161 328
161 332
227 121
230 125
229 111
241 108
477 137
481 137
508 137
560 137
555 237
560 255
554 289
417 347
431 337
480 353
474 371
478 371
493 393
530 385
561 356
561 379
329 399
342 401
347 485
380 475
378 485
408 485
486 405
486 422
154 157
172 157
183 167
108 255
104 304
113 333
162 327
162 333
226 121
230 126
228 111
241 107
476 136
482 136
508 136
561 136
561 138
555 236
561 256
554 288
416 347
431 336
480 352
473 372
479 372
492 394
531 384
562 356
562 380
328 398
347 486
381 474
377 486
408 486
487 405
485 423
487 423
154 156
172 156
184 167
108 254
103 304
112 334
163 326
163 334
225 121
230 127
227 111
241 106
475 135
483 135
508 135
562 135
562 139
556 235
562 257
554 287
415 347
431 335
480 351
472 373
480 373
491 394
532 383
563 356
563 381
327 398
347 487
348 487
382 473
376 487
408 487
488 405
484 424
488 423
488 424
154 155
172 155
108 253
102 304
111 335
164 325
164 327
164 335
224 121
230 128
241 105
474 134
484 134
508 134
561 134
563 134
563 140
557 234
563 258
554 286
414 347
431 334
471 374
481 374
490 394
533 382
533 384
564 356
563 382
326 398
347 488
349 487
375 488
408 488
489 405
483 425
489 425
154 154
172 154
108 252
101 304
110 336
165 324
165 328
165 336
223 121
230 129
241 104
473 133
485 133
508 133
560 133
564 133
564 141
558 233
564 259
554 285
413 347
470 375
482 375
489 394
534 381
534 385
565 356
564 383
325 398
325 399
347 489
350 487
375 489
408 489
490 405
482 426
490 426
154 153
172 153
108 251
100 304
109 335
109 337
166 323
166 329
166 337
222 121
230 130
241 103
472 132
486 132
508 132
559 132
565 132
565 142
558 232
559 234
565 260
554 284
412 347
470 376
483 376
488 394
535 380
535 386
566 356
565 384
324 397
324 398
347 490
351 487
375 490
408 490
481 427
491 427
154 152
172 152
107 250
99 304
108 334
108 338
167 322
167 330
167 338
221 121
230 131
242 102
471 131
487 131
508 131
558 131
566 131
566 143
558 231
560 235
566 261
554 283
411 347
469 377
487 394
536 380
536 387
567 356
566 385
323 398
324 396
347 491
352 487
375 491
408 491
480 428
492 426
492 428
154 151
172 151
106 249
98 304
107 333
107 339
168 321
168 339
220 121
243 101
470 130
488 130
508 130
557 130
567 130
567 144
558 230
561 236
567 262
554 282
410 347
468 378
486 394
537 380
537 388
568 356
567 386
322 398
324 395
346 492
347 492
353 487
375 492
408 492
479 429
493 425
492 429
154 150
172 150
105 248
107 248
97 304
97 305
107 332
106 340
108 340
169 320
169 340
219 121
219 122
244 100
469 129
489 129
556 129
568 129
568 145
558 229
562 237
568 263
409 347
468 379
485 394
538 389
569 356
568 387
321 398
324 394
345 492
347 493
354 487
408 493
478 430
494 424
492 430
154 149
172 149
104 247
108 247
96 304
97 306
106 331
105 341
109 341
170 319
170 341
218 121
219 123
245 99
468 128
555 128
569 128
569 146
558 228
563 238
568 264
569 263
408 347
468 380
484 394
539 390
570 356
569 387
320 398
324 393
344 492
347 494
355 487
408 494
477 431
495 423
492 431
154 148
103 246
109 246
95 304
97 307
105 330
104 342
110 342
171 318
171 320
171 342
217 121
219 124
246 98
467 127
469 127
554 127
554 129
570 127
570 147
558 227
564 238
568 265
570 263
407 347
468 381
483 394
540 391
571 356
570 387
319 398
324 392
343 492
347 495
356 487
408 495
476 432
496 422
493 432
154 147
102 246
110 245
94 304
104 329
103 343
111 343
172 317
172 321
172 343
216 121
219 125
247 97
466 126
469 126
553 126
553 130
571 126
571 148
558 226
565 238
568 266
571 263
468 382
482 394
541 392
572 356
571 387
324 391
342 492
347 496
357 487
408 496
475 433
497 421
494 433
101 246
111 244
93 304
103 328
102 344
112 344
173 316
173 322
173 344
215 121
219 126
248 96
465 125
470 125
552 125
552 131
572 125
572 149
558 225
566 238
568 267
572 263
468 383
542 393
573 356
572 387
324 390
341 492
347 497
474 434
498 420
495 434
100 246
112 243
92 304
102 327
101 343
101 345
113 345
174 315
174 323
173 345
174 343
214 121
219 127
249 95
464 124
471 124
551 124
552 132
573 124
573 148
573 150
558 224
567 238
568 268
573 263
468 384
543 394
574 356
573 387
347 498
473 435
475 435
499 419
496 435
99 246
91 304
101 326
100 342
100 346
114 346
175 314
175 324
173 346
175 342
213 121
219 128
250 94
463 123
472 123
550 123
574 123
574 125
574 147
574 151
558 223
568 238
568 269
574 263
468 385
544 395
575 356
574 387
347 499
472 436
476 436
500 418
497 435
98 246
90 304
100 325
99 341
99 347
176 313
173 347
176 341
212 121
219 129
251 93
251 95
462 122
473 122
549 122
575 122
575 126
575 146
575 152
558 222
569 238
568 270
575 263
543 396
545 396
576 356
575 386
575 388
347 500
471 437
477 437
501 417
498 435
97 246
89 304
99 324
98 340
98 348
177 312
173 348
177 340
177 342
211 121
218 130
219 130
252 92
252 96
461 121
474 121
548 121
576 121
576 127
576 153
558 221
570 237
568 271
576 263
542 397
546 397
577 355
577 356
576 385
576 389
347 501
470 438
478 438
502 416
499 435
96 246
88 304
98 323
97 349
176 311
178 312
172 349
173 349
178 340
178 343
210 120
210 121
217 130
219 131
253 91
253 97
460 120
475 120
547 120
577 120
577 128
577 154
558 220
571 236
568 272
577 263
541 398
547 398
577 354
578 356
577 384
577 390
347 502
348 502
469 439
479 439
503 415
500 435
95 246
87 304
97 323
96 350
176 310
179 312
171 349
173 350
179 340
179 344
209 121
210 119
216 130
219 132
254 90
254 98
459 119
476 120
546 119
578 119
578 129
578 155
558 219
572 235
568 273
578 263
540 399
548 399
577 353
579 356
578 383
578 391
347 503
349 502
468 440
480 440
504 414
501 435
94 247
86 304
95 351
97 351
176 309
180 312
170 350
173 351
180 340
180 345
208 121
210 118
215 130
219 133
255 89
255 99
458 118
458 120
477 120
545 118
579 118
579 130
579 156
558 218
573 234
568 274
579 263
580 356
579 382
579 392
347 504
350 502
468 441
481 441
505 413
502 435
93 248
85 304
94 352
98 352
176 308
181 312
169 351
173 352
181 340
181 346
207 121
209 117
214 130
219 134
256 88
256 100
457 117
457 121
544 117
580 117
580 131
580 157
559 217
574 233
568 275
580 263
581 356
580 381
580 393
347 505
351 502
482 442
506 412
503 435
92 249
84 304
93 353
99 353
176 307
182 312
168 352
173 353
182 340
182 347
206 121
208 116
213 130
219 135
257 87
257 101
456 116
456 122
543 116
581 116
581 132
581 158
560 216
574 232
568 276
581 263
582 356
581 381
581 394
347 506
352 502
507 411
504 435
91 250
83 304
92 354
94 354
100 354
176 306
183 312
167 353
173 354
183 340
183 348
205 121
207 115
219 136
258 86
256 102
258 102
455 115
457 115
455 123
542 115
582 115
582 133
582 157
582 159
561 215
574 231
582 263
583 356
582 381
582 395
347 507
353 502
508 410
505 435
90 251
82 304
91 355
95 355
101 355
176 305
184 312
166 354
173 355
184 340
184 349
204 121
206 114
219 137
259 85
255 103
259 103
454 114
457 114
454 124
541 114
581 114
583 114
583 132
583 156
581 160
583 160
562 214
574 230
583 264
584 356
583 381
583 396
346 508
347 508
354 502
509 409
506 435
89 252
81 304
90 356
96 356
102 356
175 304
176 304
185 312
165 355
173 356
185 340
184 350
203 121
205 113
219 138
260 84
254 104
260 104
453 113
458 113
453 125
540 113
580 113
584 113
584 131
584 155
580 161
584 161
561 213
563 213
574 229
584 265
585 356
584 381
583 397
345 508
347 509
355 502
510 408
507 435
88 253
80 304
89 355
89 357
96 357
103 357
174 304
176 303
186 312
164 356
173 357
186 340
185 351
202 121
204 112
219 139
261 83
254 105
261 105
452 112
459 112
452 126
539 112
539 114
579 112
585 112
585 114
585 131
585 154
579 162
585 162
560 212
564 212
574 228
585 266
586 356
585 381
582 398
344 508
348 510
356 502
511 407
508 435
87 253
79 304
88 354
88 358
104 358
173 304
163 357
173 358
187 340
186 352
201 121
201 122
203 111
205 111
219 140
262 82
262 106
451 111
460 111
451 127
538 111
540 111
538 115
578 111
586 111
586 115
586 131
586 153
578 163
586 163
559 211
565 211
574 227
586 267
587 356
581 399
343 508
349 511
357 502
512 406
509 435
78 304
87 353
87 359
105 359
172 304
162 358
173 359
188 340
187 353
200 121
201 123
202 110
206 110
219 141
263 81
263 107
450 110
461 110
450 128
537 110
541 110
537 116
577 110
587 110
587 116
587 131
587 152
577 164
587 164
558 210
566 210
587 268
588 356
580 400
342 508
350 512
358 502
513 405
510 435
77 304
86 352
86 359
106 360
171 304
161 359
173 360
189 340
188 354
199 121
201 124
201 109
207 109
218 142
264 80
264 108
449 109
462 109
449 129
536 109
542 109
536 117
576 109
588 109
588 117
588 131
588 151
576 165
586 165
588 165
557 209
567 209
588 269
589 356
579 401
341 508
351 513
359 502
514 404
511 435
76 303
76 304
85 351
85 360
170 304
160 360
173 361
190 340
189 354
198 121
201 125
200 108
208 108
217 143
265 79
265 109
448 108
463 108
449 130
535 108
543 108
535 118
575 108
589 108
589 118
589 131
589 150
575 166
585 166
589 166
568 208
589 270
590 355
590 357
578 402
340 508
352 514
360 503
515 403
512 435
75 304
76 302
75 305
84 350
84 361
159 361
173 362
191 340
190 354
197 121
201 126
199 107
209 107
216 144
266 78
266 110
447 107
464 107
534 107
544 107
534 119
574 107
590 107
590 119
590 131
590 167
567 207
569 208
588 271
590 271
591 354
591 358
577 403
339 508
353 515
361 504
516 402
516 404
513 435
74 304
76 301
75 306
83 349
83 362
158 362
173 363
192 340
191 354
196 121
201 127
198 106
210 106
215 145
267 77
267 111
446 106
448 106
465 106
533 106
533 107
545 106
533 120
573 106
573 108
591 106
591 131
591 168
566 206
570 208
587 272
591 272
592 353
592 359
576 404
338 508
354 516
362 505
517 402
517 405
514 435
73 304
76 300
75 307
82 348
84 348
82 363
157 363
173 364
193 340
192 354
195 121
197 105
197 107
211 105
214 146
268 76
268 112
445 105
448 105
466 105
532 107
533 105
546 105
532 121
572 109
592 105
592 131
592 169
565 205
571 207
586 273
592 273
592 352
593 360
575 405
337 508
355 517
363 506
518 402
518 406
515 435
72 304
76 299
75 308
81 347
85 347
81 364
156 362
156 363
156 364
173 365
194 340
194 121
196 104
196 108
212 104
212 106
213 145
214 147
269 75
269 113
444 104
467 104
531 107
533 104
547 104
531 122
571 110
591 104
593 105
593 131
591 170
593 168
593 170
564 204
572 206
585 274
593 274
592 351
594 359
594 361
574 406
336 508
355 518
364 507
519 402
519 407
516 435
71 304
76 298
75 309
80 346
86 346
80 365
155 361
155 365
173 366
195 340
193 121
196 103
195 109
213 103
213 107
212 144
214 148
270 74
268 114
270 114
443 103
468 103
530 107
533 103
530 123
570 111
590 103
594 105
594 131
590 171
594 167
594 171
563 203
573 205
584 275
593 275
592 350
595 358
595 362
574 407
335 508
355 519
365 507
520 402
520 408
517 435
70 304
77 297
75 310
79 345
87 345
79 366
154 360
154 366
173 367
196 340
192 121
196 102
195 110
214 102
214 108
211 143
214 149
271 73
267 115
271 115
442 102
469 102
529 107
533 102
529 124
569 112
590 102
595 105
595 131
589 172
595 166
595 172
562 202
574 204
583 276
593 276
592 349
596 357
596 363
574 408
334 508
355 520
366 507
521 402
521 409
518 436
69 304
78 296
75 311
78 344
88 344
78 367
153 359
153 367
173 368
197 340
191 121
196 101
215 101
215 109
210 142
210 144
214 150
272 72
266 116
272 116
441 101
470 101
528 107
528 125
568 113
590 101
596 105
588 173
596 165
596 173
561 201
575 203
582 277
593 277
592 348
597 356
597 364
367 507
522 402
522 410
518 437
519 435
68 304
79 295
75 312
77 343
88 343
77 368
152 358
152 368
173 369
198 339
190 121
216 100
209 141
209 145
214 151
273 71
265 117
273 115
273 117
440 100
471 100
527 107
527 125
567 114
590 100
597 105
587 174
597 164
597 174
560 200
576 202
581 278
593 278
592 347
598 355
598 365
368 507
523 402
523 411
518 438
520 434
67 304
80 294
74 313
76 313
76 342
76 369
151 357
151 369
173 370
199 338
189 121
208 140
208 146
214 152
274 70
265 118
274 114
274 118
439 99
472 100
526 107
526 125
566 115
598 105
586 175
598 163
598 175
559 199
577 201
580 279
593 279
592 346
599 354
597 366
599 366
369 507
524 402
518 439
521 433
66 304
81 293
73 313
77 314
75 342
75 370
150 356
150 370
173 371
200 337
188 121
207 139
207 147
214 153
275 69
274 113
275 119
438 98
473 100
525 107
525 125
599 105
599 162
599 176
558 198
578 200
594 280
592 345
600 353
596 367
600 367
370 507
525 402
518 440
522 432
65 304
82 292
72 313
78 315
74 342
74 371
149 355
149 371
173 372
201 336
187 121
206 138
206 148
214 154
276 68
276 120
437 97
474 100
524 107
524 125
600 105
600 161
600 177
557 197
579 199
595 280
592 344
601 352
595 368
601 368
371 507
526 402
518 441
523 431
64 303
83 291
71 313
79 316
73 342
73 370
73 372
148 354
150 354
148 372
172 373
173 373
201 335
202 337
186 121
205 137
205 149
214 155
277 67
277 121
436 96
523 107
601 160
601 178
556 196
556 198
596 280
592 343
602 351
594 369
602 369
372 507
527 402
518 442
524 431
63 302
84 290
70 313
80 317
72 342
72 369
72 373
147 353
151 353
147 373
171 373
173 374
201 334
203 338
185 121
204 136
204 150
214 156
278 66
278 122
435 95
522 107
602 159
602 179
555 199
597 280
592 342
603 350
593 370
603 370
373 507
518 443
525 431
62 301
85 289
79 318
81 318
71 342
72 368
71 373
146 352
152 352
146 372
146 374
173 375
201 333
204 339
184 121
203 136
203 151
214 157
279 65
279 123
434 94
434 96
521 107
603 158
603 180
554 200
598 280
592 341
604 349
592 371
604 371
374 507
526 431
62 300
86 288
78 319
82 317
82 319
70 342
70 373
145 351
153 351
145 371
145 375
173 376
201 332
205 340
183 121
202 152
214 158
280 64
280 124
433 93
433 97
520 106
604 157
604 181
553 201
599 280
592 340
605 348
592 372
605 372
375 507
527 431
61 299
62 299
87 287
77 320
83 316
83 320
69 342
69 373
144 350
154 350
144 370
144 376
173 377
201 331
206 341
182 121
201 153
214 159
281 63
281 125
432 92
432 98
519 105
605 156
603 182
605 182
552 202
600 280
592 339
604 347
606 347
606 373
376 507
528 430
60 299
62 298
88 286
76 321
84 315
84 321
68 343
68 373
143 349
155 349
143 369
143 377
145 377
173 378
174 378
201 330
207 342
181 121
200 154
214 160
280 62
282 62
282 126
431 91
431 99
518 104
602 183
606 183
551 203
601 280
592 338
603 346
607 346
607 374
377 507
529 429
59 299
62 297
88 285
89 287
85 314
85 322
67 344
67 373
144 348
142 368
142 378
146 378
173 379
175 378
201 329
208 343
180 121
214 161
283 61
283 127
430 90
430 100
517 103
601 184
607 184
550 204
591 337
592 337
603 345
608 345
608 347
608 375
530 428
58 299
62 296
88 284
90 288
86 313
86 323
66 343
67 345
66 373
145 347
141 367
141 378
173 380
176 378
209 343
179 121
214 162
284 60
284 126
284 128
429 89
429 101
516 102
600 185
608 185
549 205
590 337
592 336
609 344
609 348
609 376
531 427
57 299
62 295
88 283
91 289
86 312
65 342
67 346
65 373
146 346
141 366
140 378
172 381
173 381
177 378
210 343
178 120
178 121
214 163
285 59
285 125
285 129
428 88
428 102
515 101
599 186
609 186
548 206
592 335
610 343
610 349
610 377
532 426
56 299
62 294
88 282
92 290
64 341
67 347
64 373
147 345
140 365
139 379
171 381
173 382
178 378
211 343
177 121
178 119
214 164
286 58
286 124
286 130
427 87
427 103
514 101
598 187
610 187
547 207
592 334
611 342
611 350
611 378
533 425
55 299
62 293
88 281
93 290
63 340
67 348
63 373
148 344
139 364
138 380
170 381
173 383
179 378
212 343
176 121
178 118
213 165
285 57
287 57
287 59
287 123
287 131
426 86
426 104
513 101
597 188
611 186
611 188
546 208
592 333
612 341
612 351
612 379
534 424
54 299
62 292
88 280
94 290
62 339
67 349
62 373
148 343
138 363
137 381
169 381
173 384
180 378
175 121
178 117
212 166
284 56
288 56
288 60
288 122
288 132
425 85
425 105
512 101
596 189
612 185
612 189
592 332
613 340
613 380
535 423
62 291
88 279
61 338
67 350
61 373
148 342
137 362
136 382
168 381
173 385
181 378
174 121
178 116
211 167
283 55
289 55
289 61
287 121
289 121
289 133
424 84
424 106
511 101
596 190
613 184
613 190
592 331
614 339
614 381
536 422
62 290
60 337
67 351
60 373
148 341
136 361
135 383
167 381
173 386
182 378
173 121
177 115
178 115
210 168
282 54
290 54
290 62
286 120
290 120
290 134
423 83
423 107
510 101
614 183
614 191
592 330
615 338
615 382
537 421
62 289
63 289
59 337
67 352
59 373
148 340
135 360
134 382
134 384
136 384
166 381
173 387
183 378
172 121
176 115
178 114
209 169
281 53
291 53
291 63
285 119
291 119
291 135
422 82
422 108
509 101
615 182
615 192
592 329
616 337
616 383
538 420
62 288
58 373
134 359
133 381
133 385
137 385
165 381
173 388
184 378
171 121
171 122
178 113
208 170
280 52
292 52
292 64
284 118
292 118
292 136
421 81
421 109
508 101
616 181
616 193
592 328
617 336
617 384
538 419
62 287
57 373
133 358
132 380
132 386
138 386
164 381
173 389
185 378
170 121
171 123
178 112
207 171
280 51
293 51
293 65
293 117
293 135
293 137
420 80
420 110
422 110
507 101
617 180
617 194
592 327
618 335
618 385
538 418
62 286
56 373
132 357
131 379
131 387
139 387
163 380
163 381
173 390
186 378
169 121
171 124
178 111
206 172
294 50
294 116
294 134
294 138
419 79
419 111
423 111
506 101
618 179
618 195
592 326
618 334
619 336
619 386
62 285
55 373
131 356
130 378
130 388
140 388
163 379
173 391
187 377
187 378
168 121
171 125
178 110
205 171
205 173
293 49
295 49
295 51
295 115
295 133
295 139
418 78
418 110
418 112
424 112
505 101
619 178
619 180
619 196
592 325
617 333
619 333
620 337
620 387
62 284
54 373
130 355
129 377
129 389
141 389
163 378
173 392
187 376
188 378
167 121
171 126
178 109
204 170
204 174
292 48
296 48
296 52
296 114
296 132
294 140
296 140
417 77
417 109
417 113
425 113
504 101
620 177
620 181
619 197
592 324
616 332
620 332
621 338
621 388
62 283
53 373
130 354
128 376
128 390
142 390
163 377
173 393
187 375
189 378
166 121
171 127
178 108
203 169
203 175
291 47
297 47
297 53
297 113
297 131
293 141
297 141
416 76
416 108
416 114
426 114
503 101
621 176
621 182
620 198
591 323
592 323
615 331
621 331
622 339
622 389
62 282
52 373
130 353
127 375
129 375
127 391
143 391
163 376
173 394
187 374
190 378
165 121
171 128
178 107
202 168
202 176
204 176
290 46
298 46
298 54
298 112
298 130
292 142
298 142
415 75
415 107
415 115
427 115
502 102
622 175
622 183
621 199
590 323
592 322
614 330
622 330
623 340
621 390
623 389
62 281
51 373
129 352
126 374
130 374
126 392
144 392
163 375
172 395
173 395
187 373
191 378
164 121
170 129
178 106
201 167
201 177
205 177
289 45
299 45
299 55
298 111
299 129
291 143
299 143
414 74
414 106
414 116
428 116
501 103
623 174
622 200
589 323
592 321
613 329
623 329
624 341
620 391
624 389
62 280
50 373
128 352
130 351
125 375
131 373
125 393
145 393
163 374
171 395
173 396
187 372
192 378
163 121
169 130
178 105
200 167
200 178
206 178
288 44
300 44
300 56
297 110
290 144
300 144
413 73
413 105
413 115
413 117
429 117
500 104
624 173
621 201
623 201
592 320
612 328
623 328
625 342
619 392
625 389
62 279
49 373
49 374
127 352
131 350
124 376
132 372
124 394
146 393
163 373
170 395
173 397
187 371
193 378
162 121
168 131
178 104
199 167
200 179
207 177
207 179
301 57
296 109
289 145
301 145
412 72
412 74
412 104
413 114
412 118
430 118
499 105
625 172
620 202
623 202
592 319
611 327
623 327
626 343
618 393
626 389
62 278
63 278
48 373
49 375
126 352
132 349
123 377
133 371
123 395
169 395
173 398
187 370
194 378
161 121
167 132
178 103
198 167
208 176
208 180
302 58
295 108
288 146
302 146
411 71
411 75
411 103
411 119
431 119
498 106
626 171
619 203
623 203
592 318
610 326
623 326
627 344
617 394
627 389
62 277
64 278
47 373
49 376
125 352
132 348
122 378
134 370
122 396
168 395
173 399
174 399
187 369
195 378
160 121
166 133
178 102
197 167
209 181
303 59
295 107
287 147
303 146
410 70
410 76
410 102
411 102
410 120
432 120
497 107
625 170
627 170
618 204
623 204
592 317
609 325
623 325
628 345
616 395
628 389
61 276
62 276
65 278
46 373
50 377
124 352
132 347
121 379
121 397
173 400
175 399
187 368
196 378
159 121
166 134
178 101
196 167
210 182
304 60
295 106
286 148
304 146
409 69
409 77
409 102
409 121
433 121
496 108
498 108
624 169
627 169
628 169
617 205
623 205
592 316
623 324
629 346
615 396
629 389
60 276
62 275
66 278
45 373
51 378
123 352
132 346
121 380
120 396
120 398
173 401
176 399
187 367
197 378
158 121
166 135
178 100
195 167
211 183
305 61
295 105
285 147
285 149
305 146
408 68
408 78
408 102
408 122
434 122
496 109
499 109
623 168
629 168
616 206
623 206
592 315
623 323
630 347
614 397
630 389
59 276
62 274
67 278
44 373
52 379
132 345
119 395
119 399
173 402
177 399
198 377
198 378
157 120
157 121
166 136
194 167
212 184
306 62
295 104
284 146
284 150
306 146
407 67
407 79
407 102
407 123
435 123
496 110
500 110
622 167
630 167
615 207
623 207
592 314
623 322
631 348
613 398
631 389
58 276
62 273
68 278
43 373
53 380
132 344
118 394
118 400
173 403
178 399
198 376
199 378
199 379
156 121
157 119
213 185
305 63
307 63
295 103
283 145
283 151
285 151
307 146
406 66
408 66
406 80
406 102
406 124
436 124
496 111
501 111
621 166
631 166
614 208
623 208
592 313
623 321
632 349
612 399
632 389
57 276
62 272
69 278
42 373
54 381
132 343
117 393
117 401
173 404
198 375
200 378
199 380
155 121
214 186
304 64
308 62
308 64
295 102
282 144
282 152
286 152
405 65
409 65
405 102
405 125
407 125
436 125
496 112
502 112
620 165
632 165
613 209
623 209
591 312
592 312
623 320
633 350
611 400
613 400
633 389
62 271
70 278
41 373
55 382
132 342
116 392
116 402
173 405
198 374
201 378
199 381
154 121
215 187
303 65
309 61
309 65
295 101
281 143
281 153
287 153
404 64
410 64
404 102
404 126
408 126
436 126
496 113
503 113
619 164
633 164
612 210
623 210
590 312
592 311
623 319
634 349
634 351
610 401
614 401
634 389
62 270
40 373
56 383
132 341
115 391
115 403
173 406
198 373
202 378
199 382
153 121
216 188
302 66
310 60
310 66
295 100
280 142
280 154
288 154
403 63
411 63
403 102
403 127
408 127
436 127
504 114
618 163
634 163
634 165
611 211
623 211
589 312
592 310
623 318
635 348
635 352
609 402
615 402
635 389
62 269
39 372
56 384
114 390
114 404
173 407
198 372
203 378
199 383
152 121
217 189
310 59
311 67
295 99
279 141
279 155
289 155
402 62
412 62
402 102
402 128
436 128
505 115
617 162
635 162
635 166
610 212
623 212
588 312
592 309
623 317
636 347
635 353
608 403
616 403
636 388
636 390
61 268
63 268
38 371
56 385
113 389
113 405
172 408
173 408
198 371
204 378
199 384
151 121
218 190
310 68
312 68
295 98
278 156
290 156
401 61
413 61
401 102
401 129
436 129
617 161
634 161
636 161
635 167
609 213
623 213
587 312
591 308
623 316
637 346
634 354
607 404
617 404
637 387
637 391
60 267
64 267
37 370
112 388
112 406
171 408
173 409
205 378
199 385
150 121
219 191
309 69
313 69
278 157
291 157
400 60
414 60
400 102
400 130
436 130
617 160
633 160
637 160
608 214
623 214
586 312
590 307
592 307
623 315
638 345
634 355
606 405
618 405
638 386
638 392
59 266
65 266
36 369
38 369
111 387
111 407
170 408
173 410
206 378
199 386
200 386
149 121
219 192
308 70
314 70
278 158
292 158
399 59
415 59
399 102
399 131
436 131
617 159
632 159
638 159
607 213
607 215
623 215
624 215
585 312
589 306
593 306
623 314
639 344
634 356
605 406
619 406
639 385
639 393
58 265
66 265
35 368
39 368
110 386
110 388
110 408
169 408
173 411
207 378
199 387
201 386
148 121
307 71
315 71
278 159
293 159
398 58
416 58
398 102
398 132
436 132
617 158
632 158
639 158
606 212
606 216
623 216
625 215
584 312
588 305
594 305
623 313
640 343
634 357
604 405
604 407
620 407
640 384
640 394
57 264
67 265
34 367
40 367
109 385
109 388
109 407
109 409
168 408
173 412
208 378
199 388
147 121
306 72
316 72
278 160
294 160
397 57
417 57
397 102
397 133
436 133
617 157
640 157
605 211
605 217
623 217
626 215
583 312
587 304
595 304
623 312
640 342
634 358
603 404
603 408
621 408
641 383
641 395
56 263
33 366
41 366
108 384
108 388
108 406
108 410
167 408
173 413
209 378
199 389
146 121
305 73
317 73
278 161
295 161
397 56
418 56
396 102
396 132
396 134
436 134
617 156
641 156
604 210
604 218
623 218
627 215
582 312
586 303
596 303
596 305
623 311
634 359
602 403
602 409
622 407
622 409
642 382
642 396
56 262
32 365
42 365
107 383
107 388
107 405
107 411
166 408
173 414
210 378
199 390
145 121
304 74
278 162
296 162
396 55
418 55
419 57
395 103
395 131
395 135
617 155
642 155
642 157
603 219
623 219
628 215
581 312
586 302
597 302
597 306
624 310
634 360
601 402
601 410
623 406
623 410
643 381
643 397
56 261
31 364
43 364
106 382
106 388
106 404
106 412
165 408
173 415
211 378
199 391
144 121
303 75
278 163
296 163
395 56
396 54
417 54
420 58
394 104
394 130
394 136
617 154
641 154
643 154
643 158
602 220
604 220
623 220
580 312
586 301
598 301
598 307
625 309
634 361
600 401
600 411
624 405
622 411
644 380
644 398
56 260
30 364
32 363
105 381
105 403
105 413
164 408
173 416
212 378
198 392
143 121
302 76
278 164
394 57
396 53
416 53
421 59
393 105
393 129
394 137
617 153
640 153
644 153
644 159
601 219
602 221
605 221
623 221
579 312
587 300
599 308
626 308
634 362
599 400
599 412
625 404
621 412
645 380
645 399
56 259
29 365
32 362
104 380
104 402
104 414
163 408
173 417
213 378
197 391
198 393
142 121
301 77
393 58
396 52
415 52
422 60
392 106
392 128
395 138
617 152
639 152
645 152
645 160
600 218
601 222
606 222
623 222
578 312
588 299
600 309
627 307
634 363
598 399
598 413
626 403
620 413
646 380
646 400
56 258
28 366
32 361
103 379
103 401
103 415
105 415
162 408
173 418
214 378
196 391
198 394
141 121
300 78
302 78
392 58
396 51
415 51
423 61
392 107
391 127
396 139
638 151
645 151
646 161
599 217
600 223
607 223
623 223
577 312
589 298
601 310
628 306
634 364
597 398
597 414
627 402
620 414
647 401
56 257
27 365
27 367
32 360
102 378
102 416
106 416
161 407
173 419
215 378
195 391
198 395
140 121
299 79
303 79
391 58
396 50
415 50
424 61
392 108
390 126
397 140
637 150
647 162
598 216
600 224
608 224
623 224
576 312
590 297
602 311
628 305
634 365
596 397
596 415
620 415
648 402
56 256
26 364
26 368
32 359
101 377
101 417
107 417
160 406
173 420
216 378
194 391
198 396
139 121
298 80
304 80
390 58
396 49
415 49
425 61
392 109
389 125
398 141
636 149
648 163
597 215
600 225
609 225
623 225
575 312
591 296
603 312
628 304
634 366
596 396
595 416
620 416
649 403
56 255
25 363
25 369
32 358
100 376
100 418
108 418
159 405
173 421
174 421
217 378
193 391
198 397
138 121
297 81
305 81
389 58
396 48
415 48
426 61
392 110
388 125
399 142
635 148
649 164
596 214
596 216
600 226
610 226
623 226
574 312
591 295
604 313
628 303
594 417
620 417
649 404
56 254
24 362
24 370
32 357
99 375
99 419
109 419
158 404
173 422
175 421
218 378
192 391
198 398
137 121
296 82
306 82
388 58
395 47
415 47
427 61
392 111
387 125
400 143
634 147
649 165
595 213
595 217
600 227
611 227
623 227
573 312
591 294
605 314
628 302
593 418
620 418
649 405
56 253
23 361
23 371
32 356
98 374
99 420
110 420
158 403
173 423
176 421
219 378
191 391
198 399
136 121
295 83
307 83
387 58
394 46
428 61
392 112
386 125
399 144
401 144
633 146
594 212
594 218
600 228
611 228
624 228
572 312
591 293
605 315
628 301
592 419
649 406
56 252
22 360
22 372
32 355
97 373
97 375
99 421
111 421
158 402
173 424
177 421
220 378
190 391
198 400
135 121
295 84
308 84
386 58
393 45
398 145
402 145
632 145
593 211
593 219
600 229
612 229
625 229
571 311
571 313
591 292
628 300
591 420
649 407
56 251
21 359
21 373
31 354
32 354
33 354
96 372
96 376
99 422
112 422
158 401
173 425
178 421
221 378
189 391
198 401
134 121
309 85
385 58
392 44
397 146
403 146
631 144
592 210
592 220
600 230
613 230
626 230
570 310
570 314
591 291
628 299
590 421
649 408
56 250
20 374
30 354
32 353
34 354
95 371
95 377
99 423
113 423
158 400
173 426
179 421
222 377
222 378
197 402
198 402
133 122
310 86
384 58
391 43
396 147
403 147
630 143
591 209
591 221
600 231
613 231
627 231
569 309
569 315
628 298
589 422
649 409
56 249
57 249
19 375
29 354
32 352
35 354
94 370
94 378
99 424
114 424
173 427
222 376
223 378
196 402
198 403
132 123
134 123
311 87
383 58
390 42
395 148
403 148
629 142
591 208
590 222
600 232
613 232
628 232
568 308
568 316
628 297
588 423
649 410
56 248
58 249
19 376
32 351
36 354
93 369
93 379
99 425
115 425
173 428
222 375
224 378
195 402
198 404
131 124
135 124
312 88
382 58
389 41
394 149
403 149
628 141
589 223
600 233
613 233
629 233
568 307
568 317
628 296
587 424
589 424
649 411
56 247
59 249
32 350
37 354
92 368
92 380
99 426
114 426
116 426
173 429
222 374
225 378
194 402
198 405
130 125
136 125
313 89
381 58
388 40
393 150
403 150
627 140
600 234
613 234
630 234
568 306
568 318
586 425
590 425
56 246
60 249
32 349
91 381
99 427
113 427
117 427
173 430
222 373
226 378
226 379
193 402
198 406
129 126
137 126
314 90
380 58
387 39
387 41
392 151
403 151
626 139
599 235
613 235
631 235
568 305
568 319
585 426
591 426
56 245
61 249
32 348
90 382
99 428
113 428
118 428
172 431
174 431
222 372
227 378
226 380
192 402
128 127
138 127
314 91
379 58
386 38
386 42
391 152
403 152
625 138
598 236
613 236
632 236
568 304
568 320
584 427
592 427
55 244
62 249
32 347
89 383
99 429
119 427
119 429
171 432
175 431
222 371
228 378
226 381
191 402
127 128
139 128
378 58
385 37
385 43
390 153
403 153
624 137
597 237
613 237
631 237
633 237
568 303
568 321
584 428
593 428
54 243
63 249
32 346
88 384
99 430
120 426
120 430
170 433
176 431
222 370
229 378
226 382
190 402
126 129
140 129
377 58
384 37
384 44
389 154
403 154
623 136
596 238
630 238
634 238
568 302
567 322
568 322
584 429
593 429
53 242
64 249
31 345
33 345
87 385
99 431
121 425
169 434
177 431
222 369
230 378
226 383
189 402
125 130
141 130
376 58
383 37
383 45
388 155
403 155
622 136
624 135
595 239
629 239
635 238
566 322
568 323
584 430
52 241
65 249
30 344
34 344
86 386
122 424
168 435
178 431
222 368
231 378
226 384
188 402
124 129
124 131
142 131
375 58
382 37
382 46
387 156
403 156
621 136
625 134
594 240
628 240
636 238
565 322
568 324
584 431
51 240
66 249
29 343
35 343
85 387
123 423
167 436
179 431
222 367
232 378
226 385
187 402
123 128
123 132
125 132
142 132
374 58
381 37
381 47
386 157
403 157
404 157
620 136
625 133
593 241
627 241
637 238
564 322
568 325
584 432
50 239
67 249
28 342
36 342
84 388
124 422
166 436
180 431
222 366
233 377
233 378
226 386
186 402
122 127
122 133
125 133
141 133
373 58
380 37
381 48
385 158
403 158
405 157
619 136
625 132
592 242
627 242
638 238
563 322
568 326
584 433
49 238
68 249
27 341
29 341
37 341
83 389
125 421
165 436
181 431
222 365
233 376
234 376
234 378
226 387
121 126
121 134
140 134
372 58
384 159
403 159
406 157
625 131
591 243
639 238
562 322
568 327
584 434
48 237
69 249
26 340
30 340
38 340
82 390
126 420
164 436
182 431
222 364
233 375
235 378
226 388
120 125
120 135
122 135
139 135
371 58
383 158
383 160
403 160
407 156
625 130
590 244
640 238
561 322
568 328
584 435
47 236
70 249
25 339
31 339
39 339
81 391
127 419
163 436
183 431
221 363
222 363
233 374
236 378
226 389
119 124
119 136
123 136
139 136
370 57
370 58
382 157
382 161
403 161
408 155
625 129
589 245
641 238
560 322
568 329
584 436
46 235
71 248
71 250
24 338
24 340
31 338
40 338
80 392
128 418
162 436
184 431
220 363
222 362
233 373
237 378
225 390
226 390
118 123
118 137
124 137
139 137
369 58
370 56
381 156
381 162
403 162
409 154
625 128
588 246
590 246
642 238
559 322
568 330
584 437
45 234
72 247
72 251
23 337
23 341
41 337
79 393
129 417
161 436
185 431
219 363
222 361
233 372
238 378
224 390
226 391
117 122
117 138
125 138
139 138
368 58
370 55
380 155
380 163
403 163
410 153
625 127
587 246
591 247
643 238
558 322
568 331
584 438
44 233
73 246
73 252
22 336
22 342
42 336
78 392
78 394
130 416
160 436
186 431
218 363
233 371
239 378
223 390
226 392
116 121
116 139
126 139
139 139
367 58
370 54
379 154
379 164
403 164
411 152
625 126
586 246
592 248
644 238
557 322
569 332
583 439
584 439
43 232
73 245
74 253
21 336
23 335
21 343
43 335
77 391
77 395
159 436
187 431
217 363
233 370
240 378
222 390
226 393
115 120
115 140
127 140
139 140
366 58
370 53
378 153
378 165
403 165
412 151
593 249
645 238
556 322
570 333
582 439
584 440
585 440
42 231
73 244
75 254
20 336
24 334
20 344
44 334
76 390
76 396
158 436
188 431
216 363
233 369
241 378
221 390
226 394
114 119
114 141
127 141
139 141
365 58
370 52
377 152
377 166
403 166
411 150
413 151
594 250
571 334
581 439
584 441
586 440
41 230
73 243
76 255
25 333
20 345
45 334
75 389
75 397
157 436
189 432
215 363
242 378
220 390
226 395
113 118
113 140
113 142
139 142
364 58
370 51
376 151
377 167
403 167
411 149
414 151
595 251
572 335
580 439
584 442
587 440
40 229
73 242
77 256
26 332
46 334
74 388
74 398
156 436
190 433
214 363
243 378
226 396
114 117
112 143
139 143
363 58
370 50
375 150
403 168
411 148
415 151
596 252
573 336
579 439
584 443
588 440
39 228
41 228
73 241
78 257
27 331
47 334
74 387
73 399
155 436
191 434
213 363
244 378
226 397
115 116
111 144
362 58
374 149
403 169
411 147
416 151
597 253
574 336
578 439
584 444
589 440
38 227
42 227
73 240
28 330
48 334
72 400
154 435
192 435
212 363
245 377
245 378
245 379
226 398
116 115
110 145
361 58
373 148
403 170
411 146
417 151
598 254
575 336
577 439
584 445
590 440
37 226
43 226
29 329
49 334
71 399
71 401
153 434
193 436
211 363
245 376
246 378
245 380
226 399
115 114
117 114
109 146
360 58
372 147
403 171
411 145
418 151
599 255
576 336
576 439
584 446
591 440
36 225
44 225
30 328
70 398
70 402
152 434
194 437
245 375
247 378
245 381
226 400
114 113
118 113
108 147
359 58
371 146
403 172
411 144
419 151
600 256
575 439
592 440
35 224
45 224
31 327
69 397
69 403
151 434
195 438
245 374
248 378
244 382
226 401
113 112
119 112
107 148
358 57
358 59
370 145
403 173
411 143
420 151
601 257
574 439
34 223
46 223
68 396
68 404
150 434
196 439
245 373
249 378
243 383
226 402
112 111
120 111
106 149
108 149
357 56
357 60
369 144
403 174
421 151
602 258
573 439
33 222
35 222
47 222
67 395
67 405
149 434
197 440
245 372
250 378
242 384
226 403
111 110
121 110
105 150
109 150
356 55
356 61
368 143
370 143
403 175
422 151
603 259
572 439
32 221
36 221
48 221
66 406
148 434
198 441
245 371
251 378
241 385
226 404
110 109
122 109
104 151
110 151
355 54
355 62
367 142
371 142
402 176
423 151
604 260
571 439
31 221
37 220
49 220
65 407
147 434
199 442
245 370
252 378
240 386
226 405
109 108
123 108
103 152
111 152
354 53
354 63
366 141
372 141
401 177
424 151
605 261
570 439
30 221
37 219
50 219
64 406
64 408
146 434
200 442
245 369
253 378
239 387
226 406
108 107
108 109
124 107
102 152
112 153
353 52
353 64
365 140
373 140
400 178
425 151
606 262
569 439
29 221
51 218
63 405
63 409
201 442
245 368
254 378
239 388
225 407
107 106
107 110
125 106
101 152
113 154
352 51
352 65
364 139
374 139
399 179
426 151
607 263
568 439
28 221
52 217
62 404
62 409
202 442
245 367
255 378
239 389
224 408
226 408
106 105
106 111
126 105
100 152
114 155
351 50
351 66
352 66
363 138
375 138
398 180
400 180
427 152
608 264
567 439
27 221
53 216
61 403
61 409
203 442
246 366
256 378
239 390
223 409
227 409
106 104
105 112
127 104
99 152
115 156
350 49
350 51
350 67
362 137
375 137
397 181
401 181
428 153
609 265
566 439
54 215
60 402
204 441
247 365
257 378
239 391
222 410
228 410
104 113
128 104
98 151
98 152
116 157
349 48
349 52
349 68
361 136
396 182
402 182
429 154
610 266
565 439
55 214
60 401
205 441
246 364
248 364
258 378
221 409
221 411
229 411
103 114
129 104
97 152
98 150
117 158
348 47
348 53
348 67
348 69
360 135
395 183
403 183
430 155
611 267
564 439
56 214
206 441
245 363
249 363
259 379
220 408
221 412
230 412
102 115
130 104
96 152
98 149
118 159
347 46
347 66
347 70
359 134
394 184
404 184
430 156
612 268
563 439
57 214
207 441
244 362
249 362
260 380
219 407
221 413
231 413
101 116
131 104
95 152
98 148
119 160
346 45
346 65
346 71
358 133
393 185
405 185
430 157
613 269
562 439
58 214
208 441
243 361
249 361
261 381
218 406
221 414
232 414
100 117
132 104
94 152
98 147
118 161
120 161
345 44
345 64
345 72
357 132
392 186
406 186
430 158
614 270
561 439
59 214
209 441
242 360
249 360
262 382
217 405
221 415
233 413
233 415
100 118
133 104
93 152
117 162
121 162
344 43
344 63
344 73
356 131
391 186
407 187
430 159
615 270
560 438
60 214
210 441
241 359
249 359
263 383
216 404
221 416
234 412
234 416
134 104
92 152
116 163
122 163
343 42
343 62
343 73
344 74
355 130
408 188
430 160
616 270
559 437
61 214
211 441
240 358
249 358
264 384
215 403
221 417
235 411
235 417
135 104
91 151
91 152
115 164
123 163
123 164
343 41
343 61
342 73
345 75
354 129
356 129
409 189
430 161
617 270
558 436
239 357
249 357
263 385
265 385
214 402
221 418
236 410
236 418
136 104
90 152
91 150
114 165
124 165
343 40
341 73
346 76
353 128
357 128
410 190
430 162
618 270
557 435
249 356
262 386
266 385
213 401
221 419
237 409
237 419
137 104
89 152
91 149
113 166
125 166
343 39
340 73
347 77
352 127
358 127
411 191
619 270
556 434
249 355
261 387
267 385
221 420
238 408
238 420
138 104
88 152
91 148
112 167
126 167
343 38
339 73
348 78
351 126
359 126
620 270
555 433
555 435
249 354
260 388
268 385
221 421
239 407
239 419
239 421
139 104
87 152
91 147
111 168
127 168
343 37
338 73
349 79
350 125
360 125
621 270
554 432
554 436
249 353
259 389
269 385
221 422
240 406
239 418
240 422
140 103
86 152
91 146
110 169
128 169
337 73
350 80
349 124
361 124
622 269
553 431
553 437
249 352
258 390
260 390
270 385
221 423
241 423
141 102
85 152
109 170
129 170
336 73
351 81
348 123
362 123
623 268
552 430
552 438
248 351
249 351
257 391
261 391
271 385
221 424
242 424
142 101
84 152
108 171
129 171
130 169
335 73
352 82
347 122
363 122
623 267
551 429
551 439
249 350
262 392
272 385
221 425
243 425
143 101
83 152
107 172
128 172
131 168
334 73
353 83
346 121
364 121
623 266
551 428
550 440
249 349
263 393
273 385
221 426
244 426
144 101
82 152
82 153
106 173
127 173
132 167
333 73
352 84
354 82
345 120
365 120
623 265
551 427
549 441
249 348
262 394
264 394
274 384
274 386
221 427
243 427
145 101
81 152
82 154
105 174
126 174
133 166
351 85
355 81
344 119
366 119
623 264
551 426
549 442
249 347
261 395
265 395
275 383
275 387
221 428
242 428
146 101
80 152
82 155
104 175
125 175
134 165
350 86
356 81
343 118
367 118
623 263
551 425
249 346
260 396
266 396
276 382
276 388
221 429
241 429
147 101
79 152
82 156
103 176
124 176
135 164
349 87
357 81
342 117
366 117
368 117
623 262
551 424
249 345
259 397
267 397
277 381
277 389
221 430
240 430
148 101
78 152
102 177
123 177
136 163
348 88
358 81
341 116
365 116
369 116
551 423
249 344
258 398
278 380
278 390
221 431
239 431
149 101
77 152
101 178
123 178
137 162
347 89
359 81
340 115
364 115
370 115
551 422
249 343
257 399
279 379
279 391
221 432
239 432
150 101
76 152
100 177
123 179
138 161
346 90
360 81
339 114
363 114
371 114
551 421
249 342
257 400
278 378
280 378
280 392
221 433
239 433
151 101
75 151
75 152
99 176
123 180
138 160
346 91
361 81
338 114
362 113
371 113
372 114
551 420
249 341
277 377
281 377
281 393
221 434
239 434
152 101
74 152
75 150
98 175
123 181
346 92
362 81
337 114
361 112
373 114
551 419
249 340
276 376
282 376
282 394
221 435
239 435
153 101
73 152
75 149
97 174
123 182
363 81
336 114
360 111
374 114
551 418
249 339
275 375
283 375
283 395
221 436
72 152
75 148
96 173
96 175
123 183
364 81
335 115
359 110
375 114
248 338
274 374
284 374
284 396
71 152
75 147
95 172
95 176
123 184
365 81
365 82
334 116
358 109
376 114
247 337
273 373
285 373
283 397
285 397
70 152
75 146
94 171
94 177
123 185
366 81
365 83
333 117
357 108
377 114
246 336
273 372
286 372
282 398
286 398
69 152
75 145
93 170
93 178
123 186
367 81
365 84
332 118
356 108
378 114
245 335
272 371
287 371
282 399
287 399
68 152
75 144
92 169
92 179
123 187
368 81
365 85
331 119
355 108
379 114
244 334
271 370
288 370
288 400
67 152
75 143
91 168
91 180
369 80
365 86
330 120
354 108
380 114
243 333
270 369
289 369
289 401
66 152
75 142
90 167
90 181
370 79
365 87
329 121
353 108
242 332
269 368
290 368
290 402
65 152
75 141
89 167
371 79
365 88
328 122
241 331
268 367
291 367
291 403
64 152
75 140
372 79
365 89
327 123
240 331
242 330
268 366
292 366
292 404
63 152
75 139
373 79
365 90
326 124
239 331
243 329
268 365
293 365
293 405
62 152
75 138
374 79
365 91
325 124
238 331
244 328
294 364
294 406
61 152
61 153
75 137
375 79
365 92
324 124
237 331
245 327
295 363
295 407
60 152
61 154
75 136
376 79
323 124
236 331
246 326
296 362
296 408
59 152
61 155
75 135
377 79
322 124
235 331
247 325
297 361
297 409
58 152
61 156
75 134
321 124
234 331
248 324
298 360
298 410
57 152
75 133
320 124
233 331
249 323
299 359
299 411
56 152
74 132
319 124
232 331
250 322
300 358
300 360
299 412
55 151
55 152
73 131
318 124
231 331
251 321
301 357
299 413
54 152
55 150
72 131
230 331
251 320
252 322
302 356
299 414
53 152
55 149
71 131
229 330
229 331
251 319
253 323
303 355
303 357
299 415
52 153
55 148
70 131
228 331
229 329
251 318
254 324
304 354
304 358
299 416
300 416
51 154
55 147
69 131
227 331
229 328
251 317
255 325
304 353
305 359
299 417
301 416
50 155
55 146
68 131
229 327
251 316
256 326
304 352
306 360
298 418
300 418
302 416
49 156
55 145
67 131
229 326
251 315
257 327
304 351
307 361
297 419
301 419
303 416
48 157
55 144
66 131
229 325
251 314
258 328
304 350
308 362
296 420
302 420
304 416
47 158
229 324
251 313
259 327
259 329
304 349
309 363
295 421
303 421
305 416
46 159
229 323
251 312
260 326
260 330
304 348
310 364
294 422
304 422
306 416
45 160
229 322
261 325
261 331
311 365
293 423
305 423
307 416
45 161
229 321
262 324
262 332
312 366
292 424
306 424
308 416
45 162
229 320
262 323
263 333
313 367
291 425
307 425
309 416
45 163
263 322
264 334
312 368
314 368
290 426
292 426
308 426
310 416
45 164
264 321
265 335
311 369
315 369
289 427
291 427
293 427
309 427
311 416
45 165
265 320
266 336
310 370
288 428
291 428
294 428
310 428
312 416
45 166
266 319
267 337
309 371
287 429
295 429
311 429
313 416
45 167
267 318
268 338
308 372
286 430
296 430
312 430
314 416
45 168
268 318
269 339
307 373
285 431
297 431
313 431
315 416
45 169
269 318
268 340
270 339
284 432
286 432
314 432
316 416
45 170
270 318
267 341
271 339
283 431
283 433
287 433
315 432
317 416
45 171
271 318
266 342
282 430
282 434
288 434
316 432
318 416
45 172
272 318
265 343
281 429
281 435
289 435
317 432
319 416
45 173
273 318
265 344
280 428
281 436
290 436
318 432
320 416
45 174
274 318
265 345
281 437
291 437
319 432
44 175
46 175
275 318
265 346
281 438
292 438
320 432
43 176
47 176
276 318
265 347
281 439
293 439
321 432
42 175
42 177
48 177
265 348
281 440
294 440
322 432
41 174
41 178
49 178
265 349
280 441
295 441
40 173
40 178
50 179
265 350
279 441
296 442
39 172
39 178
51 180
278 441
297 443
38 171
38 178
51 181
52 181
277 441
298 444
37 170
37 178
53 182
276 441
299 445
36 169
36 178
54 183
275 441
299 446
35 168
35 178
35 179
53 184
55 183
274 441
298 447
34 167
34 178
52 185
56 183
273 441
297 448
33 166
33 178
51 186
57 183
272 441
296 449
32 165
32 178
50 187
58 183
271 441
295 450
31 164
31 178
31 179
50 188
59 183
270 441
294 451
31 163
30 178
31 180
50 189
60 183
269 441
293 452
31 162
29 178
31 181
50 190
61 183
268 441
292 453
31 161
28 178
31 182
50 191
62 183
267 441
291 454
31 160
27 178
31 183
50 192
63 183
266 441
290 455
31 159
26 178
31 184
50 193
64 182
64 184
265 441
289 456
31 158
25 178
31 185
50 194
65 181
65 185
264 441
288 457
24 178
31 186
50 195
66 180
66 186
263 440
263 441
287 458
23 178
31 187
50 196
67 179
67 187
262 440
263 439
287 459
31 188
50 197
68 178
68 188
261 440
263 438
287 460
31 189
69 177
69 189
260 440
263 437
287 461
31 190
70 176
70 190
259 440
263 436
287 462
31 191
71 175
71 191
258 440
263 435
287 463
31 192
72 174
72 192
257 440
263 434
287 464
31 193
73 173
73 193
256 440
263 433
287 465
31 194
74 194
255 440
263 432
287 466
31 195
75 195
254 440
263 431
287 467
32 196
76 194
76 196
253 440
263 430
287 468
31 197
33 197
77 193
77 197
287 469
30 198
34 198
78 192
76 198
78 198
287 470
29 199
35 199
79 191
75 199
79 199
287 471
28 200
36 200
74 200
80 200
287 472
27 201
37 201
81 201
287 473
26 202
37 202
82 202
287 474
25 203
37 203
83 203
287 475
24 204
37 204
84 202
84 204
287 476
23 203
23 205
37 205
85 201
85 205
287 477
22 202
22 206
37 206
86 200
86 206
287 478
21 201
22 207
37 207
87 199
87 207
287 479
20 200
88 198
88 208
287 480
19 199
89 209
287 481
19 198
90 210
287 482
91 211
287 483
92 212
287 484
91 213
93 211
93 213
288 485
90 214
94 210
94 214
289 486
89 215
95 209
94 215
290 487
88 216
96 208
95 216
291 488
87 217
97 207
96 217
292 489
86 218
98 206
97 218
293 490
99 205
98 219
294 490
100 204
99 220
295 490
101 203
100 221
296 490
100 202
102 202
101 222
297 490
99 201
103 201
103 203
102 223
298 490
98 200
104 200
104 204
103 224
299 490
97 199
105 199
105 205
104 225
300 490
96 198
106 206
105 225
301 490
96 197
107 207
106 225
302 490
97 196
107 208
107 225
303 490
98 195
108 225
304 490
99 194
109 225
305 490
100 193
110 225
306 490
101 192
111 225
307 490
102 191
112 225
308 490
103 190
113 225
309 489
104 189
114 225
310 488
105 188
311 487
312 486
312 485
312 484
312 483
312 482
312 481
312 480
312 479
312 478
312 477
312 476
845
333 262
319 261
352 272
327 244
353 261
316 240
363 258
310 264
364 292
365 300
337 238
337 304
368 266
317 273
304 275
339 228
347 237
373 244
377 284
293 281
360 240
377 296
284 255
348 226
338 216
383 306
310 291
384 270
290 294
327 223
397 301
371 315
319 289
308 300
363 227
263 268
276 291
353 198
401 310
406 291
257 278
329 286
387 326
362 199
283 225
296 312
354 190
372 332
268 302
298 231
251 249
339 198
371 200
273 224
244 281
304 323
297 213
424 310
354 178
407 272
330 199
373 191
380 352
375 211
243 270
399 280
415 319
327 207
435 264
306 201
355 167
328 178
237 233
318 186
383 190
427 259
423 325
363 170
377 180
384 218
235 265
375 222
248 260
250 233
315 201
373 364
229 255
294 201
411 251
365 162
411 260
448 262
449 277
439 248
226 219
378 377
420 243
361 154
335 159
458 289
218 233
458 273
300 181
207 242
280 187
460 247
241 207
396 254
444 236
462 256
448 294
329 154
352 343
257 218
464 232
439 300
275 178
431 227
471 289
396 389
430 244
473 305
192 245
340 371
360 371
254 203
454 310
384 402
392 402
430 219
478 235
230 198
482 283
356 326
348 376
419 222
408 407
339 323
482 318
359 380
177 258
470 209
330 327
185 261
414 398
182 228
492 212
193 226
174 250
466 219
325 347
172 235
484 303
492 303
495 325
420 206
406 420
419 392
248 178
492 217
322 323
346 386
487 198
203 218
501 211
416 425
318 314
332 314
427 426
456 211
498 195
460 195
255 180
165 213
243 164
382 426
160 230
208 232
404 211
407 227
452 201
506 303
492 339
432 417
337 391
257 190
393 221
478 203
509 223
508 323
197 209
510 206
500 220
336 381
411 378
428 434
161 282
476 187
403 235
437 431
208 206
189 284
513 335
374 433
152 271
207 285
219 271
513 184
465 346
220 286
495 230
508 348
186 202
149 252
461 324
259 167
507 233
469 177
521 277
446 403
163 198
164 247
518 354
144 262
192 294
522 237
522 285
455 341
447 413
487 234
140 251
433 198
527 189
527 229
513 271
521 345
363 433
142 299
221 299
497 276
467 360
400 452
159 300
430 181
154 201
530 174
529 300
247 143
493 267
455 403
143 271
510 166
496 246
532 284
531 340
532 364
150 236
519 303
166 185
473 164
533 202
445 366
459 395
524 367
362 425
445 389
529 162
536 222
536 263
499 368
245 135
537 233
510 369
351 431
408 461
157 309
452 166
501 168
145 200
152 210
135 311
347 450
236 298
481 160
346 462
123 274
218 314
513 255
513 263
543 357
255 130
494 162
511 154
543 178
435 366
491 370
543 328
261 145
544 153
479 263
545 261
544 305
505 377
164 173
120 304
342 414
149 222
339 472
349 472
441 161
547 367
472 410
182 182
245 297
337 456
412 471
422 459
143 188
267 150
548 247
443 347
442 355
520 383
524 375
370 467
533 146
162 165
113 279
112 303
236 118
484 146
479 253
365 406
112 288
136 326
529 148
547 271
480 359
132 229
156 321
334 404
331 466
481 403
172 162
556 157
433 344
346 403
472 418
152 161
153 181
117 317
544 140
552 292
126 258
121 330
548 377
117 257
508 138
559 254
529 386
379 484
493 393
342 401
555 236
184 167
227 111
415 347
480 351
382 473
488 423
431 334
563 382
325 399
490 405
108 251
241 103
470 376
483 376
167 330
230 131
508 130
554 282
537 380
375 492
107 332
489 129
172 149
492 431
97 307
171 318
407 347
319 398
154 147
469 126
482 394
357 487
408 496
324 390
341 492
112 243
552 132
568 268
114 346
175 324
468 385
574 387
575 146
569 238
98 340
95 246
97 323
171 349
540 399
548 399
577 353
504 414
210 118
477 120
558 218
468 441
544 117
482 442
213 130
568 276
582 133
582 263
457 114
184 350
583 397
347 509
96 357
176 303
186 312
254 105
585 381
87 253
574 227
219 141
86 359
106 360
557 209
589 356
359 502
170 304
449 130
589 150
575 166
585 166
590 119
201 127
573 106
570 208
192 354
448 105
532 121
156 363
547 104
519 407
76 298
517 435
195 110
533 102
595 131
574 408
334 508
355 520
197 340
196 101
215 109
75 312
88 343
216 100
590 100
523 411
76 342
265 118
566 115
586 175
580 279
593 279
274 113
65 304
474 100
524 125
600 105
579 199
556 196
527 402
70 313
171 373
518 443
72 368
203 136
521 107
592 372
527 431
69 342
605 156
76 321
143 349
155 349
200 154
280 62
601 280
377 507
146 378
201 329
603 345
86 323
590 337
86 312
141 366
140 378
214 164
212 343
546 208
612 351
54 299
94 290
88 279
289 55
596 190
182 378
63 289
59 337
67 352
148 340
176 115
284 118
280 51
293 65
538 418
163 381
618 334
140 388
295 139
619 197
621 388
503 101
130 353
171 128
202 168
622 183
126 374
298 111
299 129
589 323
288 44
300 44
146 393
163 373
200 179
413 114
208 176
627 344
49 376
134 370
168 395
411 102
609 325
627 169
123 352
121 380
187 367
178 100
434 122
166 136
194 167
178 399
157 119
307 146
406 80
57 276
70 278
215 187
496 113
40 373
132 341
202 378
302 66
408 127
635 389
62 269
310 59
279 141
505 115
592 309
635 353
56 385
198 371
295 98
617 161
635 167
111 387
219 192
201 386
632 158
67 265
640 342
317 73
397 56
396 102
436 134
604 210
623 311
418 55
628 215
623 410
43 364
106 388
199 391
144 121
296 163
394 130
586 301
598 301
30 364
278 164
394 137
602 221
617 152
646 380
103 401
162 408
645 151
627 402
634 366
596 396
217 378
396 48
594 417
415 47
649 165
623 227
620 418
98 374
428 61
392 112
386 125
633 146
611 228
572 312
605 315
295 84
21 359
189 391
134 121
591 291
158 400
179 421
29 354
591 208
19 376
589 223
628 296
649 411
37 354
92 368
600 234
173 430
198 406
56 245
113 428
314 91
613 237
32 346
120 430
568 302
593 429
99 431
635 238
142 132
186 402
125 133
380 37
381 48
619 136
627 242
234 376
406 157
70 249
31 338
222 361
568 331
130 416
625 126
586 246
645 238
556 322
20 336
188 431
233 369
127 141
20 345
220 390
113 118
113 140
377 167
139 143
370 50
78 257
74 387
155 436
73 240
49 334
211 363
576 336
584 446
245 381
359 58
592 440
31 327
411 143
67 395
403 175
65 407
37 219
50 219
146 434
226 406
124 107
426 151
607 263
245 367
352 66
27 221
61 409
203 442
106 104
375 137
239 391
60 401
258 378
348 53
98 147
561 439
100 118
391 186
344 74
61 214
211 441
123 163
343 61
239 357
430 162
213 401
113 166
411 191
351 126
139 104
343 37
621 270
240 406
239 418
91 146
248 351
257 391
129 171
353 83
273 385
244 426
333 73
549 442
82 156
623 262
267 397
101 178
257 400
138 160
371 113
346 92
361 112
239 435
153 101
336 114
551 418
249 339
221 436
273 372
282 399
123 187
368 81
380 114
90 181
353 108
89 167
326 124
268 365
365 92
377 79
61 156
75 133
300 360
318 124
53 152
227 331
299 417
55 144
66 131
251 312
304 348
229 320
262 323
315 369
291 428
311 429
307 373
297 431
271 339
280 428
320 416
45 174
276 318
281 440
322 432
265 350
51 181
299 446
35 179
34 167
63 183
31 158
263 441
23 178
50 197
73 173
31 195
253 440
263 430
79 191
74 200
22 207
37 207
88 198
19 198
287 484
94 215
86 218
105 199
96 197
107 208
308 490
114 225
105 188
312 476
