10874
332 269
332 271
334 269
334 271
331 268
331 272
335 268
335 272
330 267
330 273
336 267
336 273
329 266
329 274
337 266
337 274
328 265
328 275
338 265
338 275
327 264
327 266
327 276
339 264
339 266
339 276
326 263
326 267
326 277
340 263
340 267
340 277
325 262
325 268
325 278
341 262
341 268
341 278
324 261
324 279
342 261
342 279
323 260
323 280
341 260
343 260
343 280
322 259
323 281
340 259
344 259
342 281
344 281
321 258
339 258
345 258
341 282
345 282
320 257
338 257
346 257
340 283
346 283
319 256
337 256
347 256
339 284
347 284
318 255
336 255
348 255
339 285
348 285
317 254
336 254
349 254
349 256
349 286
316 253
350 253
350 257
350 285
350 287
315 252
317 252
351 252
351 258
351 284
351 288
314 251
318 251
352 251
352 283
352 289
313 250
313 252
319 250
351 250
353 250
353 282
353 290
312 249
312 253
320 249
320 251
350 249
354 249
354 281
354 289
354 291
311 248
311 254
321 248
321 252
349 248
355 248
355 280
355 288
355 292
310 247
310 255
322 247
322 253
348 247
356 247
356 279
356 287
356 293
309 246
309 256
323 246
347 246
357 246
357 278
355 294
357 294
308 245
308 257
324 245
346 245
358 245
358 277
354 295
358 295
307 244
307 258
325 244
346 244
359 244
359 276
353 296
359 296
306 243
307 259
326 243
360 243
360 275
352 297
360 297
305 242
305 244
308 260
327 242
361 242
361 274
351 298
361 298
304 241
306 241
308 261
328 241
362 241
362 273
350 299
362 299
303 240
307 240
308 262
329 240
363 240
363 241
363 272
349 300
363 300
302 239
308 239
308 263
329 239
364 239
364 273
348 301
364 301
301 238
309 238
308 264
330 238
365 238
365 274
347 302
365 302
300 237
310 237
308 265
331 237
366 237
366 239
366 275
366 303
299 236
311 236
308 266
332 236
367 236
367 240
367 276
365 304
367 304
298 235
298 237
312 235
308 267
333 235
368 235
368 241
368 277
364 305
368 305
297 234
297 238
313 234
308 268
334 234
369 234
369 242
369 278
363 306
369 306
296 233
296 239
314 233
308 269
335 233
370 233
370 243
370 279
362 307
370 305
370 307
295 232
296 232
295 240
315 232
308 270
336 232
369 232
371 232
371 244
371 280
361 306
361 308
371 304
371 308
294 231
294 241
308 271
336 231
368 231
372 231
372 245
372 281
360 305
360 309
372 303
372 309
293 230
293 242
308 272
336 230
367 230
373 230
373 246
373 282
359 304
359 310
373 302
373 310
292 229
292 243
308 273
336 229
366 229
374 229
374 247
372 283
374 282
358 311
374 301
374 311
291 228
291 244
308 274
336 228
365 228
375 228
375 246
375 248
371 284
375 282
357 312
359 312
375 300
375 312
290 227
290 245
336 227
364 227
376 227
376 245
374 249
376 249
370 285
376 282
356 313
360 313
376 299
376 313
289 226
289 246
336 226
363 226
365 226
377 226
377 244
373 250
377 250
369 286
377 282
355 314
361 314
377 298
377 314
288 225
289 247
336 225
362 225
377 225
378 243
372 251
378 251
368 287
378 282
354 315
362 315
378 297
378 315
287 224
288 248
336 224
361 224
378 224
378 242
371 252
379 252
368 288
379 282
353 316
363 316
379 297
377 316
379 315
286 223
287 249
360 223
379 223
370 253
380 253
368 289
352 317
364 317
380 297
376 317
380 314
380 315
285 222
287 222
286 250
359 222
380 222
369 254
381 254
351 318
365 318
381 297
375 318
377 318
380 313
381 315
284 221
288 221
285 251
358 221
358 223
381 221
368 255
382 255
350 318
350 319
365 319
382 297
375 319
378 319
380 312
382 315
283 220
289 220
284 252
357 220
357 224
382 220
382 222
367 256
383 256
349 320
375 320
379 320
383 315
282 219
290 219
283 253
356 219
358 219
356 225
383 219
383 223
366 257
384 255
384 257
348 321
375 321
380 321
384 315
281 218
291 218
282 254
355 218
359 218
355 226
384 218
384 224
385 254
385 258
347 322
375 322
381 322
385 315
280 217
280 219
281 217
292 217
281 253
281 255
354 217
360 217
354 227
385 217
385 225
386 253
386 259
346 323
375 323
382 323
386 315
279 216
279 220
293 216
280 252
280 256
361 216
353 228
386 216
386 226
387 252
386 260
345 324
375 324
383 324
387 315
278 215
278 221
294 215
279 251
279 257
281 257
362 215
352 229
387 215
387 227
388 251
385 261
387 261
344 325
375 325
384 325
388 315
277 214
277 222
295 214
278 250
278 258
282 258
361 214
363 214
351 230
386 214
388 214
388 228
389 250
384 262
388 262
343 326
375 326
385 326
389 315
276 213
276 223
296 213
277 249
277 259
283 259
360 213
364 213
385 213
389 213
389 229
390 249
383 263
389 263
342 327
375 327
386 327
390 315
275 212
275 224
297 212
297 214
276 248
276 260
284 260
359 212
365 212
384 212
390 212
390 214
390 230
391 248
382 264
390 264
341 328
387 328
391 315
274 211
274 225
298 211
298 215
275 247
275 260
285 261
358 211
366 211
383 211
391 211
391 215
391 231
391 247
381 265
391 265
340 329
342 329
388 329
392 315
273 210
273 226
275 226
299 210
299 216
274 260
286 262
357 210
367 210
382 210
392 210
392 216
392 232
380 266
392 266
339 330
343 330
389 330
393 315
393 316
272 209
272 225
272 227
276 227
300 209
300 217
273 260
287 263
356 209
368 209
382 209
393 209
392 217
393 233
379 267
393 265
393 267
338 329
338 331
344 331
390 331
394 315
271 208
271 224
271 228
277 228
301 208
301 218
272 260
288 264
355 208
369 208
394 208
394 234
378 268
394 264
393 268
394 267
337 328
337 332
345 332
395 314
395 315
270 207
270 223
270 229
278 229
302 207
302 219
271 259
271 261
289 265
354 207
395 207
395 235
378 269
395 263
393 269
395 267
336 327
336 333
344 333
346 333
395 313
396 315
269 206
271 206
269 222
269 230
279 230
302 206
303 206
303 220
270 258
270 262
290 266
353 206
396 206
396 236
396 262
393 270
396 267
335 326
335 334
347 334
395 312
397 315
268 205
272 205
268 221
268 231
280 231
304 205
304 221
269 257
269 263
291 267
352 205
397 205
397 237
397 261
397 267
397 268
335 325
334 335
348 335
395 311
398 315
267 204
273 204
267 220
267 232
281 232
305 204
268 256
268 264
351 204
398 204
398 237
398 260
398 267
397 269
333 336
349 336
395 310
399 315
266 203
274 203
266 219
266 233
306 203
267 255
267 265
350 203
399 203
399 237
399 259
399 267
397 270
332 335
332 337
350 337
395 309
400 315
265 202
275 202
307 202
266 254
266 266
350 202
400 202
400 237
400 258
400 267
397 271
331 334
331 338
351 338
395 308
401 315
264 201
264 203
276 201
308 201
265 253
265 267
401 201
401 237
401 257
401 267
397 272
330 333
330 339
352 339
395 307
402 315
263 200
263 204
277 200
307 200
309 200
264 252
264 268
266 268
402 200
402 237
402 256
402 267
397 273
329 332
329 340
330 340
353 340
395 306
403 315
262 199
264 199
262 205
278 199
306 199
310 199
263 251
263 269
267 269
403 199
403 237
403 255
403 267
397 274
328 331
328 341
352 341
354 341
395 305
404 315
261 198
265 198
261 206
279 198
305 198
311 198
262 250
262 270
268 270
404 198
404 200
404 237
404 254
404 267
397 275
327 330
327 342
351 342
355 342
395 304
405 315
260 197
265 197
260 207
280 197
304 197
312 197
261 249
261 271
269 271
403 197
405 197
405 237
405 253
405 267
397 276
326 329
326 343
350 343
356 341
356 343
395 303
406 314
406 315
259 196
259 208
281 196
303 196
313 196
261 248
260 272
270 272
402 196
405 196
406 198
406 237
405 252
406 267
397 277
325 328
325 344
349 344
357 340
357 344
395 302
406 313
407 315
258 195
259 209
282 195
302 195
314 195
259 273
271 273
401 195
405 195
407 199
407 268
397 278
324 327
324 345
348 345
358 339
358 345
395 301
406 312
408 315
257 194
258 210
282 194
301 194
315 194
258 274
272 274
400 194
405 194
408 200
408 269
397 279
323 326
323 346
347 346
359 338
359 346
395 300
409 315
256 193
257 211
282 193
300 193
316 193
316 195
257 273
257 275
273 275
399 193
405 193
409 201
409 270
397 280
322 325
322 347
346 347
360 347
395 299
410 315
255 192
256 212
282 192
317 192
317 196
256 272
256 276
273 276
398 192
405 192
410 202
410 271
397 281
321 324
321 348
345 348
361 348
411 315
254 191
255 213
282 191
318 191
318 197
255 271
255 276
257 277
274 277
397 191
405 191
411 203
411 272
397 282
320 323
320 325
322 323
320 347
320 349
362 349
412 315
253 190
255 190
254 214
282 190
319 190
319 198
254 270
254 276
257 278
275 278
396 190
405 190
412 204
412 273
319 322
323 322
319 346
319 350
361 350
363 350
413 315
252 189
252 191
256 189
253 215
282 189
320 189
320 199
253 269
253 276
257 279
276 279
395 189
405 189
413 205
412 274
318 321
324 321
318 345
318 351
320 351
360 351
364 351
414 315
251 188
251 192
257 188
252 214
252 216
282 188
321 188
321 200
252 268
254 268
252 276
257 280
277 280
394 188
405 188
414 206
412 275
317 320
325 320
318 344
317 352
321 352
359 352
365 350
365 352
415 315
250 187
250 193
258 187
251 213
251 217
282 187
322 187
322 189
321 201
251 267
255 267
251 276
257 281
278 281
393 187
393 189
405 187
415 205
415 207
412 276
316 319
326 319
316 353
322 353
358 353
366 349
366 353
416 315
249 186
249 194
259 186
250 212
250 218
282 186
323 186
323 190
250 266
256 266
250 276
257 282
279 282
392 186
392 190
405 186
416 204
414 208
416 208
412 277
315 318
327 318
315 354
323 354
357 354
367 348
367 354
417 315
248 185
248 195
260 185
249 211
250 219
282 185
324 185
324 191
249 265
257 265
257 283
280 283
391 185
391 191
405 185
417 203
413 209
417 209
412 278
314 317
328 317
314 355
324 355
356 355
368 347
368 355
418 315
418 316
247 184
247 196
261 184
248 210
250 220
282 184
323 184
325 184
325 192
248 264
258 264
257 284
281 283
390 184
390 192
406 184
418 202
412 210
418 209
412 279
313 316
329 316
313 356
325 356
355 356
369 346
369 356
419 315
418 317
246 183
246 195
246 197
261 183
247 209
250 221
282 183
322 183
326 183
326 193
247 263
258 263
257 285
282 283
389 183
389 193
407 183
419 201
411 211
419 209
412 280
312 315
312 317
330 315
312 355
312 357
326 357
354 357
370 345
370 357
420 315
418 318
245 182
245 194
245 198
250 222
282 182
321 182
327 182
327 194
246 262
257 286
283 283
388 182
389 194
408 182
420 200
410 212
420 209
412 281
311 314
311 318
331 314
311 354
311 358
327 358
353 358
371 344
371 358
421 315
418 319
244 181
246 181
245 193
244 199
250 223
320 181
328 181
328 182
328 195
245 261
257 287
284 283
387 181
409 181
421 199
409 213
412 282
310 313
310 319
331 313
310 353
310 359
328 359
352 359
372 343
370 359
372 359
422 315
418 320
243 180
247 180
243 200
250 224
319 180
329 180
329 196
244 260
257 288
285 283
285 284
386 180
410 180
422 198
408 214
411 283
309 312
309 320
309 352
309 360
329 360
351 360
373 342
369 360
373 360
423 315
418 321
242 179
247 179
242 201
318 179
330 179
330 197
243 259
257 289
286 283
285 285
386 179
411 179
423 197
407 215
410 284
308 311
308 321
308 351
308 361
330 361
350 361
374 341
368 361
374 361
424 315
418 322
241 178
241 202
317 178
331 178
331 198
242 260
244 258
257 290
287 283
285 286
385 178
412 178
424 196
410 285
307 310
307 322
307 350
307 360
307 362
329 362
331 362
349 362
374 340
367 362
375 362
425 315
418 323
240 177
240 203
316 177
332 177
332 199
241 261
245 257
257 291
288 283
285 287
384 177
413 177
425 195
410 286
306 309
308 309
306 323
306 349
306 359
306 363
328 363
332 363
348 363
366 363
376 363
426 315
418 324
239 176
239 202
239 204
315 176
333 176
333 200
240 262
246 256
258 292
285 288
383 176
414 176
425 194
410 287
309 308
305 324
305 348
305 358
305 364
327 364
332 364
347 364
365 364
377 364
427 315
418 325
238 175
238 201
238 205
314 175
334 175
334 201
239 263
246 255
259 293
285 289
382 175
413 175
415 175
410 288
310 307
304 325
304 347
304 365
326 365
347 365
365 365
378 365
428 314
428 316
237 174
237 176
237 200
237 206
313 174
335 174
335 176
335 202
238 264
246 254
260 294
285 290
381 174
412 174
416 174
410 289
311 306
303 326
303 346
303 366
325 366
379 366
429 313
429 317
236 173
238 173
236 177
236 199
236 207
312 173
336 173
336 177
334 203
237 265
246 253
261 295
285 291
380 173
380 175
411 173
417 173
410 290
312 305
302 327
302 345
302 367
324 367
380 367
430 312
430 318
235 172
239 172
235 178
235 198
235 208
311 172
313 172
335 172
337 172
337 178
333 204
236 266
246 252
262 296
285 292
379 172
379 176
410 172
418 172
410 291
313 304
301 328
302 344
301 368
323 368
379 368
381 366
431 311
431 319
234 171
240 171
234 179
234 197
234 209
310 171
310 173
314 171
334 171
338 171
338 179
332 205
235 266
246 251
263 297
285 293
378 171
378 177
409 171
419 171
410 292
314 303
301 329
300 369
302 369
322 369
378 369
382 365
432 310
432 320
233 170
241 170
233 180
233 196
233 210
309 170
309 174
315 170
333 170
339 170
339 180
331 206
234 266
246 250
264 298
285 294
377 170
377 178
420 170
410 293
315 302
315 304
299 370
303 370
321 370
377 370
383 364
433 309
433 321
232 169
242 169
232 195
232 211
308 169
308 175
316 169
332 169
340 169
340 181
330 207
233 266
233 267
246 249
265 298
285 295
376 169
376 179
421 169
410 294
316 301
316 305
298 371
303 371
320 371
376 371
384 363
434 308
434 322
231 168
243 168
231 194
231 212
307 168
307 176
317 168
331 168
341 168
341 182
329 208
232 266
233 268
246 248
266 298
285 296
375 169
375 180
422 168
410 295
315 300
317 300
317 306
297 372
375 372
385 362
433 307
435 307
435 323
230 167
244 167
230 193
230 213
306 167
306 177
318 167
330 167
342 167
342 183
328 209
231 266
233 269
246 247
267 298
285 297
374 169
374 181
423 167
410 296
314 299
318 299
318 307
296 373
374 373
386 361
386 363
432 306
436 306
436 324
229 166
245 166
229 214
305 166
305 178
330 166
343 166
343 184
327 210
230 266
233 270
246 246
268 298
285 298
373 169
373 182
422 166
424 166
410 297
313 298
319 298
319 308
295 374
373 374
387 360
387 364
431 305
437 305
437 325
228 165
230 165
246 165
228 213
228 215
304 165
304 179
344 165
326 211
229 266
233 271
246 245
269 298
286 299
372 169
372 183
421 165
425 165
312 297
320 297
319 309
294 375
296 375
372 375
388 359
388 365
430 304
438 304
438 306
438 326
227 164
231 164
247 164
227 212
227 216
303 164
304 180
345 164
345 166
325 212
228 266
233 272
246 244
270 298
287 300
371 184
420 164
426 164
426 166
311 296
321 296
293 376
297 376
371 376
387 358
389 358
389 366
429 303
439 303
439 307
437 327
439 327
226 163
232 163
248 163
226 211
227 217
303 163
346 163
345 167
346 167
324 213
227 266
233 273
246 243
287 301
419 163
427 163
427 167
310 295
322 295
292 377
298 377
370 377
386 357
390 357
390 367
428 302
440 302
440 308
436 328
439 328
440 326
225 162
225 164
233 162
249 162
225 210
227 218
304 162
347 162
347 168
323 214
226 266
233 274
246 242
287 302
418 162
428 162
428 168
309 294
323 294
291 378
299 378
369 378
385 356
391 356
391 368
427 301
441 301
441 309
435 329
439 329
441 326
224 161
224 165
250 161
224 209
305 161
348 161
348 169
322 215
233 275
246 241
287 303
417 161
429 161
429 169
308 293
324 295
290 379
300 379
368 379
384 355
392 355
392 369
427 300
442 300
442 310
434 330
439 330
223 160
223 166
251 160
223 208
306 160
349 160
349 170
233 276
246 240
287 304
416 160
430 160
430 170
307 292
325 296
289 380
301 380
368 380
383 354
393 355
443 299
442 311
433 331
439 331
222 159
222 167
251 159
252 161
222 207
307 159
350 159
350 171
233 277
287 305
415 159
431 159
431 171
306 291
326 297
288 381
302 381
382 353
394 355
442 298
444 298
432 332
439 332
221 158
221 168
252 158
253 162
221 206
308 158
351 158
351 172
233 278
287 306
414 158
416 158
432 158
432 172
305 290
327 298
287 382
303 382
395 355
441 297
445 297
431 333
439 333
220 157
220 169
253 157
254 162
221 205
309 157
350 157
352 157
352 173
233 279
287 307
413 157
417 157
433 158
433 173
328 299
286 383
304 383
396 355
440 296
446 296
430 334
439 334
219 156
219 158
219 170
254 156
255 162
310 156
349 156
353 156
353 158
353 174
233 280
287 308
412 156
418 156
434 158
329 300
285 384
397 355
447 295
447 297
429 335
439 335
218 155
218 159
218 171
255 155
256 162
311 155
348 155
354 155
354 159
354 175
233 281
287 309
411 155
419 155
435 158
330 300
284 383
284 385
398 354
398 356
448 294
448 298
428 336
439 336
217 154
219 154
217 160
217 172
256 154
257 162
312 154
347 154
355 154
355 160
355 176
233 282
287 310
410 154
420 154
436 158
331 300
283 382
283 386
399 353
399 357
449 293
449 299
427 337
439 337
216 153
220 153
216 161
216 173
255 153
257 153
258 162
313 153
346 153
356 153
356 161
356 177
233 283
287 311
409 153
421 153
437 157
437 158
332 300
282 381
282 387
400 352
400 358
450 292
450 300
426 338
439 338
215 152
221 152
216 162
215 174
254 152
258 152
259 162
314 152
345 152
357 152
357 162
357 178
234 284
287 312
408 152
422 152
437 156
333 300
281 380
281 388
401 351
401 359
451 291
451 293
451 301
425 339
439 339
214 151
222 151
214 175
216 175
253 151
258 151
260 162
315 151
344 151
358 151
358 163
235 285
287 313
407 151
422 151
437 155
334 300
280 379
280 389
402 350
402 360
452 290
452 294
452 302
424 340
439 340
213 150
223 150
213 176
217 176
252 150
258 150
261 162
314 150
316 150
343 150
359 150
359 164
236 286
407 150
423 150
437 154
279 378
279 390
403 349
403 361
451 289
453 289
453 295
453 303
439 341
212 149
224 149
212 177
218 177
251 149
258 149
262 162
313 149
317 149
342 149
360 149
359 165
237 287
406 149
423 149
437 153
278 377
278 391
404 348
404 362
450 288
454 288
454 296
454 304
440 342
211 148
225 148
211 178
219 178
250 148
258 148
263 162
312 148
318 148
341 148
359 148
361 148
238 288
405 148
423 148
437 152
277 376
279 376
277 390
277 392
405 347
405 363
449 287
455 287
455 305
441 343
210 147
225 147
226 147
210 179
220 179
249 147
258 147
264 162
311 147
319 147
341 147
358 147
362 147
239 289
404 147
423 147
437 151
276 375
280 375
276 389
276 393
278 393
406 346
406 348
406 364
448 286
456 286
456 306
442 344
209 146
227 147
209 180
221 180
248 146
258 146
265 162
310 146
320 146
357 146
363 146
240 290
403 146
423 146
437 150
275 374
281 374
275 388
275 394
279 394
407 345
407 349
407 365
447 285
457 285
457 307
443 345
208 145
228 147
208 181
210 181
222 181
247 145
258 145
266 162
309 145
321 145
356 145
364 145
241 291
402 145
423 145
437 149
274 373
274 387
274 395
280 395
408 344
408 350
407 366
446 284
458 284
458 308
444 346
207 144
229 147
207 182
210 182
222 182
247 144
258 144
267 162
308 144
322 144
365 144
242 292
401 144
423 144
437 148
273 372
273 386
273 396
281 396
409 343
409 351
407 367
445 283
447 283
459 283
459 309
445 347
206 143
230 147
206 183
268 162
323 143
366 143
401 143
423 143
437 147
272 371
272 385
272 397
282 397
409 342
410 352
407 368
444 282
448 282
460 282
460 283
460 310
446 348
205 142
231 147
205 184
269 162
324 143
367 142
401 142
437 146
271 370
271 398
281 398
283 398
409 341
411 353
407 369
443 281
448 281
461 281
461 311
447 349
204 141
232 147
204 185
270 162
366 141
368 141
368 143
401 141
437 145
270 369
272 369
270 399
280 399
284 399
409 340
412 354
407 370
442 280
462 280
462 312
446 350
448 350
203 140
233 147
203 186
271 162
365 140
369 140
369 144
401 140
437 144
269 368
273 368
269 400
279 400
285 400
412 355
441 279
463 279
463 313
445 351
449 351
202 139
234 147
202 185
202 187
272 161
364 139
370 139
370 145
401 139
437 143
268 367
274 367
268 401
286 401
440 278
464 278
463 314
444 352
450 352
201 138
201 140
203 138
235 147
201 184
201 188
203 188
273 160
363 138
371 138
371 146
401 138
267 366
275 366
267 400
267 402
287 402
439 277
463 277
465 277
465 279
443 353
451 353
200 137
200 141
204 137
236 147
200 183
200 189
204 189
274 159
362 137
372 137
372 147
266 365
276 365
266 403
288 403
438 276
438 278
462 276
466 276
466 280
442 354
452 354
199 136
199 142
205 136
237 147
199 182
199 190
205 190
274 158
275 158
361 136
373 136
373 148
265 364
277 364
265 404
289 404
437 275
437 279
461 275
467 275
467 281
441 355
453 353
453 355
198 135
198 143
206 135
198 191
206 191
274 157
276 158
360 135
374 135
374 149
264 363
278 363
264 405
290 405
436 280
460 274
468 274
468 282
440 356
454 352
454 356
197 134
197 144
199 144
207 134
197 192
207 192
274 156
277 158
359 134
375 134
374 150
263 362
279 362
263 406
291 406
435 281
459 273
469 273
469 283
439 355
440 357
455 351
455 357
196 133
196 145
200 145
208 133
196 193
208 193
274 155
278 158
358 133
376 133
262 361
280 361
262 405
262 407
292 407
434 282
458 272
470 272
470 274
470 284
438 355
456 350
456 358
195 132
195 146
200 146
207 132
209 132
195 194
209 194
274 154
279 158
357 132
377 132
377 134
261 360
261 362
281 360
261 404
261 408
293 408
433 283
457 271
471 271
471 275
471 285
437 355
457 349
457 359
194 131
194 147
206 131
210 131
194 195
210 195
274 153
280 158
356 131
378 131
378 135
260 359
260 363
260 403
260 409
294 407
294 409
432 284
456 270
472 270
472 276
472 286
436 355
458 348
458 360
193 130
193 148
205 130
211 130
193 196
211 196
274 152
281 158
355 130
379 130
379 136
259 358
261 358
259 364
259 402
259 410
295 406
295 410
431 285
473 269
472 277
473 287
435 355
459 347
459 360
192 129
192 149
205 129
212 129
192 197
211 197
274 151
282 158
378 129
380 129
380 137
258 357
262 357
258 365
258 401
258 411
296 405
294 411
296 411
431 286
474 268
474 288
434 355
460 346
460 360
191 129
191 150
213 128
191 196
193 198
274 150
283 158
377 128
381 128
381 138
257 356
263 356
257 366
257 400
257 412
297 404
293 412
297 412
475 267
475 289
433 355
461 345
461 360
190 128
190 129
190 151
214 127
190 195
194 199
274 149
376 127
382 127
382 139
256 355
264 355
256 367
256 399
256 413
298 403
292 413
298 413
476 266
474 290
476 290
432 355
462 344
462 360
189 129
190 127
189 150
189 152
215 126
189 194
195 200
274 148
375 126
383 126
383 140
255 354
264 354
255 368
256 398
255 414
299 402
291 414
299 414
477 265
473 291
477 291
431 355
462 343
463 360
463 361
188 129
190 126
188 149
188 153
190 153
216 125
188 193
196 201
274 147
374 125
384 125
384 141
254 353
254 369
254 415
300 401
290 415
300 415
476 264
478 264
472 292
478 292
430 355
462 342
464 360
463 362
187 129
190 125
187 148
187 154
191 154
215 124
217 124
187 193
197 202
274 146
373 124
385 124
385 142
253 352
253 368
253 370
253 416
255 416
301 400
289 416
301 416
475 263
479 263
479 265
471 293
479 293
429 355
462 341
465 360
463 363
186 129
190 124
186 147
186 155
192 155
214 123
218 123
186 193
198 203
274 145
386 123
386 143
252 351
254 351
252 371
252 417
256 417
302 399
288 417
302 417
474 262
480 262
480 266
470 294
480 294
428 355
462 340
466 360
463 364
185 129
190 123
185 146
185 156
193 156
213 122
219 122
185 193
199 204
274 144
387 122
386 144
251 350
251 352
255 350
251 372
251 418
257 418
303 398
287 418
303 418
473 261
481 261
481 267
469 295
481 295
427 355
462 339
467 360
463 365
184 129
189 122
184 145
184 157
194 157
212 121
220 121
220 123
184 192
184 193
200 205
274 143
388 121
250 349
250 353
256 349
250 373
250 419
258 419
304 397
286 419
304 419
472 260
482 260
482 268
468 296
482 296
462 338
468 360
463 366
183 129
189 121
183 144
183 158
195 158
211 120
221 120
220 124
183 193
184 191
201 206
387 120
389 120
249 348
250 354
257 348
249 374
249 420
259 420
285 420
305 420
472 259
483 259
483 269
467 297
482 297
462 337
469 360
463 367
182 129
189 120
183 143
196 159
210 119
222 119
182 193
184 190
202 207
386 119
390 119
248 347
258 347
248 375
248 421
260 421
284 421
306 421
484 258
484 270
467 298
483 298
470 360
463 368
181 129
189 119
197 160
209 118
223 118
181 193
184 189
202 208
203 208
385 118
391 118
247 346
259 346
247 374
247 376
249 376
247 422
259 422
261 422
284 422
307 422
485 257
485 259
485 271
484 299
471 360
180 129
189 118
198 161
208 117
224 117
180 193
184 188
204 209
384 117
392 117
246 345
246 347
260 345
246 373
246 377
250 377
246 423
262 423
308 423
486 256
486 260
486 272
485 300
472 360
179 129
189 117
207 116
225 116
179 193
184 187
205 210
383 116
393 116
245 344
245 348
261 344
245 372
245 378
251 378
245 424
263 424
309 424
487 255
487 261
487 273
486 301
473 360
178 129
189 116
206 115
208 115
226 115
178 193
178 194
184 186
206 211
382 115
394 115
244 343
244 349
260 343
262 343
244 371
244 379
252 379
244 425
264 425
308 425
310 425
488 254
488 262
488 274
487 302
474 360
177 129
189 115
205 114
209 114
227 114
177 193
178 195
184 185
207 212
381 114
383 114
395 114
243 342
243 350
259 342
263 342
243 370
243 380
253 380
243 424
244 426
265 426
308 426
311 426
487 253
489 253
488 263
489 275
488 303
475 359
475 360
176 129
189 114
210 113
228 113
176 193
178 196
184 184
208 213
380 113
384 113
396 113
242 341
242 351
258 341
264 341
242 369
242 381
254 381
242 423
243 427
266 427
312 427
486 252
490 252
488 304
475 358
476 360
175 129
189 113
211 112
229 112
175 193
178 197
184 183
209 214
379 112
385 112
397 112
241 340
241 352
257 340
265 340
241 368
241 382
255 382
241 423
242 428
265 428
267 426
267 428
311 428
313 428
485 251
491 251
488 305
477 359
477 360
477 361
174 129
189 112
212 111
230 111
174 193
178 198
184 182
210 215
378 111
386 111
398 111
398 113
240 339
241 353
256 339
266 339
240 367
240 383
256 383
240 423
241 429
264 429
268 425
268 429
310 429
314 427
314 429
484 250
492 250
488 306
477 358
478 360
477 362
173 129
189 111
213 110
231 110
173 193
178 199
184 181
209 216
211 216
377 110
387 110
399 110
399 114
239 338
267 338
267 340
239 366
240 384
239 423
240 430
263 430
269 424
269 430
309 430
315 426
315 430
483 249
493 249
488 307
477 357
479 360
477 363
172 129
189 110
214 109
232 111
172 193
178 200
184 180
208 217
212 217
376 109
388 109
400 109
400 115
238 337
268 337
268 341
240 385
238 423
239 431
262 431
270 423
270 431
308 431
316 425
316 431
483 248
494 248
488 308
477 356
480 360
477 364
171 128
171 129
189 109
215 108
233 112
171 193
178 201
207 218
375 108
401 108
401 116
237 336
269 336
269 342
240 386
237 423
238 432
261 432
271 422
271 432
307 432
317 424
317 432
495 247
488 309
489 309
477 355
481 360
477 365
170 129
171 127
189 108
216 107
234 113
170 193
178 202
206 219
374 107
374 109
402 107
402 117
236 337
237 335
270 335
270 343
240 387
236 423
237 433
260 433
272 421
272 433
306 433
318 423
318 433
496 246
488 310
490 309
477 354
482 360
477 366
169 129
171 126
189 107
235 114
169 193
178 203
205 220
373 106
373 110
401 106
403 107
403 118
235 338
237 334
271 334
271 344
240 388
235 423
237 434
259 434
273 434
305 434
319 422
319 434
497 245
488 311
491 309
477 353
483 360
477 367
168 129
171 125
236 115
168 193
204 221
372 105
374 105
373 111
401 105
404 107
403 119
234 339
237 333
272 333
272 345
240 389
234 423
237 435
258 435
274 435
304 435
320 421
320 433
320 435
498 244
488 312
492 309
477 352
484 360
477 368
167 129
171 124
237 116
167 193
203 222
371 104
375 104
401 104
405 107
233 340
237 332
273 332
240 390
233 423
237 436
258 436
275 436
303 436
321 420
321 432
321 436
499 243
488 313
493 309
477 351
485 360
477 369
166 129
171 123
238 117
166 193
202 223
370 103
376 103
401 103
406 107
232 341
237 331
274 331
240 391
232 423
276 436
303 437
322 419
321 431
322 437
500 242
487 314
494 309
477 350
486 360
477 370
165 129
170 122
239 116
239 118
165 193
201 224
203 224
369 102
377 102
407 107
231 342
237 330
275 330
275 332
240 392
231 423
277 436
323 418
323 438
501 241
501 243
486 315
495 309
477 349
487 360
477 371
164 129
169 121
240 115
238 119
240 119
164 193
200 225
204 225
368 101
378 101
408 107
230 343
237 329
274 329
276 333
240 393
230 423
278 436
324 439
502 240
502 244
485 316
496 309
477 348
488 360
477 372
163 129
169 120
241 114
237 120
241 120
163 193
199 224
199 226
205 226
367 100
379 100
409 107
229 344
237 328
273 328
277 334
240 394
229 422
229 423
279 436
325 440
503 239
503 245
484 317
497 309
477 347
489 360
477 373
162 129
169 119
242 113
236 121
242 121
162 193
198 223
198 227
206 227
366 99
380 99
410 107
228 344
237 327
272 327
278 335
240 395
228 423
229 421
280 436
326 441
504 238
504 246
483 318
498 309
477 346
490 360
476 374
161 129
169 118
243 112
235 122
243 122
161 192
161 193
197 222
197 228
207 228
365 98
381 98
411 107
227 344
237 326
272 326
279 336
240 396
227 423
281 436
327 442
505 237
505 247
482 319
499 309
477 345
491 360
475 375
160 129
169 117
244 111
234 123
244 123
160 193
161 191
196 221
196 229
198 229
208 229
364 99
365 97
382 97
412 107
226 344
237 325
272 325
280 337
240 397
226 423
282 436
328 443
504 236
506 237
506 248
481 320
483 320
500 309
477 344
492 360
474 376
159 129
169 116
245 110
233 124
245 123
245 124
159 194
161 190
195 220
195 230
199 230
209 230
363 100
365 96
383 96
413 107
225 344
237 324
271 324
272 324
281 338
240 398
225 423
283 436
329 444
503 235
507 237
507 249
480 321
484 321
501 309
477 343
493 360
473 377
158 129
169 115
246 109
233 125
246 123
158 195
161 189
194 219
194 231
199 231
210 231
362 99
362 101
365 95
384 95
414 107
224 344
237 323
270 324
272 323
282 339
240 399
224 423
284 436
330 443
330 445
502 234
508 237
508 248
508 250
479 321
485 322
502 309
494 360
494 361
472 378
474 378
157 129
169 114
247 108
247 123
157 196
161 188
193 218
193 232
211 232
361 98
361 102
365 94
385 94
415 107
223 343
236 322
237 322
238 322
269 324
272 322
283 340
223 423
285 436
331 442
331 446
501 233
509 237
509 247
509 251
478 321
486 323
503 309
495 360
494 362
472 379
475 379
156 128
156 129
156 130
169 113
248 123
156 197
161 187
192 217
192 233
360 97
360 103
365 93
386 93
416 107
222 342
235 322
237 321
239 322
268 324
272 321
284 341
222 423
222 424
286 436
332 441
332 447
500 232
510 237
510 252
477 321
487 324
504 309
496 360
494 363
472 380
476 380
155 129
156 127
156 131
169 112
249 123
155 198
161 186
191 216
191 234
359 96
359 104
365 92
387 92
417 107
221 341
234 321
237 320
240 322
267 324
272 320
285 342
221 423
222 425
333 440
331 448
333 448
499 231
511 237
511 253
476 321
488 325
505 310
497 359
494 364
472 381
477 381
154 129
156 132
169 111
250 123
154 199
161 185
190 217
190 235
358 95
358 105
365 91
388 91
418 107
220 340
233 321
237 319
241 322
266 324
272 319
286 343
220 423
222 426
334 439
330 449
334 449
498 230
498 232
512 237
512 254
489 326
506 311
498 358
494 365
472 382
478 382
153 129
156 133
169 110
251 123
153 200
161 184
189 217
189 234
189 236
357 94
357 106
365 90
389 90
419 107
419 108
219 339
232 321
237 318
242 322
265 324
272 318
287 344
219 423
222 427
335 438
329 450
335 450
497 229
497 233
513 237
513 255
490 327
507 312
499 357
494 366
472 383
479 383
152 129
156 134
169 109
252 123
152 201
154 201
161 183
188 217
188 233
188 237
356 93
356 107
365 89
390 89
420 107
419 109
218 338
231 321
237 317
243 322
264 324
272 317
287 345
218 423
222 428
336 437
328 451
336 451
496 228
498 228
496 234
514 237
514 256
490 328
508 313
500 356
494 367
472 384
480 384
151 129
156 135
169 108
253 123
151 202
155 202
161 182
187 217
187 232
187 238
355 92
355 106
355 108
365 88
391 88
421 107
217 337
230 321
237 316
244 322
263 324
272 316
217 423
222 429
337 436
327 452
337 452
495 227
499 227
495 235
515 237
515 257
509 314
501 355
494 368
472 385
481 385
150 129
156 136
254 123
150 203
156 203
161 181
186 217
186 231
186 239
188 239
354 91
354 105
354 109
365 87
392 87
422 107
216 336
229 321
237 315
245 322
272 315
216 423
222 430
338 435
326 453
338 453
494 226
500 226
494 236
516 236
516 237
516 258
510 315
502 354
494 369
472 386
482 386
149 129
156 137
255 123
149 204
157 204
161 180
185 217
185 240
189 240
353 104
353 110
365 86
393 86
423 107
215 336
228 321
237 314
246 322
272 314
215 423
222 431
339 434
325 454
339 454
493 225
501 225
516 235
517 237
517 259
509 316
511 316
503 353
494 370
483 387
148 129
156 138
256 123
148 205
158 205
161 179
184 217
184 241
190 241
352 111
354 111
365 85
394 85
424 107
214 336
227 321
237 313
247 322
272 313
214 423
222 432
340 433
324 455
340 455
492 224
501 224
516 234
518 237
518 259
518 260
508 317
512 317
502 352
504 352
494 371
147 128
147 129
155 139
156 139
257 123
147 204
147 206
159 206
161 178
183 217
183 242
191 242
351 112
355 112
365 84
395 84
395 86
425 107
213 336
226 321
237 312
248 322
213 423
222 433
341 432
323 456
341 456
491 223
516 233
519 237
517 261
519 261
507 318
513 318
501 351
505 351
494 372
146 129
147 127
154 139
156 140
258 123
146 203
146 207
160 207
182 217
182 243
192 243
350 113
356 113
365 83
396 83
396 87
426 107
212 336
225 321
237 311
249 322
212 423
222 434
340 431
342 431
322 457
342 457
490 222
517 232
520 237
516 262
520 262
506 319
514 319
500 350
506 350
494 373
145 129
147 126
153 139
156 141
259 123
145 202
145 208
161 208
181 217
181 242
181 244
193 244
349 114
357 114
365 82
397 82
396 88
427 107
224 321
237 310
250 322
211 423
222 435
339 430
343 430
321 458
343 458
489 221
518 231
521 237
515 263
521 263
505 320
515 319
499 349
507 349
494 374
144 129
147 125
156 142
260 123
144 201
144 209
162 209
180 217
180 241
180 245
194 245
348 115
358 115
365 81
398 81
428 107
223 321
237 309
251 322
210 423
338 429
344 429
320 459
344 457
344 459
488 220
490 220
519 230
522 237
514 264
522 264
504 321
516 319
498 348
508 348
494 375
495 375
143 129
147 124
156 143
261 122
143 200
143 210
162 210
179 217
179 240
179 246
195 246
347 115
365 80
399 80
429 107
222 321
237 308
209 423
337 428
345 428
319 460
345 456
345 460
487 219
491 219
520 229
523 237
513 265
523 265
503 322
517 319
497 347
509 347
496 375
142 129
147 123
156 144
262 121
142 199
142 211
178 217
178 239
178 247
196 247
346 115
365 79
366 79
398 79
400 79
430 107
221 321
237 307
238 307
208 423
336 427
346 427
318 461
346 455
346 461
486 218
486 220
492 218
521 228
524 237
524 238
512 266
524 266
518 319
496 346
510 346
497 375
141 128
141 129
147 122
156 145
263 120
141 198
141 212
143 212
177 238
177 248
197 248
345 115
365 78
367 78
397 78
401 78
431 107
220 321
236 306
239 307
207 423
347 426
317 462
347 454
345 462
347 462
485 217
485 221
493 217
521 227
525 237
524 239
511 267
513 267
525 267
519 319
495 345
511 345
498 375
140 129
141 127
147 121
156 146
264 119
140 197
140 213
144 213
176 237
176 249
178 249
198 249
344 115
365 77
368 77
396 77
402 77
402 79
432 107
219 321
235 305
240 307
206 424
348 425
348 427
316 461
316 463
348 453
344 463
348 463
484 216
484 222
494 216
521 226
526 237
524 240
510 268
514 268
526 266
526 268
512 345
499 375
139 129
147 120
156 147
265 118
139 196
139 214
145 214
175 236
175 250
179 250
199 250
343 115
365 76
369 76
395 76
403 76
403 80
433 107
218 321
234 304
241 307
205 425
349 424
349 428
315 460
315 464
349 452
343 464
349 464
483 215
483 223
485 223
495 215
521 225
527 237
524 241
509 267
509 269
515 269
527 265
527 269
513 345
500 375
138 129
147 119
156 148
266 117
138 195
138 215
146 215
174 235
174 251
180 251
200 251
342 115
365 75
370 75
394 75
404 75
404 81
434 107
217 320
233 303
242 307
204 426
350 423
350 429
314 459
314 465
350 451
342 465
350 465
482 214
482 224
486 224
496 214
521 224
528 237
524 242
508 266
508 270
516 270
528 264
528 270
514 346
501 375
137 129
147 118
156 149
267 116
137 194
137 196
137 216
147 216
173 234
173 252
199 252
201 252
341 115
365 74
371 75
393 74
405 74
405 82
435 107
216 319
232 302
243 307
204 427
351 422
351 430
313 458
313 466
351 450
341 466
351 466
481 213
481 225
497 213
521 223
529 237
524 243
507 265
507 271
517 271
529 263
529 271
515 347
502 375
136 129
147 117
156 150
268 115
136 193
138 193
136 197
136 217
148 217
172 233
172 253
198 253
202 253
340 115
365 73
372 75
393 73
406 73
406 83
436 108
215 318
231 301
244 307
204 428
352 421
352 431
312 457
312 467
352 467
480 212
482 212
480 226
498 212
521 222
530 237
524 244
506 264
506 272
518 272
530 262
530 272
516 348
503 375
135 129
147 116
156 151
268 114
269 116
135 192
139 192
135 198
135 218
171 232
171 254
197 254
203 254
339 115
365 72
373 75
407 72
407 84
437 109
214 317
230 300
245 307
204 429
353 420
353 432
311 456
311 468
353 468
479 211
483 211
479 227
499 211
531 237
524 245
505 263
505 273
518 273
531 261
531 273
517 349
134 129
147 115
157 152
268 113
270 117
134 191
140 191
134 199
134 219
171 231
170 255
196 255
204 255
338 115
365 71
374 75
406 71
408 71
408 85
438 110
213 316
229 299
246 307
204 430
352 419
354 421
354 433
311 455
310 469
312 469
352 469
354 467
354 469
478 210
484 210
478 228
500 210
532 237
504 262
504 274
532 260
532 272
532 274
518 350
133 129
147 114
158 153
268 112
271 118
133 190
141 190
133 200
133 220
169 256
195 256
204 256
205 254
337 115
365 70
375 75
405 70
409 70
409 86
439 111
212 315
228 298
247 307
204 431
351 418
355 420
355 422
355 434
310 454
309 470
313 470
351 470
355 466
355 470
477 209
485 209
477 229
501 209
533 237
503 261
533 259
531 275
533 275
519 349
519 351
132 129
147 113
159 152
159 154
268 111
272 119
132 189
142 189
132 201
133 221
168 257
194 257
204 257
206 253
336 116
365 69
376 75
404 69
410 69
410 87
438 112
440 111
211 314
227 298
248 307
204 432
350 417
356 419
356 423
355 435
309 453
308 471
313 471
314 471
350 471
356 465
356 471
476 208
486 208
476 230
502 208
534 237
534 258
530 276
534 276
520 348
520 352
131 129
147 112
160 151
160 155
268 110
273 118
273 120
131 188
143 188
131 202
133 222
167 258
169 258
193 258
204 258
207 252
335 116
337 117
365 68
403 68
410 68
411 70
411 88
437 113
439 113
441 111
211 313
226 298
249 307
204 433
349 416
357 418
357 424
308 452
307 472
315 472
349 472
357 464
357 472
475 207
487 207
475 231
503 207
535 237
535 257
529 277
535 277
521 347
521 353
130 129
148 111
161 150
161 156
268 109
274 117
274 121
130 187
144 187
130 203
132 223
166 257
166 259
170 259
204 259
208 251
334 116
338 118
365 67
402 67
410 67
412 70
411 89
437 114
440 114
442 111
211 312
250 307
204 434
348 415
358 417
358 424
307 451
306 473
316 473
348 473
358 463
358 473
474 206
488 206
474 232
504 206
536 237
536 256
528 278
536 278
522 346
520 354
522 353
129 129
129 130
149 110
162 149
162 157
268 108
275 116
275 122
129 186
145 186
131 224
165 256
165 260
171 260
204 260
209 250
333 116
339 119
365 66
401 66
410 66
413 70
437 115
441 115
443 111
211 311
251 307
204 435
347 414
359 416
359 424
306 450
305 474
317 474
347 474
359 462
357 474
359 474
473 205
489 205
474 233
505 205
537 237
537 255
527 279
537 279
523 345
519 355
523 353
128 129
129 131
150 109
163 148
161 158
163 158
276 115
276 123
128 185
130 225
164 255
164 261
172 261
204 261
210 249
332 116
339 120
365 65
400 65
410 65
414 70
437 116
442 116
444 111
211 310
252 307
204 436
346 413
360 415
360 424
305 450
304 475
318 475
346 475
360 461
356 475
360 475
472 204
473 204
473 234
506 204
538 237
538 254
526 280
538 280
524 344
518 356
524 353
127 129
129 132
151 108
164 147
160 159
164 159
277 114
277 123
127 184
129 226
163 254
163 262
173 262
204 262
211 248
331 116
339 121
365 64
399 64
410 64
415 70
437 117
443 117
445 111
211 309
253 307
345 412
361 414
361 424
304 450
303 476
319 476
345 476
360 460
356 476
361 476
471 203
472 235
507 203
539 237
539 253
525 281
539 279
539 281
525 343
517 357
525 353
126 129
129 133
152 107
165 146
159 160
165 160
278 113
278 123
126 184
127 183
128 227
162 253
162 262
162 263
174 263
204 263
212 247
330 116
339 122
365 63
398 63
410 63
416 70
437 118
444 118
446 111
211 308
344 411
346 411
362 413
362 424
303 450
302 477
320 477
344 477
362 477
470 202
471 202
471 236
506 202
508 202
540 236
524 282
540 278
540 282
526 342
516 358
526 353
125 129
129 134
153 107
166 145
158 161
165 161
279 112
125 184
127 228
161 252
161 264
175 264
204 264
213 247
329 116
339 123
365 62
397 62
410 62
417 70
437 119
445 119
447 111
211 307
343 410
347 410
363 412
363 424
302 450
301 478
303 478
321 478
343 478
363 478
469 202
471 201
470 235
470 237
505 201
508 201
541 235
523 283
541 277
541 283
527 341
515 359
527 353
124 129
129 135
154 107
167 144
157 162
165 162
280 111
124 184
126 227
126 229
160 251
160 265
176 265
204 265
214 246
328 116
339 124
365 61
396 61
410 61
418 70
437 120
446 120
448 111
211 306
342 409
342 411
348 409
364 411
364 424
301 450
300 479
304 479
322 479
342 479
364 479
468 202
471 200
469 234
469 238
504 200
542 234
542 236
522 284
542 276
540 284
542 284
528 340
514 360
528 353
123 129
129 136
155 107
168 143
156 163
165 163
281 110
123 184
125 226
125 229
127 230
159 250
159 266
177 266
204 266
215 245
327 116
327 117
339 125
365 60
395 60
410 60
419 70
437 121
447 121
449 111
211 305
341 408
341 412
349 408
365 410
365 424
300 450
299 478
299 480
305 480
323 480
341 480
365 480
467 202
471 199
468 233
468 239
503 199
543 233
543 237
521 285
543 275
539 285
543 285
529 339
513 361
529 353
122 128
129 137
156 107
168 142
155 164
282 109
122 184
124 225
124 229
128 231
158 249
158 267
178 267
204 267
216 244
326 116
327 118
339 126
364 59
394 59
410 59
420 70
436 122
437 122
448 122
450 111
211 304
340 407
340 413
350 407
366 409
366 424
299 450
298 477
298 481
306 481
324 481
340 481
366 481
466 202
471 198
467 232
467 240
502 198
544 232
544 238
520 286
544 274
538 286
544 286
530 338
514 362
530 353
121 127
129 138
157 107
154 165
283 108
121 184
123 224
123 229
129 232
157 248
157 268
179 268
205 268
217 243
325 116
327 119
339 127
363 58
394 58
410 58
435 122
437 123
449 123
451 111
211 303
339 406
339 414
351 406
367 408
367 424
297 476
297 482
307 482
325 482
340 482
365 482
367 482
465 202
471 197
466 231
466 241
501 197
545 231
545 239
519 287
545 273
537 287
545 287
515 363
120 126
129 139
153 166
283 107
120 184
122 223
122 229
130 233
157 247
156 269
180 269
206 269
218 242
324 115
324 116
327 120
339 128
362 57
362 59
410 57
434 122
437 124
450 124
452 111
338 405
338 415
352 405
368 407
368 424
296 475
296 483
308 483
340 483
364 483
368 483
464 202
471 196
465 230
465 242
500 196
546 230
546 240
518 288
520 288
546 272
536 288
546 288
516 364
119 125
121 125
129 140
130 140
119 184
121 222
121 229
131 234
157 246
155 270
181 270
207 270
219 241
323 116
324 114
327 121
339 129
361 56
361 60
410 56
433 122
437 125
451 125
453 110
337 404
353 404
369 406
369 424
295 474
295 484
309 484
340 484
363 484
369 484
463 202
471 195
464 229
464 243
499 195
547 229
547 241
517 289
520 289
547 271
535 289
547 287
547 289
517 365
119 124
122 124
129 141
131 140
118 184
120 221
120 229
132 235
157 245
154 271
182 271
208 269
208 271
220 240
220 242
322 116
324 113
327 122
339 130
360 55
362 55
360 61
411 55
432 122
452 126
454 109
336 403
370 405
370 424
294 473
294 485
310 485
340 485
362 485
370 485
462 202
471 194
463 228
463 243
498 194
548 228
548 242
516 290
520 290
547 270
534 290
548 286
548 290
517 366
119 123
123 123
129 142
132 140
117 184
119 220
119 229
119 230
133 236
157 244
153 272
183 271
209 268
208 272
221 239
221 243
321 116
324 112
327 123
359 54
363 54
359 62
412 54
431 122
455 108
335 402
337 402
371 404
293 472
294 486
310 486
340 486
361 486
371 486
461 202
471 193
462 227
462 243
497 193
549 227
549 243
515 291
520 291
548 269
549 285
547 291
549 291
517 367
119 122
124 122
129 143
133 140
116 184
118 219
118 229
119 231
134 237
157 243
152 271
153 273
184 271
210 267
208 273
222 238
222 244
320 116
327 124
358 54
364 53
358 63
413 54
430 122
456 107
334 401
338 401
372 403
372 405
293 471
293 487
340 487
360 487
372 485
460 202
471 192
461 226
461 243
496 192
550 226
550 228
550 244
514 292
520 292
549 268
550 284
546 292
550 292
517 368
119 121
125 121
129 144
134 140
115 184
118 218
117 229
119 232
135 238
157 242
151 270
154 274
185 271
211 266
208 274
223 237
223 245
319 116
327 125
357 53
357 54
365 52
357 64
414 54
429 122
457 107
333 400
339 400
373 402
373 406
293 488
340 488
359 488
373 484
459 202
471 191
460 225
460 243
495 191
551 225
551 229
551 245
513 293
520 293
550 267
551 283
545 293
551 293
517 369
119 120
126 120
129 145
114 184
116 229
119 233
136 239
157 241
150 269
155 275
186 271
212 265
208 275
224 236
224 246
318 116
356 54
357 52
366 51
356 65
415 53
415 54
428 122
458 107
332 399
340 399
374 401
374 407
293 489
340 489
358 489
374 483
458 202
471 190
460 224
459 243
494 190
552 224
552 230
552 246
512 294
520 294
551 266
552 282
544 294
552 294
517 370
119 119
127 119
129 146
113 184
115 229
118 234
137 240
157 240
149 268
156 276
187 271
213 264
208 276
225 235
225 247
317 116
355 54
357 51
367 50
355 66
415 52
416 54
427 122
459 107
331 398
341 398
375 408
293 490
340 490
357 490
359 490
375 482
457 202
471 189
458 244
493 189
495 189
553 223
553 231
553 247
511 294
520 295
552 265
543 295
553 295
517 371
118 118
119 118
128 118
129 147
112 184
114 229
117 235
137 241
138 239
157 239
148 267
157 277
188 271
214 263
208 277
226 234
226 248
316 116
354 54
357 50
368 49
354 67
415 51
417 54
426 122
460 107
331 397
342 397
376 409
293 491
340 491
356 491
360 491
376 481
456 201
456 202
471 188
457 245
493 188
496 188
554 222
553 232
510 294
520 296
553 264
542 296
554 296
517 372
117 118
119 117
129 117
129 148
111 184
113 229
116 236
137 242
139 238
157 238
147 267
158 278
189 271
214 262
208 278
227 233
227 249
315 116
353 54
357 49
369 48
369 50
353 68
415 50
418 54
425 122
461 107
331 396
343 396
377 410
293 492
340 492
355 492
361 492
377 480
455 202
456 200
455 203
471 187
456 246
497 187
553 221
555 221
509 294
520 297
553 263
541 297
555 297
517 373
116 118
119 116
130 116
129 149
110 184
112 229
115 237
137 243
140 237
157 237
146 266
146 267
157 279
159 279
190 271
208 279
228 233
228 250
314 116
352 54
357 48
370 47
370 51
352 69
415 49
419 54
462 107
331 395
344 395
378 411
293 493
340 493
355 493
362 493
378 479
454 202
456 199
455 204
471 186
455 247
498 186
552 220
556 220
508 294
520 298
553 262
540 298
556 298
517 374
115 118
119 115
131 115
128 150
129 150
109 184
111 229
114 238
137 244
141 236
157 236
145 267
146 265
156 280
160 280
208 280
313 116
351 54
357 47
371 46
371 52
351 70
415 48
420 54
463 107
331 394
345 394
379 412
293 494
340 494
355 494
363 494
379 478
453 202
456 198
455 205
471 185
454 248
499 185
551 219
557 219
507 294
520 299
553 261
539 299
557 297
557 299
517 375
114 118
119 114
132 114
127 150
129 151
108 184
110 229
113 239
137 245
142 235
157 235
144 267
146 264
155 281
161 281
208 281
209 281
312 116
350 54
350 55
357 46
372 45
372 53
350 71
415 47
421 54
464 107
346 393
380 413
293 495
340 495
355 495
364 495
378 477
380 477
452 202
456 197
455 206
471 184
453 247
453 249
500 184
550 218
558 218
506 294
520 300
553 260
538 300
558 296
556 300
558 300
517 376
113 118
119 113
132 113
126 150
129 152
107 184
109 229
112 240
137 246
143 234
157 234
143 267
146 263
154 282
156 282
162 282
208 282
210 281
311 117
349 54
350 56
357 45
373 44
373 54
349 72
415 46
422 54
347 392
381 414
293 496
340 496
355 496
365 496
377 476
381 476
451 202
456 196
455 207
471 183
452 246
452 250
499 183
501 183
549 217
559 217
505 294
520 301
553 259
537 301
559 295
555 301
559 301
518 377
112 118
119 112
125 150
129 153
106 184
108 229
111 241
137 247
144 233
157 233
142 267
146 262
153 283
157 283
163 283
208 283
211 281
310 118
348 54
350 57
357 44
374 43
374 55
348 73
415 45
423 54
346 391
348 391
293 497
340 497
355 497
366 497
376 475
382 475
450 202
455 208
471 182
451 245
451 251
453 251
498 182
502 182
548 216
560 216
520 302
536 302
560 294
554 302
560 302
519 378
111 118
119 111
124 150
130 154
105 184
105 185
107 229
111 242
137 248
145 232
157 232
141 267
146 261
152 284
157 284
164 284
208 284
212 281
309 119
347 54
350 58
357 43
375 42
375 56
347 74
415 44
345 390
349 390
293 498
340 498
355 498
367 498
375 474
383 474
383 476
449 202
455 209
471 181
450 244
450 252
454 252
497 181
503 181
547 215
561 215
520 303
535 303
561 293
553 303
561 303
520 379
110 118
119 110
123 150
131 155
104 184
105 186
106 229
111 243
146 232
157 231
140 267
146 260
151 285
165 285
213 281
308 120
346 54
350 59
357 42
375 41
376 57
346 75
415 43
344 389
350 389
340 499
355 499
368 499
374 473
384 473
384 477
448 202
471 180
449 243
449 253
455 253
496 180
504 180
546 214
546 216
562 214
535 304
562 292
552 304
562 304
521 380
109 118
119 109
122 150
130 156
132 156
103 184
105 187
105 229
111 244
157 230
139 267
146 259
150 286
166 286
214 281
307 121
345 54
350 60
357 41
375 40
377 58
345 76
343 388
351 388
340 500
355 500
369 500
373 472
385 472
385 478
447 202
471 179
448 242
448 253
448 254
456 254
495 179
505 179
505 181
545 213
546 217
563 213
535 305
563 291
551 305
563 305
522 379
522 381
108 118
119 108
121 150
129 157
133 157
102 184
105 188
104 229
138 267
138 268
149 287
167 287
215 281
306 122
344 54
356 40
375 39
378 59
344 76
342 387
352 387
340 501
355 501
370 501
372 471
386 471
386 479
446 202
471 178
447 241
447 253
448 255
457 255
494 178
506 178
506 182
544 212
564 212
564 290
550 306
564 306
523 378
521 382
523 382
107 118
119 107
120 150
128 158
134 158
101 184
105 189
103 228
137 267
138 269
148 288
150 288
168 288
216 281
305 121
305 123
343 54
355 39
375 38
379 60
343 76
341 386
353 386
339 502
355 502
387 470
387 480
445 202
471 177
446 240
446 253
493 177
507 177
507 183
543 211
565 211
565 289
550 307
565 307
524 377
520 383
524 383
106 117
119 106
119 150
127 159
134 159
100 184
105 190
102 227
136 267
138 270
147 289
151 289
169 289
217 281
304 120
304 124
342 54
354 38
375 37
342 76
340 385
353 385
338 503
355 503
388 469
387 481
444 202
471 176
445 239
445 253
492 176
508 176
508 184
542 210
566 210
566 288
564 308
566 308
525 376
519 384
525 384
106 116
118 150
126 160
134 160
99 184
105 191
101 226
135 267
138 271
146 290
152 290
170 288
170 290
218 281
303 119
303 125
341 54
354 37
375 36
341 76
339 384
337 504
355 504
389 468
443 202
471 175
444 238
444 253
491 175
509 176
509 185
541 209
567 209
567 287
563 309
567 309
526 375
518 385
526 385
106 115
117 150
125 161
134 161
98 184
105 192
100 225
134 267
138 272
145 291
153 291
171 287
171 291
219 281
302 118
302 126
340 54
354 36
375 35
340 76
338 383
336 505
355 505
390 467
442 202
471 174
443 253
490 174
510 176
510 186
540 208
542 208
568 208
568 286
568 288
562 310
568 310
527 374
517 386
527 386
106 114
116 150
124 162
134 162
97 184
105 193
99 224
133 267
138 273
144 292
154 292
172 286
172 292
220 281
301 117
301 127
339 53
339 54
354 35
375 34
339 76
337 382
335 506
355 506
391 466
441 201
441 202
442 253
489 173
511 176
511 187
539 207
543 207
569 207
569 209
569 285
569 289
561 311
569 311
528 373
516 387
528 387
106 113
115 150
123 163
134 163
96 184
105 194
98 223
132 267
138 274
143 293
155 293
172 285
173 293
300 116
301 128
338 54
339 52
354 34
375 33
338 76
336 381
334 507
355 507
392 465
392 467
440 202
441 200
441 253
490 172
512 176
512 188
538 206
544 206
570 206
570 210
570 284
570 290
560 312
570 312
529 372
515 388
529 388
106 112
114 150
122 164
134 164
95 184
105 195
97 222
99 222
131 266
131 267
138 275
142 294
156 294
174 294
299 115
301 129
337 54
339 51
354 33
337 76
335 380
333 507
354 508
393 464
393 468
439 203
441 199
440 253
491 171
513 176
513 189
537 205
537 207
545 205
571 205
571 211
571 283
571 291
559 313
571 313
530 371
514 389
106 111
113 150
121 165
134 165
94 184
105 196
96 221
100 221
130 267
131 265
138 276
141 295
156 295
175 295
299 114
300 130
336 54
339 50
354 32
336 76
335 379
332 507
353 509
394 463
394 469
439 204
441 198
439 253
492 170
514 176
514 190
536 204
536 208
546 204
572 204
572 212
570 282
572 282
572 292
558 314
572 314
531 370
106 110
112 150
120 166
134 166
93 183
105 197
95 221
101 220
129 267
131 264
138 277
140 296
176 296
299 131
335 54
339 49
354 31
335 76
331 507
353 510
395 462
395 470
439 205
441 197
438 253
493 169
515 176
535 203
535 209
547 203
573 203
573 213
569 281
573 281
573 293
557 315
573 315
531 369
106 109
111 149
111 151
120 167
134 167
92 183
105 198
94 221
102 219
128 267
131 263
139 295
139 297
177 297
298 132
334 54
334 55
339 48
354 30
334 76
330 507
353 511
396 461
396 471
439 206
441 196
437 253
494 168
516 176
534 202
534 210
548 202
572 202
574 202
574 214
568 280
574 280
574 294
556 316
574 316
106 108
110 148
110 152
134 168
91 183
105 199
93 221
103 218
127 267
131 262
138 294
138 298
178 298
297 133
333 54
334 56
339 47
354 29
353 512
395 460
397 460
397 472
439 207
441 195
436 254
495 167
517 176
533 201
533 211
549 201
571 201
575 201
575 215
567 279
575 279
575 295
555 317
575 315
575 317
106 107
109 147
109 153
90 183
105 200
92 221
104 217
126 267
131 261
137 293
137 299
177 299
179 299
296 134
332 54
334 57
339 46
354 28
353 513
398 459
398 473
439 208
441 194
435 255
496 166
518 176
532 200
550 200
570 200
576 200
576 202
576 216
566 278
576 278
576 296
554 318
576 314
576 318
106 106
108 146
110 146
108 154
89 183
105 201
91 221
104 216
125 267
131 260
136 292
136 300
176 300
180 300
295 135
331 54
334 58
338 45
354 27
353 514
399 458
399 474
439 209
441 193
434 256
495 165
497 165
519 176
531 199
551 199
569 199
577 199
577 203
577 217
565 277
577 277
577 297
553 319
577 313
577 319
106 105
107 145
111 145
107 155
88 183
105 202
103 215
124 267
135 301
175 301
181 299
181 300
181 301
294 136
330 54
334 59
337 44
354 26
353 515
400 457
400 475
439 210
441 192
433 257
494 164
498 164
520 176
530 198
552 198
568 198
578 198
578 204
578 218
564 276
576 276
578 276
552 320
554 320
578 312
578 320
106 144
112 144
107 156
87 182
87 183
102 214
123 267
134 302
174 302
182 298
181 302
293 137
329 54
334 60
336 43
353 516
401 456
401 476
439 211
441 191
432 258
493 163
499 163
521 176
529 197
551 197
567 197
579 197
579 205
579 219
563 275
575 275
579 275
551 321
555 321
579 311
579 321
105 143
113 143
107 157
86 183
87 181
101 213
122 267
122 268
133 303
173 303
183 297
181 303
292 138
328 54
334 61
335 42
353 517
402 455
402 477
439 212
441 190
432 259
492 162
500 162
522 176
528 198
550 196
580 196
579 206
580 220
562 274
580 274
550 322
555 322
580 310
580 322
104 142
114 142
107 158
85 183
87 180
100 212
121 267
122 269
132 304
172 304
184 296
181 304
291 139
327 54
334 41
353 518
403 454
403 478
439 213
441 189
432 260
491 161
500 161
523 176
527 199
549 195
581 195
580 221
561 273
581 273
549 323
581 309
581 323
103 143
104 141
115 141
107 159
84 183
87 179
99 211
120 267
122 270
131 303
131 305
171 305
185 295
181 305
290 140
326 54
333 40
353 519
404 453
404 479
439 214
441 188
432 261
490 160
500 160
526 200
548 194
582 194
582 196
560 272
582 272
548 324
582 324
102 144
104 140
116 140
106 160
107 160
83 183
87 178
98 210
119 267
122 271
130 302
130 306
132 306
170 306
186 294
181 306
289 141
291 141
325 54
333 39
353 520
405 452
405 454
405 480
439 215
441 187
432 262
489 159
500 159
525 201
547 193
583 193
583 197
583 271
547 325
583 325
104 139
117 139
105 160
107 161
82 183
87 177
97 209
118 267
122 272
129 301
129 307
133 307
169 307
187 293
181 307
289 142
292 142
324 54
333 38
406 451
406 455
406 481
439 216
432 263
489 158
524 202
546 192
582 192
584 192
584 198
584 270
546 326
582 326
584 326
104 138
104 160
107 162
81 183
87 176
96 208
117 267
122 273
128 300
128 308
134 308
168 308
188 292
181 308
289 143
293 143
323 54
333 37
407 450
407 456
407 482
439 217
432 264
523 203
545 191
581 191
583 191
585 191
585 199
585 269
545 327
581 327
585 327
104 137
103 160
107 163
80 183
87 175
95 207
116 266
116 267
116 268
122 274
127 299
127 309
135 309
167 309
189 291
181 309
294 144
322 54
333 36
408 449
408 457
406 483
408 483
439 218
522 204
544 190
580 190
586 190
586 200
586 268
586 270
544 326
546 328
580 328
586 328
104 136
102 160
107 164
79 183
87 174
94 206
115 267
116 265
122 275
126 298
126 310
136 310
166 310
190 290
181 310
295 145
321 54
333 35
407 448
409 448
409 458
405 484
409 484
439 219
521 205
543 189
579 189
587 189
587 201
587 267
587 271
543 325
546 329
579 329
587 329
104 135
101 160
107 165
78 183
87 173
93 205
114 267
116 264
122 276
125 297
125 311
137 311
165 311
191 289
191 291
181 311
296 146
320 54
333 34
406 447
410 447
409 459
404 485
410 485
439 220
520 205
543 188
578 188
588 188
588 202
586 266
588 266
588 272
542 324
546 330
578 330
588 330
100 160
107 166
77 183
87 172
92 204
113 267
116 263
122 277
124 296
124 312
138 312
164 312
192 288
192 292
181 312
297 147
319 54
333 33
405 446
411 446
403 486
411 484
411 486
439 221
519 205
543 187
577 187
589 187
589 203
585 265
589 265
589 273
541 323
546 331
577 331
589 331
99 160
76 183
91 203
112 267
116 262
122 278
123 295
123 313
139 313
164 313
193 287
193 293
181 313
297 148
318 54
404 445
412 445
402 487
412 483
411 487
438 222
576 186
590 186
590 204
584 264
590 264
590 274
540 322
546 332
576 332
588 332
590 331
98 160
75 183
90 203
111 267
116 261
122 294
122 314
163 314
193 286
194 294
181 314
317 54
403 444
413 444
401 488
413 482
411 488
437 223
575 185
591 185
591 205
583 263
591 263
591 275
539 321
546 333
575 333
587 333
591 331
97 160
74 183
110 267
116 260
121 293
121 315
123 315
162 315
195 295
181 315
316 54
402 443
414 443
400 489
414 481
411 489
436 224
574 184
592 184
592 186
592 206
582 262
592 262
591 276
538 320
546 334
586 334
592 331
96 160
109 267
116 259
120 294
120 316
124 316
161 316
196 296
182 316
315 54
401 442
401 444
415 442
399 490
415 480
411 490
435 225
573 183
592 183
593 187
593 206
593 207
581 261
592 261
593 263
592 277
537 319
546 335
585 335
593 331
95 160
108 267
116 258
119 295
119 317
125 317
160 317
196 297
183 317
314 54
400 441
400 445
416 441
398 491
416 479
411 491
434 226
572 182
592 182
594 188
594 208
580 260
593 260
594 264
593 278
537 318
546 336
585 336
594 331
94 160
107 267
116 257
118 296
118 318
126 318
159 316
159 318
184 318
313 54
399 440
417 440
398 492
416 478
411 492
433 227
571 181
592 181
595 189
595 209
579 259
594 259
595 265
594 279
546 337
585 337
595 331
93 160
106 267
106 268
116 256
117 297
117 319
127 319
158 315
158 319
185 319
312 54
398 439
418 439
411 493
432 228
570 180
572 180
592 180
596 190
596 210
578 258
595 258
596 266
595 280
546 338
585 338
596 331
92 160
105 267
106 269
116 298
116 320
128 320
157 314
157 320
186 320
311 54
397 438
419 438
431 229
569 179
573 179
592 179
597 191
597 211
577 257
596 257
597 267
595 281
546 339
585 339
597 331
91 160
104 267
106 270
115 299
115 321
129 321
156 313
156 321
187 319
187 321
310 54
396 437
420 437
430 228
431 230
568 178
574 178
592 178
598 192
598 212
576 256
597 256
598 268
595 282
546 340
585 340
598 331
90 160
103 267
106 271
114 300
114 322
130 322
155 312
155 321
188 318
188 322
309 54
395 436
421 436
429 227
431 231
567 177
575 177
592 177
599 193
599 213
598 255
599 269
595 283
546 341
585 341
599 331
89 160
102 267
106 272
113 321
113 323
115 323
131 323
154 311
154 321
189 317
189 323
308 54
394 435
422 435
428 226
431 232
566 176
576 176
592 176
593 176
599 194
600 214
599 254
600 270
595 284
546 342
585 342
600 330
600 332
88 160
101 266
106 273
112 320
112 324
116 324
132 324
153 310
153 321
190 316
190 324
307 54
307 55
393 434
395 434
423 434
427 225
431 233
565 175
577 175
592 175
594 176
601 215
600 253
601 271
595 285
545 343
547 343
585 343
601 329
600 333
87 159
87 160
100 265
106 274
111 319
111 325
117 325
133 325
152 309
191 315
189 325
191 324
306 54
307 56
392 433
396 433
424 433
426 224
431 234
564 174
578 174
592 174
601 216
601 252
602 272
595 286
545 344
548 344
585 344
602 328
600 334
87 158
99 264
106 275
110 318
110 326
118 326
134 326
151 308
192 314
188 326
192 324
305 54
307 57
391 432
397 432
423 432
425 432
425 224
431 235
563 173
579 173
592 173
602 217
602 252
603 273
595 287
545 345
549 345
585 345
603 327
600 335
87 157
98 263
106 276
109 317
109 327
119 327
135 327
151 307
193 313
187 327
193 324
304 54
307 58
390 431
398 431
422 431
426 431
424 224
431 236
562 172
592 172
603 218
604 274
595 288
545 346
550 346
585 346
604 326
600 336
87 156
97 262
106 277
108 316
108 328
120 328
194 312
186 328
194 324
303 54
307 59
389 430
399 430
421 430
427 430
427 432
423 224
561 171
592 171
604 219
605 275
595 289
545 347
551 347
584 347
605 325
600 337
87 155
96 261
106 278
107 315
107 329
195 311
185 329
195 324
302 54
307 60
388 429
400 429
420 429
428 429
428 433
422 224
560 170
592 170
605 220
606 274
606 276
595 290
545 348
552 348
583 348
606 324
600 338
87 154
95 260
95 262
106 279
106 314
106 328
106 330
196 310
184 330
186 330
196 324
301 54
307 61
387 428
401 428
419 428
429 428
429 434
421 224
559 169
592 169
606 221
607 273
606 277
607 276
595 291
545 349
553 348
582 348
607 323
600 339
87 153
94 259
94 263
106 280
106 313
106 327
105 331
196 309
183 331
187 331
197 324
300 54
307 62
402 427
430 427
430 435
420 224
558 168
592 168
607 220
607 222
607 272
606 278
608 276
595 292
545 350
554 348
581 348
608 322
608 324
600 340
87 152
93 258
93 264
106 281
104 332
182 332
188 332
198 324
299 55
307 63
403 426
431 427
431 436
557 167
592 167
608 219
608 223
606 279
609 276
545 351
555 348
580 348
580 349
609 321
609 325
600 341
87 151
92 257
92 265
106 282
103 331
103 333
181 333
189 333
199 324
298 56
307 64
404 425
432 427
431 437
556 166
592 166
609 218
609 224
606 280
610 276
545 352
556 348
579 348
580 350
608 320
610 320
610 326
600 342
87 150
91 256
93 256
91 266
105 283
106 283
102 330
102 334
180 334
190 334
297 57
307 65
404 424
433 427
555 165
592 165
593 165
610 217
608 225
610 225
606 281
611 276
545 353
557 348
578 348
580 351
607 319
611 319
611 327
600 343
87 149
90 255
94 255
90 267
104 283
106 284
101 329
101 335
179 335
191 335
296 58
307 66
404 423
434 427
554 164
556 164
592 164
594 165
611 216
607 226
611 226
606 282
612 276
545 354
558 348
577 348
580 352
606 318
611 318
612 328
600 344
87 148
89 254
95 254
89 268
103 283
106 285
100 328
100 336
178 336
192 336
295 59
307 67
404 422
435 427
553 163
553 165
557 163
592 163
595 165
612 215
606 227
612 227
606 283
613 276
545 355
576 348
580 353
605 317
611 317
613 329
600 345
87 147
88 253
96 253
102 283
99 327
99 337
177 337
193 337
294 60
307 68
404 421
436 427
552 162
552 166
558 162
592 162
596 165
613 214
605 228
613 228
614 276
545 356
575 348
580 354
604 316
611 316
614 330
600 346
87 146
87 252
96 252
101 283
98 326
98 338
176 338
194 338
293 61
307 69
404 420
437 427
551 161
551 167
559 161
592 161
597 165
614 213
604 229
614 229
615 276
545 357
574 348
580 355
603 315
611 315
615 331
600 347
87 145
86 251
100 283
97 325
97 339
175 339
195 339
292 60
292 62
307 70
404 419
438 427
550 160
550 168
560 160
592 160
598 165
615 212
603 230
615 230
616 276
573 348
580 356
602 314
611 314
616 332
87 144
85 250
99 283
96 324
96 340
174 340
196 340
291 59
291 63
307 71
404 418
439 427
549 159
549 169
561 159
592 159
614 211
616 211
602 231
616 231
617 276
572 348
580 357
601 313
611 313
617 333
87 143
84 249
98 283
95 323
95 339
95 341
173 341
197 341
290 58
290 64
307 72
404 417
440 426
440 427
548 158
548 170
562 158
591 158
592 158
613 210
617 210
617 212
601 232
616 232
618 276
571 348
580 358
600 312
600 314
612 312
618 332
618 334
86 142
83 248
97 283
94 322
94 338
94 342
96 342
172 342
198 342
289 57
290 65
307 73
404 416
440 425
441 427
547 157
547 171
590 158
592 157
612 209
618 209
618 213
600 233
616 233
619 276
570 348
580 359
599 311
599 315
613 311
619 331
617 335
619 335
85 141
82 247
96 283
93 321
93 337
93 343
97 343
171 343
199 343
288 56
290 66
307 74
403 415
404 415
440 424
442 427
546 156
546 172
589 158
592 156
611 208
619 208
619 214
599 234
616 234
620 276
598 310
598 316
614 310
620 330
616 336
620 336
84 140
84 142
81 246
95 283
92 320
92 336
92 344
98 344
170 344
199 344
287 55
290 67
307 75
402 415
404 414
440 423
443 427
545 155
545 173
588 158
592 155
610 207
620 207
620 215
598 235
616 235
621 276
597 309
597 317
615 309
621 329
615 337
621 337
83 139
83 143
80 245
82 245
94 283
91 319
91 335
91 345
99 345
169 345
198 345
286 54
290 68
307 76
401 415
404 413
440 422
444 427
544 154
544 174
587 158
592 154
609 206
621 206
621 216
597 236
616 236
617 236
622 276
596 308
596 318
616 308
622 328
614 338
622 338
82 138
82 144
79 244
83 244
93 283
91 318
90 334
90 346
100 346
168 344
168 346
197 346
287 53
290 69
307 77
400 415
404 412
440 421
445 427
445 428
543 153
543 175
586 158
592 153
608 205
622 205
622 217
596 237
616 237
618 236
623 276
595 319
615 307
617 308
623 327
613 339
623 339
81 137
81 145
78 243
84 243
92 283
90 317
89 333
89 347
101 345
101 347
167 343
167 347
196 347
198 347
288 52
307 78
399 415
404 411
440 420
446 427
445 429
542 152
542 175
585 158
592 152
593 152
608 204
623 204
623 218
595 238
617 238
619 236
624 276
594 320
614 306
618 308
624 326
612 340
624 340
80 137
80 146
77 242
85 242
91 283
89 316
88 348
102 344
102 348
166 342
166 348
195 348
199 348
289 51
307 79
398 415
404 410
440 419
447 427
541 151
541 175
584 158
592 151
594 153
624 203
624 219
594 239
618 239
620 236
625 275
625 276
613 305
619 308
625 325
612 341
625 341
79 137
79 147
76 241
86 241
88 315
87 349
103 343
103 349
165 341
165 349
194 349
200 349
290 50
307 80
397 415
404 409
440 418
448 427
540 150
540 175
583 158
592 150
595 154
625 202
625 220
593 240
619 240
621 236
625 274
612 304
620 308
626 324
625 342
78 137
78 148
75 240
75 242
87 240
87 314
86 350
103 342
104 350
164 340
164 350
193 350
201 350
291 49
307 81
396 415
404 408
439 417
440 417
449 427
539 149
539 175
582 158
592 149
596 155
626 201
626 221
592 241
620 241
622 236
625 273
626 273
611 303
621 308
626 323
626 343
77 137
77 149
74 239
74 243
88 239
86 313
85 349
85 351
105 351
163 339
163 351
165 351
192 351
202 351
292 48
307 82
404 407
438 417
440 416
450 427
538 148
538 175
581 158
592 148
597 156
627 200
591 241
621 242
623 236
625 272
627 273
610 302
622 308
627 344
76 137
76 150
73 238
73 244
89 238
85 312
84 348
84 352
106 352
162 338
162 352
166 352
191 352
203 352
293 47
307 83
404 406
437 417
440 415
451 427
537 147
537 149
539 147
537 175
580 158
592 147
598 156
628 199
590 241
622 243
624 236
625 271
628 273
609 301
623 308
628 345
75 137
75 151
72 237
74 237
72 245
90 237
84 311
83 347
83 353
107 353
161 337
161 351
161 353
167 353
190 351
190 353
204 353
293 46
307 84
404 405
436 417
440 414
452 427
536 146
536 150
540 146
536 175
579 158
592 146
599 156
629 198
589 241
623 244
625 236
625 270
629 273
608 300
624 308
628 346
629 344
74 137
74 152
71 236
75 236
71 246
91 236
83 310
83 312
85 310
82 346
83 354
106 354
108 354
160 336
160 350
160 354
168 354
189 350
190 354
205 354
293 45
307 85
435 417
440 413
453 427
535 145
535 151
541 145
535 175
578 158
592 145
600 156
629 197
588 241
624 245
626 236
625 269
630 273
608 299
625 308
628 347
630 344
73 137
73 153
70 235
70 247
82 309
82 313
86 309
81 345
83 355
105 355
109 355
160 335
159 355
169 355
188 349
190 355
206 355
293 44
306 86
434 417
440 412
454 427
534 144
534 152
542 144
592 144
601 156
629 196
587 241
625 246
627 236
625 268
631 273
608 298
626 307
626 308
628 348
631 344
72 137
72 154
69 234
69 248
81 308
81 314
87 308
80 344
83 356
104 356
110 356
158 356
170 356
187 348
190 356
207 356
293 43
305 87
440 411
455 427
533 143
533 153
543 143
592 143
602 156
629 195
586 241
626 247
628 236
625 267
632 273
626 306
628 349
632 344
71 137
71 155
68 233
68 249
80 307
80 315
88 307
79 343
83 357
103 357
111 355
111 357
157 357
171 357
186 347
190 357
208 357
293 42
304 88
440 410
456 427
532 142
532 154
544 142
592 142
603 156
629 194
585 241
626 248
629 236
625 266
633 273
626 305
628 350
633 344
67 232
67 250
79 306
79 316
89 306
78 342
83 358
102 358
112 354
112 358
157 358
172 358
185 346
190 358
209 356
209 358
303 89
440 409
457 427
531 141
531 155
592 141
604 156
629 193
584 241
630 236
625 265
634 273
626 304
628 351
634 344
66 231
66 251
78 306
78 317
90 305
83 359
101 359
113 353
113 359
157 359
173 359
184 345
190 359
210 355
210 359
302 90
440 408
458 426
458 427
530 140
530 156
592 140
605 156
629 192
583 241
631 236
625 264
635 273
626 303
628 352
635 344
65 230
65 252
77 306
77 318
91 304
82 360
100 360
114 352
114 360
157 360
174 360
190 360
211 354
211 360
301 91
440 407
458 425
459 427
529 139
531 139
529 157
592 139
593 139
606 156
629 191
582 241
625 263
636 273
626 302
628 353
636 344
64 229
64 231
64 253
76 306
76 319
91 303
81 361
99 361
115 351
114 361
157 361
175 361
190 361
212 353
212 361
300 90
301 92
440 406
458 424
460 427
460 428
528 138
532 138
529 158
592 138
594 139
607 156
629 190
581 241
625 262
637 273
626 301
628 354
637 344
63 228
65 228
63 232
63 254
75 305
75 306
75 320
91 302
80 362
116 350
157 362
175 362
213 352
213 362
299 89
301 93
440 405
458 423
461 427
460 429
527 137
527 139
533 137
528 159
592 137
595 139
608 155
608 156
580 241
625 261
638 273
626 300
628 355
638 344
62 227
66 227
62 233
63 255
74 306
75 304
74 321
91 301
79 363
117 349
157 363
214 351
214 363
298 88
301 94
440 404
458 422
462 427
460 430
526 136
526 140
534 136
527 160
592 136
596 139
608 154
609 156
579 241
639 273
626 299
628 356
639 344
61 226
67 226
61 234
73 306
75 303
73 322
91 300
78 364
118 348
118 350
157 364
215 364
297 87
301 95
440 403
458 421
463 427
460 431
525 135
525 141
535 135
526 161
592 135
597 139
610 156
578 241
640 273
626 298
628 357
640 344
60 225
68 225
61 235
72 306
75 302
72 323
91 299
77 365
119 347
119 351
157 365
216 365
296 86
301 96
440 402
458 420
464 427
460 432
525 134
524 142
536 134
525 161
592 134
611 156
626 297
59 224
69 224
71 306
75 301
72 324
91 298
76 366
120 346
120 352
156 366
217 366
295 85
301 97
439 401
441 401
465 427
460 433
525 133
523 143
537 133
524 161
592 133
612 156
626 296
58 223
70 223
70 306
75 300
91 297
75 367
77 367
121 345
121 353
155 367
218 366
294 84
301 98
438 400
442 400
466 427
460 434
525 132
522 142
538 132
523 161
592 132
613 156
626 295
57 222
59 222
71 222
69 306
75 299
91 296
74 368
78 368
122 344
122 354
154 368
219 366
293 83
301 99
437 399
443 399
467 427
460 435
525 131
521 142
537 131
539 131
522 161
591 131
592 131
614 156
626 294
56 221
59 221
72 221
68 306
75 298
91 295
73 369
79 369
123 343
123 355
153 367
154 369
220 366
293 82
301 100
436 398
444 398
468 427
460 436
525 130
520 142
536 130
540 130
521 161
590 131
592 130
615 156
626 293
55 220
67 306
75 297
72 370
80 370
124 342
124 356
152 366
154 370
221 366
435 397
445 398
469 427
460 437
525 129
519 142
535 129
541 129
520 161
589 131
592 129
616 156
54 219
66 306
71 371
81 371
125 342
125 357
151 365
154 371
222 366
434 396
446 398
470 427
525 128
518 142
534 128
542 128
519 161
588 131
592 128
617 156
53 218
65 306
70 372
72 372
82 372
126 342
126 358
150 364
154 372
223 366
433 395
447 398
471 427
525 127
517 142
533 127
543 127
518 161
587 131
592 127
618 156
52 217
64 306
69 371
69 373
72 373
83 373
127 342
127 359
149 363
154 373
224 366
432 396
433 394
448 398
472 427
525 126
516 142
532 126
544 126
517 161
586 131
592 126
619 156
51 216
53 216
63 306
68 370
68 374
84 374
128 342
148 362
154 374
431 396
433 393
449 398
473 426
473 427
525 125
515 142
532 125
544 125
516 161
585 131
592 125
593 125
620 156
50 215
54 215
62 306
67 369
67 375
85 375
129 342
147 361
154 375
430 396
433 392
450 398
473 425
474 428
525 124
545 124
515 161
584 130
584 132
592 124
594 125
621 156
49 214
55 214
61 305
66 368
66 376
86 376
130 342
146 360
154 376
429 396
433 391
451 398
473 424
475 429
525 123
546 123
583 129
583 133
592 123
595 125
622 156
48 213
56 213
61 304
65 367
65 377
87 377
131 342
145 360
154 377
428 396
433 390
452 398
473 423
476 430
525 122
547 122
582 128
582 134
592 122
596 125
623 155
623 156
47 212
49 212
57 212
61 303
64 366
64 378
88 378
132 342
144 360
154 378
433 389
453 398
473 422
477 431
525 121
548 122
581 127
581 135
592 121
597 125
623 154
624 156
46 211
50 211
58 211
61 302
63 365
63 379
89 379
133 342
143 360
154 379
433 388
454 398
473 421
476 432
478 431
524 120
525 120
549 122
580 126
580 136
592 120
598 125
623 153
625 156
45 211
51 210
59 210
61 301
62 364
64 364
62 380
90 380
134 342
142 360
154 380
433 387
455 397
455 398
473 420
475 433
479 431
523 120
525 119
550 122
579 125
579 137
592 119
599 125
626 156
626 157
44 211
60 209
61 300
61 363
65 363
61 381
63 381
91 381
135 342
154 381
433 386
455 396
473 419
475 434
480 431
522 120
525 118
551 122
578 124
578 138
592 118
627 156
626 158
43 211
61 208
61 299
60 362
66 362
60 382
64 382
92 382
136 342
154 382
433 385
455 395
473 418
475 435
481 431
521 120
525 117
552 122
577 123
579 123
578 139
592 117
628 155
628 156
626 159
42 211
62 207
61 298
59 361
67 361
59 381
59 383
65 383
93 383
137 342
154 383
433 384
455 394
473 417
475 436
482 431
520 120
520 121
525 116
553 122
576 122
580 122
578 140
592 116
628 154
629 156
626 160
41 211
63 206
61 297
58 360
68 360
58 380
58 384
66 384
94 384
138 342
154 384
433 383
455 393
473 416
475 437
483 431
519 120
520 122
525 115
554 122
575 121
581 121
578 141
592 115
628 153
630 156
626 161
40 211
64 205
61 296
57 359
69 359
57 379
57 385
67 385
95 383
95 385
139 342
153 385
155 385
433 382
455 392
473 415
475 438
484 431
518 120
520 123
525 114
555 122
574 120
582 120
578 142
592 114
628 152
631 156
626 162
39 211
65 204
61 295
56 358
70 358
56 378
56 386
68 386
96 382
96 386
152 385
156 386
433 381
455 391
473 414
475 439
485 431
517 120
520 124
525 113
556 122
573 119
582 119
578 143
592 113
628 151
632 156
626 163
38 211
65 203
61 294
55 357
55 377
55 387
69 387
97 381
97 387
151 385
157 387
434 380
455 390
473 413
486 431
516 120
520 125
525 112
557 122
572 118
592 112
628 150
633 156
626 164
37 211
66 202
61 293
54 356
54 376
54 386
55 388
70 388
98 380
98 388
150 385
157 388
435 379
455 389
473 412
487 431
515 120
525 111
572 117
592 111
628 149
634 156
626 165
36 211
67 201
61 292
53 355
53 375
53 385
55 389
71 389
99 379
99 389
149 385
157 389
436 378
455 388
473 411
488 430
488 431
514 120
526 110
572 116
592 110
628 148
635 156
626 166
35 210
35 211
68 200
61 291
52 354
52 374
52 384
55 390
100 378
98 390
100 390
148 385
157 390
437 377
437 379
455 387
473 410
488 429
489 431
489 432
513 120
527 109
572 115
591 109
593 109
628 147
636 156
627 167
34 211
35 209
69 199
61 290
51 353
51 373
51 384
55 391
101 377
97 391
101 390
147 385
157 391
438 376
438 380
455 386
473 409
488 428
490 431
489 433
512 120
528 108
572 114
590 108
594 108
628 146
637 156
628 168
33 211
35 208
70 198
62 289
50 352
50 372
50 384
55 392
102 376
96 392
102 390
146 385
157 392
439 375
439 381
455 385
473 408
488 427
491 431
489 434
511 120
529 107
572 113
589 107
595 107
628 145
638 156
628 169
32 211
35 207
69 197
71 198
63 288
49 351
49 371
49 384
56 393
103 375
95 393
145 385
157 393
440 374
440 382
455 384
473 407
488 426
492 431
489 435
510 120
530 107
572 112
588 106
596 107
628 144
639 156
628 170
31 211
68 196
72 198
64 287
48 350
48 370
48 384
57 394
94 394
144 385
157 394
441 373
441 383
455 383
473 406
488 425
493 431
489 436
509 120
531 107
572 111
587 105
597 107
628 143
640 156
628 171
30 211
67 195
73 198
65 286
47 349
47 369
47 384
58 395
93 395
143 385
157 395
442 372
442 384
473 405
488 424
494 431
489 437
508 120
532 107
571 110
586 104
598 107
628 142
641 156
628 172
29 211
66 194
74 198
66 285
46 348
46 384
59 396
92 396
142 385
157 396
443 372
443 385
473 404
488 423
495 431
507 120
533 107
570 109
585 103
599 107
628 141
628 173
28 211
65 193
67 284
45 347
45 384
60 397
91 397
141 385
156 397
157 397
444 386
473 403
488 422
496 431
506 120
534 107
569 108
584 102
600 107
629 140
628 174
27 211
64 192
68 283
44 346
44 384
61 398
90 398
140 385
155 397
157 398
444 387
473 402
497 431
505 120
535 107
568 107
583 101
601 107
630 139
628 175
26 211
63 191
67 282
69 282
43 345
43 384
62 399
89 399
139 385
154 397
157 399
158 399
473 401
498 431
504 119
504 121
536 107
567 107
602 107
629 138
631 139
628 176
25 211
62 190
66 281
70 281
42 344
42 346
42 384
63 400
88 400
138 385
153 397
157 400
159 399
474 400
499 431
503 118
503 122
537 107
566 107
603 107
628 137
632 139
628 177
24 211
62 189
65 280
71 280
41 343
41 347
41 384
64 401
88 401
137 385
152 397
157 401
160 399
475 399
500 431
502 117
502 122
538 107
565 107
604 107
627 136
633 139
628 178
23 210
23 211
62 188
64 279
72 279
72 281
40 342
40 348
40 384
65 402
136 385
151 397
157 402
161 399
476 399
501 431
501 116
501 122
539 107
564 107
626 135
634 139
22 211
23 209
63 278
72 278
73 282
39 341
41 341
39 349
66 403
135 384
135 385
150 397
157 403
162 399
477 399
502 431
500 115
502 115
500 122
540 107
563 107
625 134
635 139
21 211
23 208
62 277
72 277
38 340
42 340
38 350
40 350
67 404
134 385
135 383
149 397
157 404
163 399
478 399
503 431
499 114
503 114
499 122
541 107
562 107
624 133
636 139
20 211
23 207
61 276
72 276
37 339
43 339
37 351
41 351
133 385
135 382
148 397
157 405
164 398
479 399
504 430
504 431
498 113
504 113
498 122
542 107
561 107
623 132
637 139
23 206
60 275
72 275
36 338
44 338
36 352
42 352
132 386
135 381
157 406
165 397
480 399
504 429
505 431
497 112
505 112
497 122
543 107
560 107
622 131
638 139
23 205
72 274
35 337
45 337
35 353
42 353
131 387
135 380
157 407
166 396
481 399
504 428
506 431
496 111
506 111
496 122
559 107
622 130
639 139
23 204
73 273
34 336
46 336
34 352
34 354
130 386
130 388
135 379
157 408
167 395
482 399
504 427
507 431
495 110
507 110
495 122
495 123
558 107
640 139
23 203
74 272
33 335
35 335
47 335
33 351
33 355
129 385
129 389
135 378
157 409
168 394
483 399
504 426
508 431
494 109
508 109
494 122
495 124
641 139
23 202
74 271
32 334
36 334
48 334
32 350
32 356
128 384
128 390
130 390
135 377
157 410
169 393
484 399
504 425
509 431
493 108
509 108
493 122
495 125
23 201
74 270
31 333
49 333
31 349
31 357
127 383
127 391
131 391
135 376
157 411
170 392
485 399
504 424
510 431
493 107
510 107
492 122
495 126
23 200
74 269
30 332
50 332
30 348
30 358
126 382
126 392
132 392
135 375
157 412
171 391
486 399
504 423
511 431
511 432
491 122
495 127
23 199
74 268
29 331
51 331
29 347
29 359
125 381
125 393
133 393
135 374
157 413
172 390
487 399
504 422
512 431
511 433
490 122
495 128
23 198
74 267
28 330
28 332
51 330
52 332
29 346
28 360
124 380
124 394
134 394
135 373
157 414
173 389
488 399
504 421
513 431
511 434
489 122
495 129
23 197
74 266
27 329
29 329
27 333
52 329
53 333
28 361
123 379
123 393
124 395
135 395
157 415
174 388
174 390
514 431
511 435
488 122
22 196
23 196
74 265
26 328
30 328
26 334
53 328
54 334
122 378
122 392
124 396
136 396
157 416
173 387
175 387
175 391
515 431
511 436
487 122
21 196
23 195
74 264
25 327
31 327
25 335
54 327
55 335
121 377
121 391
124 397
136 397
157 417
172 386
176 386
176 392
516 431
486 122
20 196
23 194
24 326
32 326
24 336
55 326
56 336
120 376
120 390
124 398
157 418
171 385
177 385
177 393
517 431
485 122
23 193
23 325
33 325
23 337
56 325
57 337
120 375
119 390
124 399
157 419
170 384
178 384
178 394
518 431
484 122
23 192
22 325
34 324
22 338
57 324
58 338
118 390
124 400
157 420
169 383
179 383
179 395
519 431
483 122
483 123
23 191
21 325
35 323
21 339
58 323
59 339
124 401
157 421
168 382
180 382
180 396
520 431
482 122
483 124
23 190
36 322
21 340
59 322
60 339
124 402
157 422
167 381
181 382
181 397
521 431
481 121
483 125
23 189
59 321
61 339
124 403
157 423
166 380
182 382
181 398
182 398
522 431
480 120
483 126
23 188
59 320
62 339
124 404
157 424
183 382
183 398
523 431
479 119
483 127
23 187
63 339
124 405
157 425
184 382
184 398
524 431
478 118
483 128
23 186
64 339
124 406
157 426
185 382
185 398
525 431
477 119
478 117
483 129
23 185
65 339
124 407
157 427
186 382
186 398
526 431
526 432
476 120
478 116
483 130
23 184
123 408
157 428
187 382
187 398
527 431
526 433
475 121
478 115
483 131
23 183
122 409
157 429
188 382
188 398
528 431
526 434
474 122
478 114
483 132
23 182
121 410
157 430
189 382
189 398
529 430
529 431
526 435
473 123
478 113
483 133
24 181
120 411
158 431
190 382
190 398
529 429
530 431
526 436
472 123
478 112
483 134
25 180
119 412
159 432
191 382
191 398
529 428
531 431
526 437
471 123
478 111
483 135
26 179
118 413
160 433
192 382
192 398
529 427
532 431
526 438
470 123
478 110
483 136
27 178
27 180
117 414
119 414
161 434
193 382
193 398
529 426
533 431
526 439
469 123
478 109
483 137
28 177
28 181
116 415
120 415
162 434
194 382
194 398
528 425
534 431
468 123
478 108
483 138
29 176
29 182
115 416
121 416
163 434
195 382
195 398
527 424
535 431
467 123
478 107
483 139
30 175
30 183
114 417
122 417
164 434
196 382
196 398
526 423
536 431
483 140
31 174
31 184
113 418
115 418
123 418
165 434
197 382
525 422
537 431
483 141
32 173
32 185
112 419
116 419
124 419
166 434
198 382
524 421
538 431
483 142
31 172
33 172
33 174
33 186
111 420
117 420
125 420
167 434
199 382
523 420
539 431
483 143
30 171
34 171
34 187
110 421
118 421
126 421
168 434
200 382
522 419
540 431
482 144
483 144
484 144
29 170
35 170
35 188
109 422
118 422
127 422
169 434
201 382
521 418
541 431
481 144
485 144
28 169
36 169
35 189
108 423
128 423
170 434
202 382
520 417
542 431
480 144
486 144
27 168
37 168
37 170
107 424
129 424
171 434
203 382
519 416
519 418
543 431
479 144
487 144
26 167
38 167
38 171
106 425
130 425
172 434
204 382
518 415
518 419
544 430
544 431
544 432
478 144
488 144
25 166
39 166
39 172
106 426
131 426
173 434
205 382
517 414
517 420
544 429
545 431
544 433
477 144
489 144
24 165
40 165
40 173
106 427
132 427
174 433
206 382
516 413
517 421
544 428
546 431
544 434
476 144
490 144
24 164
41 164
41 174
106 428
132 428
133 426
175 432
207 382
515 412
544 427
547 431
544 435
475 144
491 144
42 163
42 175
131 429
133 429
134 425
176 431
208 382
514 411
544 426
548 431
544 436
474 144
492 144
43 162
43 176
130 430
134 430
135 424
177 430
209 382
513 410
515 410
544 425
549 431
473 144
493 144
42 161
44 161
44 177
129 431
135 431
136 423
176 429
178 430
210 382
512 409
516 409
544 424
550 431
472 144
494 144
41 160
45 160
45 178
128 432
136 432
137 422
175 428
179 430
211 382
511 408
517 408
544 423
551 431
471 144
471 145
495 144
40 159
46 159
46 179
127 433
137 433
138 421
174 427
180 430
212 383
510 407
518 407
544 422
552 431
470 144
471 146
496 144
39 158
47 158
47 180
126 434
138 434
139 420
173 426
181 430
212 384
213 383
509 406
519 406
544 421
553 431
469 144
471 147
497 144
48 157
48 181
125 435
139 434
140 419
172 425
182 430
212 385
214 383
508 405
520 405
544 420
554 431
468 144
471 148
498 144
49 156
49 158
49 182
124 436
140 434
141 419
172 424
183 430
212 386
215 383
507 404
520 404
521 404
544 419
555 431
467 145
471 149
499 144
50 155
50 159
50 183
123 437
141 434
172 423
184 430
212 387
216 383
506 403
522 404
544 418
556 431
466 146
471 150
500 144
51 154
51 160
122 438
142 434
172 422
185 430
212 388
217 383
505 402
523 404
544 417
557 430
557 431
465 147
471 151
501 144
52 153
52 161
121 439
172 421
186 430
212 389
218 383
505 401
524 404
544 416
557 429
558 431
464 148
471 152
502 144
53 152
53 162
172 420
187 430
212 390
219 383
505 400
525 404
544 415
557 428
559 431
559 432
463 149
471 153
503 144
54 151
54 163
188 430
212 391
220 383
504 399
526 404
544 414
557 427
560 431
559 433
462 150
471 154
504 144
54 150
55 164
189 430
212 392
221 383
503 398
527 404
544 413
557 426
561 431
559 434
461 149
461 151
471 155
54 149
56 165
190 429
212 393
222 383
502 397
528 404
544 412
557 425
562 431
559 435
460 148
460 152
471 156
57 166
191 428
212 394
223 383
501 396
529 404
544 411
557 424
563 431
559 436
459 147
459 153
471 157
58 167
192 427
212 395
224 383
500 395
530 404
544 410
557 423
564 431
559 437
458 146
458 154
471 158
59 168
192 426
212 396
225 383
500 394
544 409
557 422
565 431
457 145
457 155
471 159
60 169
192 425
212 397
500 393
544 408
566 431
456 144
456 156
472 160
61 170
192 424
213 398
500 392
544 407
567 431
455 143
455 157
473 161
62 170
192 423
214 398
500 391
544 406
568 431
455 158
474 161
63 170
192 422
215 398
500 390
544 405
569 431
455 159
475 161
64 170
192 421
216 398
500 389
544 404
570 431
455 160
476 161
192 420
217 398
500 388
544 403
571 431
454 161
477 161
192 419
218 398
544 402
572 431
453 162
478 161
192 418
219 398
544 401
573 431
452 163
479 161
220 398
544 400
574 431
451 164
480 161
221 398
544 399
575 431
450 165
222 398
544 398
576 431
449 166
223 398
544 397
577 431
448 167
450 167
224 398
544 396
578 431
448 168
451 168
225 398
544 395
579 431
448 169
452 169
544 394
580 431
448 170
453 170
544 393
581 431
448 171
454 171
544 392
582 431
448 172
455 172
544 391
583 431
456 173
544 390
584 431
457 174
544 389
585 431
585 432
457 175
544 388
586 431
585 433
545 387
587 431
585 434
546 386
588 431
585 435
546 385
547 387
589 431
585 436
546 384
548 387
590 431
585 437
546 383
549 387
591 431
585 438
546 382
550 387
592 431
585 439
546 381
551 387
593 431
585 440
546 380
552 387
594 431
585 441
546 379
553 387
595 430
585 442
546 378
554 387
594 429
596 429
596 431
585 443
546 377
555 387
593 428
597 428
597 432
585 444
546 376
556 387
592 427
598 427
598 433
546 375
557 387
591 426
599 426
599 434
546 374
558 387
590 425
600 425
600 435
546 373
559 387
589 424
601 424
601 436
588 423
602 423
602 437
587 422
603 422
603 438
586 421
602 421
604 421
604 439
585 420
601 420
605 420
584 419
600 419
606 419
599 418
607 418
608 417
609 416
610 415
611 414
612 413
613 412
614 411
613 410
615 410
612 409
616 409
611 408
617 408
610 407
618 407
618 409
609 406
619 406
619 410
608 405
620 406
620 411
607 404
621 406
621 412
606 403
622 405
622 406
622 413
605 402
622 404
623 406
623 414
604 401
622 403
624 406
603 400
622 402
625 406
602 399
604 399
622 401
626 406
601 398
605 398
622 400
627 406
600 397
600 399
606 397
628 406
599 396
599 400
607 396
629 406
598 395
598 401
608 395
630 406
597 394
597 402
609 394
631 406
596 393
597 403
610 393
632 405
632 406
595 392
611 392
632 404
633 406
594 391
612 391
632 403
634 406
593 390
593 392
613 390
632 402
635 405
592 389
592 393
632 401
636 404
592 388
591 394
632 400
637 403
592 387
590 395
632 399
638 402
592 386
589 396
632 398
639 401
592 385
588 397
632 397
640 400
592 384
587 398
632 396
641 400
592 383
586 397
586 399
632 395
642 400
592 382
585 396
585 400
632 394
643 400
592 381
584 395
584 401
632 393
644 400
592 380
583 394
583 402
632 392
645 400
592 379
593 379
582 393
582 403
632 391
646 400
592 378
594 379
581 392
582 404
632 390
592 377
595 379
580 391
632 389
592 376
596 379
579 390
631 388
633 388
592 375
597 379
578 389
630 387
634 387
592 374
598 379
577 388
629 386
635 386
592 373
599 379
577 387
628 385
636 385
592 372
600 379
577 386
627 384
637 385
592 371
601 379
577 385
627 383
638 385
592 370
602 379
577 384
627 382
639 385
592 369
577 383
627 381
640 385
592 368
577 382
627 380
641 385
593 367
577 381
627 379
642 385
594 366
577 380
627 378
643 385
595 365
577 379
627 377
644 385
596 364
577 378
627 376
645 385
597 363
577 377
627 375
646 385
598 362
577 376
627 374
599 361
577 375
600 360
577 374
601 359
577 373
602 359
577 372
839
325 268
341 268
323 281
339 285
336 254
351 258
322 253
356 287
346 244
307 259
305 244
363 241
363 272
329 239
347 302
296 232
315 232
371 304
359 304
308 274
365 226
289 247
377 225
336 224
378 242
379 282
368 289
350 318
365 319
382 297
380 312
366 257
281 217
354 217
386 260
351 230
375 327
275 247
391 247
392 232
393 316
382 209
392 217
390 331
272 260
369 208
378 269
344 333
302 206
393 270
304 221
291 267
335 325
281 232
266 219
266 233
350 202
330 340
404 200
265 197
280 197
261 248
406 237
405 252
406 267
259 209
406 312
359 338
300 193
395 299
273 276
345 348
397 282
320 325
318 344
321 201
250 276
405 185
261 183
247 209
258 263
282 182
389 194
420 209
245 193
328 182
412 282
331 313
250 224
247 179
243 259
386 179
407 215
374 340
257 291
288 283
306 309
425 194
305 358
332 364
427 315
418 325
347 365
365 365
335 202
380 367
235 208
302 344
409 171
301 329
233 180
303 371
320 371
230 193
318 167
330 166
343 184
285 298
410 297
372 169
319 309
304 180
270 298
371 184
303 163
345 167
233 162
227 218
226 266
323 294
441 326
322 215
392 369
427 300
246 240
368 380
442 311
251 159
382 353
305 290
221 205
433 173
304 383
440 296
397 355
284 383
233 283
437 158
216 162
357 178
287 313
422 151
334 300
424 340
407 150
439 341
359 165
454 296
210 147
225 147
341 147
281 374
356 145
210 182
222 182
247 144
258 144
308 144
242 292
423 143
272 385
460 283
324 143
448 281
409 340
407 370
271 162
279 400
412 355
437 143
268 367
463 314
401 138
267 400
237 147
199 182
437 275
374 150
440 357
200 146
281 360
457 349
456 270
355 130
472 277
205 129
192 197
211 197
431 286
283 158
264 354
256 398
373 124
253 368
190 123
386 144
427 355
274 143
388 121
304 397
183 158
220 124
250 354
472 259
482 297
462 337
183 143
467 298
463 368
202 208
259 422
284 422
198 161
205 114
244 426
308 426
488 263
489 275
475 358
240 339
241 353
256 339
256 383
231 110
239 366
240 384
184 180
212 217
388 109
483 248
216 107
272 421
189 107
178 203
273 434
373 111
403 119
272 345
237 436
258 436
488 313
171 123
401 103
303 437
321 431
275 330
323 418
477 373
229 421
160 193
245 124
477 343
233 125
199 231
224 344
240 399
247 108
211 232
509 247
235 322
286 436
504 309
496 360
156 127
191 216
476 321
419 109
287 345
490 328
169 108
263 324
186 231
354 91
494 236
472 386
353 104
483 387
272 313
501 224
518 259
161 178
516 233
212 336
153 139
145 202
396 88
222 435
260 123
358 115
251 322
494 375
162 210
195 246
503 322
178 217
366 79
237 307
336 427
207 423
519 319
495 345
141 127
218 321
513 345
180 251
486 224
405 74
435 107
351 450
341 466
148 217
393 73
521 222
503 375
156 151
353 420
524 245
518 273
171 231
311 455
504 274
532 272
337 115
503 261
376 75
355 435
313 471
147 112
133 222
193 258
226 298
130 203
411 89
268 108
145 186
489 205
474 233
204 436
473 204
253 307
360 460
356 476
539 237
539 253
278 123
127 183
162 262
213 247
508 201
123 129
165 163
177 266
365 60
513 361
168 142
204 267
420 70
299 450
530 338
530 353
157 107
394 58
211 303
325 482
340 482
519 287
153 166
283 107
157 247
452 111
338 415
410 56
437 125
353 404
339 130
452 126
370 424
547 270
534 290
324 112
294 486
310 486
371 486
134 237
153 273
293 471
546 292
134 140
118 218
327 125
119 233
374 401
460 224
459 243
552 282
471 189
553 247
493 188
553 232
214 262
425 122
355 492
110 184
190 271
228 233
228 250
331 394
312 116
372 45
464 107
517 376
132 113
381 414
456 196
505 294
553 259
129 153
423 54
137 248
157 284
208 284
293 498
455 209
520 303
146 232
346 75
415 43
111 244
157 230
146 259
350 60
357 41
546 217
535 305
104 229
340 501
370 501
372 471
448 255
457 255
107 118
379 60
550 307
119 106
353 385
387 481
508 176
444 238
471 174
220 281
489 173
172 285
375 33
355 507
440 202
529 388
301 129
514 389
94 184
156 295
299 114
335 379
514 190
112 150
138 277
531 369
120 167
334 76
330 507
437 253
134 168
395 460
533 211
339 46
91 221
104 216
131 260
136 292
577 297
106 105
105 202
181 300
354 26
552 198
529 197
567 197
575 275
579 321
334 61
402 477
579 206
555 322
523 176
580 221
581 309
560 272
102 144
353 520
441 187
500 159
117 139
489 158
289 143
432 264
583 191
545 327
116 268
104 135
409 459
107 166
87 172
333 33
439 221
519 205
543 187
122 278
139 313
164 313
297 148
90 203
193 286
575 333
74 183
121 293
121 315
181 315
591 276
315 54
415 442
593 206
592 261
196 297
400 445
537 318
398 492
416 478
116 256
411 493
576 256
114 300
599 331
102 267
599 194
546 342
153 321
594 176
87 160
601 216
579 173
602 252
135 327
151 307
431 236
585 346
120 328
184 330
387 428
419 428
106 313
106 327
196 309
300 54
420 224
607 272
595 292
403 426
199 324
431 437
558 348
89 268
106 285
606 283
96 252
307 69
545 357
600 347
598 165
603 230
611 313
87 143
562 158
547 157
570 348
580 359
546 172
199 344
286 54
596 308
91 318
290 69
622 205
616 237
89 333
445 429
593 152
608 204
594 320
91 283
594 239
625 276
612 341
625 342
103 342
396 415
626 221
626 323
404 405
75 236
91 236
160 350
307 85
535 175
578 158
160 335
434 417
608 298
626 308
71 137
71 155
293 42
544 142
626 248
78 342
83 359
184 345
210 359
631 236
91 304
99 361
114 361
190 361
529 158
629 190
175 362
625 261
63 255
214 351
608 154
597 139
578 241
640 273
628 357
640 344
61 235
157 365
440 402
458 420
72 324
523 143
59 221
72 221
91 295
293 82
301 100
626 293
75 297
124 342
460 437
72 373
127 359
224 366
473 427
515 142
532 125
544 125
585 131
62 306
515 161
428 396
88 378
623 153
51 210
142 360
455 398
599 125
154 384
473 416
57 359
139 342
70 358
433 381
475 439
582 119
578 143
65 203
55 377
520 125
557 122
525 111
71 389
592 110
626 166
61 290
55 392
102 390
35 207
103 375
455 383
572 111
47 369
489 437
641 156
74 198
443 372
628 141
488 422
444 387
505 120
583 101
473 401
88 401
604 107
628 178
62 188
40 384
73 282
67 404
163 399
20 211
133 385
148 397
60 275
543 107
72 274
42 353
622 130
558 107
641 139
36 334
493 107
510 107
51 330
29 346
135 373
488 399
504 421
495 129
28 361
157 415
511 436
74 264
136 397
20 196
120 375
118 390
21 325
482 122
36 322
21 340
181 382
166 380
181 398
59 320
65 339
124 407
23 182
157 430
529 426
526 439
467 123
478 107
196 382
196 398
33 174
483 144
118 422
35 189
173 434
517 421
24 164
106 428
132 428
544 436
211 382
39 158
544 421
468 144
141 419
520 404
50 183
142 434
121 439
172 420
505 400
504 144
55 164
189 430
54 149
530 404
559 437
225 383
557 422
471 159
212 397
455 143
64 170
455 160
500 388
544 403
192 418
573 431
480 161
225 398
448 172
457 175
544 388
594 431
585 444
546 373
559 387
604 439
584 419
599 418
623 414
622 400
597 403
634 406
613 390
592 388
646 400
582 404
632 389
577 387
602 379
592 368
646 385
627 374
602 359
577 372
