10088
332 271
334 269
331 272
335 268
330 273
336 267
329 274
337 266
328 275
338 265
327 276
339 264
326 277
338 263
340 263
325 278
337 262
341 262
324 279
336 261
342 261
323 280
343 260
322 281
344 259
321 282
345 258
320 281
320 283
346 257
319 280
319 284
321 284
345 256
347 256
318 279
318 285
322 285
344 255
348 255
317 278
317 286
323 286
343 254
349 254
316 277
316 287
324 287
342 253
350 253
316 276
315 288
325 288
341 252
351 252
314 289
326 289
340 251
352 251
352 253
313 290
327 290
339 250
353 250
353 254
312 291
328 290
328 291
338 249
354 249
354 255
311 292
329 292
337 248
355 248
355 256
310 291
311 293
330 293
336 247
338 247
356 247
356 257
309 290
311 294
331 294
335 246
339 246
357 246
357 258
308 289
311 295
332 295
334 245
340 245
358 245
358 259
307 288
311 296
333 296
333 244
341 244
359 244
359 260
306 287
311 297
334 297
332 243
342 243
360 243
360 261
305 286
311 298
335 296
335 298
331 242
343 242
361 242
361 262
304 285
311 299
336 295
336 299
344 241
362 241
362 263
303 284
311 300
337 294
337 300
363 240
363 264
302 283
311 301
337 293
338 299
338 301
364 239
364 265
301 282
310 302
311 302
339 298
339 302
363 238
365 238
365 266
300 281
309 302
311 303
312 303
340 297
340 303
362 237
366 237
366 267
299 280
299 282
308 302
311 304
313 303
341 296
339 304
341 304
361 236
367 236
367 268
298 279
298 283
307 302
311 305
314 303
342 295
338 305
342 305
360 235
368 235
368 269
297 278
297 284
306 302
311 306
315 303
343 294
337 306
343 306
359 234
369 234
369 236
369 270
296 277
296 285
305 302
311 307
316 303
344 293
336 307
344 307
358 233
370 233
370 237
370 271
295 276
295 286
304 302
311 308
317 303
345 292
335 308
345 308
357 232
371 232
371 238
371 272
294 275
294 287
303 302
311 309
318 303
345 291
334 309
346 309
356 231
372 232
372 239
372 273
293 274
293 288
302 302
311 310
319 303
333 310
347 310
355 230
373 231
373 232
373 240
373 274
292 273
294 273
301 303
311 311
320 303
332 311
348 311
373 230
374 232
374 241
374 275
291 272
295 272
301 304
311 312
332 312
349 312
373 229
375 232
375 242
375 276
290 271
296 271
301 305
311 313
350 311
350 313
373 228
376 232
376 243
376 277
289 270
297 270
301 306
311 314
351 310
351 314
373 227
377 232
377 244
376 278
288 269
298 269
301 307
311 315
352 309
352 315
373 226
378 232
377 279
287 268
299 268
301 308
311 316
353 308
351 316
353 316
373 225
379 232
378 280
286 267
300 267
301 309
311 317
354 307
352 317
354 317
373 224
380 232
379 281
285 266
301 266
301 310
311 318
351 318
355 318
373 223
381 232
380 282
284 265
302 265
301 311
311 319
350 319
356 319
373 222
382 232
381 283
283 264
303 264
310 320
311 320
349 320
357 320
373 221
383 232
382 284
282 263
282 265
304 263
309 320
311 321
348 321
358 321
373 220
384 232
383 285
281 262
281 266
305 262
308 320
311 322
347 322
359 322
373 219
385 232
384 286
280 261
280 267
306 261
307 320
311 323
346 323
358 323
360 323
373 218
386 232
385 287
279 260
279 268
307 260
306 320
311 324
345 324
357 324
361 324
373 217
387 232
386 288
278 259
278 269
308 259
305 320
311 325
344 325
357 325
362 325
373 216
388 232
387 289
277 258
279 258
277 270
309 258
304 320
311 326
343 326
345 326
363 326
373 215
389 232
388 290
276 257
280 257
276 271
310 257
311 327
342 327
346 327
364 327
373 214
390 232
389 291
275 256
281 256
275 272
311 256
311 328
341 328
346 328
365 328
373 213
391 232
390 292
274 255
282 255
274 273
312 255
310 329
311 329
340 329
366 329
373 212
392 231
392 232
391 293
273 254
273 256
283 254
273 274
312 254
309 329
311 330
339 330
367 328
367 330
373 211
392 230
393 232
392 294
272 253
272 257
284 253
272 275
312 253
308 329
311 331
338 331
368 331
373 210
392 229
394 232
394 233
393 295
271 252
271 258
285 252
271 276
312 252
307 329
311 332
337 332
369 332
373 209
392 228
395 232
394 234
394 296
270 251
270 259
286 251
270 277
312 251
306 329
311 333
336 333
370 331
370 333
373 208
392 227
396 232
394 235
395 297
269 250
269 260
287 250
269 278
312 250
311 334
335 334
371 330
371 334
373 207
392 226
397 232
394 236
396 298
268 249
269 261
288 249
268 279
311 249
312 249
311 335
335 335
372 329
372 335
373 206
398 232
394 237
397 299
267 248
288 248
267 280
310 249
312 248
311 336
373 328
373 336
373 205
399 232
397 300
266 247
289 247
266 281
309 249
312 247
311 337
374 327
374 337
373 204
400 232
265 246
290 246
265 282
308 249
312 246
310 338
311 338
375 326
373 338
375 338
373 203
401 232
401 233
264 245
291 245
264 283
312 245
309 338
311 339
376 325
372 339
376 339
373 202
402 232
401 234
263 244
292 245
263 284
312 244
308 338
311 340
371 340
377 340
373 201
403 232
401 235
262 243
293 245
262 285
312 243
307 338
311 341
371 341
378 341
373 200
404 232
401 236
261 242
294 245
261 286
312 242
306 338
311 342
377 342
379 342
373 199
405 232
401 237
260 241
295 245
260 287
312 241
305 338
311 343
376 343
380 341
380 343
373 198
406 232
401 238
259 240
296 245
259 288
312 240
304 338
311 344
375 344
381 340
381 344
373 197
407 232
401 239
258 239
260 239
297 245
258 289
312 239
303 338
311 345
374 345
382 339
382 345
373 196
408 232
401 240
257 238
261 238
298 245
257 290
312 238
302 338
311 346
373 346
383 338
383 346
373 195
409 232
401 241
256 237
256 239
262 237
256 291
313 237
301 338
311 347
372 347
384 337
384 347
373 194
410 232
401 242
255 236
255 240
263 236
255 292
314 236
300 337
311 348
371 348
385 336
385 348
373 193
411 232
401 243
254 235
254 241
264 235
254 293
315 235
299 336
310 349
311 349
370 349
386 335
386 349
373 192
412 232
401 244
253 234
253 242
265 234
253 294
255 294
316 235
298 335
309 349
311 350
369 350
387 334
387 350
373 191
413 232
401 245
252 233
252 243
266 233
252 295
256 295
317 235
297 334
308 349
311 351
368 351
388 333
388 351
373 190
414 232
401 246
251 232
251 244
267 232
251 296
257 296
318 235
296 333
307 349
311 352
367 352
387 332
389 332
389 352
373 189
415 231
415 232
401 247
250 231
250 245
268 231
250 297
258 297
319 235
295 332
306 349
311 353
366 353
386 331
390 331
390 353
373 188
415 230
416 232
401 248
249 230
249 246
269 230
249 296
249 298
259 298
320 235
294 331
311 354
365 352
365 354
367 354
385 330
391 330
391 354
373 187
415 229
417 232
401 249
248 229
249 247
269 229
248 295
248 299
260 299
321 235
293 331
311 355
364 351
364 355
368 355
384 329
392 329
392 355
373 186
415 228
418 232
402 250
247 228
248 248
269 228
247 294
247 300
261 300
311 356
363 350
363 356
369 356
393 328
393 356
373 185
415 227
419 232
403 251
246 227
247 249
269 227
246 293
246 301
261 301
311 357
362 349
362 357
370 357
394 327
394 357
373 184
415 226
420 232
404 252
245 226
246 250
269 226
245 292
245 302
262 302
311 358
361 348
361 358
363 358
371 358
395 326
395 358
373 183
415 225
421 232
421 233
405 253
244 225
245 251
269 225
244 291
244 303
263 303
311 359
312 359
360 347
360 359
364 359
372 359
396 325
396 359
373 182
415 224
422 232
421 234
406 254
243 224
244 252
269 224
243 290
243 304
264 304
311 360
313 359
359 346
359 360
373 360
397 326
397 360
373 181
415 223
423 232
407 255
242 223
243 253
269 223
242 289
242 305
265 305
310 361
311 361
314 359
359 345
358 361
374 361
398 327
398 361
372 180
373 180
415 222
424 232
408 256
241 222
242 254
269 222
241 288
241 306
266 306
309 361
311 362
315 359
357 362
375 362
399 328
399 360
399 362
371 180
373 179
415 221
425 232
409 256
240 221
241 255
269 221
240 287
240 307
267 307
308 360
308 361
311 363
316 358
316 359
356 363
376 363
400 329
400 359
400 363
370 180
373 178
415 220
426 232
410 256
239 220
240 256
269 220
239 286
239 308
268 308
307 361
311 364
317 357
317 359
355 362
355 364
377 364
401 330
401 358
401 364
373 177
415 219
427 232
411 256
238 219
239 257
269 219
238 309
269 309
306 361
311 365
318 356
318 359
354 361
354 365
356 365
377 365
402 331
402 357
400 365
402 365
373 176
415 218
428 232
412 256
237 218
237 220
238 258
237 310
270 310
305 361
311 366
319 355
319 359
353 360
353 366
357 366
403 332
403 356
399 366
403 366
373 175
429 231
429 232
413 256
236 217
236 221
237 259
236 311
271 309
271 311
304 361
311 367
320 354
320 359
320 360
352 359
352 367
358 367
404 333
404 355
398 367
404 367
373 174
429 230
430 232
414 256
235 216
235 222
236 260
235 310
235 312
272 308
272 312
303 361
311 368
321 353
321 359
320 361
351 358
351 368
405 334
405 354
397 368
405 368
373 173
429 229
431 232
234 215
235 223
236 261
234 309
234 313
273 307
273 313
302 361
311 369
322 352
322 359
320 362
350 357
350 369
405 335
406 353
396 369
406 369
373 172
429 228
432 232
432 233
233 214
235 214
234 224
233 308
233 314
274 314
301 361
311 370
323 351
323 359
320 363
349 356
404 336
407 352
395 370
407 370
373 171
429 227
433 232
432 234
232 214
236 213
233 225
232 307
232 315
275 315
300 361
311 371
312 371
324 350
324 359
320 364
348 355
403 337
408 351
394 371
408 371
373 170
374 170
429 226
434 232
432 235
231 214
237 212
232 226
231 306
231 316
275 316
276 314
299 361
311 372
313 371
325 349
325 359
347 355
402 338
409 350
393 372
409 372
372 169
373 169
375 170
428 225
429 225
435 232
230 213
230 214
238 211
231 227
230 305
230 317
275 317
277 313
311 373
314 371
326 348
326 359
346 355
401 339
410 349
392 373
410 373
371 169
373 168
376 170
427 225
429 224
436 232
229 214
230 212
239 210
230 228
229 318
231 318
275 318
278 312
311 374
327 347
327 359
345 355
400 340
411 348
391 374
409 374
370 169
373 167
377 170
426 225
429 223
437 232
228 214
230 211
240 209
230 229
228 319
232 319
275 319
279 311
311 375
328 360
344 355
399 340
412 347
390 375
408 375
369 169
373 166
378 170
425 225
429 222
438 232
227 214
230 210
241 208
241 210
230 230
227 320
233 320
280 310
310 376
311 376
329 361
343 355
413 346
389 376
407 376
368 169
373 165
379 170
424 225
429 221
439 232
226 214
230 209
242 207
242 211
230 231
226 321
234 321
281 309
309 376
311 377
330 362
342 355
414 345
388 376
406 377
367 169
373 164
380 170
429 220
440 231
440 232
225 214
243 206
230 232
225 322
235 322
282 308
308 376
311 378
312 378
331 363
341 354
415 344
405 378
407 378
366 169
373 163
381 170
429 219
441 232
224 214
244 205
230 233
224 321
224 323
236 323
283 307
307 375
311 379
313 378
331 364
341 353
415 343
404 379
408 379
365 169
373 162
382 171
429 218
442 232
223 214
245 204
230 234
223 320
223 324
237 324
284 306
306 374
311 380
314 378
331 365
341 352
416 342
403 380
409 380
364 169
372 161
373 161
383 172
429 217
443 231
443 232
222 214
244 203
246 203
230 235
222 319
222 325
238 325
285 305
305 373
311 381
315 378
315 379
331 366
341 351
417 341
402 381
409 381
363 168
363 170
371 161
373 160
384 173
429 216
443 230
444 232
221 214
243 202
247 202
230 236
221 318
221 326
239 326
286 304
304 373
311 382
316 378
315 380
331 367
341 350
417 340
401 382
362 167
362 171
370 161
373 159
385 174
429 215
443 229
445 232
220 214
242 201
248 201
220 317
220 327
240 327
287 303
303 373
311 383
317 378
315 381
341 349
417 339
400 383
361 166
361 172
373 158
386 175
429 214
443 228
446 232
219 214
241 200
247 200
249 200
219 328
241 328
288 303
302 373
311 384
318 378
341 348
417 338
399 384
360 165
360 173
373 157
387 176
430 213
443 227
447 232
447 233
218 214
240 199
250 199
218 329
240 329
242 329
301 373
311 385
319 378
341 347
417 337
398 385
359 164
359 174
373 156
388 175
388 177
431 212
443 226
448 232
447 234
217 214
239 198
251 198
217 330
239 330
243 330
300 373
310 386
311 386
320 378
417 336
398 386
358 163
360 163
358 175
373 155
389 174
389 178
432 211
443 225
449 232
447 235
216 214
238 197
252 197
216 331
238 331
244 331
299 373
309 386
311 387
321 378
417 335
398 387
357 162
361 162
357 176
374 154
390 179
433 210
443 224
450 232
447 236
215 214
253 196
215 330
215 332
237 332
245 332
308 386
311 388
322 378
417 334
398 388
356 161
362 161
356 177
375 153
391 180
434 209
443 223
451 232
447 237
214 214
254 195
214 329
214 333
236 333
246 331
246 333
307 386
311 389
323 377
323 378
417 333
398 389
355 160
355 162
363 160
355 177
376 152
392 181
435 208
452 232
447 238
213 214
213 215
255 194
213 328
213 334
235 334
246 330
247 334
306 386
311 390
323 376
324 378
417 332
398 390
354 159
354 163
354 177
377 151
393 182
436 207
453 232
447 239
212 214
213 216
254 193
256 193
212 327
212 335
234 335
248 335
305 386
311 391
323 375
325 378
325 379
417 331
398 391
353 158
353 164
353 177
378 150
394 182
435 206
437 206
454 232
447 240
211 214
213 217
253 192
257 192
211 326
211 336
213 336
234 336
249 336
304 386
311 392
323 374
326 378
325 380
398 392
352 157
352 177
379 149
395 182
434 205
438 205
455 232
447 241
210 214
213 218
252 191
258 191
210 325
210 337
214 337
250 335
250 337
303 386
311 393
323 373
327 378
325 381
398 393
351 156
351 177
380 148
396 182
433 204
439 204
456 232
447 242
209 214
213 219
251 190
259 190
209 324
209 338
215 338
251 334
251 338
311 394
328 378
325 382
398 394
350 155
350 177
381 147
397 182
432 203
432 205
440 203
457 232
208 214
213 220
250 189
260 189
260 191
208 323
208 339
216 339
252 333
252 339
311 395
329 378
398 395
349 154
349 177
382 146
398 183
431 202
432 206
441 202
458 232
207 214
213 221
249 188
261 188
261 192
207 322
207 340
217 340
253 332
253 340
311 396
330 378
398 396
348 153
350 153
348 177
383 145
399 184
430 201
432 201
442 201
459 232
206 214
248 187
262 187
262 193
206 321
206 341
208 341
218 341
254 331
254 341
311 397
331 379
398 397
347 153
348 152
351 152
347 177
384 144
400 185
429 200
433 200
443 200
443 202
460 232
205 214
247 186
247 187
263 186
262 194
205 320
205 342
209 342
219 342
254 330
255 342
311 398
332 380
399 398
346 153
348 151
352 151
346 177
385 143
401 186
428 199
434 199
444 199
444 203
461 232
204 214
246 185
264 185
204 319
204 321
204 343
210 343
220 343
256 341
256 343
311 399
333 381
399 399
345 153
348 150
353 150
345 177
386 143
402 187
427 198
435 198
445 198
445 204
462 232
203 214
245 184
265 184
203 318
203 322
203 344
210 344
221 344
257 340
257 344
311 400
334 382
399 400
344 153
348 149
354 149
344 177
403 188
427 197
446 198
446 205
463 232
202 214
244 183
266 183
202 317
202 323
202 345
222 345
258 339
258 345
311 401
335 383
399 401
343 153
348 148
355 148
343 177
404 189
426 196
428 196
447 198
447 206
464 232
201 214
243 182
267 182
201 316
203 316
201 324
201 346
223 346
258 338
259 346
311 402
336 384
399 402
342 153
348 147
356 147
342 177
403 190
405 190
425 195
429 195
448 198
465 232
200 214
242 181
244 181
266 181
268 181
200 315
204 315
200 325
200 347
260 347
311 403
337 385
399 403
341 153
348 146
357 146
341 178
402 191
406 190
424 194
430 194
449 198
466 232
199 214
241 180
241 182
245 180
265 180
269 180
199 314
205 314
199 326
199 348
261 348
311 404
336 386
338 386
399 404
348 145
358 145
340 179
401 192
423 193
431 193
450 198
467 231
467 232
198 214
240 179
240 183
246 179
264 179
270 179
198 313
198 315
206 313
198 327
198 349
262 349
311 405
335 387
339 387
399 405
359 144
339 180
400 193
422 192
432 192
451 198
467 230
468 232
468 233
197 214
239 178
239 184
247 178
264 178
271 178
271 180
197 313
197 316
207 312
197 328
197 348
198 350
263 350
311 406
335 388
340 388
399 406
359 143
338 181
399 194
421 192
433 191
452 197
452 198
467 229
469 232
468 234
196 214
238 177
238 185
248 177
272 177
272 181
196 313
196 317
196 329
196 348
198 351
262 351
264 351
311 407
341 389
399 407
337 181
398 195
420 192
432 190
434 190
452 196
453 198
467 228
470 232
468 235
195 214
237 176
237 186
271 176
273 176
273 182
195 313
196 318
195 330
195 348
198 352
261 352
265 352
311 408
342 390
399 408
336 181
397 196
419 192
431 189
435 189
452 195
454 198
467 227
471 232
468 236
194 214
236 175
236 187
270 175
274 175
274 183
194 313
194 348
198 353
260 353
266 353
311 409
343 391
400 409
335 181
396 197
418 192
430 188
436 188
452 194
455 198
467 226
472 232
468 237
193 214
235 174
235 188
269 174
275 174
275 184
193 313
193 348
198 354
259 354
266 354
267 352
311 410
344 392
401 410
334 181
395 198
417 192
429 187
437 187
452 193
456 198
473 232
468 238
192 214
234 173
268 173
276 173
276 185
192 313
192 348
198 355
258 353
258 355
265 355
268 351
311 411
345 393
402 411
333 180
333 181
394 199
416 191
428 186
437 186
452 192
457 198
474 232
468 239
191 213
191 214
191 215
233 172
235 172
267 172
277 172
277 186
191 313
191 348
198 356
257 352
257 356
264 356
269 350
311 412
346 394
403 412
332 181
333 179
415 190
437 185
452 191
458 198
475 232
468 240
190 214
191 212
190 216
232 171
236 171
266 171
278 171
278 187
190 313
190 348
198 357
256 351
256 357
264 357
270 349
270 351
311 413
347 395
403 413
331 181
415 189
437 184
452 190
459 198
476 232
468 241
189 214
191 211
189 217
231 170
237 170
266 170
279 170
279 188
189 313
189 348
198 358
255 358
264 358
271 348
271 352
311 414
348 396
403 414
330 181
437 183
452 189
460 198
477 232
468 242
188 214
191 210
188 218
230 169
238 169
265 169
280 169
280 189
188 313
188 348
198 359
254 359
264 359
272 347
272 353
310 415
311 415
349 397
403 415
329 181
437 182
461 198
478 232
468 243
187 214
191 209
187 219
229 168
239 168
264 168
281 168
281 190
187 313
198 360
253 359
253 360
264 360
273 346
273 354
309 415
311 416
348 398
350 397
403 416
328 181
328 182
437 181
462 198
479 232
186 214
191 208
186 220
228 167
240 167
263 167
282 167
282 191
186 312
186 313
198 361
252 361
264 361
274 345
274 355
308 415
311 417
347 399
349 399
351 397
403 417
327 181
328 183
437 180
463 199
480 232
185 214
191 207
185 221
227 166
241 166
262 166
283 166
281 192
283 192
185 313
186 311
198 362
251 362
264 362
275 344
275 356
307 415
311 418
346 400
350 400
352 397
403 418
326 181
328 184
437 179
463 200
464 198
481 232
184 214
191 206
184 222
226 165
242 165
261 165
263 165
284 165
280 193
284 193
184 314
186 310
198 363
250 363
264 363
265 363
276 343
276 357
306 415
311 419
346 401
351 401
353 397
403 419
325 181
328 185
437 178
463 201
465 197
482 232
183 214
191 205
184 223
225 164
243 164
260 164
264 164
285 164
279 194
285 194
183 315
186 309
198 364
249 364
264 364
266 363
277 342
277 356
277 358
305 415
311 420
346 402
352 402
354 396
324 181
328 186
436 177
463 202
466 196
483 232
182 214
191 204
184 224
224 163
224 165
226 163
243 163
259 163
265 163
286 163
278 195
286 195
182 316
186 308
198 365
248 363
248 365
264 365
267 363
278 341
278 355
278 359
304 415
304 416
311 421
346 403
353 403
355 395
323 181
328 187
435 176
437 176
463 203
467 195
484 232
181 214
190 203
184 225
223 162
223 166
227 162
244 162
258 162
266 162
287 162
277 196
287 196
181 317
186 307
198 366
247 362
247 366
264 366
268 363
279 340
279 354
279 360
303 415
304 417
311 422
346 404
354 404
356 394
322 181
328 188
434 175
438 175
463 204
468 194
485 232
180 213
180 214
189 202
184 226
222 161
222 167
228 161
245 161
258 161
267 161
288 161
276 197
288 197
180 318
186 306
198 367
199 367
246 361
246 367
264 367
280 353
280 361
302 415
304 418
311 423
346 405
354 405
357 393
321 181
328 189
329 189
433 174
439 174
463 205
469 193
486 232
179 214
180 212
188 201
184 227
221 160
221 168
229 160
246 160
258 160
268 160
289 160
275 198
287 198
289 198
179 319
186 305
198 368
245 360
245 368
264 368
281 352
281 362
301 415
304 419
311 424
345 406
358 392
320 181
328 190
330 189
432 173
440 173
463 206
470 192
487 232
178 214
180 211
187 200
184 228
220 159
220 169
247 159
258 159
288 159
290 159
274 199
286 199
290 199
179 320
186 304
198 369
244 359
244 369
264 369
282 351
300 415
304 420
311 425
344 407
359 391
319 181
328 191
331 189
431 172
441 172
463 207
471 191
488 232
177 214
180 210
186 199
184 229
219 158
219 170
248 158
258 158
287 158
291 158
273 200
285 200
291 198
291 200
179 321
186 303
198 370
243 358
244 370
264 370
283 352
299 415
304 421
311 426
343 408
358 390
360 390
360 392
318 181
328 192
332 189
430 171
442 171
463 208
472 190
489 232
176 214
180 209
185 198
184 230
218 157
218 171
249 157
258 157
286 157
292 157
292 159
273 201
284 201
292 197
292 201
179 322
186 302
198 371
242 357
244 357
245 371
264 371
284 353
298 415
311 427
343 409
357 389
361 389
361 393
317 181
328 193
333 189
429 170
443 170
463 209
473 189
490 232
175 214
180 208
184 197
186 197
184 231
217 156
217 172
250 156
285 156
293 156
293 160
284 202
293 196
293 202
179 323
185 301
186 301
198 372
241 356
245 356
246 372
264 372
285 354
297 415
311 428
343 410
356 388
362 389
362 394
316 181
328 194
334 189
428 169
444 169
464 210
474 188
491 232
174 214
180 207
183 196
187 196
184 232
216 155
216 157
216 173
250 155
284 155
294 155
294 161
294 195
294 203
179 324
184 301
186 300
198 373
240 355
246 355
247 373
265 373
286 355
296 415
311 429
343 411
355 387
363 389
363 395
328 195
427 168
445 168
465 211
475 187
492 232
173 214
179 206
182 195
188 195
184 233
215 154
215 158
216 174
283 154
295 154
295 156
295 162
294 204
179 325
186 299
198 374
239 354
247 354
248 374
266 374
287 356
295 415
311 430
343 412
354 386
364 389
364 396
328 196
426 167
444 167
446 167
466 212
476 187
493 232
493 233
172 214
178 205
181 194
189 194
184 234
214 153
214 159
216 175
283 153
296 153
296 157
296 163
293 205
179 326
186 298
198 375
248 353
249 375
267 375
288 357
294 415
311 431
312 431
353 385
365 389
365 397
328 197
425 166
443 166
447 166
466 213
477 187
494 232
493 234
171 214
177 204
181 193
190 193
213 152
216 176
297 152
296 158
297 164
292 206
186 297
198 376
248 352
249 376
268 376
289 357
293 415
311 432
313 431
352 384
366 389
328 198
329 198
424 165
442 165
448 165
466 214
478 187
495 232
493 235
170 214
176 203
191 192
212 151
216 177
298 151
298 165
291 207
293 207
186 296
197 377
198 377
249 377
269 377
292 415
311 433
314 431
352 383
367 389
328 199
330 198
423 164
425 164
441 164
449 164
449 166
466 215
479 187
496 232
493 236
169 214
175 202
192 191
211 150
213 150
216 178
299 150
299 166
290 208
294 208
186 295
196 377
198 378
249 378
270 378
291 415
311 434
315 431
368 389
328 200
331 199
422 163
426 163
441 163
450 163
450 167
466 216
497 232
493 237
168 214
174 201
193 190
193 192
210 149
210 151
214 149
216 179
299 149
300 167
289 209
295 209
186 294
195 377
198 379
249 379
269 379
271 379
290 414
311 435
316 431
369 389
328 201
332 200
421 162
427 162
451 162
451 168
466 217
498 231
498 232
493 238
167 214
173 201
194 189
194 193
209 148
209 152
215 148
216 180
299 148
301 168
288 210
296 210
186 293
194 377
198 380
268 380
272 380
289 413
289 415
311 436
317 431
370 389
328 202
333 201
421 161
427 161
452 161
452 169
498 230
499 232
493 239
166 214
195 188
195 194
208 147
208 153
216 147
215 181
217 181
299 147
302 169
287 211
297 211
186 292
193 377
198 381
268 381
273 381
288 412
288 416
311 437
318 431
371 389
328 203
334 202
421 160
453 160
453 170
498 229
500 232
493 240
165 214
194 187
196 195
207 146
207 148
207 154
217 146
214 182
218 182
299 146
303 168
286 212
296 212
298 212
185 291
192 377
199 382
267 382
274 382
287 411
287 417
311 438
319 431
328 204
335 203
421 159
454 159
498 228
501 232
492 241
164 214
193 186
196 196
206 145
207 149
206 155
218 145
213 183
219 183
299 145
304 167
285 213
295 213
299 213
184 290
191 377
200 383
266 383
275 383
286 410
286 418
311 439
320 431
328 205
336 204
421 158
453 158
455 158
498 227
502 232
491 242
163 214
193 185
205 144
205 156
219 144
212 184
220 184
299 144
305 166
284 214
294 214
300 214
183 289
190 377
201 384
265 384
276 384
285 409
285 419
311 440
321 431
328 206
337 205
421 157
452 157
456 157
498 226
503 232
490 243
162 213
162 214
193 184
204 143
206 143
204 157
220 143
211 185
221 185
299 143
306 166
283 215
301 215
182 288
189 377
202 385
264 385
277 385
284 408
284 420
311 441
322 431
328 207
338 206
421 156
451 156
457 156
498 225
504 232
489 242
489 244
161 214
162 212
193 183
203 142
207 142
203 158
221 142
221 144
210 186
222 185
299 142
307 166
282 216
302 216
181 287
183 287
188 377
203 386
263 386
278 385
283 407
283 421
311 442
323 430
323 431
328 208
339 207
421 155
450 155
458 157
498 224
505 232
488 241
488 245
160 214
162 211
193 182
202 141
202 143
208 141
202 159
222 141
222 145
209 185
209 187
223 185
299 141
308 166
281 217
303 217
180 286
184 286
187 377
204 387
262 387
279 384
282 407
284 406
282 422
311 443
323 429
324 431
339 208
421 154
449 154
459 158
498 223
506 232
487 240
487 246
159 214
162 210
193 181
201 140
201 144
209 140
201 160
223 140
208 184
208 188
224 185
299 140
309 166
304 218
179 285
185 285
186 377
204 388
205 387
261 388
280 383
281 407
285 405
281 423
311 444
323 428
325 431
339 209
421 153
448 153
460 159
498 222
507 232
486 239
486 246
158 214
162 209
193 180
200 139
202 139
200 145
210 139
200 161
224 139
207 183
207 189
299 139
310 166
178 284
178 286
186 284
185 376
185 378
204 389
206 387
260 389
281 382
280 407
286 404
280 424
311 445
323 427
326 431
420 152
422 152
447 152
461 160
498 221
499 221
508 232
485 238
485 246
157 214
157 215
162 208
193 179
199 138
203 138
199 146
211 138
199 162
225 138
206 182
207 190
299 138
311 166
177 283
177 287
187 283
184 375
184 379
204 390
207 387
259 389
261 390
282 381
279 407
287 403
279 425
311 446
323 426
327 431
419 151
423 151
447 151
462 161
498 220
500 221
509 232
484 246
156 214
157 216
162 207
193 178
198 137
203 137
198 147
212 137
226 137
205 181
299 137
300 137
312 166
176 282
188 282
183 374
183 380
204 391
208 387
258 389
262 391
283 380
278 407
288 402
279 426
311 447
323 425
328 431
418 150
424 150
463 162
498 219
501 221
510 232
483 246
155 214
157 217
162 206
193 177
197 136
227 136
205 180
299 136
301 137
313 166
175 281
175 283
189 281
182 373
182 381
204 392
205 392
209 386
257 389
263 392
284 379
277 407
288 401
311 448
323 424
329 431
417 149
425 149
464 163
498 218
502 221
511 232
482 246
154 214
157 218
162 205
196 135
196 137
228 135
299 135
302 137
314 166
174 280
174 284
190 280
181 372
181 382
203 393
206 392
210 385
256 389
264 393
285 378
276 406
276 407
288 400
311 449
324 423
330 431
416 148
426 148
464 164
498 217
503 221
512 232
481 246
153 214
157 219
162 204
195 134
195 137
195 138
229 134
299 134
303 137
315 166
173 279
173 285
191 279
180 371
180 383
202 394
207 392
211 384
255 389
265 394
285 377
275 407
276 405
288 399
311 450
325 422
331 431
415 147
427 147
498 216
504 221
513 232
152 214
157 220
162 203
194 133
194 139
230 133
299 133
172 278
172 286
192 278
179 370
181 370
180 384
201 395
208 392
212 383
254 390
266 395
285 376
274 407
276 404
288 398
311 451
326 421
332 431
414 146
428 146
498 215
514 231
514 233
151 214
157 221
162 202
193 132
193 140
231 132
299 132
171 277
171 287
193 277
178 369
182 369
180 385
200 396
209 392
213 382
253 391
273 407
276 403
288 397
311 452
327 420
333 431
413 145
429 145
498 214
515 230
515 234
150 214
157 222
161 201
192 131
194 131
192 141
230 131
232 131
299 131
170 277
172 276
170 288
194 276
194 278
177 368
183 368
180 386
199 397
210 392
214 381
252 392
272 407
276 402
288 396
311 453
328 419
334 431
412 144
430 144
430 146
498 213
516 229
516 235
149 214
157 223
160 200
191 130
195 130
191 142
229 130
233 130
299 130
169 277
173 275
169 289
195 275
195 279
176 367
184 367
180 387
198 398
200 398
211 392
215 380
215 382
251 393
271 407
311 454
329 418
335 431
411 143
413 143
431 143
431 147
498 212
517 228
517 236
148 214
157 224
159 199
190 129
196 129
190 143
228 129
234 129
299 129
168 277
174 274
168 290
196 274
196 280
175 366
185 366
180 388
197 399
201 399
212 392
216 379
216 383
250 394
270 407
311 455
330 417
336 431
410 142
413 142
432 142
432 148
498 211
518 227
518 237
147 214
158 198
189 128
197 128
189 144
227 128
235 128
299 128
167 277
175 273
168 291
197 273
197 281
174 365
186 365
180 389
196 398
197 400
202 400
217 379
217 384
249 395
269 407
310 456
311 456
331 416
337 431
409 141
433 142
433 149
498 210
518 226
517 238
519 238
146 214
146 215
157 197
188 127
198 127
188 145
226 127
236 127
299 127
176 272
169 292
198 272
198 282
173 364
187 364
180 390
195 397
197 401
203 401
218 379
218 385
248 396
268 407
309 456
311 457
332 415
338 430
338 431
408 140
434 142
434 150
498 209
518 225
516 239
520 237
520 239
145 213
145 214
146 216
156 196
187 126
189 126
199 126
187 146
225 126
227 126
237 126
299 126
176 271
170 293
198 271
199 283
172 363
188 363
180 391
194 396
197 402
204 402
219 386
247 397
267 407
308 456
311 458
333 415
338 429
339 431
407 139
435 142
435 151
498 208
499 208
518 224
515 240
521 236
521 240
144 214
145 212
146 217
155 195
186 125
190 125
200 125
186 147
224 125
228 125
238 125
299 125
176 270
171 294
199 270
200 284
171 362
189 362
180 392
193 395
197 403
205 403
220 387
246 398
266 407
307 456
311 459
334 415
340 431
406 138
436 142
436 152
498 207
500 208
518 223
514 241
522 235
522 241
143 214
145 211
146 218
154 194
185 124
191 124
201 124
185 146
185 148
223 124
229 124
239 124
299 124
176 269
172 295
200 269
201 283
201 285
170 361
172 361
192 394
197 404
206 404
221 388
245 399
265 407
306 455
311 460
341 431
406 137
437 142
498 206
501 208
518 222
513 242
523 234
523 242
142 214
145 210
146 219
153 193
153 195
184 123
184 125
184 145
184 149
222 123
230 123
240 123
299 123
176 268
173 296
201 268
202 282
201 286
169 360
169 362
173 360
192 393
207 405
221 389
244 400
264 407
305 454
311 461
342 431
406 136
498 205
502 208
518 221
513 243
524 233
524 243
141 214
145 209
146 220
152 192
154 192
152 196
183 122
183 126
183 144
183 150
221 122
221 124
231 122
241 122
299 122
176 267
174 297
202 267
203 281
168 359
168 363
174 359
208 406
243 401
263 407
304 453
304 455
311 462
343 431
406 135
498 204
503 208
518 220
525 244
140 214
146 221
151 191
154 191
151 197
182 121
182 127
182 143
184 151
220 121
220 125
242 121
299 121
300 121
176 266
175 298
203 266
204 280
167 358
167 360
167 364
175 358
209 407
242 402
262 406
303 452
303 456
311 463
344 431
406 134
498 203
517 219
526 245
139 214
146 222
150 190
150 198
181 120
182 128
181 142
185 152
219 120
219 126
243 120
243 122
299 120
301 122
176 265
175 299
204 265
205 279
166 357
166 365
176 357
210 408
261 405
302 451
302 457
311 464
345 431
406 133
498 202
516 218
527 246
138 214
146 223
149 189
149 199
180 119
180 141
186 153
218 119
218 127
244 119
244 123
299 119
302 123
176 264
205 264
206 278
165 356
165 366
177 356
211 409
260 404
301 450
301 458
311 465
346 431
406 132
498 201
515 217
528 247
137 214
146 224
148 188
148 190
148 200
179 118
179 140
186 154
217 118
245 118
245 124
299 118
303 124
176 263
206 263
207 277
164 355
164 367
178 355
212 410
259 403
300 449
300 459
311 466
347 431
406 131
498 200
515 216
527 248
529 248
136 214
146 225
147 225
147 187
147 191
147 201
178 117
178 139
186 155
216 117
246 117
246 125
299 117
304 124
176 262
207 262
163 354
163 368
178 354
213 411
258 402
299 448
299 460
311 467
348 431
406 130
498 199
515 215
526 249
530 249
135 214
146 226
148 225
146 186
146 192
178 116
178 138
186 156
215 116
217 116
246 116
247 126
299 116
305 124
176 261
208 261
162 353
162 369
214 412
257 402
298 448
298 461
311 468
349 431
406 129
498 198
515 214
525 250
531 250
134 214
146 227
145 185
145 193
177 115
179 115
186 157
215 115
218 115
245 115
248 127
299 115
306 124
176 260
209 260
161 352
163 352
161 370
215 413
256 402
297 448
297 462
311 469
350 431
406 128
498 197
515 213
524 251
532 251
133 214
146 228
144 185
146 184
176 114
180 114
186 158
219 114
244 114
249 128
299 114
307 124
176 259
210 259
210 261
160 351
164 351
160 371
162 371
216 414
296 448
296 463
311 470
351 431
406 127
498 196
515 212
516 212
523 252
533 252
132 214
146 229
143 186
147 183
175 113
181 113
186 159
220 113
243 113
250 129
299 113
308 124
175 258
211 258
211 262
159 350
165 350
159 372
163 372
215 415
217 415
295 447
295 464
311 471
352 431
406 126
498 195
515 211
522 253
534 253
131 214
146 230
142 187
148 182
174 112
182 112
186 160
221 112
242 112
251 130
299 112
309 124
174 257
212 257
212 263
158 349
166 349
158 373
164 373
214 416
218 416
294 446
294 463
294 465
311 472
353 431
406 125
498 194
515 210
521 254
535 254
130 214
146 231
141 188
147 181
149 181
173 111
183 111
186 161
222 111
241 111
252 131
299 111
310 124
173 256
213 256
213 264
158 348
167 348
157 374
165 374
213 417
219 417
293 445
293 462
293 466
311 473
354 431
406 124
498 193
515 209
520 255
535 255
536 253
536 255
129 214
146 232
140 189
146 180
150 180
172 110
183 110
186 162
223 110
223 112
240 110
253 132
299 110
311 124
311 125
172 255
214 255
214 265
158 347
168 347
156 375
166 375
212 418
220 418
292 444
292 461
292 467
311 474
355 431
406 123
498 192
515 208
519 256
537 252
537 256
128 214
146 233
139 190
145 179
151 179
171 109
183 109
186 163
224 109
224 113
240 109
254 133
299 109
311 126
171 254
215 254
215 266
158 346
169 346
156 376
167 376
211 419
221 419
291 443
292 460
291 468
311 475
356 431
406 122
498 191
515 207
518 257
538 251
538 257
127 214
146 234
147 234
138 191
144 178
152 178
152 180
170 108
183 108
225 108
240 108
255 134
299 108
311 127
170 253
216 253
216 267
157 345
169 345
156 377
168 377
210 420
222 420
291 442
290 469
311 476
357 430
357 432
406 121
498 190
515 206
517 258
539 250
539 258
126 214
145 235
146 235
137 191
143 177
153 177
153 181
169 108
183 107
226 107
240 107
256 135
299 107
311 128
169 252
217 252
217 268
156 344
156 378
169 378
209 421
223 421
291 441
290 470
311 477
358 429
358 433
406 120
498 189
515 205
516 257
516 259
540 249
540 259
125 214
144 235
146 236
136 191
142 176
154 176
153 182
168 108
183 106
227 106
240 106
255 136
257 136
299 106
311 129
168 251
170 251
218 251
218 269
155 343
156 379
169 379
208 422
224 422
291 440
311 478
359 428
359 434
406 119
407 119
498 188
515 204
515 256
515 260
541 248
541 260
124 214
143 235
146 237
135 192
141 175
155 175
167 108
183 105
227 105
240 105
254 137
258 137
299 105
311 130
167 250
219 250
219 270
154 342
156 380
207 423
225 423
290 439
291 439
312 479
360 427
360 435
406 118
408 119
498 187
499 187
514 255
514 261
542 247
542 261
123 214
142 235
146 238
134 193
140 174
156 174
166 108
183 104
240 104
253 138
259 138
299 104
311 131
166 249
220 249
220 251
220 271
153 343
154 341
156 381
206 424
226 424
289 439
291 438
313 480
361 426
361 436
406 117
409 119
498 186
500 187
514 254
513 262
543 246
543 260
543 262
122 214
141 235
146 239
133 192
134 194
139 173
157 173
165 108
252 139
260 137
260 139
299 103
311 132
165 248
221 252
221 272
152 344
154 340
156 382
205 425
227 425
288 439
314 481
362 425
360 437
362 437
406 116
410 119
498 185
501 187
512 263
514 263
542 245
544 245
544 259
544 263
121 213
121 214
140 235
146 240
132 191
134 195
138 172
158 172
164 108
251 140
261 136
260 140
298 102
300 102
312 133
164 248
222 253
222 273
151 345
154 339
156 383
204 426
228 426
287 439
315 482
363 424
359 438
363 438
406 115
498 184
502 187
511 264
513 264
515 264
541 244
545 244
545 258
544 264
120 214
121 212
139 235
146 241
131 190
134 196
137 171
159 171
163 108
250 141
262 135
297 101
301 101
313 134
163 248
223 254
150 346
154 338
203 425
203 427
229 425
229 427
286 439
316 483
364 423
358 439
364 439
406 114
498 183
503 187
510 265
513 265
516 265
540 243
546 243
546 257
544 265
119 214
121 211
138 235
146 242
130 189
134 197
136 170
160 170
162 108
249 142
263 134
296 100
302 100
314 135
162 248
224 255
149 347
154 337
202 424
202 428
230 424
229 428
285 439
317 484
363 422
365 422
357 440
365 440
406 113
407 113
498 182
504 187
509 266
517 266
539 242
547 242
546 256
547 258
544 266
118 214
121 210
137 235
146 243
129 189
134 198
135 169
160 169
161 171
161 108
248 141
248 143
264 133
295 99
303 99
303 101
315 136
225 256
148 348
154 336
201 423
201 429
231 423
228 429
284 439
318 485
366 421
356 441
366 441
406 112
408 113
498 181
505 187
508 265
508 267
518 267
538 241
548 241
548 258
544 267
117 214
121 209
136 235
146 244
128 189
134 199
134 168
160 168
162 172
160 108
247 140
247 144
265 132
294 98
304 98
304 102
316 137
226 257
147 349
154 335
200 422
200 430
232 422
227 430
283 439
318 486
319 485
367 421
355 442
367 442
406 111
409 113
498 180
506 187
507 264
507 268
519 268
538 240
549 240
549 258
544 268
116 214
121 208
135 235
146 245
127 189
134 200
133 167
160 167
161 167
163 173
159 108
246 139
247 145
266 131
293 97
305 97
305 103
317 138
227 258
154 334
199 421
199 431
233 421
226 431
282 439
318 487
320 485
368 421
355 443
368 443
406 110
410 113
498 179
507 187
506 263
506 269
520 269
550 239
550 258
544 269
115 214
115 215
146 246
126 189
134 201
132 166
159 166
162 167
164 174
158 108
245 138
267 130
293 96
306 96
306 104
318 139
154 333
198 420
199 432
234 420
225 432
227 432
281 439
318 488
321 485
369 421
369 444
406 109
411 113
498 178
508 187
505 262
505 270
521 270
551 238
551 258
544 270
114 214
145 247
146 247
131 165
158 165
163 167
165 175
157 108
244 137
268 129
293 95
307 95
307 105
319 140
154 332
197 419
235 419
224 433
228 433
280 439
318 489
322 485
370 421
370 443
370 445
405 108
412 113
498 177
509 187
504 261
504 271
506 271
522 271
552 237
552 258
544 271
113 214
144 247
146 248
130 164
157 164
164 167
166 176
156 108
244 136
269 128
292 94
306 94
308 94
308 106
320 141
154 331
236 418
223 434
229 434
318 490
371 421
371 442
371 446
404 107
413 113
498 176
510 187
503 260
503 272
507 272
522 272
552 236
553 236
553 258
544 272
112 214
112 215
143 247
146 249
129 163
156 163
165 167
167 177
155 108
270 127
291 93
291 95
305 93
309 93
309 107
321 142
154 330
223 435
230 435
318 491
372 421
372 441
372 447
403 106
414 113
498 175
511 186
502 259
508 273
554 235
554 258
544 273
111 214
112 216
142 247
146 250
128 162
155 162
166 167
168 177
154 108
271 126
290 92
290 96
304 92
310 93
310 108
322 143
155 329
223 436
231 436
318 492
373 440
373 448
402 105
415 113
498 174
512 185
502 258
509 274
555 234
555 258
544 274
110 214
112 217
141 247
146 251
127 161
154 161
167 167
169 177
153 108
270 125
272 125
289 91
289 97
303 91
311 93
323 144
156 328
223 437
232 436
318 493
374 439
374 449
401 104
416 113
498 173
513 184
510 275
556 233
556 258
544 275
109 214
112 218
140 247
146 252
127 160
153 160
168 167
170 178
152 108
269 124
273 124
289 90
288 98
312 93
324 145
157 327
223 438
233 436
318 494
375 438
373 450
375 450
400 103
417 113
498 172
514 183
511 276
557 232
557 258
544 276
108 214
112 219
139 247
146 253
127 159
152 160
154 159
169 167
171 179
151 108
268 123
274 123
289 89
287 99
313 94
325 146
158 326
223 439
234 436
318 495
376 437
372 451
376 451
399 102
401 102
418 113
498 171
515 182
512 277
558 231
544 277
107 214
112 220
138 247
146 254
127 158
151 160
155 158
170 167
172 180
150 108
267 122
275 122
289 88
286 100
314 95
326 147
159 325
235 436
318 496
377 436
371 452
377 452
398 101
402 101
419 113
498 170
516 181
513 278
559 230
544 278
106 214
112 221
137 247
146 255
127 157
150 160
156 157
173 180
149 108
266 121
276 121
289 87
285 101
315 96
160 324
236 436
317 497
318 497
378 435
370 453
378 453
397 100
403 100
420 112
420 113
498 169
517 181
514 279
560 229
544 279
105 214
112 222
136 247
146 256
127 156
157 156
174 180
148 108
265 120
277 120
289 86
284 102
316 95
316 97
161 323
237 436
316 497
318 498
379 434
369 454
379 454
396 99
404 99
420 111
421 113
498 168
499 168
518 181
514 280
561 228
544 280
104 214
112 223
135 247
146 257
158 155
175 180
147 108
264 119
277 119
289 85
283 103
317 94
317 98
161 322
162 324
238 436
315 497
318 499
380 433
368 455
380 455
395 98
420 110
422 113
498 167
500 168
519 181
514 281
562 227
544 281
103 214
112 224
134 247
146 258
159 154
176 180
146 108
263 118
289 84
282 104
318 93
318 99
161 321
163 325
239 436
314 497
381 432
368 456
381 456
394 98
420 109
423 113
498 166
501 168
520 181
514 282
563 226
544 282
102 214
102 215
112 225
133 247
145 259
146 259
160 153
177 180
145 108
262 117
289 83
281 105
319 92
319 100
161 320
164 326
240 436
313 497
382 431
382 457
420 108
424 113
498 165
502 168
521 181
514 283
564 225
544 283
101 214
102 216
112 226
132 247
144 259
146 260
161 152
178 180
144 108
262 116
289 82
320 91
320 101
161 319
165 327
241 436
312 497
383 430
383 458
420 107
425 113
498 164
503 168
522 180
514 284
563 224
565 224
544 284
100 214
102 217
112 227
131 247
143 259
146 261
162 151
179 180
143 109
289 81
321 90
321 102
161 318
166 328
242 436
311 497
383 429
384 431
384 459
420 106
426 113
498 163
523 179
514 285
562 223
566 223
544 285
99 214
113 228
130 247
142 259
146 262
162 150
180 180
142 110
322 89
322 103
161 317
166 329
243 436
310 497
383 428
385 432
385 460
420 105
427 113
498 162
524 178
514 286
561 222
567 222
544 286
98 214
114 229
129 247
141 259
146 263
162 149
141 111
323 88
323 104
161 316
244 436
309 497
383 427
386 433
386 459
386 461
420 104
428 113
498 161
524 177
514 287
560 221
568 221
544 287
97 214
115 230
128 247
140 259
146 264
162 148
140 112
324 87
324 105
161 315
245 436
308 497
383 426
387 434
387 458
387 462
420 103
498 160
524 176
514 288
559 220
569 220
543 288
544 288
96 214
114 231
116 231
127 247
139 259
146 265
162 147
139 113
325 86
325 106
161 314
383 425
388 435
388 457
388 463
498 159
524 175
514 289
558 219
570 219
570 221
542 288
544 289
95 214
113 232
117 232
126 248
138 259
146 266
162 146
138 114
326 85
326 107
161 313
383 424
389 435
389 456
389 464
497 158
498 158
524 174
557 218
571 218
571 222
541 288
544 290
94 214
112 233
118 233
125 249
137 259
146 267
162 145
137 115
327 84
327 108
161 312
383 423
390 435
390 455
390 465
496 158
498 157
524 173
556 217
572 217
572 223
540 288
544 291
93 214
111 234
119 234
124 250
136 259
146 268
163 144
136 116
328 83
328 109
161 311
383 422
391 435
391 454
391 466
495 158
498 156
524 172
555 216
573 216
573 224
539 288
544 292
92 214
92 215
110 235
120 235
123 251
146 269
164 143
135 117
329 82
329 110
392 453
392 467
494 158
498 155
499 155
554 215
554 217
574 215
574 225
538 288
544 293
91 214
92 216
109 236
121 236
122 252
146 270
165 142
134 118
328 81
330 81
328 111
330 111
393 452
391 468
393 468
493 158
498 154
500 155
553 214
553 218
575 214
575 226
537 288
544 294
90 214
108 237
121 237
121 253
146 271
165 141
133 119
327 80
331 80
327 112
331 112
394 451
390 469
394 469
492 158
498 153
501 155
552 213
552 219
576 213
576 227
536 288
544 295
89 214
107 238
120 253
120 254
145 272
147 272
165 140
132 120
326 79
332 79
326 113
332 112
393 450
395 450
389 470
395 470
491 159
498 152
502 155
551 212
551 220
577 212
577 228
544 296
88 214
119 255
144 273
148 272
165 139
131 121
325 78
333 78
325 114
333 112
392 449
396 449
388 471
396 471
490 160
498 151
503 155
550 211
550 221
578 211
578 229
544 297
87 214
118 256
143 274
149 272
165 138
130 122
324 77
334 77
325 115
334 112
391 448
397 448
387 472
397 472
489 161
498 150
549 210
549 211
549 222
579 210
579 230
544 298
86 214
117 257
142 275
150 272
165 137
129 123
323 76
335 76
335 112
390 447
398 447
386 473
398 473
488 162
498 149
548 209
580 209
580 231
544 299
85 214
116 258
141 276
151 272
165 136
128 124
130 124
322 75
336 75
336 111
336 112
399 446
385 474
399 474
487 163
498 148
547 208
581 208
581 232
543 300
544 300
84 214
115 259
140 277
152 272
127 125
131 125
321 74
321 76
337 74
336 110
337 112
399 445
400 445
400 447
384 475
400 475
486 164
498 147
546 207
582 207
582 233
542 300
544 301
83 214
114 260
139 278
141 278
153 272
126 126
320 73
320 77
338 73
336 109
338 112
401 444
401 448
383 476
401 476
485 163
485 165
487 165
498 146
545 206
583 206
583 234
541 300
544 302
82 214
113 261
138 279
142 279
154 272
125 127
319 72
319 78
339 72
336 108
339 112
402 443
402 449
382 477
402 477
484 162
484 166
488 166
498 145
544 205
584 205
540 300
544 303
81 214
112 262
137 280
143 280
155 272
124 128
318 71
318 79
340 71
340 73
340 112
403 442
403 450
381 478
403 478
483 161
483 167
489 167
497 144
498 144
543 204
583 204
585 204
539 300
544 304
80 214
111 262
136 281
144 281
156 272
123 129
317 70
317 80
341 70
341 74
341 112
341 113
404 441
404 451
380 479
404 479
483 160
482 168
490 168
496 144
498 143
499 143
542 203
582 203
586 203
586 205
538 300
544 305
79 214
110 262
135 282
145 282
122 130
316 69
316 81
342 69
342 75
342 112
341 114
405 440
405 452
379 480
405 480
481 169
491 169
495 144
498 142
500 143
541 202
581 202
587 202
587 206
537 300
544 306
78 214
134 283
145 283
121 131
315 68
315 82
343 68
342 76
343 112
341 115
406 439
406 453
378 481
406 481
480 169
492 170
494 144
498 141
501 143
541 201
580 201
588 201
588 207
544 307
77 214
133 284
120 131
314 67
344 67
344 112
341 116
407 438
407 454
377 482
407 482
479 168
493 144
498 140
502 143
542 200
579 200
589 200
589 208
544 308
76 214
132 285
119 132
313 66
345 66
345 112
340 117
341 117
408 437
408 439
408 455
376 483
408 481
408 483
478 167
492 143
492 144
498 139
503 143
543 199
578 199
590 199
590 209
544 309
75 214
131 286
133 286
118 133
312 65
312 67
344 65
346 65
346 112
339 117
341 118
407 436
409 436
409 440
409 456
375 484
409 480
407 484
409 484
477 166
491 144
492 142
491 145
498 138
504 143
544 198
577 198
591 198
591 210
544 310
74 215
130 287
117 134
311 64
311 68
343 64
347 64
347 112
341 119
406 435
410 435
410 441
409 457
374 485
410 479
406 485
410 485
476 166
490 144
491 141
491 146
498 137
505 143
544 197
576 197
592 197
592 211
543 311
544 311
73 216
129 288
116 135
310 63
310 69
342 63
348 63
348 112
341 120
405 434
411 434
411 442
373 486
411 478
405 486
411 486
475 166
489 144
490 140
491 147
498 136
506 144
544 196
593 196
593 212
542 311
544 312
72 217
128 289
115 135
117 136
309 62
309 70
341 62
349 62
349 112
341 121
404 433
412 433
411 443
372 487
412 477
404 487
412 487
474 166
488 144
489 139
491 148
498 135
507 145
544 195
594 195
594 213
541 311
544 313
71 218
127 290
114 135
118 137
308 61
308 71
340 61
350 61
350 112
341 122
403 432
413 432
412 444
371 488
413 476
403 488
413 488
473 166
487 144
488 138
491 149
498 134
508 146
544 194
595 194
595 214
540 311
544 314
70 219
72 219
126 291
113 135
119 138
307 60
308 72
339 60
351 60
351 112
341 123
402 431
414 431
413 444
370 487
370 489
414 475
402 489
414 489
472 166
486 144
487 137
491 150
498 133
509 145
509 147
544 193
596 193
596 195
596 215
539 311
544 315
69 220
73 220
125 292
112 135
120 139
306 59
307 73
338 59
352 59
352 112
341 124
401 430
414 430
414 444
369 486
369 490
415 474
401 490
414 490
485 144
486 136
498 132
510 144
510 148
544 192
545 192
597 192
597 196
597 216
538 311
544 316
68 221
74 221
124 291
124 293
111 135
121 140
305 58
306 74
337 58
353 58
353 112
341 125
400 429
415 429
415 444
368 485
368 491
416 473
400 491
414 491
484 144
485 135
498 131
511 143
511 149
544 191
546 192
598 191
598 197
598 217
537 311
544 317
67 222
75 222
123 290
123 294
110 134
110 136
121 141
304 57
306 57
305 75
337 57
354 57
354 111
354 112
399 428
416 428
416 444
367 484
367 492
417 472
400 492
414 492
483 144
484 134
498 130
512 142
512 150
544 190
547 192
599 190
599 198
597 218
599 218
536 311
544 318
66 223
68 223
76 223
122 289
122 295
109 133
109 137
303 56
307 56
304 76
355 56
354 110
355 113
398 427
417 427
417 444
366 483
366 493
418 471
401 493
414 493
482 144
483 133
498 129
513 141
513 151
544 189
548 192
600 189
600 199
596 219
600 219
535 311
544 319
65 224
69 224
77 224
121 288
121 296
108 132
108 138
302 55
308 55
303 77
305 77
356 55
354 109
356 114
397 426
418 426
418 444
365 482
365 494
419 470
402 494
415 494
481 144
482 132
498 128
514 140
514 152
544 188
549 192
601 188
601 200
595 220
601 220
534 311
544 320
545 320
64 223
65 225
70 225
78 223
78 225
120 287
120 295
120 297
107 131
107 139
301 54
309 54
302 78
306 78
357 54
354 108
357 115
396 425
419 425
419 444
364 481
364 495
420 469
403 495
416 495
480 144
481 131
498 127
515 139
515 152
543 187
550 192
602 187
602 201
602 221
533 310
544 321
546 320
63 222
65 226
70 226
79 223
79 226
119 286
119 294
119 298
106 131
106 140
300 53
310 53
301 79
307 79
358 53
354 107
358 116
395 424
420 424
363 480
363 482
363 494
363 496
365 496
421 468
404 496
417 496
479 144
480 130
480 132
498 126
516 138
516 152
542 186
551 192
603 186
603 202
603 222
532 309
544 322
547 320
62 221
62 223
65 227
80 223
80 227
118 285
118 293
118 299
105 131
105 141
299 52
301 52
311 52
300 80
307 80
359 52
354 106
359 117
395 423
421 423
362 479
362 493
362 497
366 497
404 497
418 497
478 144
479 129
479 133
498 125
517 137
541 185
552 192
604 185
604 203
604 223
531 308
544 323
548 320
61 220
61 224
65 228
81 223
81 228
117 284
117 300
104 131
104 142
298 51
301 51
312 51
299 81
359 51
360 53
354 105
360 118
395 422
422 422
361 478
361 492
361 498
367 498
404 498
419 498
478 128
478 134
498 124
518 136
540 184
542 184
553 192
605 184
604 204
605 224
530 307
544 324
549 320
60 219
60 225
65 229
82 223
82 229
116 283
116 301
118 301
103 131
103 143
297 50
313 50
358 50
361 54
354 104
361 119
423 421
360 477
360 491
360 498
368 499
404 499
420 498
477 127
478 135
498 123
519 135
539 183
543 183
554 192
606 183
606 225
529 306
544 325
550 320
59 218
59 226
65 230
83 223
83 230
115 282
115 302
118 302
102 131
103 144
296 49
314 49
358 49
362 55
354 103
361 120
362 119
424 420
359 476
360 490
359 498
369 500
404 500
421 498
476 126
476 128
498 122
538 182
544 182
555 192
607 182
607 226
528 305
528 307
544 326
58 217
58 227
65 231
84 223
84 231
114 281
114 303
101 131
295 48
315 48
315 50
358 48
363 56
354 102
361 121
363 119
425 419
358 475
360 475
358 498
358 499
370 501
422 498
475 125
475 129
498 121
537 181
537 183
545 181
556 192
608 181
608 227
527 304
527 308
544 327
57 216
57 228
66 232
85 232
113 280
113 304
294 47
316 47
316 51
358 47
364 57
354 101
361 122
364 119
425 418
426 420
357 474
361 474
357 498
358 500
371 502
474 124
474 130
498 120
537 180
536 184
546 180
557 192
609 180
609 228
526 303
526 309
544 328
56 215
56 229
67 233
112 279
112 303
112 305
293 46
317 46
317 52
358 46
365 56
365 58
354 100
361 123
365 119
425 417
427 421
356 473
362 473
356 498
358 501
372 503
473 123
473 131
498 119
537 179
535 185
608 179
610 179
610 229
525 302
525 310
544 329
55 214
55 230
68 234
111 278
111 302
111 306
293 45
318 45
318 53
358 45
366 55
366 59
354 99
361 124
366 119
425 416
428 421
355 472
363 472
355 498
358 502
472 122
472 132
498 118
537 178
534 186
607 178
611 178
611 230
524 301
524 311
544 330
54 213
69 235
110 277
110 301
110 307
319 45
319 54
358 44
367 54
367 59
354 98
361 125
367 119
425 415
354 471
364 471
358 503
471 121
471 133
498 117
538 177
533 187
606 177
612 177
612 179
610 231
612 231
523 301
523 312
544 331
53 212
55 212
70 236
109 276
109 300
109 308
320 55
358 43
368 53
368 59
354 97
368 119
425 414
353 470
365 470
358 504
471 120
470 134
498 116
539 176
532 188
605 176
613 176
613 180
609 232
613 230
613 232
522 301
522 313
544 332
545 332
52 211
52 213
56 211
71 237
109 275
108 299
108 309
320 56
358 42
369 52
369 59
369 119
425 413
352 469
365 469
358 505
471 119
469 135
540 175
531 189
604 175
614 175
614 181
608 233
613 229
614 233
521 301
521 314
544 333
546 332
51 210
51 214
57 210
70 238
72 238
109 274
107 298
107 310
109 310
358 41
370 51
370 59
370 119
425 412
352 468
358 506
471 118
468 136
540 174
530 190
603 174
615 174
615 182
607 234
615 234
520 301
520 315
544 334
547 332
50 209
50 215
58 209
69 239
73 239
109 273
106 297
106 311
110 311
358 40
371 50
371 59
371 60
371 119
425 411
358 507
471 117
468 137
540 173
530 191
602 173
616 173
616 183
606 235
616 235
519 301
519 316
544 335
548 332
49 208
49 216
59 208
68 240
74 240
105 296
105 312
111 312
358 39
372 49
372 59
371 61
372 119
425 410
426 410
358 508
471 116
540 172
601 172
617 172
617 174
617 184
605 236
617 236
518 301
518 317
544 336
549 332
48 207
60 207
68 241
75 241
104 295
106 295
104 313
112 313
358 38
373 48
373 59
371 62
373 119
425 409
427 410
358 509
540 171
601 171
618 171
618 175
618 185
604 237
618 237
517 301
517 318
544 337
550 332
47 206
49 206
61 206
67 242
76 242
103 294
107 294
103 314
113 314
358 37
373 47
374 59
371 63
374 119
425 408
428 410
357 510
358 510
619 170
619 176
619 186
603 238
619 238
516 301
516 319
544 338
551 332
46 205
50 205
62 205
66 243
76 243
102 293
108 293
102 315
114 315
358 36
374 46
375 59
371 64
425 407
429 410
356 510
358 511
618 169
620 169
620 187
602 239
620 239
515 301
515 320
544 339
552 332
45 204
51 204
63 204
65 244
76 244
101 292
109 292
101 316
115 316
358 35
374 45
376 59
371 65
430 410
355 510
357 512
617 168
621 168
621 170
621 188
601 240
621 240
514 301
514 321
543 340
553 332
44 203
52 203
64 203
64 245
76 245
100 291
100 317
115 317
358 34
374 44
377 59
371 66
354 510
356 513
622 167
622 171
622 189
600 241
622 241
513 322
542 339
542 341
554 332
43 202
43 204
65 202
63 246
76 246
99 290
99 292
99 318
116 318
358 33
374 43
378 59
371 67
353 510
355 514
623 166
623 172
623 190
599 242
623 242
512 323
541 338
541 342
555 332
42 201
42 205
66 201
62 245
62 247
76 247
98 289
98 293
98 317
98 319
117 319
358 32
374 42
379 59
371 68
352 510
354 515
624 165
624 173
622 191
624 191
598 243
624 243
511 323
540 337
540 343
556 332
41 200
41 206
67 200
61 244
61 248
76 248
97 288
97 294
97 316
97 320
118 320
358 31
374 41
380 59
380 60
371 69
351 510
353 516
625 164
625 174
621 192
625 192
597 244
625 244
510 323
539 336
539 344
557 332
40 199
40 207
68 199
68 201
60 243
60 249
76 249
96 287
96 295
97 315
96 321
119 321
358 30
374 40
381 59
380 61
371 70
350 510
353 517
626 163
626 175
620 193
626 193
596 245
626 245
509 323
538 335
538 345
558 332
39 198
39 208
69 198
69 202
59 242
60 250
76 250
77 250
96 286
95 296
95 320
96 322
120 322
358 29
374 39
382 59
380 62
349 510
353 518
627 162
627 176
619 194
627 194
595 246
626 246
508 323
537 334
537 346
559 332
38 197
39 209
70 197
70 203
60 251
76 251
78 250
95 285
94 297
94 319
96 323
121 322
358 28
374 38
383 59
380 63
348 510
353 519
626 161
628 163
628 195
594 247
507 323
536 333
536 345
536 347
560 332
37 196
37 198
40 210
71 196
71 204
60 252
76 252
79 250
94 284
93 298
93 318
96 324
122 322
358 27
374 37
384 59
380 64
347 510
353 520
625 160
629 164
627 196
629 194
593 248
506 323
535 332
535 344
535 348
561 332
36 195
36 199
40 211
70 195
72 195
72 205
61 253
76 253
80 250
93 284
92 299
92 317
96 325
123 322
358 26
374 36
385 59
380 65
353 521
624 159
630 165
626 197
630 193
592 249
505 323
534 331
534 343
534 349
562 332
35 194
35 200
40 212
69 194
73 194
62 254
76 254
81 250
92 284
91 300
91 317
96 326
124 322
357 25
358 25
374 35
386 59
380 66
353 522
623 158
631 165
625 198
631 192
591 250
504 323
533 332
534 342
533 350
563 332
34 193
36 193
34 201
40 213
68 193
74 193
62 255
76 255
82 250
91 284
90 301
90 317
96 327
125 322
356 25
358 24
387 59
622 157
632 165
624 199
632 192
591 251
532 332
532 351
564 332
33 192
37 192
33 202
40 214
67 192
75 192
62 256
75 256
76 256
83 250
90 284
89 302
89 317
96 328
126 322
355 25
358 23
388 59
621 156
633 165
623 200
633 192
591 252
531 332
531 352
565 332
32 191
38 191
32 203
40 215
66 191
76 191
62 257
74 256
76 257
84 250
89 284
88 303
88 317
96 329
127 322
354 25
358 22
389 58
620 155
634 165
622 201
624 201
634 192
591 253
530 332
530 353
566 332
31 190
39 190
31 204
40 216
65 190
77 190
62 258
73 256
76 258
85 250
88 284
87 304
87 317
96 330
128 322
353 25
358 21
390 57
619 154
635 165
621 202
625 202
635 192
529 354
567 332
567 333
30 189
40 189
30 205
40 217
64 189
78 189
62 259
72 256
76 259
86 250
87 284
86 305
86 317
95 331
96 331
129 322
352 25
358 20
391 56
618 153
636 165
620 203
625 203
636 192
528 355
568 332
567 334
29 188
41 188
29 206
40 218
63 188
79 188
62 260
71 256
76 260
87 250
86 284
85 317
94 331
96 332
130 322
351 25
358 19
392 55
617 152
637 165
619 204
637 193
527 356
569 332
567 335
28 187
42 187
28 207
62 187
80 187
62 261
70 256
76 261
88 250
85 285
84 317
93 331
96 333
131 322
350 25
393 54
616 151
638 165
618 205
638 194
526 357
570 332
567 336
27 186
43 186
27 208
61 186
81 186
81 188
76 262
89 250
84 285
83 317
92 331
96 334
349 25
394 53
394 55
615 150
639 165
617 206
639 195
525 358
527 358
571 332
567 337
26 185
44 185
26 209
60 185
60 187
82 185
82 189
76 263
90 251
83 285
82 317
91 331
96 335
348 25
395 52
395 56
614 149
640 165
640 196
524 359
528 359
572 332
567 338
25 184
25 186
45 184
25 210
59 184
59 188
83 184
83 190
75 264
76 264
90 252
82 285
81 317
90 331
96 336
347 25
396 51
396 57
613 148
613 150
641 165
639 197
641 197
523 360
529 360
573 332
567 339
24 183
26 183
24 187
46 183
24 211
59 183
58 189
83 183
84 191
74 264
76 265
90 253
81 285
80 317
89 331
96 337
346 25
397 50
397 58
612 147
614 147
612 151
642 165
638 198
642 198
522 361
530 361
574 332
567 340
23 183
27 182
23 188
46 182
23 212
57 190
84 182
85 192
73 264
90 254
80 285
79 317
88 331
96 338
345 25
397 49
398 59
611 146
611 147
615 146
611 152
643 165
637 199
643 198
521 362
531 362
575 332
567 341
22 183
28 181
22 189
46 181
22 213
56 191
84 181
85 183
86 193
72 264
90 255
79 285
78 317
87 332
96 339
344 25
399 60
610 145
616 145
610 153
644 165
636 200
644 198
520 363
532 363
576 332
567 342
21 183
29 180
29 182
21 190
46 180
21 214
55 192
84 180
86 184
87 194
71 264
90 256
78 285
77 317
86 333
96 340
97 340
343 25
400 61
609 144
617 144
609 154
645 165
635 201
645 198
519 364
533 364
577 332
567 343
30 179
29 183
20 191
46 179
20 215
55 193
84 179
87 184
88 195
70 264
90 257
77 285
76 317
85 334
96 341
98 340
342 25
401 62
608 143
618 143
608 155
646 165
634 202
518 365
534 365
578 331
578 332
567 344
31 178
20 192
46 178
84 178
88 184
89 196
90 258
76 285
75 317
75 318
84 335
96 342
99 340
341 25
402 63
607 142
619 142
607 156
647 165
634 203
517 366
535 366
578 330
579 332
567 345
32 177
46 177
84 177
89 184
90 197
90 259
74 317
75 319
83 336
96 343
100 340
340 25
403 64
606 141
606 143
620 141
648 165
516 365
516 367
536 367
578 329
580 332
567 346
33 176
46 176
84 176
90 184
91 198
90 260
73 317
75 320
82 337
96 344
339 25
404 65
605 140
605 144
621 140
515 364
515 368
517 368
537 366
537 368
578 328
581 332
567 347
33 175
47 175
84 175
91 184
92 199
90 261
72 317
75 321
81 338
96 345
338 25
405 66
604 139
604 145
514 363
516 363
514 369
518 369
538 365
537 369
578 327
582 332
567 348
34 174
48 174
84 174
92 184
93 200
90 262
71 317
75 322
80 339
96 346
337 25
406 67
603 138
603 146
513 362
513 370
519 370
539 364
578 326
583 332
567 349
34 173
48 173
84 173
93 184
94 200
90 263
70 317
79 340
96 347
336 25
407 68
602 137
602 147
512 361
512 371
520 371
540 363
578 325
584 332
567 350
34 172
48 172
49 172
84 172
94 184
95 200
90 264
69 317
78 341
96 348
335 25
335 26
408 69
601 136
511 360
511 372
521 372
541 362
578 324
585 332
585 333
567 351
34 171
48 171
50 172
84 171
95 184
96 200
68 317
77 342
96 349
334 25
335 27
409 70
600 135
510 359
510 373
512 373
522 373
542 361
578 323
586 332
585 334
567 352
34 170
48 170
51 172
84 170
96 184
97 200
67 317
76 342
96 350
335 28
410 69
410 71
599 134
509 358
509 374
578 322
587 332
585 335
567 353
34 169
48 169
52 172
84 169
97 184
98 200
66 317
75 342
96 351
335 29
411 68
411 72
598 133
598 135
508 357
510 357
508 375
577 321
588 332
585 336
567 354
34 168
48 168
84 168
98 184
99 200
65 317
96 352
335 30
412 67
412 73
597 132
597 136
507 356
511 356
507 376
576 320
589 332
585 337
567 355
34 167
48 167
84 167
99 184
64 317
96 353
335 31
413 66
413 74
596 131
596 137
506 355
506 357
512 355
506 375
506 377
575 319
590 332
585 338
566 356
34 166
48 166
84 166
100 183
100 184
63 317
96 354
335 32
414 65
414 75
595 130
595 138
505 354
505 358
513 354
505 374
505 378
574 318
591 332
585 339
565 357
49 165
84 165
101 184
62 317
96 355
335 33
415 64
414 76
594 129
594 139
504 353
504 359
514 353
504 373
504 379
573 317
592 332
585 340
564 356
564 358
50 164
84 164
102 184
61 317
96 356
335 34
416 63
414 77
593 128
593 140
504 352
503 360
503 372
503 380
572 317
593 332
563 355
563 359
51 163
84 163
85 163
103 184
60 317
96 357
335 35
417 62
414 78
592 127
592 141
502 361
502 371
502 381
571 317
594 332
562 354
562 360
52 162
84 162
86 163
104 184
59 317
59 318
96 358
335 36
418 61
414 79
591 126
591 142
502 370
501 382
570 317
595 332
561 353
561 360
53 161
84 161
87 163
105 184
58 316
58 317
59 319
96 359
335 37
419 60
414 80
590 125
592 125
590 143
500 381
501 383
569 317
596 332
560 352
560 360
54 160
84 160
88 163
106 184
57 317
58 315
59 320
96 360
335 38
420 60
414 81
589 124
593 124
590 144
499 380
501 384
597 332
559 351
559 360
55 160
84 159
89 162
89 163
107 184
56 317
58 314
59 321
96 361
97 361
335 39
421 60
414 82
588 123
594 123
498 379
501 385
598 332
558 350
558 359
558 360
56 160
84 158
89 161
90 163
108 184
55 317
58 313
59 322
96 362
98 361
335 40
422 60
587 122
587 124
595 122
497 378
501 386
599 332
557 349
557 360
558 358
57 160
84 157
89 160
91 163
109 184
54 316
54 317
58 312
59 323
96 363
99 361
423 60
586 121
586 125
594 121
596 121
496 377
496 379
501 387
600 332
600 333
556 348
556 360
58 160
84 156
89 159
92 163
110 184
53 317
54 315
58 311
59 324
96 364
100 361
424 61
585 120
585 126
593 120
597 120
495 376
495 380
501 388
601 332
600 334
556 347
555 361
84 155
89 158
93 163
111 183
52 317
54 314
58 310
59 325
96 365
101 361
425 62
584 119
584 127
592 119
598 119
494 375
494 381
501 389
602 331
602 332
600 335
554 362
84 154
94 163
112 182
51 318
54 313
58 309
96 366
102 361
426 63
584 118
583 128
592 118
599 118
493 374
493 382
501 390
602 330
603 332
600 336
553 362
84 153
95 163
111 181
113 181
51 319
58 308
96 367
427 64
584 117
582 129
600 117
492 373
492 383
501 391
602 329
604 332
600 337
84 152
96 163
110 180
114 180
51 320
58 307
96 368
428 65
584 116
581 128
581 130
601 116
491 372
501 392
602 328
605 332
600 338
84 151
97 163
109 179
115 179
50 321
51 321
58 306
95 369
96 369
429 66
584 115
580 127
490 371
501 393
602 327
606 332
600 339
84 150
98 162
108 178
116 178
49 321
51 322
58 305
94 369
96 370
429 67
584 114
579 126
489 370
501 394
602 326
607 332
600 340
84 149
99 161
107 177
117 177
48 321
51 323
58 304
93 369
96 371
429 68
583 113
578 125
488 369
501 395
608 332
600 341
84 148
100 160
106 176
118 176
47 321
51 324
92 369
96 372
97 372
582 112
577 124
487 368
501 396
502 396
609 332
600 342
84 147
101 159
105 175
46 321
51 325
91 369
96 373
98 372
581 111
576 123
486 367
501 397
503 396
610 332
600 343
84 146
102 158
104 174
45 321
51 326
90 369
96 374
99 372
580 110
575 124
576 122
485 366
487 366
501 398
504 396
611 332
600 344
84 145
103 157
103 173
44 321
51 327
89 369
96 375
100 372
579 109
574 125
484 365
484 367
488 365
501 399
505 396
612 332
600 345
84 144
104 157
43 321
51 328
88 369
96 376
101 372
578 108
573 126
483 364
483 368
489 364
501 400
506 396
506 397
613 332
613 333
600 346
84 143
85 143
105 157
42 321
51 329
87 369
96 377
102 372
102 373
577 107
572 127
482 363
482 369
490 363
501 401
507 396
506 398
614 332
613 334
600 347
83 142
84 142
86 143
106 157
41 321
51 330
86 369
96 378
103 372
102 374
576 106
571 128
481 362
481 370
491 362
500 402
501 402
508 396
506 399
615 332
613 335
600 348
82 142
84 141
87 143
107 157
40 321
85 369
85 370
96 379
104 372
102 375
575 105
570 129
480 362
480 371
492 361
499 402
501 403
509 396
506 400
616 332
613 336
600 349
81 142
84 140
88 143
108 157
39 321
84 369
85 371
96 380
105 372
574 104
569 130
479 362
479 372
493 360
498 402
501 404
510 396
506 401
617 332
613 337
600 350
80 142
84 139
89 143
109 157
38 321
83 369
85 372
96 381
106 372
574 103
568 131
478 362
478 373
493 359
497 402
501 405
511 396
618 332
600 351
79 142
84 138
90 143
110 157
37 321
82 369
85 373
95 382
96 382
107 372
567 132
477 362
477 374
501 406
512 396
619 332
600 352
78 142
78 143
84 137
91 143
111 157
36 321
81 369
85 374
94 382
96 383
108 372
566 133
476 362
476 375
501 407
513 396
620 332
600 353
77 142
78 144
84 136
92 143
35 321
80 369
85 375
96 384
109 372
565 134
475 362
475 376
501 408
514 396
621 332
600 354
76 141
76 142
78 145
93 143
79 369
85 376
96 385
110 372
564 135
474 362
474 377
501 409
515 396
622 332
599 355
601 355
75 142
76 140
78 146
78 369
85 377
96 386
111 371
111 372
563 136
473 362
473 378
501 410
516 395
623 332
598 356
602 356
74 142
76 139
77 369
85 378
96 387
112 370
112 372
562 137
472 362
472 379
501 411
515 394
517 394
624 332
597 357
603 357
73 142
76 138
76 369
97 388
113 369
113 372
561 138
563 138
471 362
471 363
471 380
501 412
514 393
518 393
625 332
596 358
604 358
72 142
75 369
98 389
114 368
114 372
560 139
564 139
470 362
471 364
470 381
501 413
513 392
519 392
519 394
626 332
595 359
605 359
71 142
74 369
99 390
115 367
115 372
559 140
565 140
469 362
471 365
469 382
501 414
512 391
520 391
520 395
627 331
594 360
606 360
70 142
73 369
100 391
116 366
116 372
558 141
566 141
468 362
468 383
501 415
511 390
520 390
521 391
521 396
628 330
593 361
607 359
607 361
69 142
72 369
101 392
117 365
117 372
557 142
567 142
467 362
467 384
501 416
510 389
520 389
522 391
522 397
629 329
629 331
592 362
608 358
608 362
68 142
71 369
71 370
100 393
102 393
116 364
118 364
118 372
556 143
568 143
466 362
466 385
501 417
510 388
520 388
523 391
523 398
630 328
630 332
591 363
593 363
608 357
609 363
67 142
70 368
70 369
71 371
99 394
103 394
115 363
119 363
119 372
555 142
555 144
569 144
465 362
465 386
501 418
502 418
520 387
524 391
523 399
631 327
631 333
590 364
594 364
610 362
610 364
66 142
69 369
70 367
71 372
98 395
104 395
114 362
120 362
120 372
554 141
554 145
570 145
464 362
464 387
501 419
503 418
520 386
525 391
631 326
632 334
589 365
595 365
611 361
611 365
65 142
68 369
70 366
72 373
98 396
105 396
113 361
120 361
121 373
553 140
553 146
571 146
463 362
463 388
501 420
504 418
520 385
526 391
631 325
633 335
588 366
596 366
612 360
612 366
64 142
67 369
70 365
73 374
97 397
106 397
112 360
120 360
122 374
552 139
552 147
572 145
462 362
462 387
462 389
501 421
527 391
631 324
634 336
587 367
613 359
613 367
63 142
66 369
70 364
74 375
96 398
107 398
111 359
119 359
120 359
123 375
551 138
551 148
553 148
573 144
461 362
461 386
461 390
501 422
528 390
528 392
631 323
635 337
586 368
614 358
614 368
62 142
65 368
65 369
70 363
75 376
95 399
108 399
110 358
118 359
120 358
124 376
550 137
550 149
554 149
574 143
460 362
460 385
460 391
501 423
529 389
529 393
631 322
634 338
636 338
585 368
587 369
615 357
615 369
61 141
61 142
64 369
65 367
70 362
76 377
94 400
109 400
120 357
125 377
549 136
549 150
554 150
575 142
459 361
459 362
459 384
459 392
501 424
530 388
530 394
631 321
633 339
637 339
584 368
588 370
616 356
616 370
60 142
61 140
63 369
70 361
77 378
93 401
110 401
120 356
126 378
548 135
548 151
576 141
458 362
459 360
458 383
458 393
460 393
501 425
531 387
531 395
631 320
632 340
638 340
583 369
589 371
617 355
617 371
59 142
61 139
62 369
70 360
77 379
92 402
111 402
120 355
127 378
547 134
547 152
577 140
457 362
459 359
457 382
457 394
461 394
501 426
532 386
532 396
631 319
632 341
639 341
582 370
590 372
618 354
618 372
58 142
61 138
61 369
70 359
77 380
91 401
91 403
112 403
120 354
128 378
546 133
546 153
578 140
456 362
459 358
457 381
462 395
501 427
533 385
533 397
631 318
640 342
581 371
591 373
617 353
619 353
619 373
57 142
61 137
60 369
70 358
90 400
90 404
113 402
113 404
120 353
129 378
545 132
547 132
547 154
579 140
455 361
459 357
463 396
501 428
534 384
534 398
631 317
639 343
641 343
580 370
580 372
592 374
616 352
620 352
620 374
56 142
61 136
59 369
89 399
89 405
114 401
114 405
120 352
130 378
544 131
548 131
547 155
454 360
459 356
464 397
501 429
535 383
535 399
631 316
638 344
641 344
642 342
579 369
579 373
593 375
615 351
621 375
55 142
61 135
58 369
88 398
88 406
115 400
115 406
120 351
543 130
549 130
547 156
453 359
459 355
465 398
500 430
536 382
534 400
536 400
631 315
637 345
643 341
578 368
578 374
614 350
616 350
622 376
54 143
61 134
57 369
87 397
87 407
116 399
116 407
120 350
542 129
542 131
550 129
547 157
452 358
452 360
459 354
464 399
466 399
499 431
533 401
537 401
631 314
636 346
644 340
577 367
577 375
614 349
617 349
623 377
53 144
61 133
56 369
86 396
86 408
117 398
117 408
120 349
541 128
541 132
551 128
547 158
451 357
451 361
459 353
463 400
467 400
498 432
532 402
538 402
631 313
635 347
645 340
576 366
576 376
618 348
624 378
52 145
61 132
55 369
85 395
85 409
118 397
118 409
120 348
540 127
552 127
547 159
450 356
450 362
459 352
462 401
468 401
497 433
531 403
539 401
539 403
631 312
634 348
575 365
575 377
619 347
625 379
51 146
61 131
54 369
84 394
84 410
119 396
119 410
120 347
539 126
553 126
547 160
449 355
450 355
449 363
459 351
462 402
469 402
496 432
496 434
530 404
540 400
540 404
631 311
633 349
575 364
574 378
576 378
620 346
626 380
50 147
53 369
83 393
83 410
119 395
119 411
120 409
119 346
121 346
538 125
554 125
547 161
448 354
448 364
459 350
470 403
495 431
495 435
497 435
529 405
541 399
541 405
631 310
632 350
573 379
577 379
621 345
627 381
49 148
52 369
82 392
82 410
119 394
119 412
121 408
118 345
122 345
537 124
555 124
547 162
447 353
447 365
459 349
471 404
494 430
494 436
498 436
528 406
542 398
542 406
631 309
632 351
572 380
578 380
622 344
628 382
48 149
51 369
81 391
81 410
119 413
122 407
117 344
123 344
536 123
556 123
546 163
547 163
446 352
446 366
459 348
493 429
493 436
499 437
527 407
543 397
543 407
630 308
632 308
571 381
579 381
623 343
629 383
47 150
50 369
80 390
119 414
123 406
116 343
124 343
535 122
557 122
545 163
547 164
445 351
445 367
447 367
459 347
493 428
492 436
500 438
526 408
544 396
544 408
629 307
633 307
570 381
570 382
580 382
628 384
630 384
46 151
49 369
79 389
119 415
124 405
124 407
115 342
125 342
534 121
558 121
544 163
547 165
548 165
444 350
444 368
448 368
459 346
491 436
501 439
525 409
545 395
545 409
628 307
634 306
569 383
581 383
627 385
630 385
45 151
48 369
78 388
119 416
120 416
125 404
125 408
114 341
126 341
533 120
559 120
547 166
549 165
443 349
445 349
443 369
449 369
459 345
490 436
502 440
524 410
546 394
546 410
627 307
635 305
568 384
582 384
627 386
630 386
44 151
47 369
77 389
119 417
121 416
126 403
113 340
127 340
532 119
560 119
547 167
550 165
442 348
446 348
442 370
449 370
459 344
489 436
547 393
545 411
547 410
626 307
636 305
567 385
583 385
626 387
630 387
43 151
46 369
46 370
76 390
119 418
122 416
127 402
112 339
128 339
531 118
561 118
547 168
551 165
441 348
446 347
441 369
441 371
459 343
488 436
548 392
544 412
625 307
637 305
566 386
584 386
625 388
630 388
42 151
45 369
46 371
75 391
119 419
123 416
128 401
112 338
129 339
530 117
562 117
547 169
552 165
440 348
440 368
440 372
459 342
487 436
549 391
543 413
624 307
638 305
565 387
585 387
624 389
630 389
41 151
44 369
45 372
74 392
119 420
124 416
129 400
113 337
130 339
529 117
563 116
547 170
553 165
439 348
439 367
439 373
459 341
486 436
550 390
542 414
623 307
639 305
564 387
566 388
586 388
623 390
630 390
40 151
43 368
43 369
44 373
73 393
119 421
125 416
130 399
114 336
131 339
528 117
564 115
547 171
554 165
438 348
439 366
438 374
459 340
485 436
550 389
541 415
622 307
640 305
567 389
587 389
622 391
630 391
39 151
42 369
44 367
43 374
72 394
119 422
126 416
131 398
114 335
132 339
527 116
547 172
555 165
437 349
438 375
459 339
484 435
540 416
621 307
641 305
568 390
588 390
621 392
630 392
38 151
41 369
45 366
43 375
71 395
119 423
127 416
132 397
114 334
133 339
526 115
556 165
436 350
437 376
459 338
483 434
539 417
620 307
642 305
569 391
587 391
589 391
620 393
630 393
40 369
46 365
43 376
70 396
119 424
128 416
128 417
133 396
114 333
115 333
134 339
525 114
527 114
435 351
436 377
459 337
482 433
538 418
540 418
619 307
643 305
570 392
586 392
590 392
619 394
630 394
39 369
47 364
43 377
69 397
118 425
119 425
129 416
134 395
114 332
116 333
135 339
524 113
528 113
434 352
435 378
459 336
481 432
537 419
541 419
618 307
644 305
571 393
585 393
591 393
618 395
630 395
38 369
48 363
43 378
68 398
117 425
119 426
130 416
135 395
114 331
117 333
523 112
529 112
433 351
433 353
434 379
459 335
480 431
536 420
540 420
542 420
617 307
645 305
571 394
584 394
592 394
617 396
630 396
631 396
37 369
49 362
67 399
116 425
119 427
131 416
136 395
114 330
118 333
522 111
530 111
432 350
432 354
434 354
433 380
459 334
479 430
535 421
540 421
543 421
616 307
583 395
592 395
630 397
632 396
36 369
50 361
66 400
115 425
119 428
132 416
137 395
114 329
119 333
521 110
531 110
431 349
431 355
435 355
432 381
459 333
478 429
534 422
544 422
615 307
582 396
630 398
633 396
35 369
49 360
51 360
65 401
114 425
119 429
133 416
138 395
114 328
520 109
532 109
430 348
430 355
436 356
431 381
459 332
477 428
533 423
545 423
614 306
630 399
634 396
34 369
48 359
51 359
64 402
113 425
119 430
134 416
139 395
519 108
533 108
429 347
429 355
436 357
430 381
459 331
476 427
532 424
534 424
546 424
613 305
630 400
635 396
33 369
47 358
51 358
63 403
112 425
119 431
135 416
140 394
518 107
534 107
428 346
428 355
429 381
459 330
475 426
475 428
531 425
535 425
547 425
612 304
630 401
636 396
32 368
32 369
46 357
51 357
62 404
111 425
119 432
136 416
141 393
517 106
535 106
428 345
427 355
428 381
459 329
474 425
474 429
531 426
536 426
548 426
611 303
630 402
31 369
32 367
45 356
51 356
61 404
110 425
119 433
137 416
142 392
517 105
536 105
427 381
459 328
473 424
473 430
531 427
537 427
549 427
610 302
630 403
30 369
32 366
44 355
51 355
60 404
109 425
118 434
138 416
142 391
143 393
459 327
473 423
472 431
531 428
538 428
550 428
609 301
630 404
29 369
43 354
51 354
59 404
108 425
117 435
119 435
139 416
142 390
144 394
459 326
473 422
471 432
531 429
539 429
550 429
608 300
630 405
28 369
42 353
51 353
58 404
107 425
116 436
120 436
140 416
140 417
142 389
145 395
459 325
473 421
470 433
530 430
607 299
607 301
630 406
27 369
41 352
51 352
106 425
115 437
121 437
141 416
140 418
142 388
146 395
459 324
474 420
469 434
529 431
606 298
608 298
606 302
630 407
26 369
40 351
105 425
114 437
115 438
122 438
142 416
142 387
147 395
459 323
474 419
468 435
529 432
605 297
609 297
605 303
629 408
631 408
25 369
39 350
104 425
113 437
115 439
123 439
143 416
148 395
459 322
474 418
467 434
468 436
529 433
604 296
609 296
604 304
628 409
632 409
24 369
38 349
103 425
112 437
115 440
124 440
144 416
149 394
149 395
458 321
460 321
474 417
466 433
467 437
529 434
603 295
627 410
633 410
23 369
23 370
37 348
102 425
111 437
115 441
125 439
125 441
145 416
150 395
457 320
461 320
474 416
465 432
467 438
529 435
602 294
626 411
634 411
22 369
23 371
36 347
101 425
110 437
115 442
126 438
146 416
151 395
456 319
462 319
474 415
464 431
464 433
467 439
529 436
601 293
625 412
634 412
21 369
23 372
35 346
100 425
109 437
127 437
147 416
152 395
455 318
463 319
474 414
463 430
463 434
467 440
529 437
600 292
600 293
624 413
634 413
20 369
23 373
34 345
108 437
128 436
148 416
153 395
454 317
464 319
474 413
462 429
462 435
467 441
529 438
599 293
600 291
623 414
634 414
19 369
23 374
33 346
107 438
129 435
149 416
154 395
453 316
465 319
461 428
461 436
467 442
529 439
598 294
600 290
622 415
634 415
18 369
23 375
32 347
106 439
130 434
150 416
155 395
155 396
452 315
466 319
460 427
460 437
467 443
529 440
597 293
597 295
600 289
621 416
634 416
17 369
23 376
31 348
105 440
131 433
151 417
156 395
155 397
451 314
451 316
453 314
467 319
459 426
459 438
467 444
596 292
596 296
600 288
620 417
634 417
635 417
16 369
23 377
30 349
105 441
131 432
150 418
152 418
157 395
155 398
450 313
450 317
454 313
468 319
458 425
458 439
595 291
595 297
600 287
619 418
634 418
636 417
15 369
29 349
105 442
149 419
153 419
158 395
155 399
449 312
449 318
455 312
469 319
457 424
457 440
594 290
594 298
600 286
618 419
634 419
637 417
28 349
148 420
154 420
159 395
155 400
448 311
448 319
456 311
470 319
456 423
456 441
593 289
593 299
600 285
617 420
638 417
27 349
147 421
155 421
160 395
155 401
447 310
447 320
471 319
455 422
592 288
592 300
600 284
616 421
639 417
26 348
26 349
146 422
156 422
155 402
446 309
446 321
472 319
454 422
456 421
591 287
591 301
600 283
615 422
640 417
25 349
26 347
25 350
145 423
157 423
155 403
445 308
447 308
445 322
473 319
457 420
590 286
590 302
600 282
614 423
641 417
24 349
26 346
25 351
144 424
158 424
156 404
444 307
448 307
444 323
474 319
458 419
589 285
589 303
600 281
613 424
23 349
26 345
25 352
143 425
157 425
159 425
157 405
443 306
443 308
449 306
443 324
475 319
458 418
588 284
588 303
600 280
612 425
22 349
25 353
142 426
156 426
160 426
158 406
442 305
442 309
450 305
442 325
444 325
476 319
458 417
587 283
587 303
600 279
611 426
21 349
25 354
142 427
155 427
161 427
159 407
441 304
441 310
451 304
441 326
445 326
477 318
477 320
458 416
586 282
586 303
600 278
610 427
20 349
25 355
154 428
162 428
160 408
440 303
442 303
440 311
452 303
452 305
440 327
446 327
478 317
477 321
458 415
585 281
585 303
600 277
609 428
19 349
154 429
163 428
160 409
161 407
439 302
443 302
453 302
439 328
447 328
479 316
477 322
458 414
584 280
584 303
600 276
608 429
18 349
153 430
164 428
162 406
438 301
454 301
438 327
439 329
448 329
480 315
477 323
458 413
583 279
583 303
600 275
607 429
17 349
152 431
165 428
163 405
438 300
453 300
455 300
437 326
481 314
477 324
582 278
582 303
600 274
606 429
16 348
151 432
166 428
166 429
164 405
438 299
452 299
456 299
436 325
482 313
477 325
581 277
583 277
581 303
600 273
605 429
16 347
150 433
167 428
166 430
165 405
438 298
451 298
457 298
435 324
483 312
477 326
580 276
584 276
580 303
600 272
601 272
604 429
16 346
150 434
168 427
168 428
166 431
166 405
438 297
450 297
457 297
434 323
484 311
477 327
580 275
585 275
600 271
602 272
603 428
603 430
16 345
150 435
168 426
169 428
166 432
438 296
449 296
458 296
433 322
433 324
485 310
485 312
477 328
579 274
586 274
603 272
602 427
602 431
16 344
150 436
168 425
170 428
166 433
438 295
448 295
459 295
432 321
432 325
486 309
486 313
578 273
587 273
604 272
601 426
601 432
16 343
150 437
168 424
171 428
166 434
438 294
447 294
460 294
431 320
431 326
487 308
487 314
577 272
588 272
605 272
600 425
600 433
16 342
168 423
172 428
166 435
438 293
447 293
461 293
430 319
430 327
488 307
488 315
576 271
589 271
606 272
599 424
599 434
16 341
168 422
173 428
438 292
462 292
429 319
430 328
488 306
489 316
575 270
590 270
607 272
598 424
598 435
16 340
168 421
174 428
438 291
463 291
488 305
490 317
574 269
590 269
608 272
597 424
597 436
599 436
16 339
175 428
438 290
464 290
488 304
573 268
575 268
609 272
596 424
596 437
600 437
176 428
438 289
465 289
488 303
572 267
576 267
610 272
595 424
595 438
177 428
438 288
466 288
488 302
571 267
577 266
611 272
594 423
594 424
594 439
596 439
178 428
438 287
467 287
578 265
612 272
593 424
594 422
593 440
597 440
179 428
438 286
468 286
579 264
613 272
592 424
593 441
598 441
180 428
438 285
468 285
580 263
614 272
591 424
593 442
599 442
181 428
438 284
468 284
469 284
581 262
615 272
590 424
593 443
600 443
182 429
438 283
468 283
470 284
580 261
616 272
589 424
593 444
601 444
183 430
438 282
468 282
471 284
579 260
617 272
588 424
593 445
602 445
184 430
438 281
467 281
468 281
472 284
578 259
618 272
587 424
593 446
185 430
438 280
468 280
473 284
577 258
619 272
586 424
186 430
438 279
468 279
474 284
576 257
585 424
187 430
438 278
468 278
475 284
575 256
584 424
188 430
438 277
468 277
476 284
574 255
583 423
189 430
438 276
468 276
573 254
582 422
190 430
438 275
468 275
573 253
581 421
581 423
438 274
468 274
573 252
580 420
580 424
438 273
468 273
573 251
579 419
579 425
438 272
468 272
573 250
578 418
578 426
438 271
577 417
577 427
438 270
576 417
576 428
438 269
575 417
575 429
438 268
574 417
574 430
438 267
573 431
438 266
572 432
438 265
571 433
437 264
570 434
436 263
569 435
435 262
569 436
434 261
434 263
433 260
433 264
432 259
432 265
431 258
431 266
430 257
430 267
429 257
429 268
428 257
428 269
427 257
427 270
426 271
425 272
424 273
423 274
422 275
421 276
421 277
847
336 261
316 276
328 290
331 242
344 241
337 293
345 291
293 288
302 302
355 230
320 303
332 312
377 244
376 278
351 316
354 307
301 311
307 260
357 325
373 216
304 320
346 328
367 328
306 329
392 226
269 261
335 335
394 237
288 248
397 300
308 249
376 325
371 341
298 245
312 238
301 338
384 337
268 231
306 349
401 249
249 247
321 235
293 331
384 329
261 301
395 358
364 359
396 325
421 234
359 345
308 360
316 358
370 180
239 286
269 219
377 365
415 218
358 367
414 256
351 358
235 223
236 261
273 307
350 369
405 335
395 370
320 364
432 235
299 361
230 305
314 371
410 373
327 347
327 359
275 319
399 340
424 225
230 209
242 211
342 355
388 376
440 231
308 376
381 170
415 343
364 169
409 381
230 236
331 367
370 161
220 317
315 381
429 214
247 200
288 303
341 347
373 155
389 174
238 197
216 331
299 373
443 223
363 160
246 330
417 331
353 164
234 336
303 386
323 373
447 242
325 382
397 182
432 206
213 221
330 378
398 397
247 187
262 194
254 330
386 143
435 198
210 344
427 197
447 206
223 346
258 338
342 177
341 153
406 190
348 145
264 178
207 312
335 388
359 143
248 177
272 177
196 318
195 330
399 408
467 226
235 188
266 354
417 192
198 355
394 199
428 186
191 215
333 179
256 351
415 189
266 170
452 189
188 348
468 243
229 168
253 359
462 198
283 192
185 313
353 397
403 419
325 181
437 178
191 204
243 163
247 362
268 363
279 340
199 367
346 405
354 405
221 168
229 160
268 160
281 362
282 351
244 370
304 421
258 157
273 201
463 209
284 202
264 372
316 181
334 189
180 207
250 155
294 195
184 301
294 204
239 354
343 412
184 234
214 159
283 153
179 326
365 397
181 193
296 158
248 352
289 357
352 383
330 198
479 187
291 415
441 163
249 379
466 217
173 201
216 180
427 161
195 188
302 169
186 292
198 381
268 381
371 389
453 170
493 240
196 196
207 149
294 214
457 156
278 385
328 208
222 145
281 217
224 185
304 218
186 377
339 209
421 153
286 404
485 238
199 162
207 190
177 287
447 151
203 137
198 147
212 137
208 387
279 426
193 177
205 180
204 392
323 424
464 164
481 246
195 137
303 137
315 166
255 389
504 221
513 232
266 395
285 376
162 202
276 402
288 396
233 130
157 224
299 129
212 392
413 142
167 277
168 291
218 379
198 271
338 429
189 362
180 392
307 456
334 415
436 152
191 124
201 124
197 404
437 142
201 286
192 393
221 389
513 243
524 233
145 209
183 150
231 122
263 407
503 208
518 220
154 191
300 121
167 360
242 402
182 128
175 299
218 127
207 277
147 201
178 354
299 460
148 225
178 116
178 138
246 116
145 193
215 115
256 402
144 185
176 259
296 448
516 212
158 373
535 255
311 124
186 163
224 113
158 346
292 460
356 431
147 234
169 345
290 470
136 191
153 182
170 251
169 379
311 478
515 204
227 105
183 104
240 104
220 249
291 438
514 254
299 103
311 132
410 119
260 140
222 273
156 383
513 265
136 170
162 248
229 428
363 422
546 256
147 349
538 240
121 208
135 235
160 167
247 145
227 258
355 443
115 215
126 189
134 201
199 432
406 109
293 95
197 419
280 439
322 485
244 136
236 418
510 187
503 272
522 272
552 236
154 330
372 421
310 108
231 436
502 258
169 177
303 91
312 93
557 258
223 439
170 167
326 147
513 278
150 160
127 156
404 99
277 119
318 499
380 433
368 456
394 98
281 105
521 181
144 108
262 116
503 168
102 217
112 227
289 81
180 180
166 329
428 113
245 436
308 497
420 103
127 247
514 289
162 145
136 259
161 311
383 422
391 435
524 172
92 216
121 237
146 271
492 158
536 288
107 238
120 253
503 155
325 115
549 211
549 222
390 447
165 136
131 125
399 445
583 234
336 108
156 272
483 160
110 262
537 300
145 283
315 82
342 76
378 481
480 169
492 170
541 201
120 131
75 214
133 286
339 117
492 142
409 457
505 143
576 197
411 443
308 72
472 166
491 150
401 430
414 430
111 135
341 125
121 141
337 57
354 112
400 492
414 493
77 224
544 188
595 220
534 311
419 444
70 226
310 53
363 482
421 468
516 152
118 293
307 80
478 144
301 51
299 81
359 51
395 422
604 204
116 283
478 135
519 135
550 320
118 302
103 144
360 490
404 500
65 231
84 223
101 131
422 498
85 232
546 180
557 192
372 503
55 230
293 45
428 421
355 498
537 178
319 45
361 125
354 97
498 116
320 56
365 469
613 229
352 468
109 273
468 137
530 191
49 216
471 116
68 241
540 171
601 171
604 237
517 318
373 47
374 119
619 176
425 407
358 511
544 339
109 292
430 410
617 168
514 301
52 203
115 317
97 315
371 70
59 242
96 286
95 296
627 162
627 176
619 194
626 246
39 209
76 251
628 195
60 252
347 510
72 205
534 331
374 35
380 66
353 522
504 323
534 342
388 59
591 253
530 332
86 305
625 203
636 192
40 218
86 284
358 19
62 261
70 256
131 322
89 250
617 206
44 185
59 183
83 183
76 265
88 331
397 49
398 59
611 147
21 183
87 194
645 198
29 183
20 215
55 193
70 264
20 192
76 285
607 156
634 203
100 340
648 165
46 176
621 140
567 347
33 175
516 363
537 369
75 322
602 147
90 264
334 25
409 70
512 373
522 373
542 361
578 322
52 172
75 342
99 200
567 355
34 166
48 166
100 183
514 353
585 340
504 352
502 361
502 370
569 317
590 144
414 82
335 40
558 358
423 60
556 360
58 160
110 184
556 347
89 158
52 317
59 325
54 313
102 361
592 118
553 362
492 383
581 130
601 116
97 163
584 114
602 326
58 304
429 68
118 176
576 122
103 173
44 321
51 330
102 375
506 401
613 337
574 103
493 359
497 402
111 157
94 382
84 136
35 321
600 354
93 143
515 396
78 146
111 371
85 378
96 387
76 138
626 332
471 365
510 388
608 357
523 399
71 372
120 372
98 396
571 146
504 418
520 385
596 366
527 391
110 358
118 359
65 367
554 150
584 368
457 394
632 341
77 380
546 133
546 153
456 362
457 381
70 358
579 140
620 352
114 401
130 378
501 429
641 344
593 375
55 142
536 382
614 349
541 132
645 340
61 131
54 369
120 347
450 355
462 402
575 364
119 394
471 404
631 309
632 351
81 410
556 123
623 343
493 428
570 381
544 163
78 388
125 408
502 440
524 410
627 386
449 370
547 410
446 347
46 371
112 338
564 387
43 368
528 117
564 115
438 348
439 366
485 436
550 389
547 172
438 375
38 151
556 165
128 417
135 339
43 378
645 305
571 394
617 396
540 421
592 395
50 361
119 333
615 307
582 396
114 328
139 395
436 357
636 396
428 345
427 355
119 433
517 105
536 105
427 381
32 366
109 425
531 429
539 429
550 429
58 404
473 421
51 352
140 418
630 407
142 387
459 322
468 436
609 296
604 304
149 394
125 441
115 442
100 425
34 345
108 437
474 413
599 293
150 416
529 440
467 444
23 377
131 432
15 369
105 442
634 419
456 311
456 441
160 395
454 422
155 403
641 417
26 345
476 319
142 427
25 355
440 311
452 305
154 429
160 409
443 302
439 329
448 329
458 413
17 349
580 303
604 429
166 405
457 297
580 275
600 271
477 328
150 437
438 294
166 435
447 293
429 319
430 328
168 421
490 317
590 269
16 339
600 437
488 302
571 267
594 422
181 428
581 262
602 445
467 281
593 446
619 272
584 424
476 284
190 430
468 272
573 250
574 417
438 265
569 436
427 257
421 277
