213
334 269
335 268
336 267
337 266
338 265
339 264
340 263
341 262
342 261
343 260
344 259
345 258
346 257
347 256
348 255
349 254
350 253
351 252
352 251
353 250
354 249
355 248
356 247
357 246
358 245
359 244
360 243
361 242
362 241
363 240
364 239
365 238
366 237
367 236
368 235
369 234
370 233
371 232
372 231
373 230
374 229
375 228
376 227
377 226
378 225
379 224
380 223
381 222
382 221
383 220
384 219
385 218
386 217
387 216
388 215
389 214
390 213
391 212
392 211
393 210
394 209
395 208
396 207
397 206
398 205
399 204
400 203
401 202
402 201
403 200
404 199
405 198
406 197
407 196
408 195
409 194
410 193
411 192
412 191
413 190
414 189
415 188
416 187
417 186
418 185
419 184
420 183
421 182
422 181
423 180
424 179
425 178
426 177
427 176
428 175
429 174
430 173
431 172
432 171
433 170
434 169
435 168
436 167
437 166
438 165
439 164
440 163
441 162
442 161
443 160
444 159
445 158
446 157
447 156
448 155
449 154
450 153
451 152
452 151
453 150
454 149
455 148
456 147
457 146
458 145
459 144
460 143
461 142
462 141
463 140
464 139
465 138
466 137
467 136
468 135
469 134
470 133
471 132
472 131
473 130
474 129
475 128
476 127
477 126
478 125
479 124
480 123
481 122
482 121
483 120
484 119
485 118
486 117
487 116
488 115
489 114
490 113
491 112
492 111
493 110
494 109
495 108
496 107
497 106
498 105
499 104
500 103
501 102
502 101
503 100
504 99
505 98
506 97
507 96
508 95
509 94
510 93
511 92
512 91
513 90
514 90
515 91
516 92
517 93
518 94
519 95
520 96
521 97
522 98
523 99
524 100
525 101
526 102
527 103
528 104
529 105
530 106
531 107
532 108
533 109
534 110
535 111
536 112
537 113
538 114
539 115
540 116
541 117
542 118
543 119
544 120
545 121
546 122
1
546 122
