3115
278 203
280 201
280 203
277 204
281 200
281 204
276 205
278 205
282 199
282 205
275 206
279 206
283 198
283 206
274 207
279 207
284 197
284 207
273 208
285 196
285 208
272 209
286 195
286 209
271 210
287 194
287 210
270 211
288 193
288 211
269 212
289 192
289 212
268 213
290 191
290 213
267 214
291 190
291 214
266 215
292 189
290 215
292 215
265 216
293 188
289 216
293 216
264 217
294 187
294 217
263 216
263 218
265 218
295 186
295 218
262 215
262 219
266 219
296 185
296 219
261 214
261 220
267 220
297 184
297 220
260 213
260 221
268 221
298 183
298 185
298 219
298 221
259 212
259 222
269 222
299 182
299 186
299 218
299 222
258 211
258 223
270 223
300 181
300 187
300 217
300 223
258 210
257 224
271 224
301 180
301 188
301 216
301 224
256 225
272 225
302 179
302 189
302 215
302 225
255 226
273 226
303 178
303 190
303 214
303 226
254 227
274 227
304 177
304 191
304 213
304 227
253 228
275 228
305 176
304 192
305 212
303 228
305 228
252 229
306 175
305 211
302 229
306 229
251 230
307 174
302 230
307 230
250 229
250 231
308 173
308 231
249 228
249 232
309 172
309 232
248 227
248 233
308 171
310 171
310 233
247 226
247 232
247 234
307 170
311 170
311 234
246 225
246 235
306 169
312 169
310 235
312 235
245 224
245 236
305 168
313 168
309 236
313 236
244 223
244 237
304 167
314 167
308 237
314 237
243 222
243 238
304 166
315 166
307 238
315 238
242 221
242 239
316 165
316 167
306 239
316 237
316 239
241 220
241 240
317 164
317 168
305 240
317 236
317 240
240 219
240 241
318 163
318 169
304 241
318 235
318 241
239 218
239 242
241 242
319 162
319 170
303 242
319 234
319 242
238 217
238 243
242 243
318 161
320 161
320 171
302 243
320 233
320 243
237 216
237 218
237 244
243 244
317 160
321 160
321 172
301 244
321 232
321 244
236 215
236 219
236 245
244 245
316 159
322 159
322 173
300 245
322 231
322 245
235 214
235 220
235 246
245 246
315 158
323 158
323 160
323 174
299 246
301 246
323 230
323 246
234 213
234 221
234 247
246 247
314 157
324 157
323 161
324 175
298 247
302 247
324 229
324 247
233 212
235 212
233 222
233 248
247 248
313 156
325 156
325 176
297 246
297 248
303 248
325 228
325 248
232 211
236 211
232 223
232 249
248 249
312 155
326 155
326 177
296 245
296 249
304 249
326 227
324 249
326 247
326 249
231 210
237 210
231 224
231 250
249 250
311 154
327 154
327 178
295 244
295 250
305 250
325 226
327 226
323 250
327 246
327 250
230 209
238 209
230 225
230 251
250 251
310 153
328 153
328 179
294 243
294 251
306 251
324 225
328 225
322 251
328 245
328 251
229 208
239 208
229 226
229 252
251 252
309 152
329 152
329 180
293 242
293 252
307 252
324 224
329 224
321 252
329 244
329 252
228 207
240 207
228 227
228 253
252 253
308 151
330 151
330 181
292 241
292 253
330 223
320 253
329 243
330 253
227 206
241 206
227 228
227 254
253 254
307 150
331 150
330 182
331 180
291 240
291 254
331 222
319 254
331 254
226 205
242 205
226 228
227 229
226 255
252 255
254 255
306 149
332 149
332 179
290 239
290 255
332 221
318 255
332 255
225 204
225 228
225 254
225 256
251 256
255 256
305 148
332 148
333 150
333 178
289 256
333 220
333 256
224 203
224 228
224 253
224 257
250 257
255 257
256 255
304 147
332 147
334 151
334 178
288 257
334 219
334 221
334 257
223 202
223 228
224 252
223 258
249 258
257 254
303 146
332 146
335 152
335 178
288 258
335 218
335 222
335 258
222 201
222 228
222 259
248 259
258 253
304 145
332 145
336 153
336 178
288 259
336 217
336 223
336 259
221 200
221 228
221 260
247 260
259 252
305 144
332 144
337 154
337 178
288 260
337 216
337 224
337 258
337 260
220 199
220 228
220 261
246 261
260 251
306 143
332 143
338 155
338 178
288 261
338 215
338 225
338 257
336 261
338 260
219 198
219 228
219 262
245 262
261 250
261 252
307 142
332 142
339 156
339 178
288 262
337 214
339 214
339 226
339 256
335 262
339 260
218 197
218 228
218 263
244 263
262 249
262 253
308 141
331 141
332 141
340 155
340 157
340 178
288 263
336 213
340 213
340 227
340 255
334 263
340 260
217 196
217 228
217 264
243 264
263 248
263 254
309 140
330 141
332 140
341 154
341 157
341 178
288 264
335 212
341 228
333 264
341 260
216 228
216 265
264 247
264 255
309 139
329 141
332 139
342 153
342 157
342 178
288 265
334 211
342 229
332 265
342 260
215 228
215 266
265 246
265 256
309 138
332 138
343 152
343 157
343 178
288 266
333 210
343 230
331 266
343 260
214 228
214 265
214 267
266 245
266 257
309 137
332 137
344 151
344 178
288 267
332 209
334 209
344 231
330 267
344 259
344 260
213 228
213 264
213 268
267 244
267 258
309 136
332 136
345 150
345 178
288 268
331 208
335 208
345 232
329 268
330 268
344 258
345 260
212 228
212 263
212 269
268 244
268 259
309 135
332 135
346 149
346 178
330 207
336 207
328 269
344 257
346 260
211 228
211 262
211 270
269 244
269 260
309 134
332 134
347 148
347 150
347 178
329 206
337 206
327 270
344 256
347 260
210 228
210 261
210 271
270 261
309 133
332 133
348 147
348 151
348 178
328 205
338 205
326 271
344 255
348 260
209 228
209 260
209 272
271 262
309 132
332 132
349 146
349 152
349 178
327 204
339 204
325 272
344 254
349 260
208 228
208 259
208 273
272 263
309 131
332 131
350 145
350 153
326 203
340 203
324 273
344 253
350 260
207 228
207 258
207 274
273 264
309 130
332 130
351 144
351 154
326 202
341 202
323 274
351 260
206 228
206 257
206 275
274 265
309 129
332 129
352 143
352 155
342 201
322 275
352 260
205 228
205 256
205 276
309 128
332 128
353 142
353 156
343 200
321 274
322 276
353 260
204 228
204 255
204 277
309 127
332 127
354 141
354 157
344 199
344 201
320 273
322 277
354 260
203 228
203 254
203 278
309 126
332 126
345 198
345 202
319 273
322 278
355 260
202 228
202 253
202 279
332 125
346 197
346 203
318 273
322 279
356 260
201 228
201 252
201 280
332 124
347 196
347 204
317 273
322 280
357 260
200 228
200 251
200 281
332 123
348 195
348 205
316 273
322 281
358 260
199 228
199 250
199 282
332 122
349 206
315 273
322 282
359 259
359 260
198 228
198 249
198 283
332 121
350 207
314 273
322 283
359 258
360 260
197 228
197 284
332 120
351 208
313 273
322 284
359 257
361 260
196 228
196 285
332 119
352 209
312 273
322 285
359 256
362 260
195 228
195 286
197 286
332 118
353 210
311 273
322 286
359 255
363 260
194 228
194 287
198 287
332 117
354 211
310 273
322 287
364 260
193 228
193 288
199 288
332 116
309 273
322 288
365 260
192 228
192 289
200 289
332 115
308 273
322 289
366 260
191 290
201 290
332 114
307 274
322 290
367 260
190 291
202 291
332 113
306 275
323 291
368 260
189 292
203 292
332 112
305 276
324 292
369 260
188 293
204 293
332 111
304 277
324 293
370 260
187 294
205 294
332 110
303 278
324 294
371 260
186 295
206 295
332 109
302 279
324 295
372 260
185 296
207 296
332 108
301 280
324 296
373 259
373 260
184 297
208 297
332 107
300 281
324 297
373 258
374 260
183 298
209 298
333 106
299 282
324 298
373 257
375 260
182 297
182 299
210 299
334 105
298 283
324 299
373 256
376 260
181 296
181 300
211 300
335 104
297 284
324 300
373 255
377 260
180 295
180 301
212 301
336 103
296 285
298 285
324 301
373 254
378 260
179 294
179 302
213 302
335 102
337 103
295 286
299 286
373 253
379 260
379 261
178 293
178 303
214 303
334 101
338 103
294 287
300 287
373 252
380 260
379 262
177 292
177 304
213 304
215 304
333 100
339 103
293 288
301 288
373 251
381 260
379 263
176 291
176 305
212 305
216 305
333 99
340 103
292 288
302 289
373 250
382 260
379 264
175 290
176 306
211 306
217 306
333 98
341 103
291 288
303 290
373 249
383 260
174 289
176 307
210 307
218 307
333 97
342 103
290 288
304 291
373 248
384 260
173 288
176 308
209 308
219 308
333 96
343 103
289 288
305 292
373 247
385 260
172 287
176 309
208 309
220 309
333 95
344 103
288 289
306 293
373 246
386 260
171 286
176 310
207 310
221 310
333 94
345 103
287 290
306 294
373 245
387 260
170 285
176 311
206 311
222 311
333 93
346 103
286 291
373 244
388 260
169 284
176 312
205 312
223 312
333 92
347 103
285 291
389 260
168 283
176 313
204 313
224 313
348 103
284 291
390 260
167 282
176 314
203 314
225 314
349 103
283 291
391 260
166 281
176 315
202 315
226 315
350 103
392 260
392 261
165 280
176 316
201 316
227 316
351 103
393 260
392 262
164 279
176 317
177 317
200 317
228 317
352 103
394 260
392 263
163 278
176 318
178 317
199 318
229 318
353 103
353 104
395 260
392 264
162 277
176 319
199 319
228 319
230 319
354 103
353 105
396 259
396 260
392 265
161 276
176 320
227 320
231 320
353 106
396 258
397 260
392 266
160 275
176 321
226 321
232 321
353 107
396 257
398 260
392 267
159 274
176 322
225 322
233 322
353 108
396 256
399 260
158 273
176 323
224 323
234 323
353 109
396 255
400 260
157 272
176 324
223 324
235 324
353 110
396 254
401 260
156 271
176 325
222 325
236 325
353 111
396 253
402 260
155 270
176 326
221 326
237 324
237 326
353 112
396 252
403 260
154 269
156 269
176 327
238 323
238 327
353 113
396 251
404 260
153 268
157 268
176 328
239 322
239 328
353 114
396 250
405 260
152 267
158 267
176 329
240 321
238 329
240 329
353 115
406 260
151 266
159 266
176 330
241 320
237 330
241 330
353 116
407 260
407 261
150 265
160 265
176 331
242 319
236 331
242 331
353 117
408 260
407 262
149 264
161 264
176 332
243 318
235 332
242 332
353 118
409 260
407 263
148 263
162 263
176 333
244 317
234 333
353 119
410 260
407 264
147 262
163 262
176 334
245 316
233 334
411 260
407 265
146 261
164 261
176 335
246 315
232 335
412 260
407 266
145 260
165 260
176 336
247 314
231 336
413 260
407 267
144 259
166 259
176 337
248 313
230 337
414 260
407 268
143 258
167 258
176 338
249 312
229 338
415 260
142 257
168 257
177 339
250 311
228 339
230 339
416 260
141 256
169 256
178 340
251 310
227 340
231 340
417 259
417 260
140 255
170 255
179 340
252 309
226 341
232 341
417 258
418 260
139 254
171 254
180 340
252 308
253 310
225 342
233 342
417 257
419 260
138 253
172 253
181 340
253 307
254 311
224 343
234 343
417 256
420 260
137 252
173 252
182 340
254 306
255 312
223 344
235 344
417 255
421 260
136 251
174 251
183 340
255 305
256 313
222 345
236 345
417 254
422 260
135 250
175 250
184 340
256 304
257 314
221 346
237 346
417 253
423 260
134 249
176 249
185 340
257 303
258 315
221 347
238 347
417 252
424 260
133 248
177 249
186 340
258 302
259 316
239 348
417 251
425 260
132 247
178 249
187 340
259 301
260 317
240 349
426 260
131 246
179 249
188 340
260 300
261 318
239 350
241 350
427 260
130 245
132 245
180 249
189 340
261 299
262 319
238 351
242 351
428 260
129 244
133 244
181 249
190 340
260 298
262 298
263 320
237 352
243 352
429 260
429 261
128 243
134 243
191 340
259 297
263 297
263 299
264 321
236 353
244 353
430 260
429 262
127 242
128 242
135 242
192 340
258 296
264 296
264 300
263 322
265 322
235 354
245 352
245 354
431 260
429 263
126 241
136 241
193 340
257 295
265 295
265 301
266 323
234 355
246 351
246 355
432 260
429 264
125 240
137 240
194 340
256 294
266 294
266 302
267 324
233 356
247 350
247 356
433 260
429 265
124 239
138 239
195 340
255 293
267 293
268 325
232 357
248 349
248 357
434 260
429 266
123 238
139 238
139 240
196 340
196 341
254 292
267 292
269 326
232 358
249 348
249 358
435 259
435 260
429 267
122 237
140 237
140 241
197 340
196 342
253 291
267 291
270 327
250 347
250 359
435 258
436 260
429 268
121 236
141 236
141 242
196 343
252 290
267 290
269 328
271 326
271 328
251 346
251 360
435 257
437 260
429 269
120 235
142 235
142 243
196 344
251 289
267 289
269 329
272 325
272 329
252 345
252 361
435 256
438 260
429 270
119 234
143 234
143 244
196 345
250 288
267 288
273 324
273 330
253 344
252 362
435 255
439 260
429 271
118 233
144 233
144 245
196 346
249 287
267 287
274 323
274 331
254 343
435 254
440 260
117 232
119 232
145 232
196 347
267 286
275 322
275 332
435 253
441 260
116 231
120 231
146 231
196 348
267 285
276 321
276 333
435 252
442 260
115 230
121 230
147 230
196 349
267 284
277 320
277 334
435 251
443 260
114 229
122 229
148 229
196 350
278 319
278 335
435 250
444 260
113 228
123 228
149 228
196 351
277 318
279 318
279 336
435 249
445 260
112 227
124 227
150 227
196 352
276 317
280 317
280 335
280 337
435 248
446 260
111 226
111 228
125 226
151 226
275 316
281 316
281 334
281 338
447 260
110 225
110 229
126 225
152 225
274 315
282 315
282 333
282 339
448 260
109 224
109 230
127 224
153 224
274 314
283 314
283 332
283 340
449 260
108 223
108 231
128 223
154 223
284 313
283 331
282 341
284 341
450 260
107 222
107 232
129 222
153 222
155 222
285 312
281 342
285 342
451 260
106 221
106 233
130 221
152 221
156 221
286 311
280 343
286 343
452 260
105 220
105 234
131 220
152 220
157 220
287 310
279 344
287 344
453 260
104 219
104 235
131 219
158 219
287 309
278 345
288 345
454 260
103 218
103 236
159 218
277 346
289 346
455 260
102 217
102 237
104 237
160 217
276 347
290 347
456 260
101 216
101 238
105 238
161 216
275 348
291 348
457 260
100 215
100 239
106 239
162 215
275 349
292 349
458 260
99 214
99 240
107 240
163 214
293 349
293 350
459 260
98 213
100 213
98 241
108 241
164 213
294 351
460 260
97 212
101 212
97 242
109 242
163 212
165 212
165 214
295 352
461 260
96 211
96 213
102 211
110 243
162 211
166 211
166 215
296 351
296 353
462 260
95 210
95 214
103 210
111 244
161 210
167 210
167 216
297 350
295 354
297 354
463 260
94 209
94 215
104 209
112 245
160 209
168 209
168 217
298 349
294 355
298 355
464 260
93 208
93 216
105 208
112 246
159 208
169 208
169 218
299 348
293 356
299 356
465 260
92 207
92 217
104 207
106 207
158 207
170 207
170 219
300 347
292 357
300 357
466 260
91 206
91 218
103 206
107 206
157 206
171 206
171 220
301 346
291 358
301 358
467 260
90 205
90 219
103 205
108 205
156 205
172 205
172 221
302 345
290 359
302 358
302 359
468 260
89 204
89 220
109 204
155 204
173 204
173 222
303 344
289 360
303 358
302 360
469 260
88 203
110 203
154 203
174 203
172 223
304 343
288 361
304 358
302 361
470 260
87 202
111 202
153 202
175 202
171 224
305 342
287 362
305 358
302 362
471 260
86 201
112 201
152 201
176 201
170 225
306 341
286 363
306 358
302 363
472 260
85 200
111 200
113 200
151 200
177 200
170 226
307 340
307 341
285 364
307 358
302 364
473 260
84 199
110 199
114 199
150 199
178 199
170 227
306 339
308 339
284 365
308 358
302 365
474 260
83 198
109 198
115 198
149 198
179 198
170 228
305 338
309 338
283 366
309 358
302 366
475 260
82 197
108 197
116 197
148 197
180 197
170 229
304 337
310 337
283 367
310 358
302 367
476 259
476 260
81 196
107 196
117 196
147 196
148 196
181 196
170 230
303 336
311 336
311 358
302 368
476 258
477 260
80 195
82 195
106 195
118 195
146 196
182 195
170 231
302 335
312 335
312 358
302 369
476 257
478 260
79 194
83 194
105 194
119 194
145 196
183 194
170 232
301 334
313 334
313 358
476 256
479 260
78 193
84 193
104 193
144 196
184 193
170 233
300 333
314 333
314 357
314 359
476 255
480 260
77 192
85 192
103 192
143 196
185 192
170 234
299 332
315 332
315 356
315 360
476 254
481 260
76 191
86 191
102 191
142 196
186 191
170 235
299 331
316 331
316 355
316 361
476 253
482 260
75 190
87 190
101 190
141 196
187 190
170 236
317 330
317 354
317 362
476 252
483 260
74 189
88 189
100 189
140 196
188 189
170 237
318 329
318 353
318 363
476 251
484 260
73 188
73 190
139 196
189 188
189 190
318 328
319 352
319 364
476 250
485 260
72 187
72 191
138 196
190 187
190 191
318 327
320 351
320 365
486 260
71 186
71 192
137 196
191 186
191 192
318 326
321 350
321 366
487 260
70 185
70 193
136 196
192 185
192 193
318 325
322 349
322 367
488 260
69 184
69 194
135 196
193 184
193 194
318 324
323 348
323 368
489 260
68 183
68 195
194 183
194 195
318 323
324 347
324 369
490 260
67 182
67 196
195 182
195 196
318 322
324 370
491 260
66 181
66 197
196 181
196 197
318 321
324 371
492 259
492 260
65 180
65 198
197 180
197 198
318 320
492 258
493 261
64 179
64 199
198 179
198 199
318 319
492 257
494 262
63 178
63 200
199 178
199 200
318 318
492 256
495 263
62 177
62 179
62 201
200 177
200 201
318 317
492 255
496 264
61 176
61 180
61 202
201 176
201 202
318 316
492 254
497 265
60 175
60 181
60 203
202 175
201 203
492 253
498 266
59 174
59 204
61 204
203 174
492 252
499 267
58 173
58 205
62 205
204 173
492 251
500 268
57 172
57 204
57 206
63 206
205 172
492 250
501 267
501 269
56 171
56 203
56 207
64 207
206 171
492 249
502 266
500 270
502 270
55 170
55 202
55 208
65 208
207 170
492 248
503 265
499 271
503 271
54 169
54 201
54 209
66 209
208 169
492 247
504 264
498 272
504 272
53 168
53 200
53 210
67 210
209 168
492 246
505 263
497 273
505 273
52 167
52 199
52 211
68 211
209 167
492 245
506 262
496 274
506 274
51 166
51 168
51 198
51 212
209 166
492 244
507 261
495 275
507 275
50 165
50 169
50 197
50 213
209 165
492 243
508 260
494 276
508 276
49 164
49 170
49 196
49 214
209 164
492 242
509 259
493 277
509 277
48 163
48 195
48 215
209 163
492 241
509 258
492 278
510 278
47 162
47 194
47 216
209 162
492 240
491 279
511 279
46 161
46 193
46 217
209 161
492 239
490 280
510 280
512 280
45 160
45 192
45 218
47 218
209 160
493 238
489 281
509 281
513 279
513 281
44 159
44 191
44 219
48 219
209 159
494 237
509 282
514 278
514 282
43 158
43 160
43 220
49 220
209 158
495 236
515 277
515 283
42 157
42 161
42 219
42 221
50 221
209 157
496 235
516 276
516 284
41 156
41 162
41 218
41 222
51 222
209 156
497 234
517 275
517 285
40 155
40 163
40 217
42 217
40 223
52 223
209 155
498 233
518 274
518 285
39 154
39 162
39 164
39 216
43 216
39 224
53 224
209 154
499 232
519 273
519 285
38 153
40 153
38 161
38 165
38 215
38 225
54 225
209 153
500 231
500 233
520 272
520 285
37 152
41 152
38 160
37 166
37 214
37 226
55 226
209 152
501 230
501 234
521 271
36 151
42 151
36 167
36 213
36 227
56 227
209 151
502 229
502 235
522 270
35 150
43 150
35 168
35 212
35 228
57 228
209 150
503 228
503 236
523 269
34 149
44 149
34 169
34 211
34 229
56 229
58 229
209 149
504 227
504 237
523 268
33 148
45 148
33 170
33 210
33 230
55 230
59 230
209 148
505 226
505 238
32 147
46 147
32 171
32 209
32 231
54 231
60 231
209 147
506 225
506 239
31 146
47 146
31 172
31 208
31 231
53 232
61 232
209 146
505 224
507 224
507 240
30 145
30 146
48 145
30 173
30 207
30 231
52 233
62 233
209 145
504 223
508 223
508 241
30 144
49 144
30 174
29 206
29 231
51 234
63 234
209 144
503 222
509 222
509 242
30 143
50 143
29 205
50 235
64 235
209 143
510 221
510 243
30 142
51 142
29 204
49 236
65 236
209 142
510 220
511 244
30 141
29 203
48 237
66 237
209 141
510 219
512 245
30 140
29 202
67 238
209 140
510 218
513 246
30 139
29 201
68 239
209 139
510 217
30 138
29 200
69 240
209 138
510 216
30 137
29 199
70 241
209 137
510 215
30 136
29 198
71 242
209 136
510 214
30 135
29 197
72 243
209 135
510 213
30 134
29 196
73 244
209 134
510 212
30 133
29 195
209 133
510 211
30 132
29 194
209 132
510 210
30 131
209 131
510 209
30 130
209 130
510 208
30 129
209 129
510 207
30 128
209 128
510 206
30 127
209 127
510 205
30 126
209 126
510 204
511 204
30 125
209 125
510 203
512 204
31 124
209 124
510 202
513 204
32 123
209 123
510 201
514 204
32 122
209 122
510 200
515 204
32 121
209 121
510 199
32 120
209 120
510 198
32 119
209 119
510 197
32 118
209 118
510 196
32 117
209 117
510 195
32 116
209 116
510 194
32 115
209 115
510 193
32 114
209 114
510 192
32 113
209 113
510 191
32 112
209 112
510 190
32 111
209 111
510 189
32 110
209 110
510 188
511 188
32 109
209 109
510 187
512 188
32 108
209 108
510 186
513 188
32 107
33 107
209 107
510 185
514 188
32 106
34 107
209 106
510 184
515 188
32 105
35 107
209 105
510 183
516 188
32 104
36 107
209 104
510 182
517 188
32 103
37 107
209 103
510 181
518 188
32 102
38 107
209 102
510 180
519 188
31 101
32 101
39 107
209 101
510 179
30 101
32 100
40 107
209 100
510 178
29 101
32 99
41 107
209 99
510 177
28 101
32 98
42 106
42 108
209 98
510 176
27 101
32 97
43 105
43 109
209 97
510 175
26 101
32 96
44 105
44 110
208 96
210 96
510 174
25 101
32 95
45 105
45 111
207 95
211 95
510 173
511 173
24 101
32 94
46 105
46 112
206 94
212 94
510 172
512 173
23 101
32 93
47 105
47 113
205 93
213 93
510 171
513 173
22 101
32 92
48 105
48 114
204 92
214 92
510 170
514 173
32 91
49 105
49 115
203 91
215 91
510 169
515 173
32 90
50 105
50 116
202 90
216 90
510 168
516 173
32 89
51 105
51 117
201 89
217 89
217 91
510 167
517 173
32 88
52 105
52 118
200 88
218 88
218 92
510 166
518 173
31 87
32 87
53 105
53 119
199 87
219 87
219 93
510 165
519 173
32 86
54 105
54 120
198 86
200 86
220 87
220 94
510 164
520 173
32 85
33 85
54 121
197 85
201 85
221 87
221 95
510 163
521 173
32 84
34 85
54 122
196 84
202 84
222 87
222 96
510 162
522 173
32 83
35 85
54 123
195 83
203 83
223 87
223 97
510 161
523 173
32 82
36 85
54 124
194 82
194 84
204 82
224 87
224 98
510 160
524 173
32 81
37 85
54 125
193 81
193 85
204 81
225 86
225 87
225 99
510 159
525 173
32 80
38 85
54 126
192 81
192 86
225 85
226 87
226 100
510 158
526 173
32 79
39 85
54 127
191 81
191 87
225 84
227 87
227 101
510 157
527 173
32 78
40 85
190 81
190 88
228 87
228 102
510 156
528 173
32 77
41 85
189 81
189 89
229 87
229 103
510 155
529 173
32 76
42 85
188 81
188 90
230 87
230 104
510 154
530 173
32 75
43 85
187 81
187 91
231 87
510 153
531 173
32 74
44 85
186 81
186 92
232 87
510 152
532 173
32 73
45 85
185 81
185 93
233 87
510 151
533 173
32 72
46 85
184 81
184 94
234 87
510 150
534 173
32 71
47 85
183 81
183 95
235 87
510 149
32 70
48 85
182 81
182 96
236 87
510 148
32 69
49 84
49 85
181 81
181 96
237 87
510 147
32 68
49 83
50 85
180 81
180 96
238 87
510 146
32 67
49 82
51 85
179 81
179 96
239 87
510 145
32 66
49 81
52 85
178 80
178 96
240 87
510 144
33 65
49 80
53 85
177 79
177 96
241 87
510 143
34 64
49 79
54 85
176 78
176 96
242 87
510 142
35 63
49 78
55 85
175 77
175 96
243 87
510 141
36 62
56 85
174 76
174 96
244 87
510 140
37 61
57 85
173 75
173 96
245 87
510 139
38 60
58 85
172 75
172 96
246 87
510 138
39 59
59 85
171 75
171 96
247 87
510 137
40 59
60 85
170 75
170 96
248 87
510 136
511 136
41 59
61 85
169 75
169 96
249 87
510 135
512 136
42 59
62 85
168 75
168 96
250 88
510 134
513 136
43 59
63 85
167 75
251 89
510 133
514 136
44 59
64 85
166 75
252 90
510 132
515 136
45 59
65 85
165 75
253 91
510 131
516 136
46 59
66 85
164 75
254 92
510 130
517 136
47 59
67 84
163 75
255 93
510 129
518 136
48 59
68 83
162 75
256 94
510 128
519 136
49 60
69 82
161 75
255 95
257 95
510 127
520 136
50 61
70 82
160 75
160 76
254 96
258 96
510 126
521 136
51 62
71 82
159 75
253 97
259 97
510 125
52 63
72 82
158 75
252 98
260 98
510 124
53 64
73 82
157 75
251 99
261 99
510 123
54 65
74 82
156 75
250 100
262 98
262 100
510 122
55 66
75 82
155 75
249 101
263 97
263 101
510 121
56 67
76 82
154 75
248 102
264 96
264 102
510 120
57 67
77 82
153 75
247 103
265 95
265 103
510 119
58 67
78 82
152 75
246 104
266 94
264 104
266 104
510 118
59 67
79 82
151 75
267 93
263 105
267 105
509 117
60 67
80 82
150 75
268 92
262 106
268 106
508 116
61 67
81 81
81 82
149 75
269 91
262 107
269 107
507 115
62 67
81 80
82 82
148 75
270 90
270 107
506 114
81 79
83 82
147 75
270 89
271 107
505 113
81 78
146 75
272 107
504 112
81 77
145 75
273 107
503 111
81 76
144 76
274 107
502 110
81 75
143 77
275 107
501 109
81 74
142 78
276 107
500 109
81 73
141 79
277 107
499 109
81 72
140 80
278 107
498 109
81 71
139 79
139 81
279 107
497 109
81 70
138 78
138 82
280 107
496 109
81 69
137 77
137 83
281 107
495 109
81 68
136 76
136 84
282 107
494 109
81 67
135 75
135 84
137 85
283 107
493 109
81 66
134 74
134 84
138 86
284 107
492 109
81 65
133 73
133 84
139 87
285 107
81 64
132 72
132 84
140 88
286 107
81 63
131 71
131 84
141 89
287 107
130 70
130 84
142 90
288 107
129 69
129 84
143 91
289 106
128 68
128 84
143 92
290 105
127 67
127 84
143 93
291 104
126 66
126 84
143 94
292 103
125 65
125 84
293 102
124 64
124 84
294 101
123 63
123 84
293 100
295 100
122 84
122 85
292 99
296 99
121 84
122 86
291 98
297 98
120 84
122 87
290 97
298 97
119 84
122 88
289 96
299 96
118 84
122 89
288 95
300 95
117 84
122 90
287 94
301 94
116 84
286 93
302 93
115 84
285 92
303 94
114 84
284 91
304 95
113 84
284 90
305 96
112 84
306 97
111 84
307 98
110 84
308 99
109 84
309 100
108 84
310 101
107 84
311 102
106 84
312 103
105 83
313 104
104 82
314 105
103 81
313 106
102 80
312 107
102 79
311 108
102 78
310 109
102 77
309 110
102 76
308 111
102 75
307 112
102 74
307 113
102 73
102 72
102 71
102 70
102 69
185
279 207
289 216
258 210
275 228
304 192
305 211
302 230
247 232
304 166
323 161
307 252
324 224
228 207
329 243
330 182
242 205
227 229
290 239
318 255
255 257
288 257
224 252
303 146
340 213
340 255
217 196
243 264
329 141
343 157
288 268
345 232
330 268
269 244
349 178
344 253
326 202
206 228
274 265
354 141
354 157
309 126
332 126
348 195
198 249
359 255
354 211
192 228
308 273
322 290
332 107
324 301
379 264
289 288
306 294
373 244
333 92
283 291
178 317
199 319
354 103
392 267
221 326
396 250
242 332
353 119
407 268
176 338
170 255
252 308
221 347
417 251
181 249
128 242
263 322
266 302
232 358
197 340
269 329
252 362
429 271
144 245
249 287
254 343
267 284
196 352
435 248
110 225
274 314
283 331
452 260
152 220
131 219
287 309
275 349
293 349
97 242
112 246
103 205
89 220
173 222
177 200
307 341
283 367
148 196
302 369
119 194
313 358
299 331
88 189
100 189
170 237
318 329
476 250
71 192
135 196
324 347
324 371
492 260
318 316
60 181
201 203
68 211
49 170
509 258
492 239
489 281
44 191
509 282
43 216
520 285
38 160
523 268
30 146
62 233
30 174
29 231
503 222
29 205
51 142
48 237
513 246
73 244
29 194
30 125
515 204
519 188
41 107
209 97
22 101
31 87
54 105
204 81
54 127
225 84
230 104
534 173
182 96
179 81
32 66
49 78
249 87
168 96
66 85
48 59
160 76
521 136
246 104
510 118
262 107
62 67
83 82
270 89
145 75
492 109
81 63
288 107
143 94
123 63
122 90
302 93
284 90
106 84
314 105
307 113
102 69
