3042
278 201
280 203
277 200
279 204
281 204
276 199
278 205
282 205
275 198
277 206
283 206
274 197
276 207
284 207
273 196
275 208
285 208
272 195
274 209
286 209
271 194
273 210
287 210
270 193
272 211
288 211
269 192
271 212
289 212
268 191
270 213
290 211
290 213
267 190
269 214
291 210
291 214
266 189
268 215
292 209
292 215
265 188
267 216
293 208
293 216
264 187
267 217
294 207
294 217
263 186
266 218
295 206
295 218
262 185
265 219
296 205
296 219
261 184
264 220
297 204
297 220
260 183
263 219
263 221
298 203
298 221
259 182
262 218
262 222
299 202
299 220
299 222
258 181
261 217
261 223
300 201
299 219
300 223
257 180
260 216
260 224
301 200
301 224
256 179
259 215
259 224
302 199
302 225
255 178
258 214
303 198
303 224
303 226
254 177
257 213
304 197
304 223
304 227
253 176
256 212
305 196
305 222
305 228
252 175
255 211
306 195
306 221
306 229
251 174
254 210
307 194
307 220
307 230
250 173
253 209
308 193
308 219
308 231
249 172
252 208
309 192
309 218
309 232
248 171
251 207
310 191
310 217
308 233
310 233
247 170
250 206
311 190
311 192
307 234
310 234
311 232
246 169
249 205
312 189
312 193
310 235
312 231
245 168
248 204
313 188
313 194
310 236
313 230
244 167
247 203
314 187
314 195
310 237
314 229
243 166
246 202
315 186
315 196
310 238
315 228
242 165
245 201
316 185
316 197
310 239
316 227
241 164
244 200
317 184
316 198
310 240
317 226
240 163
243 199
318 183
310 241
318 225
239 162
242 198
319 182
310 242
319 224
238 161
320 181
310 243
320 223
320 225
237 160
321 180
310 244
321 222
236 159
322 179
310 245
322 221
235 158
321 178
323 178
310 246
323 220
234 157
320 177
324 177
310 247
324 219
324 221
233 156
319 176
325 176
310 248
325 218
325 222
232 155
318 175
326 175
326 177
310 249
326 218
326 223
231 154
317 174
327 174
327 178
310 250
327 218
327 224
230 153
316 173
328 173
328 179
310 251
328 218
328 225
229 152
315 172
329 172
329 180
310 252
329 218
329 226
228 151
314 171
314 173
330 171
330 181
310 253
330 218
330 227
227 150
313 170
313 174
331 170
331 182
310 254
331 218
331 228
226 149
312 169
312 175
332 169
332 183
310 255
332 218
332 229
225 148
311 168
311 176
333 168
333 184
310 256
333 218
332 230
224 147
226 147
310 167
334 167
333 185
310 257
334 218
223 146
227 146
309 166
335 166
334 186
309 258
310 258
335 218
222 145
228 145
308 165
336 165
335 187
308 258
310 259
311 259
336 218
221 144
229 144
307 164
337 164
336 188
307 258
310 260
312 259
337 217
220 143
230 143
306 163
338 163
337 189
306 258
310 261
313 259
338 216
219 142
231 142
305 162
339 162
338 190
305 258
310 262
314 259
339 215
218 141
232 141
304 161
340 161
339 191
304 258
310 263
340 214
217 140
233 140
304 160
341 160
338 192
340 192
303 258
310 264
341 213
216 139
234 139
305 159
342 159
337 193
341 193
302 258
310 265
342 213
215 138
235 138
306 158
343 158
336 194
342 194
301 258
310 266
343 213
214 137
236 137
307 157
344 157
335 195
343 195
300 258
310 267
344 213
213 136
237 136
306 156
308 156
345 156
334 196
344 196
299 258
310 268
345 213
212 135
238 135
305 155
309 155
346 155
333 197
298 257
310 269
346 213
211 134
239 134
304 154
310 154
347 154
332 198
297 256
297 258
309 270
311 270
347 213
210 133
240 133
303 153
311 153
348 153
331 199
296 255
296 259
308 271
312 271
348 213
209 132
241 132
302 152
311 152
349 152
330 200
295 254
295 260
307 272
313 272
349 213
208 131
242 131
301 151
311 151
350 151
329 201
294 253
294 261
306 273
314 273
350 213
207 130
243 130
300 150
311 150
351 150
328 202
293 252
295 252
293 262
305 274
315 274
351 213
206 129
244 129
299 149
311 149
352 149
292 251
296 251
292 263
304 275
316 275
205 128
245 128
298 148
311 148
312 148
353 148
291 250
297 250
291 264
303 276
317 276
204 127
246 127
297 147
311 147
313 148
354 147
290 249
298 249
290 265
302 277
318 277
203 126
247 126
296 146
311 146
314 148
354 146
289 248
299 248
289 266
301 278
319 278
202 125
248 125
311 145
315 148
354 145
288 247
300 247
300 279
320 277
320 279
201 124
249 124
312 144
316 148
354 144
355 144
288 246
301 246
299 280
301 280
321 276
321 280
200 123
250 123
313 143
317 148
354 143
356 144
288 245
302 245
298 281
302 281
322 275
322 281
199 123
251 122
314 142
318 148
354 142
357 144
288 244
297 282
303 282
323 274
323 282
198 123
252 121
315 141
319 148
354 141
358 144
288 243
296 283
304 283
324 273
324 283
197 123
253 120
316 140
320 148
354 140
295 284
304 284
325 272
325 284
196 123
254 119
317 139
321 148
354 139
294 285
326 271
326 285
195 123
255 118
318 138
322 148
354 138
293 286
326 270
326 286
327 284
194 123
256 117
323 148
354 137
292 287
325 269
326 287
328 283
193 123
257 116
324 148
354 136
291 288
324 268
326 288
329 282
192 123
258 115
354 135
290 289
324 267
326 289
330 281
191 123
259 114
354 134
289 290
324 266
326 290
331 280
190 123
260 113
354 133
288 289
288 291
324 265
326 291
332 279
189 123
261 112
354 132
287 288
287 292
324 264
326 292
333 278
188 123
262 111
354 131
286 287
286 293
324 263
326 293
334 277
187 123
263 110
353 130
285 286
285 294
326 294
335 276
186 123
262 109
264 109
352 129
284 285
284 295
326 295
336 275
185 123
261 108
265 108
352 128
283 284
283 296
326 296
337 274
337 276
184 123
260 107
266 107
282 283
282 297
326 297
338 273
337 277
183 123
259 106
267 106
281 282
281 298
326 298
339 272
182 122
182 123
258 105
268 105
280 281
280 299
326 299
338 271
340 271
181 123
182 121
257 104
269 104
279 280
281 280
279 300
326 300
341 270
180 123
182 120
256 103
270 103
278 279
282 279
278 301
327 301
342 269
179 123
182 119
255 102
271 102
277 278
282 278
277 302
328 302
343 268
178 123
182 118
254 101
272 101
276 277
276 303
328 303
344 267
177 123
182 117
253 100
273 100
275 276
275 304
328 304
343 266
345 266
176 123
182 116
252 99
274 99
274 275
274 305
328 305
342 265
346 265
175 123
182 115
251 98
275 98
273 274
273 276
273 306
328 306
341 264
347 264
174 123
182 114
250 97
276 97
272 273
272 277
272 307
328 307
340 263
348 263
173 123
182 113
249 96
277 96
277 98
271 272
271 278
271 308
328 308
339 262
349 262
172 123
182 112
248 95
278 95
278 99
270 271
270 279
270 309
328 309
338 261
350 261
171 123
182 111
247 94
279 94
279 100
269 270
269 280
269 310
271 310
328 310
337 260
351 260
170 123
182 110
246 93
280 93
280 101
268 269
270 269
268 281
268 311
271 311
328 311
336 259
352 259
169 123
182 109
245 92
281 92
281 102
267 268
267 282
267 312
328 312
329 312
335 258
353 258
353 260
168 123
182 108
244 91
282 91
266 267
266 269
266 283
266 313
268 313
328 313
330 312
334 257
354 257
354 261
167 123
182 107
243 90
283 90
265 266
265 270
265 314
268 314
328 314
331 312
333 256
355 256
355 262
166 123
182 106
242 89
283 89
264 265
264 271
264 315
328 315
332 312
332 255
356 255
356 263
165 123
182 105
241 88
284 88
263 264
264 272
263 316
327 316
333 312
331 254
357 254
357 264
164 123
182 104
240 87
285 87
262 263
262 317
326 317
330 253
356 253
358 254
358 265
163 123
182 103
239 86
286 86
261 262
261 318
325 318
329 252
355 252
359 254
359 266
162 123
182 102
238 85
287 85
260 261
260 319
324 319
328 251
354 251
360 254
359 267
161 123
182 101
237 84
288 84
259 260
259 320
323 318
323 320
353 250
361 254
160 123
182 100
236 83
289 84
258 259
260 259
258 321
322 317
322 321
352 249
362 254
159 123
182 99
235 82
290 84
257 258
257 260
261 258
257 322
259 322
321 316
321 322
351 248
363 254
158 123
182 98
234 81
291 84
256 257
256 261
262 257
256 323
260 323
320 315
320 323
350 247
364 254
157 123
182 97
234 80
292 84
255 256
255 262
263 256
255 324
261 324
319 314
319 324
349 246
365 254
156 123
182 96
233 79
293 84
254 255
254 263
264 255
254 325
262 325
318 313
318 325
349 245
366 254
155 123
182 95
232 78
294 84
253 254
253 264
265 254
253 324
253 326
263 326
317 312
317 326
349 244
367 254
154 123
182 94
231 77
295 84
252 253
252 265
252 323
252 327
264 327
316 311
316 327
349 243
368 254
153 123
182 93
230 76
296 84
252 252
251 266
251 322
251 328
265 328
315 310
315 312
315 328
369 254
152 123
182 92
229 75
297 84
251 251
250 267
251 321
250 329
266 329
314 309
314 313
314 329
370 254
151 123
182 91
228 74
228 76
298 84
250 250
249 268
249 330
267 330
313 308
313 314
313 330
371 254
150 123
182 90
227 73
227 77
299 84
249 249
248 269
248 331
268 331
312 307
313 315
312 331
372 254
149 123
182 89
226 73
226 78
300 84
248 248
248 250
247 270
247 332
269 332
311 306
311 332
373 254
148 123
182 88
225 73
225 79
301 84
247 247
247 251
246 271
246 333
270 333
310 305
310 333
374 254
374 255
147 123
182 87
224 73
224 80
302 84
246 246
246 252
245 272
245 333
271 334
310 304
310 334
375 254
374 256
146 123
182 86
223 81
303 84
245 245
245 253
245 273
244 333
272 335
310 335
376 254
374 257
145 123
182 85
222 82
304 84
244 244
245 254
243 333
271 336
273 336
310 336
377 254
374 258
144 123
182 84
221 83
305 84
243 243
243 245
242 333
270 337
274 337
309 337
378 254
374 259
143 123
182 83
220 84
306 84
242 242
242 246
241 333
269 338
275 338
308 338
379 254
374 260
142 123
181 82
182 82
219 85
307 84
242 241
241 247
240 333
268 339
276 339
308 339
380 254
374 261
141 123
180 82
218 86
308 84
242 240
240 248
239 333
267 340
277 340
308 340
381 254
374 262
140 123
179 82
217 87
309 84
242 239
239 249
238 333
266 341
278 340
308 341
382 254
374 263
139 123
178 82
216 88
218 88
310 84
242 238
238 250
237 333
265 342
279 340
308 342
383 254
374 264
138 123
177 82
215 89
219 89
311 84
242 237
237 251
236 333
264 343
280 340
307 343
308 343
384 254
375 265
137 123
176 82
214 90
220 90
312 84
242 236
236 252
235 333
263 344
265 344
281 340
306 343
308 344
385 254
376 266
136 123
175 82
213 91
221 91
313 84
242 235
235 253
234 333
262 345
266 345
305 343
308 345
386 254
377 267
135 123
174 82
212 92
221 92
314 84
241 234
234 254
233 333
261 346
267 346
304 343
308 346
387 254
378 268
134 123
173 82
211 93
315 84
240 233
233 255
232 333
260 347
268 347
303 343
308 347
388 254
379 269
133 123
172 82
210 94
316 84
239 232
232 256
231 333
259 348
269 348
302 343
308 348
389 254
380 270
132 123
171 82
209 95
317 84
238 231
231 257
230 333
258 347
258 349
270 349
301 343
308 349
390 254
381 271
131 123
170 82
208 96
318 84
237 230
230 258
229 333
257 346
257 350
259 350
271 350
300 343
308 350
391 253
391 254
382 272
130 123
169 82
207 97
319 84
236 229
229 258
228 333
256 345
257 351
260 351
272 351
308 351
391 252
392 254
383 272
129 123
168 82
207 98
320 84
235 228
228 258
227 333
256 344
257 352
260 352
273 352
308 352
391 251
393 254
384 272
128 123
167 82
206 99
321 85
235 227
227 258
226 332
226 334
256 353
257 353
274 353
308 353
391 250
394 254
385 272
127 123
166 82
205 100
322 86
235 226
226 258
225 331
225 335
257 354
273 354
275 354
308 354
391 249
395 254
386 272
126 123
165 82
204 101
323 87
235 225
225 258
224 330
225 336
257 355
272 355
276 355
308 355
391 248
396 254
387 272
125 123
164 82
203 102
324 88
235 224
224 258
223 329
225 337
257 356
271 356
277 356
308 356
397 254
124 122
124 123
163 82
202 103
323 89
325 89
235 223
223 258
222 328
225 338
257 357
270 357
278 357
308 357
398 254
123 123
124 121
162 82
201 104
322 90
326 90
235 222
222 258
221 327
225 339
257 358
269 358
279 358
308 358
399 254
122 123
124 120
161 82
200 105
321 91
327 91
235 221
221 258
220 326
225 340
257 359
269 359
280 359
308 359
400 254
121 123
124 119
160 82
199 105
320 92
328 92
235 220
220 258
219 325
225 341
257 360
281 360
307 360
401 254
120 123
124 118
159 82
198 105
319 93
329 93
235 219
219 258
218 324
225 342
257 361
306 361
402 254
119 123
124 117
158 81
158 83
197 105
318 94
330 94
235 218
218 258
217 323
225 343
257 362
305 362
403 254
118 123
124 116
157 80
158 84
196 105
317 95
331 95
235 217
217 258
216 322
225 344
257 363
304 363
404 254
117 123
124 115
156 79
158 85
316 96
332 96
235 216
216 258
215 321
225 345
257 364
303 364
405 254
116 123
124 114
155 78
158 86
315 97
333 97
235 215
214 320
214 322
225 346
302 365
406 254
115 123
124 113
154 77
158 87
314 98
334 98
235 214
213 319
213 323
225 347
301 366
407 254
407 255
114 123
124 112
153 76
158 88
313 99
335 99
235 213
212 318
212 324
225 348
300 366
408 254
407 256
113 123
124 111
152 75
158 89
312 99
336 100
235 212
211 317
211 325
225 349
299 366
409 254
407 257
112 123
124 110
151 74
158 90
311 99
335 101
337 101
234 211
210 316
210 326
225 350
298 366
410 254
407 258
111 123
124 109
150 73
158 91
310 99
334 102
338 102
233 210
209 315
209 327
225 351
297 366
411 254
407 259
110 123
124 108
149 73
158 92
309 99
333 103
339 103
232 209
208 314
208 328
225 352
296 366
412 254
407 260
109 123
124 107
148 73
158 93
308 99
332 104
340 104
231 208
207 313
225 353
295 366
413 254
407 261
108 123
124 106
147 73
158 94
307 99
331 105
341 105
230 207
206 312
224 354
226 354
414 254
407 262
107 123
124 105
158 95
306 99
330 106
342 106
229 206
205 311
223 355
227 355
415 254
407 263
106 123
124 104
158 96
305 99
329 107
343 106
228 205
204 310
222 356
228 355
416 254
407 264
105 123
124 103
158 97
328 108
330 108
344 105
227 205
203 309
203 310
221 357
229 355
417 254
407 265
104 123
124 102
327 109
331 109
345 104
226 205
202 308
220 358
230 355
418 254
407 266
103 123
124 101
326 109
332 110
346 103
346 105
225 205
201 307
219 358
231 355
419 253
407 267
102 123
124 100
325 109
333 111
347 102
347 106
224 205
200 306
218 358
232 355
420 252
407 268
101 123
124 99
324 109
334 112
348 101
348 107
223 205
199 305
217 358
233 355
421 251
100 123
124 98
323 109
335 113
349 100
349 108
222 205
198 304
198 306
216 358
234 355
422 250
99 123
124 97
322 109
336 114
350 99
350 109
221 205
197 303
197 307
215 358
235 355
423 249
98 123
124 96
321 109
337 115
351 98
351 110
220 205
196 302
196 308
214 358
236 355
424 248
97 123
124 95
320 109
320 110
338 116
352 97
352 111
219 205
195 301
195 309
213 358
237 355
425 247
96 123
124 94
319 109
320 111
338 117
353 96
353 112
218 205
194 300
194 310
212 358
238 355
426 246
95 123
124 93
320 112
354 95
354 113
217 205
193 299
193 311
211 358
427 245
427 247
94 123
124 92
320 113
355 94
355 114
216 205
192 298
192 312
210 358
428 244
428 248
93 123
124 91
320 114
356 94
356 115
215 205
191 297
191 313
209 358
429 243
429 249
92 123
124 90
320 115
357 94
214 205
190 296
190 312
190 314
208 358
430 242
430 250
91 123
124 89
320 116
358 94
213 205
189 295
189 311
189 315
207 358
431 241
431 249
431 251
90 123
124 88
320 117
212 205
188 294
188 310
188 316
206 358
432 240
431 248
432 252
89 123
124 87
320 118
211 205
187 293
187 309
187 317
205 358
433 239
433 253
88 123
124 86
320 119
210 205
186 292
187 308
186 318
188 318
434 238
434 254
87 123
124 85
209 204
185 291
185 319
189 319
435 237
435 255
86 123
124 84
208 203
184 290
184 320
190 320
436 236
436 256
85 123
124 83
207 202
183 289
183 321
191 321
437 235
437 257
84 123
123 82
206 201
182 288
182 322
192 322
438 234
438 258
83 123
122 81
205 200
181 287
181 322
182 323
193 323
439 233
439 259
82 123
122 80
205 199
180 286
180 322
194 324
440 232
440 260
81 123
122 79
205 198
179 285
179 322
195 325
441 231
441 261
80 123
122 78
205 197
178 284
178 322
442 230
442 262
79 123
121 77
122 77
205 196
177 283
177 322
443 229
443 263
78 123
120 77
122 76
205 195
176 282
176 322
444 228
444 264
77 123
119 77
122 75
205 194
175 281
175 322
445 227
445 263
445 265
76 123
118 77
122 74
205 193
174 280
174 322
446 226
446 262
446 266
75 123
117 77
122 73
205 192
173 279
173 322
447 225
447 261
447 267
74 123
116 77
122 72
172 278
172 322
448 224
448 260
447 268
73 123
115 77
122 71
171 277
171 322
449 223
449 259
446 269
72 123
114 77
122 70
170 276
170 322
450 222
450 258
445 270
71 123
113 77
122 69
169 275
169 322
451 221
451 257
444 271
70 123
112 77
122 68
168 274
168 322
452 220
452 256
443 272
69 123
122 67
167 273
167 323
453 219
453 255
442 273
68 123
122 66
166 272
166 324
454 218
454 254
442 274
67 123
165 271
165 325
455 217
454 253
442 275
66 123
164 270
164 326
456 216
442 276
65 123
163 269
164 327
457 215
442 277
64 123
163 268
164 328
458 214
63 123
163 267
164 329
459 213
62 123
163 266
165 330
460 212
61 123
163 265
166 331
461 211
461 213
60 123
163 264
167 332
462 210
462 214
59 123
163 263
168 333
463 209
463 215
58 123
163 262
169 334
464 208
464 216
57 123
57 124
163 261
170 335
465 207
465 217
56 123
57 125
163 260
171 336
466 206
466 218
55 123
57 126
163 259
172 337
467 205
467 219
54 123
57 127
163 258
173 338
468 204
468 220
53 123
57 128
163 257
174 339
469 203
469 221
52 123
57 129
163 256
175 340
470 202
470 222
51 122
57 130
163 255
176 341
471 201
471 223
50 121
57 131
163 254
177 342
472 200
472 224
49 120
57 132
163 253
178 343
473 199
473 225
48 119
57 133
163 252
178 344
474 198
474 226
47 118
56 134
163 251
178 345
475 197
475 227
46 117
48 117
55 135
162 250
164 250
476 196
476 228
45 116
49 116
54 136
161 249
165 249
477 195
477 229
45 115
50 115
53 137
160 248
166 248
478 194
478 230
45 114
51 114
52 138
159 247
167 247
479 193
479 231
45 113
52 113
51 139
158 246
168 246
480 192
480 232
45 112
53 112
50 140
157 245
169 245
481 191
481 233
45 111
54 111
49 141
156 244
170 244
482 190
482 234
45 110
55 110
48 142
155 243
171 243
483 189
483 235
45 109
56 109
47 143
154 242
172 242
484 188
484 236
45 108
56 108
46 144
153 241
173 241
485 187
485 237
45 107
46 107
45 145
152 240
152 242
174 240
486 186
486 238
45 106
47 107
44 144
44 146
151 239
151 243
175 239
487 185
487 239
45 105
43 143
43 147
45 147
150 238
150 244
176 238
488 184
488 240
45 104
42 142
42 148
46 148
149 237
149 245
177 237
489 183
489 241
45 103
41 141
41 149
47 149
148 236
148 246
176 236
178 236
490 182
490 242
45 102
40 140
40 150
48 150
147 235
148 247
175 235
179 235
491 181
491 243
45 101
39 139
39 151
49 151
146 234
174 234
180 234
492 180
492 244
45 100
38 138
38 152
50 150
50 152
145 233
173 233
181 233
493 179
493 245
45 99
37 137
37 153
51 149
51 153
144 232
173 232
182 232
494 178
494 244
494 246
45 98
36 136
36 154
52 148
51 154
143 231
182 231
495 177
495 243
495 247
45 97
35 135
35 155
52 147
142 232
143 230
182 230
496 176
496 242
496 248
45 96
34 154
34 156
141 233
143 229
182 229
497 175
497 241
497 249
45 95
46 95
33 153
33 157
140 234
143 228
182 228
498 174
498 240
498 250
45 94
47 95
32 152
32 158
139 234
143 227
182 227
499 173
499 239
499 251
45 93
48 94
32 151
31 159
33 159
138 234
143 226
182 226
500 172
500 238
498 252
500 252
45 92
49 93
30 160
34 160
137 234
143 225
182 225
501 171
501 237
497 253
501 253
44 91
45 91
50 93
29 161
35 161
136 234
143 224
182 224
502 170
502 236
496 254
502 254
43 91
45 90
51 93
28 162
36 162
135 234
143 223
182 223
503 169
503 235
495 255
503 255
42 91
45 89
52 93
27 163
37 163
134 234
143 222
182 222
504 168
504 234
494 256
504 256
41 92
45 88
53 93
26 164
38 164
133 234
143 221
182 221
505 167
505 233
493 257
505 257
40 93
45 87
54 93
25 165
26 165
39 165
132 234
143 220
182 220
506 166
506 232
492 258
505 258
39 94
45 86
55 93
24 165
26 166
40 166
131 234
143 219
182 219
507 165
507 231
491 259
506 259
38 95
45 85
56 93
23 165
26 167
41 167
130 234
143 218
182 218
508 164
508 230
490 260
507 260
37 96
44 84
45 84
57 93
26 168
41 168
129 234
143 217
144 217
182 217
509 163
509 229
489 261
508 261
36 97
43 84
45 83
58 93
26 169
128 234
143 216
145 217
182 216
510 162
510 228
488 262
509 260
509 262
35 98
42 84
45 82
59 93
26 170
127 234
143 215
146 217
182 215
511 161
511 227
488 263
510 259
510 263
34 99
41 84
45 81
60 93
26 171
126 234
143 214
147 217
182 214
512 160
512 162
512 226
512 228
511 258
511 264
33 100
40 84
45 80
61 93
26 172
125 235
143 213
148 217
513 159
513 163
513 229
512 257
512 265
32 101
39 84
45 79
62 93
26 173
124 236
143 212
514 158
514 164
514 230
513 256
511 266
513 266
31 102
38 84
45 78
63 93
26 174
123 237
143 211
515 157
515 165
515 231
510 267
513 267
30 103
37 84
45 77
64 93
26 175
122 238
143 210
515 156
516 166
516 232
509 268
513 268
29 104
36 84
45 76
65 93
26 176
121 239
143 209
515 155
517 167
517 233
508 269
513 269
28 105
35 84
45 75
66 93
26 177
120 240
143 208
515 154
518 168
518 234
507 270
514 270
27 106
34 84
45 74
67 92
26 178
119 241
143 207
515 153
519 169
519 235
506 271
515 270
26 107
33 84
45 73
68 91
26 179
118 242
143 206
515 152
520 170
519 236
505 272
516 270
25 108
32 84
45 72
46 72
69 90
26 180
117 243
143 205
515 151
521 171
504 273
517 270
24 108
31 84
45 71
47 72
70 89
26 181
116 244
143 204
515 150
522 172
503 274
518 270
23 108
45 70
48 72
70 88
26 182
115 245
143 203
515 149
523 171
523 173
502 275
519 270
22 108
45 69
49 72
70 87
27 183
115 246
143 202
515 148
524 170
524 174
501 276
520 270
21 108
50 72
70 86
28 184
115 247
143 201
515 147
525 169
525 175
500 277
521 270
51 72
70 85
29 185
114 248
143 200
515 146
526 168
526 176
499 278
522 270
52 72
70 84
30 186
113 247
113 249
143 199
515 145
527 167
525 177
498 279
523 270
53 72
70 83
31 187
112 246
112 249
143 198
515 144
528 166
528 168
524 178
497 280
524 270
54 72
70 82
32 188
111 245
111 249
143 197
515 143
529 169
523 179
496 281
525 270
55 72
70 81
33 189
110 244
110 249
143 196
515 142
530 170
522 180
495 282
526 270
56 72
70 80
34 190
109 243
109 249
143 195
515 141
531 171
521 181
494 283
57 72
70 79
35 191
108 242
108 249
515 140
532 172
520 182
493 284
70 78
36 192
107 241
107 249
515 139
533 173
519 183
492 285
70 77
71 77
37 192
106 240
106 249
515 138
534 174
519 184
491 286
70 76
72 77
38 192
105 239
105 249
515 137
535 175
519 185
490 287
70 75
73 77
39 192
104 238
104 249
515 136
536 176
519 186
489 288
70 74
74 77
40 192
103 249
515 135
537 177
519 187
488 289
70 73
75 77
75 78
41 192
102 249
515 134
516 134
538 178
519 188
487 289
70 72
76 77
75 79
42 192
101 249
515 133
517 134
538 179
519 189
486 289
70 71
77 77
75 80
43 192
100 249
515 132
518 134
519 190
70 70
78 77
75 81
44 192
515 131
519 134
519 191
69 69
71 69
79 77
75 82
45 192
515 130
520 134
519 192
68 68
72 68
80 77
46 192
515 129
521 134
67 67
73 67
81 77
47 192
515 128
522 134
66 66
82 77
48 193
515 127
523 134
65 65
83 77
49 194
515 126
524 134
64 64
84 77
50 195
515 125
525 134
63 63
85 77
51 196
515 124
526 134
62 62
86 77
52 197
515 123
527 134
62 61
87 77
53 198
515 122
528 134
88 77
54 199
515 121
89 77
55 200
515 120
56 201
515 119
57 202
515 118
58 203
515 117
59 204
515 116
60 205
515 115
61 206
515 114
62 207
514 113
515 113
63 208
513 113
515 112
64 209
512 113
63 210
65 210
511 113
62 211
66 211
510 113
61 212
67 212
509 113
60 213
68 213
508 113
59 214
68 214
69 214
507 113
58 215
70 215
506 113
57 216
71 214
71 216
505 113
56 217
72 213
72 217
504 113
55 218
73 212
73 218
503 113
54 219
74 211
74 219
502 113
53 220
75 210
75 220
501 113
52 221
76 209
76 221
52 222
77 208
77 222
51 223
78 207
76 223
78 222
50 224
79 206
75 224
77 224
79 222
49 225
80 205
74 225
78 225
80 222
48 226
81 204
73 226
79 226
47 226
82 203
72 227
80 227
46 226
83 202
71 228
81 228
45 225
84 201
70 229
44 224
85 200
69 230
43 223
86 199
68 231
42 222
87 198
67 232
41 221
88 197
66 233
40 220
89 196
65 234
39 219
90 195
64 235
38 218
91 194
63 236
37 217
92 193
62 237
36 217
93 192
61 238
35 217
94 191
60 239
34 217
95 190
59 240
33 217
96 189
59 241
32 217
97 188
59 242
31 217
98 187
58 243
30 217
99 186
57 244
29 217
100 185
56 245
28 217
100 184
101 186
55 245
27 217
102 187
54 245
26 217
103 188
53 245
25 217
104 189
52 245
24 217
105 190
51 245
23 217
106 191
50 245
22 217
107 192
49 245
108 191
108 193
48 245
109 190
109 194
47 245
110 189
110 195
46 245
111 188
111 196
45 245
112 187
112 197
44 245
113 186
113 198
114 185
114 199
114 184
115 200
116 200
117 200
118 200
119 200
185
267 217
299 219
259 224
253 209
310 217
307 234
316 198
242 198
320 225
328 173
311 176
332 230
333 185
336 218
339 162
314 259
304 160
344 196
299 258
310 269
328 202
351 213
296 146
289 266
311 145
302 245
358 144
288 243
304 284
318 138
326 270
324 148
354 131
324 263
352 128
337 277
338 271
326 300
282 278
270 269
271 311
281 102
266 283
268 314
283 89
328 315
264 272
333 312
328 251
359 267
234 80
265 254
349 243
252 252
251 321
313 315
224 73
310 304
245 273
272 335
245 254
310 336
182 82
239 249
374 264
281 340
242 235
221 92
300 343
207 98
320 84
227 333
256 344
260 352
256 353
391 248
387 272
269 359
308 359
281 360
159 82
196 105
216 258
257 364
314 98
235 212
209 315
208 328
225 353
295 366
147 73
305 99
343 106
158 97
203 310
327 109
418 254
407 268
195 309
319 109
338 117
238 355
356 115
358 94
431 248
205 358
320 119
210 205
187 308
124 83
182 323
195 325
205 192
447 268
112 77
168 322
122 66
454 253
442 277
164 329
52 123
57 133
163 251
178 345
482 234
56 108
174 240
47 107
148 247
173 232
51 154
35 135
52 147
47 95
32 151
42 91
505 258
23 165
41 168
488 263
126 234
182 214
512 226
148 217
513 256
513 269
66 93
519 236
31 84
26 182
45 69
21 108
115 247
526 176
528 166
497 280
526 270
143 195
57 72
104 238
538 179
486 289
100 249
70 70
75 82
519 192
73 67
47 192
515 125
62 61
528 134
89 77
515 112
68 214
501 113
52 222
80 222
46 226
81 228
59 242
100 184
22 217
44 245
114 184
119 200
