3310
278 203
280 201
277 204
281 200
276 205
282 199
275 206
277 206
283 198
274 207
277 207
284 197
273 208
278 208
285 196
272 209
279 209
286 195
271 210
280 210
287 194
270 211
281 211
288 193
269 212
282 212
289 192
268 213
283 213
290 191
267 214
284 214
291 190
266 215
285 215
292 189
265 216
286 216
293 188
264 215
264 217
287 216
294 187
263 214
263 218
288 216
295 186
262 213
262 219
289 216
296 185
261 212
261 220
290 215
297 184
260 211
260 221
291 214
298 183
298 185
259 210
259 220
259 222
292 213
299 182
299 186
258 209
258 219
258 223
293 212
300 181
300 187
257 208
258 218
257 224
294 211
301 180
301 188
257 207
256 225
258 225
295 210
302 179
302 189
255 226
259 226
296 209
303 178
303 190
254 227
260 227
297 209
303 177
304 191
253 228
261 228
298 209
303 176
304 192
252 228
254 229
262 229
299 209
303 175
251 228
254 230
263 230
300 209
303 174
250 228
254 231
264 231
301 209
303 173
304 173
249 228
254 232
265 232
302 209
303 172
305 173
248 228
254 233
266 233
303 209
303 171
306 173
247 228
267 234
303 170
307 173
246 228
268 235
303 169
304 169
308 173
245 228
269 234
269 236
303 168
305 169
309 173
244 228
270 233
270 237
303 167
310 173
243 228
271 232
271 238
303 166
311 173
242 228
272 231
272 239
303 165
312 173
241 228
273 230
271 240
273 240
303 164
313 173
240 228
274 229
270 241
274 241
303 163
314 173
239 228
275 228
269 242
275 242
303 162
315 173
238 228
268 243
276 243
303 161
316 173
237 228
267 244
277 244
303 160
317 173
236 228
266 245
278 245
303 159
318 173
235 228
265 246
279 246
303 158
319 173
234 228
264 247
280 247
303 157
320 173
233 227
233 228
263 248
281 248
303 156
321 173
232 228
233 226
262 249
264 249
282 249
322 173
231 228
261 250
265 250
283 250
323 173
230 228
260 251
266 251
284 251
324 173
229 228
259 252
267 252
285 252
325 173
228 228
258 253
268 253
286 253
326 173
227 228
257 254
269 254
287 254
327 173
226 228
256 255
269 255
288 255
328 172
225 228
255 256
288 256
289 254
328 171
329 172
224 228
224 229
255 257
290 253
290 255
328 170
330 172
223 228
224 230
291 252
291 256
328 169
331 172
222 228
224 231
292 251
292 257
328 168
332 172
221 228
224 232
293 250
293 258
328 167
333 172
220 228
224 233
294 249
294 259
328 166
334 172
219 228
224 234
295 248
295 260
328 165
335 172
218 228
224 235
294 247
296 248
294 261
296 261
328 164
336 172
217 228
224 236
293 246
297 248
293 262
297 262
328 163
337 172
216 228
224 237
292 245
298 248
292 263
298 263
328 162
338 172
215 228
224 238
291 244
299 248
291 264
299 264
328 161
339 172
214 228
224 239
290 243
300 248
290 265
300 265
328 160
340 172
213 228
213 229
224 240
290 242
301 248
289 266
301 266
328 159
341 172
212 227
212 228
213 230
224 241
290 241
302 247
302 248
302 249
288 267
302 267
328 158
342 172
211 228
212 226
213 231
224 242
290 240
302 246
303 248
302 250
303 268
328 157
343 172
210 228
212 225
213 232
224 243
225 243
290 239
302 245
304 248
302 251
304 269
328 156
344 172
209 228
212 224
213 233
224 244
226 243
302 244
305 248
305 270
328 155
345 172
208 228
212 223
213 234
224 245
227 243
302 243
306 248
304 271
306 271
328 154
346 172
207 228
212 222
213 235
224 246
228 243
302 242
307 248
303 272
307 272
328 153
347 172
206 228
213 221
213 236
224 247
229 243
302 241
308 248
302 273
308 273
328 152
348 172
205 228
214 220
213 237
224 248
230 243
302 240
309 248
301 274
309 274
328 151
349 173
204 228
215 219
213 238
224 249
231 243
302 239
310 248
300 275
310 275
329 150
350 174
203 228
216 218
213 239
224 250
232 243
302 238
311 248
299 276
311 276
330 149
351 175
202 228
217 217
224 251
233 243
302 237
312 248
298 277
312 277
331 148
352 176
201 228
218 216
224 252
234 243
302 236
313 248
297 278
313 278
331 147
353 177
200 228
219 215
235 243
302 235
314 248
296 279
314 279
331 146
354 178
199 228
220 214
236 243
302 234
315 248
295 280
315 280
331 145
355 179
198 228
221 213
302 233
316 248
294 281
316 281
331 144
356 180
197 228
222 212
302 232
317 248
293 282
317 282
331 143
355 181
357 181
196 228
223 211
302 231
318 248
292 283
318 283
331 142
332 142
354 182
358 182
195 228
224 210
302 230
319 248
291 284
319 284
331 141
333 142
353 183
359 183
194 228
223 209
225 209
320 248
290 285
292 285
320 285
331 140
334 142
352 184
360 184
193 228
222 208
226 208
321 248
289 286
293 286
321 286
331 139
335 142
351 185
361 185
192 228
221 207
227 207
322 248
288 287
294 287
322 287
331 138
336 142
350 186
362 186
191 228
191 229
220 206
228 206
323 247
288 288
295 288
323 288
331 137
337 142
349 187
363 187
190 228
191 230
219 205
229 205
324 246
287 289
296 289
324 289
331 136
338 142
348 188
364 188
189 228
191 231
218 204
230 205
325 245
286 290
297 290
324 290
331 135
339 142
365 189
188 228
191 232
217 203
231 205
325 244
326 246
285 291
298 291
324 291
331 134
340 142
366 190
187 228
191 233
216 202
232 205
325 243
327 246
284 291
299 292
324 292
331 133
341 142
365 191
367 191
186 228
191 234
215 201
233 205
325 242
328 246
283 291
300 293
324 293
331 132
342 142
364 192
368 192
185 228
191 235
325 241
329 246
282 291
300 294
324 294
330 131
331 131
343 142
363 193
369 193
184 228
191 236
325 240
330 246
281 291
324 295
329 131
331 130
344 142
362 194
370 194
183 227
183 228
191 237
325 239
331 246
280 291
324 296
328 131
331 129
345 142
361 195
371 195
182 228
183 226
191 238
325 238
332 246
279 291
324 297
331 128
346 142
360 196
372 196
181 228
183 225
191 239
325 237
333 246
278 291
324 298
331 127
347 142
359 197
373 197
180 228
183 224
191 240
325 236
334 247
277 291
331 126
348 142
358 198
374 198
179 228
183 223
192 241
325 235
335 248
276 291
331 125
349 142
349 143
357 199
375 199
178 228
183 222
193 242
325 234
336 249
331 124
349 144
356 200
376 200
177 228
183 221
194 243
325 233
337 250
331 123
349 145
355 201
377 201
176 228
183 220
195 244
325 232
326 232
338 251
331 122
349 146
354 202
378 202
175 228
183 219
196 245
325 231
327 232
339 252
331 121
349 147
353 203
379 203
174 228
184 218
197 246
325 230
328 232
340 253
331 120
349 148
352 204
380 204
173 228
185 217
198 247
325 229
329 232
339 254
341 253
331 119
349 149
351 205
381 205
172 228
186 216
199 248
325 228
330 232
338 255
342 253
331 118
349 150
350 206
382 206
171 228
187 215
200 249
325 227
331 232
337 256
343 253
331 117
349 151
349 207
383 207
170 228
188 214
201 250
325 226
332 232
336 257
344 253
331 116
349 152
348 208
384 208
169 228
169 229
189 213
202 251
325 225
333 232
335 258
345 254
332 115
349 153
347 207
347 209
385 209
168 228
169 230
190 212
190 214
325 224
334 232
334 259
346 255
333 114
346 206
346 210
386 210
167 228
169 231
191 211
191 215
325 223
335 232
333 259
333 260
347 255
334 113
345 205
346 211
387 211
166 228
169 232
192 210
192 216
336 232
332 261
348 255
335 112
344 204
388 212
165 228
169 233
193 209
193 217
337 232
331 262
349 255
336 111
343 203
389 213
164 228
169 234
194 208
194 218
338 232
330 263
350 255
337 110
342 202
390 214
163 228
169 235
193 207
195 207
194 219
339 232
330 264
351 255
338 109
341 201
391 215
162 227
162 228
169 236
192 206
196 206
340 232
330 265
352 255
339 108
340 200
392 216
161 228
162 226
168 237
191 205
197 205
341 232
330 266
353 255
340 107
339 199
393 217
160 228
162 225
168 238
190 204
198 204
342 232
330 267
354 255
341 106
341 108
338 198
394 218
159 228
162 224
168 239
189 203
199 203
343 232
355 255
340 105
342 105
342 109
337 197
395 219
158 228
162 223
168 240
188 202
200 202
344 232
356 255
339 104
343 104
343 110
336 196
396 220
157 228
162 222
168 241
187 201
201 201
345 232
357 255
338 103
344 103
344 111
335 195
397 221
156 228
162 221
168 242
186 200
202 201
337 102
345 102
345 112
334 196
335 194
398 222
155 228
163 220
168 243
185 199
203 201
336 101
346 101
346 113
333 197
399 223
154 228
164 219
168 244
184 198
204 201
335 100
347 100
347 114
332 198
400 224
153 228
165 218
168 245
334 99
348 99
348 115
331 199
401 225
152 228
166 217
168 246
333 98
349 99
349 116
330 200
402 226
151 228
167 216
168 247
332 97
350 99
350 117
329 201
403 225
403 227
150 228
168 215
168 248
331 96
351 99
351 118
328 202
404 224
404 228
149 228
169 214
168 249
331 95
352 99
352 119
327 203
405 223
405 229
148 228
170 213
326 204
406 222
406 230
147 228
171 212
325 205
407 221
407 231
146 228
172 211
408 220
406 232
408 232
145 228
173 210
409 219
405 233
409 233
144 228
173 209
410 218
404 234
410 234
143 228
173 208
411 217
403 235
411 235
142 227
142 228
173 207
412 216
402 236
412 236
141 228
142 226
173 206
413 215
401 237
413 237
140 228
142 225
173 205
414 214
400 238
414 238
139 228
142 224
173 204
415 213
399 239
415 239
138 228
142 223
173 203
416 212
398 240
416 240
137 228
142 222
173 202
417 211
397 241
417 241
136 228
142 221
173 201
418 210
396 242
418 242
135 228
142 220
173 200
419 209
395 243
419 243
134 228
173 199
420 208
394 244
418 244
420 244
133 228
133 229
173 198
421 207
417 245
421 245
132 228
133 230
422 206
416 246
422 246
131 228
133 231
423 205
416 247
423 247
130 228
133 232
424 204
424 248
129 228
133 233
425 203
425 249
128 228
133 234
426 202
424 250
426 250
127 228
133 235
427 201
423 251
427 251
126 228
133 236
428 200
422 252
428 252
125 227
125 228
133 237
429 199
421 253
429 253
124 228
125 226
133 238
430 198
420 254
430 254
123 228
125 225
133 239
431 197
419 255
431 253
431 255
122 228
125 224
133 240
432 196
418 256
432 252
432 256
121 228
125 223
133 241
433 195
417 257
433 251
433 257
120 228
125 222
133 242
434 194
416 258
434 250
434 258
119 228
125 221
133 243
435 193
415 259
435 249
435 259
118 228
125 220
134 244
436 192
414 260
435 248
436 260
117 228
125 219
135 245
437 191
413 261
435 261
437 260
116 228
126 218
136 246
438 190
412 262
434 262
438 260
115 228
127 217
137 247
439 189
411 263
433 263
439 260
114 228
128 216
138 248
440 188
410 264
432 264
440 260
113 228
129 215
139 249
441 187
409 265
431 265
441 260
112 228
130 214
140 250
442 186
408 266
430 266
442 260
111 228
111 229
131 213
141 251
443 185
407 267
429 267
443 260
110 228
111 230
132 212
142 250
142 252
444 184
406 266
407 268
429 268
444 260
109 228
111 231
133 211
143 249
143 253
445 183
405 265
429 269
445 260
108 228
111 232
134 210
144 248
144 254
446 182
404 264
429 270
446 260
107 228
111 233
135 209
145 247
145 255
447 181
403 263
429 271
447 260
106 228
111 234
134 208
136 208
146 246
146 256
448 180
402 263
448 260
105 228
111 235
133 207
137 207
147 245
147 257
449 179
401 263
449 260
104 228
111 236
132 206
138 206
148 244
148 258
450 178
400 263
450 260
103 228
111 237
131 205
139 205
149 259
451 177
399 263
451 260
102 228
111 238
130 204
140 204
150 260
452 176
398 263
452 260
101 228
111 239
129 203
141 203
151 261
453 175
397 263
453 259
100 228
111 240
128 202
142 202
152 262
454 174
396 263
454 258
99 228
127 201
143 201
153 263
455 173
395 263
455 257
98 228
126 200
143 200
154 264
456 172
394 263
456 256
97 228
97 229
125 199
143 199
155 265
457 171
393 263
457 255
96 228
97 230
124 198
143 198
156 266
458 170
392 263
392 264
458 254
95 228
97 231
123 197
143 197
157 267
459 169
391 263
392 265
459 253
94 228
97 232
122 196
143 196
158 268
460 168
390 263
392 266
460 252
93 228
97 233
121 195
143 195
159 269
461 167
389 263
461 251
92 227
92 228
97 234
120 194
144 194
160 270
462 166
388 263
462 250
91 228
92 226
97 235
120 193
145 193
161 271
463 165
387 263
463 249
90 228
92 225
97 236
146 192
162 272
464 164
386 263
464 248
89 228
92 224
97 237
147 191
163 273
465 163
385 263
465 247
88 228
92 223
97 238
148 190
164 274
466 162
384 263
466 246
87 228
92 222
97 239
149 189
149 191
165 275
467 161
383 263
467 245
86 228
92 221
97 240
150 188
150 192
166 276
468 160
382 263
468 245
85 228
92 220
97 241
151 187
151 193
167 277
469 159
381 263
469 245
84 228
93 219
152 186
152 194
168 278
470 158
380 263
470 245
83 228
94 218
153 185
153 195
169 279
471 157
379 263
471 245
82 228
95 217
154 184
154 196
170 280
472 156
378 263
472 245
81 228
96 216
155 183
171 281
473 155
377 263
473 245
80 228
97 215
156 182
172 282
474 154
376 262
474 245
79 228
98 214
157 181
173 283
475 153
375 261
475 245
78 228
99 213
158 180
174 284
476 152
374 260
476 245
77 228
100 212
100 214
159 179
174 285
477 151
373 259
477 245
76 227
76 228
101 211
101 215
160 178
174 286
478 150
373 258
478 245
75 228
76 226
102 210
102 216
161 177
174 287
479 149
373 257
479 245
74 228
76 225
103 209
103 217
162 176
174 288
480 148
373 256
480 245
73 228
76 224
104 208
104 218
163 175
174 289
481 147
373 255
481 245
72 228
76 223
104 207
104 219
164 174
174 290
482 146
373 254
482 245
71 228
76 222
104 206
165 173
174 291
483 145
373 253
483 245
70 228
76 221
104 205
166 172
174 292
484 144
373 252
484 245
69 228
76 220
104 204
167 171
174 293
485 143
373 251
485 245
68 228
76 219
104 203
168 170
174 294
486 142
373 250
486 245
67 228
76 218
104 202
169 169
174 295
487 141
373 249
487 244
487 246
66 228
76 217
104 201
170 168
174 296
488 140
373 248
488 243
488 247
65 227
65 228
104 200
171 167
174 297
489 139
373 247
489 242
489 248
64 228
65 226
104 199
172 166
174 298
490 138
373 246
490 241
490 249
63 228
65 225
103 198
173 165
174 299
491 137
373 245
491 240
490 250
62 228
62 229
65 224
102 197
174 164
174 300
492 136
373 244
492 239
490 251
61 228
62 230
65 223
102 196
174 163
174 301
493 135
373 243
493 238
493 240
490 252
60 228
62 231
65 222
102 195
174 162
174 302
494 134
494 237
494 241
490 253
59 228
62 232
65 221
102 194
174 161
174 303
495 133
495 135
495 236
495 242
490 254
58 228
63 233
65 220
102 193
174 160
174 304
496 132
496 136
496 235
496 243
490 255
57 228
64 234
65 219
102 192
174 159
174 305
497 131
497 137
497 234
497 244
490 256
56 228
65 235
65 218
102 191
174 158
174 306
498 130
498 138
498 233
498 245
490 257
55 228
66 236
65 217
102 190
174 157
174 307
499 129
499 139
499 232
499 246
490 258
54 228
67 237
65 216
102 189
174 156
174 308
500 128
500 140
500 231
500 247
490 259
53 228
68 238
65 215
102 188
174 155
174 309
501 127
501 141
500 230
501 248
490 260
52 228
69 239
65 214
102 187
174 154
174 310
502 126
502 142
500 229
501 249
502 247
490 261
51 228
70 240
65 213
102 186
174 153
174 311
503 125
503 143
500 228
503 246
490 262
50 228
71 241
65 212
102 185
174 152
174 312
504 124
504 144
504 245
490 263
49 228
72 242
65 211
102 184
174 151
174 313
505 123
505 145
505 244
490 264
48 228
73 243
65 210
102 183
174 150
174 314
506 122
506 146
506 244
490 265
47 228
65 209
102 182
174 149
174 315
505 121
507 121
507 147
507 244
490 266
46 228
65 208
102 181
174 148
174 316
504 120
508 120
508 148
508 244
491 267
45 228
65 207
174 147
174 317
503 119
509 119
509 149
509 244
492 268
44 228
65 206
174 146
174 318
502 118
510 118
510 148
510 150
510 244
493 269
43 227
43 228
43 229
65 205
174 145
174 319
501 117
511 147
511 151
511 244
494 270
42 228
43 226
43 230
65 204
174 144
174 320
500 116
512 146
512 152
512 244
495 271
41 228
43 225
43 231
65 203
174 143
174 321
175 321
499 115
513 145
513 153
496 272
40 228
43 224
43 232
66 202
174 142
174 322
176 321
498 114
514 144
514 154
497 273
39 228
43 223
43 233
67 201
174 141
174 323
177 321
497 113
515 143
515 155
496 274
498 274
38 228
43 222
43 234
68 200
174 140
174 324
178 321
496 112
516 142
516 156
495 275
499 275
37 228
43 221
43 235
69 199
174 139
174 325
179 321
495 111
517 141
517 157
494 276
500 276
36 228
43 220
43 236
70 198
174 138
174 326
180 321
494 110
518 140
518 158
493 277
501 277
35 228
43 219
43 237
71 197
174 137
174 327
181 321
493 109
519 139
519 159
492 278
502 278
34 228
43 218
72 196
174 136
174 328
182 321
492 108
520 138
520 160
491 279
503 279
33 228
43 217
73 195
174 135
174 329
183 321
491 107
521 137
521 161
490 280
504 280
32 228
43 216
72 194
74 194
174 134
174 330
184 321
490 106
521 136
522 162
489 281
505 281
31 228
71 193
75 193
174 133
174 331
185 321
523 163
488 282
506 280
506 282
30 227
30 228
70 192
76 192
174 132
174 332
186 321
524 164
488 283
507 279
507 283
29 228
30 226
69 191
77 191
174 131
174 333
187 321
525 165
508 278
508 284
30 225
68 190
78 190
174 130
174 334
188 321
526 166
509 277
509 284
30 224
67 189
79 189
79 191
174 129
174 335
189 321
527 167
510 276
510 284
30 223
66 188
80 188
80 192
174 128
174 336
190 321
528 168
511 275
511 284
30 222
65 187
81 188
81 193
174 127
174 337
191 321
529 169
512 274
512 284
30 221
64 186
82 194
174 126
174 338
192 321
530 170
513 273
513 284
30 220
63 185
83 195
174 125
174 339
193 321
531 171
514 272
514 284
30 219
62 184
84 196
174 124
174 340
194 321
532 172
515 271
515 285
30 218
61 183
85 197
174 123
174 341
195 321
195 322
533 173
516 270
516 285
30 217
60 182
86 198
174 122
174 342
195 323
532 174
517 269
517 285
30 216
59 181
86 199
174 121
174 343
195 324
531 175
518 268
518 285
30 215
58 180
174 120
174 344
195 325
530 176
519 267
519 285
30 214
57 179
174 119
174 345
195 326
529 177
520 266
520 285
30 213
56 178
174 118
195 327
528 178
521 265
521 285
30 212
55 177
174 117
195 328
527 179
522 264
522 285
30 211
54 176
174 116
195 329
526 180
523 263
523 285
30 210
53 175
174 115
195 330
525 181
523 262
524 285
30 209
52 174
174 114
195 331
524 182
525 285
30 208
51 173
174 113
195 332
523 183
30 207
50 172
174 112
195 333
522 184
30 206
49 171
174 111
195 334
521 185
29 205
30 205
49 170
174 110
195 335
520 186
28 205
30 204
49 169
174 109
195 336
519 187
30 203
174 108
195 337
518 188
30 202
174 107
195 338
517 189
30 201
174 106
195 339
516 190
30 200
174 105
195 340
515 191
30 199
174 104
195 341
515 192
30 198
174 103
195 342
515 193
30 197
174 102
196 343
515 194
30 196
174 101
197 344
515 195
30 195
174 100
198 345
515 196
30 194
174 99
199 346
515 197
29 193
30 193
174 98
200 347
515 198
30 192
174 97
201 347
515 199
30 191
31 191
173 96
174 96
175 96
202 347
515 200
30 190
32 191
172 96
174 95
176 96
203 347
515 201
30 189
33 191
174 94
177 96
204 347
515 202
30 188
34 191
174 93
178 96
205 347
515 203
30 187
35 191
174 92
179 96
206 347
515 204
30 186
36 191
174 91
180 96
207 347
30 185
37 191
174 90
181 96
208 347
30 184
38 191
174 89
182 96
209 347
30 183
39 191
174 88
183 96
210 347
30 182
40 191
174 87
184 96
211 347
30 181
41 191
174 86
185 96
212 347
30 180
42 191
174 85
213 347
30 179
43 191
174 84
214 347
30 178
174 83
215 347
30 177
174 82
175 82
216 347
30 176
174 81
176 82
217 347
30 175
174 80
177 82
218 347
30 174
174 79
178 82
219 347
30 173
174 78
179 82
220 347
30 172
173 77
180 82
221 347
30 171
172 76
181 82
222 346
30 170
171 75
182 82
223 345
30 169
170 75
183 82
224 344
30 168
169 75
184 82
225 343
30 167
168 75
185 82
225 342
226 344
30 166
167 75
186 82
225 341
227 345
30 165
166 75
187 81
187 82
225 340
228 346
30 164
165 75
187 80
188 82
225 339
229 347
30 163
164 75
187 79
189 82
225 338
230 348
30 162
163 75
187 78
190 82
225 337
231 348
30 161
162 75
187 77
191 82
225 336
232 348
30 160
161 75
187 76
192 82
225 335
233 348
30 159
160 75
187 75
193 82
225 334
234 348
30 158
159 75
194 82
225 333
235 348
30 157
158 75
195 82
225 332
236 348
30 156
157 75
196 82
225 331
237 348
30 155
31 155
156 75
156 76
197 82
225 330
238 348
30 154
32 155
155 75
198 82
225 329
239 348
30 153
33 155
154 75
199 82
225 328
240 349
30 152
34 155
153 75
200 82
225 327
226 327
241 350
30 151
35 155
152 75
201 82
225 326
227 327
242 351
30 150
36 155
151 75
202 82
228 327
243 352
30 149
37 155
150 75
203 82
229 327
244 353
30 148
149 75
204 82
230 327
245 354
30 147
148 75
205 82
231 327
246 355
30 146
147 75
206 82
232 327
247 356
30 145
146 75
207 82
233 327
248 357
30 144
145 75
208 82
234 327
249 358
30 143
144 76
209 83
235 327
250 359
30 142
143 77
210 84
236 327
251 360
30 141
142 78
211 85
237 327
252 361
30 140
141 79
212 86
238 327
30 139
140 80
213 87
239 327
30 138
139 79
139 81
212 88
214 87
240 327
30 137
138 78
138 82
211 89
215 87
241 327
30 136
137 77
137 83
210 90
216 87
242 327
30 135
136 76
136 84
209 91
217 87
243 327
30 134
135 75
135 84
137 85
208 92
218 87
244 327
30 133
134 74
134 84
138 86
207 93
219 87
245 327
30 132
133 73
133 84
139 87
206 94
220 87
246 327
30 131
132 72
132 84
140 88
205 95
221 87
247 326
30 130
131 71
131 84
141 89
204 96
222 87
248 325
30 129
130 70
130 84
142 90
204 97
223 87
223 88
249 324
30 128
129 69
129 84
143 91
204 98
224 87
223 89
250 323
30 127
128 68
128 84
143 92
204 99
225 87
223 90
251 322
30 126
127 67
127 84
204 100
226 86
226 87
223 91
252 321
30 125
126 66
126 84
226 85
227 87
223 92
252 320
253 322
30 124
125 65
125 84
226 84
228 87
223 93
252 319
254 323
30 123
124 64
124 84
226 83
229 87
223 94
252 318
255 324
31 122
123 63
123 84
226 82
230 87
223 95
252 317
256 325
31 121
122 84
226 81
231 87
223 96
252 316
257 326
31 120
121 84
121 85
226 80
232 87
223 97
252 315
258 325
258 327
31 119
120 84
121 86
226 79
233 87
223 98
252 314
259 324
259 328
31 118
119 84
234 87
223 99
252 313
260 323
260 329
31 117
118 84
235 87
223 100
252 312
261 322
261 330
31 116
117 84
236 87
252 311
262 321
262 331
31 115
116 84
237 87
252 310
263 320
263 332
31 114
115 84
238 87
252 309
264 333
31 113
114 84
239 87
252 308
263 334
265 332
265 334
31 112
113 84
240 87
252 307
262 335
266 331
266 335
31 111
112 84
241 87
252 306
261 336
267 330
267 336
31 110
111 84
242 87
252 305
260 337
268 329
268 337
31 109
110 84
243 87
252 304
259 338
269 328
269 338
31 108
109 84
244 87
253 303
258 339
270 327
270 339
31 107
32 107
108 84
245 87
254 302
257 340
271 326
271 340
31 106
33 107
107 84
246 87
255 301
257 341
272 325
272 341
31 105
34 107
106 84
247 87
256 300
273 324
273 342
31 104
35 107
105 84
248 88
257 299
274 323
274 343
31 103
36 107
249 89
258 298
275 322
275 344
31 102
37 107
250 90
259 297
276 321
276 323
276 345
31 101
38 107
251 91
258 296
260 296
277 320
277 324
277 346
31 100
39 107
252 92
257 295
261 295
278 319
278 325
276 347
278 347
31 99
40 107
253 93
256 294
262 294
262 296
277 318
279 318
279 326
275 348
279 348
30 98
31 98
41 107
254 94
255 293
263 293
263 297
276 317
280 317
280 327
275 349
280 349
29 98
31 97
42 106
42 108
253 95
255 95
254 292
263 292
264 298
275 316
281 316
281 328
281 350
28 98
31 96
43 105
43 109
252 96
256 96
253 291
263 291
265 299
274 315
282 315
282 329
282 351
27 98
31 95
44 104
44 110
251 97
257 97
252 290
263 290
266 300
274 314
283 314
283 330
283 352
26 98
31 94
45 104
45 111
250 98
258 98
251 289
263 289
267 301
284 313
283 331
284 353
31 93
46 104
46 112
249 99
259 97
259 99
250 288
263 288
267 302
285 312
285 354
31 92
47 104
47 113
248 100
260 96
260 100
249 287
263 287
286 311
286 355
31 91
48 104
48 114
247 101
261 95
261 101
248 286
263 286
287 310
287 356
31 90
49 104
49 115
246 102
262 94
262 102
247 285
263 285
287 309
288 357
31 89
50 104
50 116
245 103
263 93
263 103
246 284
263 284
289 358
31 88
51 104
51 117
245 104
264 92
262 104
264 104
246 283
288 359
290 359
31 87
52 104
52 118
265 91
265 105
287 360
291 360
31 86
53 119
266 90
266 106
286 361
292 361
31 85
32 85
54 120
267 89
267 107
285 362
293 360
293 362
31 84
33 85
54 121
268 88
268 107
284 363
294 359
294 362
31 83
34 85
54 122
269 107
283 364
295 358
295 362
31 82
35 85
54 123
270 107
282 365
296 357
296 362
31 81
36 85
54 124
271 107
297 356
297 362
31 80
37 85
54 125
272 107
298 355
298 362
31 79
38 85
54 126
273 107
299 354
299 362
31 78
39 85
54 127
274 107
300 353
300 362
31 77
40 85
53 128
275 107
301 352
301 362
31 76
41 85
52 129
276 107
302 351
302 362
31 75
42 85
51 130
277 107
303 350
303 362
31 74
43 85
50 131
278 107
304 349
304 362
31 73
44 85
49 132
279 107
305 348
305 362
31 72
45 85
48 133
280 107
306 347
306 362
31 71
46 85
48 134
281 107
307 346
307 363
31 70
47 85
48 135
282 107
308 345
308 364
31 69
48 84
48 85
48 136
283 107
309 344
309 365
31 68
48 83
49 85
48 137
284 107
310 343
310 366
31 67
48 82
50 85
48 138
285 107
309 342
311 342
311 367
31 66
48 81
51 85
48 139
286 107
308 341
312 341
312 368
31 65
48 80
52 85
48 140
287 107
307 340
313 340
313 369
31 64
48 79
53 85
288 107
306 339
314 339
314 370
31 63
48 78
54 85
289 106
289 108
305 338
315 338
315 340
315 371
31 62
32 62
48 77
55 85
290 105
290 109
304 337
316 337
316 341
316 372
33 62
56 85
291 104
291 110
303 336
317 336
317 342
317 373
34 62
57 85
292 103
292 111
302 335
318 335
318 343
35 62
58 85
293 102
293 112
301 334
318 334
319 344
36 62
59 85
292 101
294 101
294 113
300 333
318 333
320 345
37 62
60 85
291 100
295 100
295 114
299 332
318 332
321 346
38 62
61 85
290 99
296 99
296 115
299 331
318 331
322 347
39 62
62 85
289 98
297 98
297 116
318 330
323 348
40 62
63 85
288 97
298 97
298 117
318 329
324 349
41 62
64 85
287 96
299 96
299 118
318 328
325 350
42 62
65 85
286 95
300 95
300 119
318 327
326 351
43 62
66 85
285 94
301 94
301 118
301 120
318 326
326 352
44 62
67 84
284 93
302 93
302 117
302 121
318 325
45 62
68 83
283 92
303 116
303 122
318 324
69 82
282 91
304 115
304 123
318 323
68 81
70 82
281 90
305 114
305 124
318 322
67 80
71 82
306 113
305 125
318 321
66 79
72 82
307 112
305 126
318 320
65 78
73 82
308 111
305 127
318 319
64 77
74 82
309 110
305 128
318 318
63 76
75 82
310 109
304 129
318 317
62 75
76 82
311 108
303 130
62 74
77 82
303 131
62 73
78 82
303 132
62 72
79 82
303 133
62 71
80 82
303 134
62 70
81 81
81 82
303 135
62 69
81 80
82 82
303 136
62 68
81 79
83 82
303 137
62 67
81 78
84 81
303 138
81 77
85 80
303 139
81 76
86 79
303 140
81 75
87 78
303 141
81 74
88 77
81 73
89 76
81 72
90 75
81 71
91 74
81 70
92 73
81 69
93 72
81 68
94 71
81 67
95 70
81 66
96 69
81 65
97 68
81 64
98 67
81 63
99 66
81 62
100 65
81 61
101 64
81 60
102 63
102 62
102 61
183
277 207
289 216
258 218
257 207
304 192
254 233
303 209
305 169
275 228
303 156
233 226
327 173
269 255
288 256
255 257
288 267
290 239
302 251
212 222
308 273
348 172
328 151
213 239
224 252
236 243
302 230
322 248
322 287
288 288
348 188
215 201
233 205
300 294
328 131
333 246
324 298
191 240
276 291
349 142
183 219
344 253
331 116
202 251
349 153
325 223
333 259
346 211
194 219
169 236
330 267
345 232
357 255
162 221
335 194
184 198
204 201
168 249
331 95
352 99
352 119
325 205
142 220
394 244
173 198
416 247
133 243
435 248
125 219
407 268
429 271
148 244
452 260
111 240
392 266
143 195
120 193
92 220
97 241
154 196
377 263
104 219
486 245
76 217
104 199
373 243
62 232
501 249
500 228
174 313
73 243
490 266
102 181
510 118
512 244
65 203
43 237
43 216
490 106
521 136
488 283
29 228
174 334
81 188
514 284
195 321
533 173
60 182
86 199
174 345
523 262
525 285
28 205
49 169
519 187
195 342
29 193
172 96
515 204
185 96
43 191
30 173
174 78
221 347
187 75
156 76
239 348
225 326
37 155
30 144
145 75
208 82
252 361
246 327
143 92
204 100
30 123
123 63
121 86
226 79
223 100
263 320
268 329
252 304
257 341
247 87
105 84
41 107
275 349
274 314
26 98
283 331
267 302
287 309
263 284
245 104
262 104
246 283
52 104
268 88
31 83
282 365
54 127
306 362
48 140
288 107
315 338
31 62
48 77
317 373
299 331
66 85
326 352
302 93
45 62
281 90
305 128
318 317
311 108
83 82
62 67
303 141
81 60
102 61
