3009
278 201
280 203
277 200
281 204
276 199
282 205
275 198
275 200
283 206
274 197
274 201
284 207
273 196
273 202
285 208
272 195
272 203
286 209
271 194
271 204
287 210
270 193
270 205
288 211
269 192
269 206
289 212
268 191
268 207
290 213
267 190
267 208
291 212
291 214
266 189
266 209
292 211
292 215
265 188
265 190
265 210
293 210
293 216
264 187
264 191
264 211
294 209
294 217
263 186
263 192
263 212
295 208
295 218
262 185
262 193
262 213
296 207
296 219
261 184
261 194
297 206
297 220
260 183
260 195
298 205
298 221
259 182
259 196
299 204
299 222
258 181
258 197
300 203
300 223
257 180
258 198
301 202
301 224
256 179
302 201
302 203
302 225
255 178
303 200
303 204
303 226
254 177
302 199
304 199
304 205
304 227
253 176
301 198
305 198
305 206
303 228
305 228
252 175
300 197
306 197
306 207
302 229
306 229
251 174
299 196
307 196
307 208
301 230
307 230
250 173
298 195
308 195
308 209
300 231
308 229
308 231
249 172
309 194
309 196
309 210
299 232
309 228
309 232
248 171
310 193
310 197
310 211
298 233
310 227
310 233
247 170
311 192
311 198
310 212
311 210
311 226
311 234
246 169
312 191
312 199
312 210
312 225
312 235
245 168
313 190
313 200
313 210
313 224
313 236
244 167
314 189
313 201
314 210
314 223
314 237
243 166
315 188
315 210
315 222
315 238
242 165
316 187
316 210
316 222
316 239
241 164
317 186
317 210
317 222
317 240
240 163
318 185
318 241
239 162
239 164
319 184
319 240
319 242
238 161
238 165
320 183
320 239
320 243
237 160
237 166
319 182
321 182
321 184
321 244
236 159
236 167
318 181
322 181
322 185
322 245
235 158
235 168
317 180
323 180
323 186
323 246
234 157
234 169
317 179
324 179
324 187
322 247
324 247
233 156
233 170
325 178
325 188
321 248
325 248
232 155
232 171
326 177
326 189
320 249
326 249
231 154
231 172
327 176
327 190
319 250
327 250
230 153
230 173
328 175
328 191
318 251
328 251
229 152
229 174
329 174
329 192
317 250
317 252
329 252
228 151
228 175
330 173
330 193
316 253
330 253
227 150
227 176
331 172
331 194
315 254
331 252
331 254
226 149
226 177
332 171
332 195
314 255
332 251
332 255
225 148
225 178
333 170
333 196
313 256
333 250
333 256
224 147
224 179
332 169
334 169
334 197
312 257
334 249
334 257
223 146
223 180
331 168
335 168
311 258
333 248
335 248
335 258
222 145
222 181
330 167
336 167
310 259
336 247
336 259
221 144
221 182
329 166
337 166
309 260
337 246
337 260
220 143
220 183
328 165
338 165
338 167
308 261
338 245
336 261
338 261
219 142
219 184
327 164
339 165
339 168
307 262
339 244
335 262
339 262
218 141
218 185
326 163
340 165
340 169
306 263
340 243
334 263
340 262
217 140
217 186
325 162
341 165
341 170
305 264
341 242
333 264
341 262
216 139
216 187
324 161
342 165
342 171
304 265
342 241
332 265
342 262
215 138
215 188
323 160
343 165
343 172
303 266
343 240
331 266
343 262
214 137
216 137
214 189
322 159
344 165
344 173
302 267
344 239
330 265
330 267
344 262
213 136
217 136
213 190
321 158
345 165
345 174
301 268
345 238
329 264
329 268
345 262
212 135
218 135
212 191
321 157
346 165
346 175
300 269
346 237
328 263
328 269
346 262
211 134
219 134
211 192
321 156
347 164
347 165
347 176
299 270
347 236
327 262
327 270
347 262
210 133
220 133
210 193
321 155
347 163
348 165
348 177
298 269
298 271
348 235
326 261
326 271
348 262
209 132
221 132
209 194
211 194
321 154
347 162
349 165
348 178
297 268
297 272
347 234
349 234
325 272
349 262
208 131
222 131
208 195
212 195
321 153
347 161
350 165
296 273
346 233
350 233
324 273
350 262
207 130
223 130
207 196
213 196
321 152
347 160
351 165
295 274
345 232
351 232
323 274
351 262
206 129
224 129
206 197
214 197
321 151
347 159
352 165
294 275
344 231
352 231
323 275
352 262
205 128
225 128
205 198
215 198
321 150
347 158
353 165
293 276
343 230
353 230
323 276
353 262
204 127
226 127
204 199
216 199
321 149
347 157
354 165
292 277
342 229
354 229
323 277
354 262
203 126
227 126
203 200
217 200
321 148
347 156
355 165
291 278
341 228
355 228
323 278
355 262
202 125
228 125
202 201
218 201
321 147
347 155
356 165
290 279
356 227
323 279
356 262
356 263
201 124
229 124
201 202
219 202
321 146
347 154
357 165
289 278
289 280
357 226
357 262
356 264
200 123
230 123
200 203
220 203
320 145
347 153
358 165
288 277
288 281
358 225
358 262
356 265
199 122
231 122
199 202
199 204
221 204
319 144
347 152
359 165
287 276
287 282
359 224
359 262
356 266
198 121
232 121
198 201
198 205
221 205
318 143
347 151
360 165
286 275
286 283
360 223
360 262
356 267
197 120
233 120
197 200
197 206
221 206
317 142
347 150
285 274
285 284
361 222
361 262
355 268
356 268
196 119
234 119
196 199
196 207
222 207
316 142
318 141
347 149
284 273
284 285
362 221
362 262
354 268
356 269
195 118
235 118
195 198
195 208
223 208
315 142
319 140
283 272
283 286
363 220
363 262
353 268
194 117
236 117
194 197
194 209
224 208
314 142
320 139
282 271
282 287
362 219
364 219
364 261
364 262
364 263
352 268
193 116
237 116
194 196
193 210
225 208
313 142
319 138
321 138
281 270
281 288
361 218
365 218
364 260
365 262
364 264
351 268
192 115
238 115
192 211
226 208
312 142
318 137
322 137
280 269
280 289
360 217
366 217
364 259
366 262
364 265
191 114
239 114
191 212
193 212
227 208
311 142
317 136
323 136
279 268
279 290
359 216
367 216
364 258
367 262
364 266
190 113
240 113
190 213
194 213
228 208
310 142
316 135
324 135
278 267
278 291
358 215
368 215
368 262
364 267
189 112
191 112
241 112
189 214
195 214
229 208
309 142
315 134
325 134
277 266
279 266
277 292
357 214
369 214
369 262
364 268
188 111
192 111
242 111
188 215
196 213
196 215
230 208
308 142
314 133
326 133
276 265
280 265
276 293
278 293
356 213
370 213
370 262
364 269
187 110
193 110
243 110
187 216
197 216
231 208
307 142
313 132
327 132
275 264
281 264
275 294
279 294
355 212
371 212
371 262
186 109
194 109
244 109
186 217
198 217
232 208
306 142
328 131
274 263
282 263
274 295
280 295
354 211
372 211
372 262
185 108
195 108
245 108
185 218
199 218
233 208
305 142
305 143
329 130
273 262
273 294
273 296
280 296
353 210
373 210
373 262
184 107
196 107
246 107
184 219
200 219
234 208
304 142
305 144
330 129
272 261
272 293
272 297
374 209
374 262
183 106
247 106
183 220
201 220
235 208
303 142
305 145
331 128
271 260
271 292
271 298
375 208
375 261
375 262
182 105
248 105
182 219
182 221
202 221
302 142
305 146
332 127
270 259
270 261
270 291
270 299
272 299
376 207
375 260
376 262
181 104
249 104
181 218
181 222
203 222
301 142
305 147
333 126
333 128
269 258
271 258
270 262
269 290
269 300
271 300
273 300
377 206
375 259
377 262
180 103
182 103
250 103
180 217
180 223
204 223
300 142
305 148
334 125
334 129
268 257
272 257
268 289
268 301
274 301
378 205
375 258
378 262
179 102
183 102
251 102
180 216
179 224
205 224
299 142
305 149
334 124
335 130
267 256
273 256
267 288
267 302
275 302
379 204
375 257
379 262
178 101
179 101
184 101
252 101
178 225
206 225
298 142
305 150
334 123
336 131
266 255
274 255
266 287
266 303
276 303
380 203
375 256
380 262
177 100
185 100
253 100
177 226
207 226
305 151
334 122
337 132
265 254
275 254
265 286
265 304
277 304
381 202
375 255
381 262
176 99
186 99
254 99
176 227
178 227
208 227
305 152
334 121
338 133
264 253
276 253
264 285
264 305
278 305
382 201
382 262
175 98
187 98
255 98
175 228
179 228
209 228
305 153
334 120
339 134
263 252
277 252
263 306
279 306
383 200
383 262
174 97
188 97
254 97
256 97
174 229
180 229
210 229
305 154
334 119
340 135
262 251
278 251
262 307
264 307
280 307
384 199
384 262
173 96
189 96
253 96
257 96
173 230
181 230
211 230
305 155
334 118
341 136
261 250
261 252
279 250
261 308
265 308
281 308
385 198
385 262
172 95
172 97
190 95
252 95
258 95
172 231
182 231
212 231
305 156
334 117
260 249
260 253
280 249
260 309
266 309
282 309
386 197
386 262
386 263
171 94
171 98
191 94
251 94
259 94
171 230
171 232
183 232
213 232
305 157
334 116
259 248
259 254
259 308
259 310
266 310
283 310
387 196
387 262
386 264
170 93
170 99
192 93
250 93
260 93
170 229
170 233
184 233
214 233
305 158
334 115
258 247
258 255
258 307
258 311
284 311
388 195
388 261
388 262
386 265
169 92
169 100
193 92
249 92
261 92
169 228
169 234
185 234
215 234
305 159
334 114
257 246
257 256
257 306
257 312
285 312
389 194
388 260
389 262
386 266
168 91
168 101
193 91
248 91
262 93
168 227
168 235
184 235
186 235
214 235
216 235
305 160
335 113
256 245
256 257
256 305
256 313
286 313
390 193
388 259
390 262
386 267
167 90
167 102
194 90
247 90
263 94
167 226
167 236
183 236
187 236
213 236
217 236
305 161
336 112
255 244
257 244
255 258
255 304
255 314
287 314
391 192
388 258
391 262
386 268
166 89
167 103
195 89
246 89
264 95
166 225
166 237
182 237
188 237
212 237
218 237
305 162
337 111
254 243
258 243
254 259
254 303
254 315
288 315
392 191
388 257
392 262
386 269
165 88
196 88
245 88
265 96
165 224
165 238
181 238
188 238
211 238
219 238
305 163
338 110
253 242
259 242
253 260
253 302
253 316
289 316
393 190
388 256
393 262
386 270
164 87
166 87
197 87
244 87
266 97
164 223
164 239
180 239
210 239
220 239
305 164
338 109
339 109
252 241
260 241
252 261
252 301
253 317
290 317
394 189
388 255
394 262
386 271
163 86
167 86
198 86
244 86
267 98
163 222
163 240
179 240
210 240
221 240
305 165
338 108
340 109
252 240
261 240
251 262
253 262
251 300
291 318
395 188
388 254
395 262
386 272
162 85
168 85
199 85
243 85
268 99
162 221
162 241
178 241
209 241
222 241
305 166
338 107
341 109
252 239
262 239
250 263
254 263
250 299
292 319
396 187
388 253
396 262
161 84
169 84
198 84
200 85
242 84
269 100
161 220
161 242
163 242
208 242
223 240
223 242
305 167
338 106
342 109
252 238
263 238
249 264
255 264
249 298
293 320
397 186
388 252
397 262
160 83
170 83
197 83
241 83
270 101
160 219
160 243
164 243
207 243
224 239
224 243
305 168
338 105
343 109
264 237
248 265
256 265
248 299
249 297
294 321
398 185
388 251
398 262
159 83
171 82
196 82
240 82
271 102
159 218
159 242
159 244
165 244
206 244
225 238
225 244
305 169
338 104
344 109
265 236
247 266
257 266
247 300
293 322
295 320
295 322
399 184
388 250
399 262
158 83
172 81
196 81
239 81
272 103
158 217
158 241
158 245
166 245
205 245
226 237
338 103
345 109
266 235
246 267
258 267
246 301
292 323
296 319
296 323
400 183
388 249
400 262
157 83
173 80
196 80
238 80
273 102
273 104
157 216
159 216
157 240
157 246
167 246
204 246
227 236
227 238
338 102
346 109
245 268
245 302
291 324
297 318
297 324
401 182
388 248
401 262
156 83
174 79
196 79
237 80
274 101
274 105
156 215
160 215
156 239
156 247
168 247
203 247
228 235
338 101
347 109
246 269
244 303
290 325
298 317
298 325
402 181
402 262
402 263
155 83
196 78
236 80
275 100
275 106
161 214
156 238
155 248
169 248
203 248
229 234
338 100
348 109
247 270
243 304
289 326
299 316
299 326
403 180
403 262
154 82
154 83
196 77
235 80
276 99
276 106
276 107
162 213
154 247
154 249
170 249
203 249
230 233
338 99
349 109
248 271
242 305
288 327
300 315
300 327
404 179
404 262
153 83
154 81
277 98
277 106
276 108
163 212
153 246
153 250
171 250
203 250
231 232
338 98
350 109
249 272
241 306
287 328
301 314
301 328
405 178
405 262
152 83
154 80
278 97
278 106
276 109
164 211
152 245
172 251
203 251
232 231
338 97
351 109
250 273
240 307
286 329
302 313
302 329
406 177
406 262
151 83
154 79
279 96
279 106
276 110
165 210
151 244
172 252
203 252
233 230
338 96
352 109
250 274
239 308
285 330
303 312
303 330
407 176
407 262
150 83
154 78
280 95
280 106
276 111
166 209
150 243
203 253
234 229
338 95
353 109
250 275
238 309
284 331
304 311
302 331
304 331
408 175
408 262
149 83
154 77
279 94
281 94
281 106
276 112
167 208
149 242
203 254
235 228
338 94
354 109
250 276
237 310
283 332
305 310
301 332
305 332
409 174
409 262
148 83
154 76
278 93
282 93
282 106
276 113
168 207
148 241
203 255
236 227
338 93
355 109
250 277
236 311
282 333
306 309
300 333
306 333
410 173
410 262
147 83
154 75
277 92
283 92
283 106
276 114
169 206
147 240
203 256
237 226
338 92
356 109
250 278
235 312
281 334
307 308
307 334
411 172
411 262
146 83
154 74
276 91
284 91
284 106
276 115
168 205
146 239
238 225
338 91
357 109
250 279
234 313
280 335
308 307
308 309
308 335
412 171
412 262
145 83
154 73
275 90
285 90
285 106
168 204
145 238
238 224
338 90
358 110
250 280
233 314
279 336
309 306
309 310
309 336
413 170
413 262
144 83
154 72
286 89
286 106
168 203
144 237
338 89
359 111
250 281
232 315
278 337
310 305
310 311
310 337
414 169
414 262
143 83
154 71
287 88
287 106
168 202
143 236
338 88
360 112
250 282
231 316
277 338
311 304
311 312
311 338
415 168
415 262
142 83
154 70
288 87
288 106
168 201
142 235
142 237
361 113
230 317
276 339
312 303
312 313
312 337
312 339
416 167
416 262
141 83
154 69
289 86
289 106
168 200
141 234
141 238
361 114
229 318
275 340
312 302
313 314
312 336
313 340
417 166
417 262
417 263
140 83
154 68
290 85
290 107
168 199
140 233
140 239
361 115
228 319
274 341
314 315
314 341
418 165
418 262
417 264
139 82
139 83
291 84
291 108
168 198
139 232
139 240
361 116
227 320
273 342
315 316
315 342
419 164
419 262
417 265
138 83
139 81
292 83
292 109
168 197
138 231
138 241
361 117
226 321
272 343
316 317
316 343
420 163
420 262
417 266
137 83
139 80
293 82
293 110
168 196
137 230
361 118
225 322
271 344
316 318
317 344
421 162
421 262
417 267
136 83
139 79
293 81
294 111
168 195
136 229
361 119
224 323
270 345
318 345
422 161
422 262
417 268
135 83
139 78
295 112
168 194
135 228
361 120
223 322
223 324
269 346
319 346
423 160
423 262
417 269
134 83
134 84
139 77
296 113
168 193
134 227
136 227
361 121
222 321
222 325
268 345
269 347
320 347
424 159
424 261
424 262
417 270
133 83
134 85
139 76
297 114
168 192
133 226
137 226
361 122
221 320
221 326
267 344
269 348
321 348
425 158
424 260
425 262
417 271
132 83
134 86
139 75
298 115
168 191
132 225
138 225
361 123
220 319
220 327
266 343
269 349
320 349
426 157
424 259
426 262
131 83
134 87
139 74
299 115
168 190
131 224
138 224
361 124
219 318
219 327
265 342
269 350
319 350
427 156
424 258
427 262
130 83
134 88
300 115
167 189
168 189
130 223
361 125
219 317
218 327
264 341
269 351
270 351
318 351
428 155
424 257
428 262
129 83
135 89
301 115
166 189
129 222
361 126
217 327
263 340
269 352
271 351
317 352
429 154
424 256
429 262
128 83
136 90
302 115
165 189
128 221
361 127
216 327
262 339
269 353
272 351
316 353
430 153
424 255
430 262
127 83
137 91
303 115
164 189
127 220
215 327
261 338
269 354
315 354
431 152
424 254
431 262
126 83
138 92
304 115
163 189
126 219
214 327
260 338
269 355
314 355
432 151
424 253
432 262
125 83
139 93
305 115
162 189
125 218
213 327
259 338
269 356
314 356
433 150
424 252
433 262
124 83
140 94
306 114
161 189
124 217
124 219
212 327
269 357
314 357
434 149
424 251
434 262
123 83
140 95
307 113
160 189
123 216
125 216
123 220
211 327
269 358
314 358
435 148
424 250
435 262
122 83
140 96
308 112
122 215
126 215
122 221
210 327
269 359
314 359
436 147
424 249
436 262
121 83
121 84
140 97
309 111
121 214
127 214
121 222
209 327
268 360
269 360
314 360
437 146
424 248
437 262
120 83
121 85
140 98
310 110
120 213
128 213
120 223
208 327
267 360
269 361
314 361
438 145
424 247
438 262
438 263
119 83
120 86
140 99
311 109
119 212
119 224
121 224
207 327
266 360
269 362
314 362
439 144
424 246
439 262
438 264
118 83
119 87
140 100
312 108
118 211
118 225
122 225
206 327
265 360
269 363
314 363
440 143
440 262
438 265
117 83
119 88
140 101
313 107
117 210
117 226
123 226
205 327
264 360
269 364
314 364
441 142
441 262
438 266
116 83
119 89
140 102
314 106
116 209
116 227
123 227
204 327
263 360
270 365
314 365
442 141
442 262
438 267
115 83
119 90
315 105
116 208
115 228
203 327
262 360
271 364
271 366
314 366
443 140
443 262
438 268
114 82
114 83
119 91
315 104
115 207
114 229
202 327
261 360
272 363
272 367
314 367
444 139
444 262
438 269
113 83
114 81
119 92
315 103
114 206
113 230
201 327
260 360
273 362
273 368
314 368
445 138
445 262
438 270
112 83
114 80
119 93
315 102
113 205
112 230
114 231
200 327
259 360
274 361
274 369
314 369
446 137
446 262
438 271
111 83
114 79
119 94
315 101
112 204
111 230
115 232
199 327
258 360
274 360
275 370
314 370
447 136
447 262
438 272
110 83
114 78
119 95
315 100
111 203
113 203
110 230
116 233
198 327
257 360
276 371
314 371
448 135
448 262
438 273
109 83
114 77
119 96
315 99
110 202
114 202
109 230
117 234
197 327
256 360
277 371
314 372
449 134
449 262
108 83
114 76
118 97
119 97
315 98
109 201
115 201
108 230
117 235
196 327
255 360
278 371
314 373
450 133
450 262
107 83
114 75
117 97
119 98
315 97
108 200
116 200
107 230
117 236
195 327
254 359
314 374
451 132
451 262
106 83
114 74
116 97
119 99
316 96
107 199
117 199
106 230
117 237
194 327
253 358
314 375
452 131
452 262
105 83
115 73
115 97
119 100
317 95
106 198
118 198
105 230
117 238
193 327
252 357
314 376
453 130
453 262
453 263
104 83
116 72
114 97
318 94
105 197
119 197
104 230
117 239
192 327
251 357
454 129
454 262
453 264
103 83
116 71
113 97
319 93
104 196
120 196
103 230
117 240
191 327
250 357
455 128
455 262
102 83
116 70
112 97
320 92
103 195
105 195
121 195
102 230
117 241
190 327
249 357
456 127
456 262
101 83
116 69
111 97
102 194
106 194
122 194
101 229
117 242
189 327
248 357
457 126
457 262
100 83
116 68
101 193
107 193
123 193
100 228
117 243
188 327
247 357
458 125
458 262
99 83
116 67
100 192
108 192
124 193
99 227
117 244
187 327
246 357
459 124
459 261
459 262
98 83
116 66
99 191
99 193
109 191
125 193
98 226
117 245
186 326
186 327
245 357
460 123
459 260
460 262
97 83
98 190
98 194
110 190
126 193
97 225
117 246
185 327
186 325
244 357
461 122
459 259
461 262
96 83
97 189
97 195
111 189
127 193
96 224
117 247
184 327
186 324
243 358
462 121
459 258
462 262
95 83
96 188
96 196
112 188
128 193
95 223
117 248
183 328
186 323
242 359
463 120
459 257
463 262
94 83
95 187
95 197
113 187
129 193
94 222
117 249
182 329
186 322
241 360
464 119
459 256
464 262
93 83
94 186
94 198
114 186
130 193
93 221
117 250
181 330
186 321
240 360
465 118
459 255
465 262
92 82
92 83
93 185
93 199
115 185
131 193
92 221
180 331
186 320
239 360
466 117
459 254
466 262
91 83
92 81
92 184
92 200
116 184
132 193
91 221
179 332
186 319
238 360
467 116
459 253
467 262
90 83
92 80
91 183
91 185
91 201
117 183
133 193
90 221
178 333
186 318
468 115
468 262
89 83
92 79
90 182
90 186
90 202
117 182
134 193
89 221
177 334
186 317
469 114
469 262
88 83
89 181
89 187
89 203
176 335
186 316
470 114
470 262
87 83
88 180
89 188
88 203
175 336
186 315
471 114
471 262
86 83
87 179
87 203
174 337
186 314
472 114
472 262
85 83
86 178
173 338
186 313
473 114
473 262
84 83
85 177
172 339
186 312
474 114
474 262
83 83
84 176
84 178
171 340
186 311
475 114
475 262
82 83
83 175
83 179
171 341
186 310
476 114
476 262
81 83
82 174
82 180
171 342
186 309
477 114
477 262
80 83
81 173
81 181
171 343
186 308
478 114
478 262
79 83
80 172
80 182
171 344
186 307
479 114
479 262
78 83
79 171
79 183
171 345
480 114
480 262
77 83
78 170
78 184
171 346
481 114
481 262
76 83
77 169
77 185
171 347
482 114
482 261
75 83
76 168
76 186
171 348
483 114
483 260
74 83
75 168
75 187
171 349
484 114
484 259
73 83
74 168
74 188
171 350
485 114
485 258
72 83
73 168
73 187
73 189
171 351
486 114
486 257
71 83
72 168
72 190
487 114
487 256
70 83
71 168
71 191
488 114
488 255
69 83
70 168
70 192
489 114
489 254
68 83
69 168
69 191
69 193
490 114
490 253
67 83
68 168
68 190
68 194
491 114
491 252
66 83
67 168
67 189
67 195
492 114
491 251
492 253
65 83
66 168
66 188
66 196
493 114
491 250
493 254
64 83
65 168
65 187
65 197
67 197
494 114
491 249
494 255
63 83
64 168
64 186
64 198
68 198
495 114
491 248
495 256
62 83
63 168
63 185
63 199
69 199
496 114
491 247
496 257
61 83
62 168
62 184
62 200
70 200
497 115
491 246
497 258
60 83
60 84
61 168
61 183
61 201
71 201
498 116
491 245
498 259
59 83
60 85
60 168
60 182
60 184
60 202
499 117
491 244
499 260
58 83
60 86
59 168
59 181
59 185
59 203
500 118
491 243
500 261
57 83
60 87
58 168
58 186
58 204
501 119
491 242
499 262
501 262
56 83
60 88
57 168
57 187
57 205
502 120
491 241
498 263
502 263
55 83
60 89
56 168
56 188
56 206
58 206
503 119
503 121
491 240
497 264
503 263
54 83
60 90
55 168
55 189
55 207
504 118
504 122
491 239
496 265
504 263
53 83
60 91
54 168
54 190
54 208
505 117
505 123
491 238
495 266
505 263
52 83
60 92
53 168
53 191
53 209
506 116
504 124
506 124
491 237
506 263
51 83
60 93
52 168
52 192
52 210
507 115
504 125
507 125
491 236
507 263
50 83
60 94
51 168
51 211
508 114
508 126
491 235
508 263
49 83
60 95
50 168
50 212
509 113
509 127
491 234
509 263
48 83
60 96
49 168
49 213
510 112
510 128
492 233
510 263
47 83
60 97
48 167
48 214
511 111
511 129
493 232
511 263
46 83
47 166
47 168
47 213
47 215
512 110
512 130
494 231
512 263
45 83
46 165
46 169
46 212
46 216
513 109
513 131
495 230
513 263
44 83
45 164
45 170
45 211
45 217
513 108
514 132
496 229
514 263
43 83
44 163
44 171
44 210
44 218
515 133
497 228
515 264
42 83
43 162
43 172
43 209
43 219
516 134
498 227
516 265
41 83
42 161
42 173
42 208
516 135
499 226
515 266
517 266
40 83
41 160
41 207
41 209
516 136
500 225
514 267
518 267
39 83
40 160
42 159
40 206
41 206
40 210
516 137
501 224
513 268
519 268
38 83
39 160
42 158
39 205
39 211
516 138
502 223
512 269
519 269
37 83
38 160
38 204
38 212
516 139
503 222
511 270
519 270
36 82
36 83
37 160
37 203
37 213
516 140
504 221
510 271
519 271
35 83
36 81
36 160
36 202
36 214
516 141
505 220
509 272
519 272
34 83
36 80
35 160
35 201
35 215
517 142
505 219
508 273
519 273
33 83
36 79
34 160
34 200
34 216
518 143
505 218
507 274
519 274
32 83
32 84
36 78
33 159
33 160
33 199
33 217
519 144
505 217
506 275
519 275
31 83
32 85
36 77
32 160
33 158
32 198
32 218
520 145
505 216
505 276
519 276
30 83
32 86
36 76
31 160
33 157
31 197
31 219
521 146
504 277
519 277
32 87
36 75
30 160
33 156
30 196
30 220
522 147
503 278
519 278
32 88
36 74
29 160
33 155
29 195
29 221
31 221
523 148
502 279
519 279
32 89
36 73
28 160
33 154
28 194
28 196
28 222
32 222
524 149
501 280
519 280
32 90
36 72
27 160
33 153
27 193
27 197
27 223
33 223
525 150
500 281
519 281
32 91
36 71
33 152
27 192
26 198
26 224
34 224
526 151
499 282
32 92
36 70
33 151
25 199
25 225
35 225
527 152
498 283
32 93
37 69
33 150
24 200
24 226
36 226
528 153
497 284
32 94
38 68
33 149
23 201
24 227
37 227
529 154
496 285
32 95
39 67
33 148
22 202
38 228
530 155
495 286
33 96
40 66
21 203
39 229
531 156
494 287
34 97
41 65
20 204
40 230
532 157
493 288
35 98
42 64
19 205
41 231
533 158
492 289
35 99
43 63
19 206
42 232
534 159
491 290
35 100
44 62
43 233
535 160
490 291
35 101
43 61
45 61
44 234
536 161
489 292
35 102
42 60
46 60
45 235
537 162
489 293
35 103
41 59
47 59
46 236
538 163
35 104
40 58
48 58
47 237
539 164
35 105
39 57
49 57
540 165
35 106
38 56
50 56
539 166
541 166
35 107
37 55
51 55
538 167
542 167
35 108
36 54
52 54
537 168
543 168
35 109
35 53
53 54
536 169
543 169
35 110
35 52
54 54
535 170
543 170
36 111
34 51
534 171
543 171
37 112
33 50
533 172
543 172
38 113
32 50
532 173
543 173
37 114
39 114
31 50
532 174
36 115
40 115
30 50
35 116
41 116
29 50
34 117
42 117
28 50
33 118
43 118
27 50
32 119
44 119
26 50
31 120
45 120
25 50
30 121
46 121
24 50
29 120
29 122
47 122
28 119
28 123
48 123
27 118
27 124
49 124
26 117
26 125
49 125
25 116
25 126
49 126
24 115
24 127
49 127
23 114
23 128
22 113
186
262 213
258 198
298 195
309 228
298 233
310 212
313 201
317 210
317 222
320 239
317 179
317 250
333 170
334 197
333 248
331 266
326 261
211 194
348 178
297 268
341 228
355 228
323 279
321 146
360 165
221 206
347 149
356 269
194 196
351 268
364 258
196 213
364 269
313 132
282 263
280 296
353 210
196 107
235 208
270 262
271 300
180 216
179 101
298 142
375 255
264 285
305 154
341 136
280 249
266 310
258 247
261 92
334 114
193 91
167 103
188 238
253 317
244 86
210 240
386 272
178 241
200 85
252 238
249 297
225 244
305 169
266 235
258 267
227 238
245 268
388 248
174 79
156 215
402 263
156 238
196 77
235 80
153 250
172 252
285 330
300 333
169 206
203 256
276 115
357 109
275 90
238 224
338 88
250 282
289 106
312 302
312 336
154 68
138 241
316 318
293 81
321 348
417 271
139 74
138 224
134 88
168 189
219 317
361 127
272 351
305 115
259 338
160 189
121 85
128 213
314 362
424 246
269 364
140 102
123 227
116 208
113 230
274 360
438 273
255 360
278 371
315 97
114 74
119 100
314 376
119 197
453 264
320 92
102 230
111 97
116 66
97 83
244 357
184 327
117 250
93 199
238 360
459 253
92 79
117 182
134 193
89 221
89 188
87 203
186 307
481 262
73 187
171 351
496 114
71 201
59 181
58 206
495 266
52 192
504 125
491 234
49 168
60 97
513 108
514 263
43 219
42 173
41 206
42 158
516 141
505 216
30 83
27 160
519 281
27 192
36 70
24 227
32 95
33 148
19 206
489 293
47 237
35 110
35 52
54 54
543 173
532 174
24 50
49 127
23 128
22 113
