3324
278 201
280 203
277 200
281 204
276 199
282 205
275 198
283 206
274 197
282 207
284 207
273 196
281 208
285 208
272 195
280 209
286 209
271 194
279 210
287 210
270 193
279 211
288 209
288 211
269 192
289 208
289 212
268 191
290 207
290 213
267 190
291 206
291 214
266 189
292 205
292 215
265 188
293 204
293 216
264 187
294 203
294 216
294 217
263 186
295 202
295 218
262 185
296 201
296 219
261 184
297 200
295 220
297 220
260 183
298 199
294 221
298 221
259 182
259 184
261 182
299 198
293 222
299 220
299 222
258 181
258 185
262 181
300 197
292 223
300 219
300 223
257 180
257 186
263 180
301 196
291 224
301 218
301 224
256 179
256 187
264 179
302 195
290 225
302 217
302 225
255 178
255 188
265 178
303 194
289 226
303 216
303 226
254 177
254 189
266 177
304 193
288 227
304 215
304 227
253 176
253 190
267 176
305 192
287 228
305 214
305 228
252 175
252 191
268 175
286 229
306 213
306 229
251 174
251 192
269 174
285 230
307 212
307 230
250 173
250 193
270 173
284 231
308 213
306 231
308 231
249 172
249 194
271 172
283 232
284 232
309 214
305 232
309 232
248 171
248 195
272 171
282 233
310 215
310 233
247 170
247 196
273 170
281 234
283 234
311 216
311 233
246 169
246 197
274 169
280 235
284 235
312 216
312 233
245 168
245 198
275 168
279 236
285 236
313 216
313 233
244 167
244 199
276 167
278 237
286 237
314 216
314 233
243 166
243 200
277 166
277 238
287 238
315 216
315 233
242 165
242 201
244 201
278 165
276 239
288 239
316 216
316 233
241 164
241 202
245 202
279 164
275 240
289 240
317 216
317 233
317 234
240 163
240 203
246 203
280 163
274 241
289 241
318 216
318 233
317 235
239 162
239 204
247 204
281 162
273 242
275 242
319 216
319 233
317 236
238 161
238 205
248 205
282 161
272 243
276 243
320 233
317 237
237 160
237 206
249 206
283 160
271 242
271 244
277 244
321 233
317 238
236 159
236 207
250 207
284 159
270 241
270 245
278 245
322 233
317 239
235 158
235 208
251 208
285 158
269 240
269 246
279 246
323 233
317 240
234 157
234 209
252 209
286 157
268 239
268 247
280 247
324 233
317 241
233 156
233 210
253 210
287 156
267 238
267 248
281 248
325 233
317 242
232 155
232 211
254 211
288 155
266 237
266 249
282 249
326 233
317 243
231 154
232 212
255 212
289 154
265 250
283 250
327 233
317 244
230 153
232 213
256 213
290 153
264 251
284 251
328 233
317 245
229 152
232 214
257 214
291 152
263 250
263 252
285 252
329 233
317 246
228 151
232 215
292 151
262 249
262 253
286 253
330 232
317 247
227 150
227 152
232 216
293 150
261 248
261 254
287 254
331 231
317 248
226 149
226 153
232 217
294 149
260 247
260 255
262 255
288 255
332 230
317 249
225 148
225 154
232 218
295 148
295 150
259 246
259 256
263 256
288 256
333 229
317 250
224 147
224 155
232 219
296 147
296 151
258 245
258 257
264 257
334 228
317 251
223 146
223 156
232 220
297 146
297 152
257 244
257 258
265 258
334 227
335 229
316 252
317 252
222 145
222 157
232 221
298 145
298 153
256 243
256 259
266 259
334 226
336 229
315 252
317 253
221 144
221 158
232 222
299 144
299 154
255 242
255 259
255 260
267 260
334 225
337 229
314 251
317 254
318 254
220 143
220 159
232 223
300 143
300 155
254 241
254 261
268 261
334 224
338 229
313 251
317 255
319 254
219 142
219 160
232 224
301 142
301 156
253 240
253 262
269 262
334 223
339 229
312 251
317 256
320 254
218 141
218 161
232 225
302 141
302 143
302 157
252 239
252 263
270 263
334 222
340 229
311 251
317 257
321 254
217 140
217 162
232 226
303 140
303 144
303 158
251 238
251 264
271 264
334 221
341 229
310 251
317 258
322 254
216 139
216 163
232 227
304 139
303 145
304 159
250 237
250 265
272 265
334 220
342 229
309 251
317 259
323 254
215 138
215 164
232 228
305 138
305 160
249 236
249 266
272 266
334 219
343 229
308 251
317 260
324 254
214 137
214 165
232 229
306 137
305 161
249 235
248 267
273 267
334 218
344 229
307 251
317 261
325 254
214 136
213 166
307 136
306 162
247 268
274 268
334 217
345 229
306 251
317 262
326 254
214 135
212 167
308 135
307 163
246 269
275 269
334 216
346 229
305 251
317 263
327 254
214 134
211 168
309 134
308 164
245 270
276 270
334 215
347 229
317 264
328 254
214 133
210 169
310 133
309 165
244 271
277 271
334 214
348 229
317 265
329 254
214 132
209 170
311 132
309 166
243 272
278 271
334 213
317 266
330 254
214 131
208 171
312 131
309 167
242 271
242 273
244 273
279 271
334 212
317 267
331 254
214 130
207 172
311 130
313 130
313 132
309 168
241 270
241 274
245 274
280 271
334 211
317 268
332 253
214 129
206 173
310 129
314 129
314 133
309 169
240 269
240 275
246 275
281 271
334 210
317 269
333 252
214 128
205 174
309 128
315 128
315 134
309 170
239 268
239 276
247 276
282 271
335 209
316 270
317 270
334 251
334 253
214 127
204 175
308 127
316 127
316 135
309 171
238 267
238 277
248 277
283 271
336 208
315 270
317 271
318 271
335 250
335 254
214 126
203 176
307 126
307 128
317 126
317 136
309 172
237 266
237 278
249 278
337 208
314 270
317 272
319 271
336 249
336 255
214 125
202 177
306 125
306 129
318 125
318 137
309 173
236 265
236 279
338 208
313 270
317 273
320 271
337 249
337 256
214 124
201 178
305 124
305 130
319 124
319 138
309 174
235 264
235 280
339 208
312 270
317 274
321 271
338 249
338 257
214 123
200 179
304 123
305 131
320 123
320 139
309 175
234 263
236 263
234 281
340 208
311 270
317 275
322 271
339 249
339 258
214 122
199 180
303 122
321 122
321 140
309 176
233 262
237 262
233 282
341 208
310 270
317 276
323 271
340 249
340 259
214 121
198 181
302 121
320 121
322 121
322 141
232 261
238 261
232 283
342 208
309 270
317 277
324 271
341 249
341 260
214 120
197 182
301 120
319 120
323 120
323 142
231 260
239 260
231 284
343 208
308 270
317 278
325 271
342 249
342 261
214 119
196 183
300 119
318 119
324 119
324 141
324 143
230 259
240 259
230 285
344 208
307 270
317 279
326 271
343 249
343 262
214 118
195 184
299 118
317 118
325 118
325 140
325 144
229 258
240 258
229 286
345 208
306 271
317 280
327 271
344 249
344 263
214 117
194 185
298 117
316 117
326 117
326 139
326 145
228 257
228 287
346 208
305 272
317 281
328 271
345 249
345 264
214 116
193 186
297 116
315 116
327 116
327 138
327 146
227 256
227 288
347 208
304 273
317 282
329 271
346 249
346 265
214 115
192 187
296 115
314 115
328 115
328 117
328 137
328 147
226 255
226 289
228 289
348 208
303 274
317 283
330 271
347 249
347 266
214 114
191 188
295 114
314 114
329 114
329 118
328 136
329 148
225 254
225 290
229 290
349 208
302 275
317 284
348 249
214 113
190 189
294 113
330 113
330 119
330 149
224 253
224 291
230 291
350 208
301 276
317 285
214 112
189 190
293 112
331 112
331 120
331 150
224 252
223 292
231 292
351 208
300 277
317 286
214 111
188 191
190 191
292 111
332 111
332 121
332 151
222 293
232 293
299 278
317 287
214 110
187 192
191 192
291 110
333 110
333 122
333 152
221 294
233 294
298 279
317 288
214 109
186 193
192 193
290 109
333 109
334 123
334 153
220 295
234 295
297 280
317 289
214 108
185 194
193 194
289 108
334 108
334 124
335 154
219 296
235 296
296 281
317 290
318 290
214 107
184 195
194 195
288 107
290 107
335 107
336 155
218 297
236 297
295 282
297 282
317 291
319 290
214 106
183 196
195 196
287 106
291 106
336 106
337 156
217 298
237 298
294 283
298 283
317 292
320 290
214 105
182 197
194 197
196 197
286 105
292 105
335 105
337 106
338 155
338 157
216 299
238 299
293 284
299 284
317 293
321 290
214 104
181 198
193 198
197 198
285 104
293 104
334 104
338 106
339 154
339 158
215 300
239 300
293 285
300 285
317 294
322 290
214 103
180 199
193 199
198 199
284 103
294 103
333 103
339 106
340 153
340 159
214 301
240 301
293 286
301 286
317 295
323 290
214 102
179 198
179 200
199 200
283 102
295 102
333 102
340 106
341 152
341 160
213 302
241 302
293 287
302 287
317 296
214 101
178 197
178 201
200 201
282 101
296 101
333 101
341 106
342 151
342 161
212 303
242 303
293 288
303 288
317 297
214 100
177 196
177 202
201 202
281 100
297 100
333 100
342 106
343 150
343 162
211 304
243 304
304 289
317 298
214 99
176 195
176 203
202 203
280 99
298 99
333 99
343 106
344 149
342 163
344 163
210 305
244 303
244 305
305 290
317 299
213 98
215 98
175 194
175 204
203 204
279 98
299 98
333 98
344 106
345 148
341 164
345 164
209 306
245 302
245 306
305 291
317 300
212 97
216 97
174 193
174 205
204 205
278 97
300 97
333 97
345 106
346 147
340 165
346 165
208 307
246 301
246 307
317 301
211 96
217 96
173 192
173 206
205 206
277 96
279 96
301 96
333 96
346 106
347 146
339 166
347 166
207 308
247 300
247 308
317 302
210 95
218 95
172 191
172 205
174 207
206 205
206 207
276 95
280 95
302 95
333 95
347 106
348 145
338 167
348 167
206 309
248 299
248 309
317 303
209 94
219 94
171 204
175 208
207 204
207 208
275 94
281 94
303 94
333 94
348 106
349 144
337 168
349 168
205 310
249 298
249 310
317 304
208 93
220 93
170 203
176 209
208 203
208 209
274 93
274 95
282 93
304 93
333 93
349 106
350 143
336 169
350 169
204 311
250 297
250 311
317 305
207 92
221 92
169 202
177 210
209 202
209 210
273 92
273 96
283 92
305 92
333 92
350 106
351 142
335 170
351 168
351 170
203 312
251 296
251 312
317 306
206 91
222 91
168 202
178 211
210 201
210 211
272 91
272 97
284 91
306 91
351 106
352 141
334 171
351 167
352 171
202 313
251 295
252 313
317 307
318 307
205 90
223 90
167 202
179 212
211 200
210 212
271 90
271 98
285 90
352 106
333 172
353 172
201 314
252 294
253 314
316 308
317 308
319 307
204 89
224 89
166 202
179 213
212 199
209 213
270 89
270 99
286 89
353 106
353 107
332 173
354 173
200 315
253 293
254 315
315 308
317 309
320 307
203 88
225 88
165 202
179 214
213 198
208 214
270 88
269 100
287 88
354 106
353 108
331 174
355 174
199 316
201 316
254 292
254 316
314 308
317 310
321 307
202 87
226 87
226 89
164 202
179 215
214 197
207 215
268 101
353 109
330 175
356 175
198 317
202 317
255 291
253 317
313 308
316 311
317 311
322 307
201 86
227 87
227 90
163 202
179 216
214 196
206 216
267 102
353 110
330 176
357 176
197 318
203 318
256 290
252 318
312 308
315 311
317 312
323 307
200 85
228 86
228 87
228 91
162 202
179 217
205 217
266 103
353 111
330 177
358 177
196 319
198 319
204 319
257 289
251 319
311 308
317 313
324 307
199 84
201 84
228 85
229 87
229 92
161 202
179 218
204 218
265 104
353 112
330 178
359 178
195 320
199 320
205 320
258 288
250 320
310 308
317 314
198 83
198 85
202 83
228 84
230 87
230 93
160 202
179 219
203 219
264 105
353 113
330 179
358 179
360 179
194 321
200 321
206 321
259 287
249 321
309 308
317 315
197 82
197 86
203 82
228 83
231 87
231 94
159 202
179 220
202 220
204 220
263 106
353 114
330 180
357 180
361 180
193 322
200 322
207 322
260 286
248 322
308 308
317 316
196 81
196 87
204 81
232 87
232 95
158 202
179 221
201 221
205 221
262 107
353 115
330 181
356 181
362 181
192 323
208 323
261 285
247 322
248 323
307 308
317 317
195 80
195 88
204 80
233 87
233 96
157 202
179 222
200 222
206 222
353 116
330 182
355 182
363 182
191 324
209 324
262 284
246 322
248 324
306 308
317 318
194 80
194 89
234 87
234 97
156 202
179 223
199 221
200 223
207 223
353 117
330 183
354 183
364 183
190 325
210 325
263 284
245 322
248 325
305 308
305 309
317 319
193 80
193 90
235 87
233 98
235 98
155 202
179 224
198 220
200 224
208 224
353 118
330 184
353 184
365 184
189 326
211 326
264 284
244 322
248 326
304 308
305 310
317 320
192 80
192 91
236 87
232 99
236 99
154 202
179 225
197 219
200 225
209 225
353 119
330 185
352 185
366 185
188 327
212 327
265 284
243 322
248 327
303 308
317 321
191 80
191 92
237 87
231 100
237 100
153 202
179 226
196 218
200 226
210 226
353 120
330 186
351 186
367 186
187 326
187 328
213 328
266 284
242 322
248 328
302 308
317 322
190 80
190 93
238 87
230 101
238 101
152 202
178 227
195 217
200 227
211 227
353 121
330 187
350 187
368 187
186 325
186 329
214 329
267 285
241 322
248 329
301 308
317 323
189 80
189 94
239 87
229 102
239 102
151 202
151 203
177 228
194 216
200 228
212 228
353 122
330 188
349 188
369 188
185 324
185 330
215 330
268 286
240 322
248 330
300 308
317 324
188 80
188 95
240 87
240 103
150 202
151 204
176 229
200 229
213 229
353 123
330 189
370 189
184 323
184 331
216 329
216 331
269 287
239 322
248 331
299 308
317 325
187 80
187 96
241 87
241 104
149 202
151 205
175 230
200 230
214 230
330 190
371 190
183 322
183 332
185 332
217 328
217 332
270 288
248 332
298 308
317 326
318 326
186 80
186 97
242 87
242 105
148 202
151 206
174 231
200 231
215 231
330 191
372 191
182 321
182 333
186 333
218 327
218 333
271 289
248 333
297 308
317 327
185 80
185 98
243 87
147 202
151 207
173 232
200 232
216 232
330 192
373 192
181 320
181 334
187 334
219 326
219 334
272 290
248 334
296 308
317 328
184 80
184 99
244 87
146 201
146 202
151 208
172 233
200 233
374 193
180 319
180 335
188 335
220 325
220 335
273 291
248 335
295 308
317 329
183 80
245 87
145 202
146 200
151 209
171 234
200 234
375 194
179 318
179 336
189 336
221 324
221 336
274 292
248 336
294 308
317 330
182 80
246 87
144 202
146 199
151 210
170 235
199 235
376 195
178 317
190 337
222 323
222 337
273 293
275 293
248 337
293 308
317 331
181 80
247 87
143 202
146 198
151 211
169 236
198 236
377 196
177 316
191 338
223 322
223 338
272 294
276 294
248 338
292 308
317 332
180 79
180 81
248 87
142 202
146 197
151 212
169 237
197 237
378 197
177 315
192 339
223 321
223 339
271 295
277 294
249 339
291 308
317 333
179 78
179 82
249 87
141 202
146 196
151 213
169 238
196 238
379 198
193 340
224 340
270 296
278 294
250 340
290 308
317 334
178 77
178 83
140 202
151 214
169 239
195 239
380 199
194 341
225 341
269 297
279 294
251 341
289 308
317 335
177 76
177 84
139 202
151 215
169 240
194 240
381 200
195 342
226 342
268 298
251 342
288 308
317 336
176 75
176 85
138 202
151 216
170 241
193 241
195 241
382 201
196 343
225 343
227 343
267 299
251 343
287 308
317 337
175 75
175 86
137 202
151 217
170 242
192 242
196 242
383 202
197 344
224 344
228 344
267 300
251 344
286 309
317 338
174 75
174 87
136 202
151 218
170 243
191 243
197 243
384 203
198 345
223 345
229 345
251 345
285 310
317 339
173 75
173 88
135 202
151 219
170 244
190 244
198 244
385 204
199 346
222 346
230 346
251 346
284 311
317 340
172 75
172 89
134 202
151 220
170 245
190 245
199 245
386 205
221 347
231 347
251 347
284 312
317 341
171 75
171 90
133 202
170 246
190 246
200 246
387 206
220 348
231 348
251 348
284 313
317 342
170 75
170 91
132 202
170 247
190 247
201 247
388 207
219 349
231 349
251 349
283 314
284 314
317 343
169 75
169 92
131 202
170 248
190 248
202 248
389 208
218 350
231 350
251 350
282 314
284 315
317 344
168 75
168 93
130 202
170 249
190 249
203 249
390 209
217 351
231 351
251 351
281 314
284 316
317 345
167 75
167 94
129 202
170 250
190 250
204 250
391 210
216 352
231 352
251 352
280 314
284 317
317 346
166 75
167 95
128 202
170 251
190 251
205 251
392 211
215 353
231 353
251 353
279 314
284 318
317 347
165 75
167 96
127 202
170 252
190 252
206 252
393 212
214 354
231 354
251 354
278 314
284 319
317 348
164 75
167 97
126 202
170 253
394 213
214 355
231 355
251 355
277 314
284 320
317 349
163 75
163 76
125 202
395 214
231 356
251 356
276 314
284 321
317 350
162 75
124 202
396 215
251 357
275 314
284 322
317 351
161 75
123 202
397 216
251 358
274 314
284 323
317 352
160 75
122 202
398 217
251 359
273 314
284 324
316 353
159 75
121 202
399 218
251 360
272 314
284 325
315 354
158 75
120 201
120 202
400 219
252 361
284 326
314 355
157 75
119 202
120 200
401 220
253 362
284 327
313 356
156 75
118 202
120 199
402 221
254 363
284 328
312 357
155 75
117 202
120 198
403 222
255 364
284 329
311 358
154 75
116 202
120 197
404 223
256 365
284 330
310 359
153 75
115 202
120 196
405 222
405 224
257 365
284 331
285 331
309 358
309 360
152 75
114 202
120 195
406 221
406 225
258 365
284 332
286 331
308 357
308 361
310 361
151 75
113 202
120 194
407 220
407 226
259 365
284 333
287 331
307 356
307 362
311 362
150 75
112 202
120 193
408 219
408 227
260 365
283 334
288 331
306 355
306 363
312 363
149 75
111 202
120 192
409 218
409 228
261 365
282 335
289 331
305 354
305 364
313 364
148 75
110 202
410 217
410 229
262 365
281 336
290 331
304 353
304 365
314 365
147 75
109 202
109 203
411 216
411 230
263 365
280 337
291 331
303 352
303 366
304 366
315 366
146 75
108 202
109 204
412 215
412 231
264 365
279 336
279 338
292 331
302 351
302 366
304 367
316 367
145 75
107 202
109 205
413 214
413 232
265 365
278 335
278 339
293 331
301 350
301 366
304 368
317 368
144 76
106 202
109 206
414 213
414 233
266 365
277 334
277 340
294 331
300 366
304 369
318 369
143 77
105 202
109 207
415 212
415 234
276 333
276 341
278 341
295 331
299 366
319 370
142 78
104 202
108 208
109 208
416 211
416 235
275 332
275 342
279 342
296 331
298 366
320 371
141 79
103 202
107 208
109 209
417 210
417 236
274 331
274 343
280 343
297 331
297 366
140 80
102 201
102 202
106 208
109 210
418 209
418 237
273 330
273 344
281 344
298 331
296 366
139 81
101 202
102 200
105 208
109 211
419 208
419 238
272 329
272 345
282 345
299 331
295 366
138 82
100 202
102 199
104 208
109 212
420 207
420 239
271 328
271 346
283 346
300 331
294 366
137 81
137 83
99 202
102 198
109 213
421 206
421 240
271 347
284 347
293 366
136 80
136 84
98 202
102 197
109 214
422 205
422 241
271 348
285 348
292 366
135 79
135 85
97 202
102 196
109 215
423 204
423 242
286 349
291 366
134 78
134 86
136 86
96 202
102 195
109 216
424 203
424 243
287 350
290 366
133 77
133 87
137 87
95 202
102 194
109 217
425 202
425 244
288 351
289 366
132 76
132 88
138 88
94 202
102 193
109 218
426 201
426 245
288 366
131 75
131 89
139 89
93 202
102 192
109 219
427 200
427 246
287 366
130 74
130 89
140 90
92 202
102 191
109 220
428 199
428 247
286 366
129 73
129 89
141 91
91 202
102 190
109 221
429 198
427 248
429 248
285 366
128 72
128 89
142 92
90 202
102 189
109 222
430 197
426 249
430 249
284 366
127 71
127 89
143 93
89 202
109 223
431 196
425 250
431 250
126 70
126 89
143 94
88 202
109 224
432 195
424 251
432 251
125 69
125 89
87 202
109 225
433 194
423 252
432 252
433 252
124 68
124 89
124 90
86 202
109 226
434 193
422 253
434 253
123 67
123 89
85 202
85 203
109 227
435 192
421 254
435 254
122 89
84 202
85 204
109 228
436 191
420 255
436 255
121 89
83 202
85 205
109 229
437 190
419 256
437 256
120 89
82 202
85 206
108 230
110 230
438 189
418 255
418 257
438 257
119 89
81 202
85 207
107 231
111 231
439 188
417 254
417 258
439 258
118 89
80 202
85 208
106 232
112 232
440 187
416 253
416 259
440 259
117 89
79 202
85 209
105 233
113 233
441 186
415 252
415 260
439 260
441 259
116 89
78 202
85 210
104 234
114 234
442 185
414 251
414 261
438 261
442 259
115 89
77 202
85 211
103 235
115 235
443 184
413 250
413 262
437 262
443 259
114 89
76 202
85 212
102 236
116 234
116 236
444 183
412 249
412 263
436 263
444 259
113 89
75 202
85 213
101 237
117 233
117 237
445 182
411 264
435 264
445 259
112 89
74 202
85 214
100 238
118 232
118 238
446 181
410 265
434 265
446 259
111 89
73 202
85 215
99 239
119 231
119 239
447 180
409 266
433 266
447 259
110 89
72 202
85 216
98 240
120 230
118 240
120 240
448 179
408 267
432 267
448 259
109 89
71 202
85 217
97 241
121 229
117 241
121 241
449 178
407 266
408 268
431 268
449 259
108 89
70 202
85 218
96 242
122 228
116 242
122 242
450 177
406 265
430 269
450 259
107 89
69 202
85 219
95 242
123 227
115 243
123 243
451 176
405 264
429 270
451 259
106 89
68 202
85 220
94 242
124 226
114 244
124 243
452 175
404 263
429 271
452 259
452 260
105 89
67 201
93 242
125 225
113 245
125 243
453 174
403 263
453 259
104 88
66 200
68 200
92 242
126 224
113 246
126 243
454 173
402 263
454 259
103 87
65 199
69 199
127 223
127 243
455 172
401 263
455 259
102 86
64 198
70 198
128 222
128 243
456 171
400 263
456 259
101 85
63 197
71 197
129 221
129 243
457 170
399 263
457 259
100 84
62 196
62 198
72 196
130 220
130 243
458 169
398 263
458 259
99 83
61 195
61 199
73 195
130 219
131 243
459 168
397 263
459 259
98 82
60 194
60 200
74 194
132 243
460 167
396 263
460 259
97 82
99 81
59 193
59 201
75 193
133 243
461 166
395 263
461 259
96 82
98 80
100 80
58 192
58 202
76 192
134 243
462 165
394 263
462 259
95 82
97 79
101 79
57 191
57 203
77 191
135 243
463 164
393 263
463 259
94 82
96 78
102 78
56 190
56 204
78 190
136 244
464 163
392 263
392 264
464 259
93 82
95 77
102 77
55 189
57 189
55 205
79 189
137 244
465 162
391 262
391 263
392 265
465 259
92 82
94 76
102 76
54 188
58 188
54 206
80 188
138 244
466 161
390 263
391 261
392 266
466 259
91 82
93 75
102 75
53 187
59 187
53 207
81 187
139 244
467 160
389 263
391 260
467 259
90 82
92 74
102 74
52 186
60 186
52 208
82 186
140 244
468 159
388 263
391 259
468 259
89 82
91 73
102 73
51 185
61 185
51 209
141 244
469 158
387 263
391 258
469 259
88 82
90 72
102 72
50 184
50 186
62 184
50 210
142 244
470 157
386 263
391 257
470 259
87 82
89 71
102 71
49 183
49 187
63 183
49 211
143 244
471 156
385 263
391 256
471 259
86 82
88 70
102 70
48 182
48 188
48 212
144 244
472 155
384 263
391 255
472 259
87 69
102 69
47 181
47 189
47 213
145 244
473 154
383 263
391 254
473 259
86 68
102 68
46 180
46 190
46 213
46 214
146 244
474 153
382 263
391 253
474 259
85 67
102 67
45 179
46 191
45 215
147 244
475 152
381 263
391 252
475 259
84 66
102 66
44 178
44 216
46 216
148 244
476 151
380 263
391 251
476 259
83 65
43 177
43 217
47 217
149 244
477 150
379 263
391 250
477 259
82 64
42 176
42 218
48 218
150 244
478 149
378 263
391 249
478 258
478 259
81 63
41 175
43 175
41 217
41 219
49 219
151 244
479 148
377 263
478 257
479 259
40 174
44 174
40 216
40 220
50 220
152 244
480 147
376 263
478 256
480 259
39 173
39 175
45 173
39 215
39 221
51 221
153 244
481 146
375 263
478 255
481 259
38 172
38 176
46 172
38 214
38 222
52 222
482 145
374 262
478 254
482 259
37 171
37 177
47 171
37 213
37 223
53 223
483 144
373 261
478 253
483 259
36 170
36 178
48 170
36 212
36 224
54 224
484 143
372 260
478 252
484 259
35 169
35 179
49 169
35 211
35 225
55 225
485 142
371 259
478 251
485 259
34 168
34 180
34 210
34 226
56 226
486 141
370 258
486 259
33 167
33 169
33 181
33 209
33 227
57 227
487 140
369 257
487 259
32 166
32 170
32 182
32 208
32 228
58 228
488 139
368 256
488 259
31 165
33 165
31 171
31 183
31 207
31 229
59 229
489 138
367 255
489 259
31 164
34 164
30 172
30 184
30 206
30 230
60 230
490 137
366 254
490 259
31 163
35 163
29 173
29 185
29 205
29 231
61 231
491 136
366 253
491 259
31 162
36 162
28 186
62 232
492 135
366 252
492 259
31 161
37 161
27 187
62 233
493 134
493 136
366 251
493 259
31 160
38 160
26 188
63 234
494 133
494 137
366 250
494 258
494 259
31 159
39 159
26 189
64 235
495 132
495 138
366 249
494 257
495 260
31 158
40 158
65 236
496 131
496 139
366 248
494 256
496 261
31 157
41 157
66 237
497 130
497 140
366 247
494 255
497 262
31 156
67 238
498 129
498 141
494 254
498 263
31 155
68 239
499 128
499 142
494 253
499 264
31 154
69 240
500 127
500 143
494 252
500 265
31 153
70 241
501 126
501 144
494 251
501 266
31 152
71 242
502 125
502 145
494 250
502 267
31 151
72 243
503 124
503 146
494 249
501 268
503 268
31 150
73 243
504 123
504 147
494 248
500 269
504 269
31 149
74 243
505 122
505 148
494 247
499 270
505 270
31 148
75 243
504 121
506 121
506 149
494 246
498 271
506 271
31 147
76 243
503 120
507 120
507 150
494 245
497 272
507 272
31 146
77 243
502 119
508 119
508 149
508 151
494 244
496 273
508 273
31 145
501 118
509 118
509 148
509 152
494 243
495 274
507 274
509 274
31 144
32 144
500 117
510 147
510 153
494 242
494 275
506 275
510 275
30 143
31 143
33 144
499 116
511 146
511 154
494 241
493 276
506 276
511 276
31 142
34 144
498 115
512 145
512 155
494 240
492 277
512 277
31 141
35 144
497 114
513 144
513 156
494 239
491 278
513 276
513 278
31 140
36 144
496 113
514 143
514 157
494 238
490 279
514 275
514 279
31 139
37 144
495 112
515 142
515 158
495 237
489 280
515 274
515 280
31 138
38 144
494 111
516 141
516 159
496 236
516 273
516 281
31 137
39 144
493 110
517 140
517 160
497 235
517 272
517 282
31 136
40 144
492 109
518 139
518 161
498 234
518 271
518 283
31 135
41 144
519 138
519 162
499 233
519 270
519 284
31 134
42 144
520 137
520 163
500 232
520 269
520 285
31 133
43 144
520 136
521 164
501 231
521 268
520 286
31 132
44 144
522 165
502 230
522 267
31 131
45 144
523 166
503 229
503 231
522 266
31 130
46 144
524 167
504 228
504 232
31 129
47 144
525 168
505 227
505 233
31 128
48 144
526 169
505 226
506 234
31 127
49 144
527 170
505 225
507 235
31 126
528 171
505 224
508 236
31 125
529 172
505 223
509 237
31 124
530 173
505 222
510 238
31 123
531 174
505 221
511 239
31 122
531 175
512 240
31 121
530 176
513 241
31 120
529 177
514 242
31 119
528 178
515 243
31 118
527 179
516 244
31 117
526 180
31 116
525 181
31 115
524 182
31 114
523 183
31 113
522 184
31 112
521 185
31 111
520 186
31 110
519 187
31 109
519 188
31 108
519 189
31 107
518 190
31 106
517 191
31 105
516 192
31 104
32 104
515 193
31 103
33 104
515 194
31 102
34 104
515 195
31 101
35 104
515 196
31 100
36 104
515 197
31 99
37 104
515 198
30 98
31 98
38 104
515 199
29 98
31 97
39 104
515 200
28 98
31 96
40 104
515 201
27 98
31 95
41 104
515 202
31 94
42 104
515 203
31 93
43 105
31 92
44 106
31 91
45 107
31 90
46 108
31 89
47 109
31 88
48 110
31 87
49 109
49 111
31 86
50 108
50 112
31 85
51 107
51 113
31 84
32 84
52 106
51 114
31 83
33 84
53 105
51 115
31 82
34 84
54 104
51 116
31 81
35 84
55 103
51 117
31 80
36 84
56 102
51 118
31 79
37 84
51 119
31 78
38 84
51 120
31 77
39 84
51 121
31 76
40 84
51 122
31 75
41 84
51 123
31 74
42 84
51 124
31 73
43 84
31 72
44 84
31 71
45 84
31 70
46 84
31 69
47 84
31 68
48 84
31 67
49 83
49 84
31 66
49 82
50 84
31 65
49 81
51 84
31 64
49 80
52 84
31 63
49 79
53 84
31 62
49 78
54 84
31 61
49 77
55 84
31 60
32 60
56 84
33 60
57 84
34 60
58 84
35 60
59 84
36 60
60 84
37 60
61 84
38 60
62 84
39 60
63 84
40 60
64 84
41 60
65 84
42 60
66 84
43 60
44 60
45 60
46 60
47 60
48 60
49 60
50 61
51 62
52 63
53 64
54 64
55 64
56 64
57 64
58 64
59 64
60 64
61 64
62 64
63 64
183
279 211
294 216
305 192
307 212
284 232
305 232
289 241
319 216
235 208
266 237
257 214
329 233
288 256
315 252
255 259
303 145
272 266
232 229
305 161
249 235
305 251
348 229
331 254
334 210
283 271
249 278
305 131
309 176
307 270
240 258
330 271
347 266
314 114
328 136
348 249
224 252
351 208
333 109
334 124
335 154
288 107
193 199
323 290
293 288
214 99
305 291
173 206
172 191
333 92
306 91
352 141
351 167
251 295
210 212
270 88
287 88
354 106
254 316
214 196
330 176
315 311
324 307
228 83
200 322
262 107
204 80
305 310
179 226
266 284
229 102
194 216
349 188
353 123
239 322
318 326
242 105
216 232
330 192
184 99
200 234
179 336
181 80
248 338
177 315
223 321
223 339
249 87
146 196
279 294
169 240
287 308
267 300
199 346
151 220
190 252
206 252
167 97
170 253
214 355
163 76
231 356
317 352
251 360
272 314
284 333
120 192
145 75
301 350
266 365
304 369
320 371
104 208
271 328
300 331
271 348
288 351
102 189
284 366
143 94
432 252
124 90
123 67
85 202
109 229
412 249
408 268
68 202
85 220
429 271
452 260
105 89
92 242
113 246
130 219
135 243
392 266
82 186
63 183
86 82
46 213
46 191
102 66
391 249
81 63
153 244
375 263
49 169
478 251
29 173
29 205
29 231
62 233
494 259
26 189
41 157
366 247
77 243
509 118
30 143
506 276
494 238
489 280
492 109
520 136
520 286
522 266
49 144
505 221
31 122
531 175
516 244
519 189
27 98
42 104
515 203
31 80
56 102
51 124
49 77
31 60
66 84
49 60
63 64
