2929
278 203
277 204
277 205
277 206
277 207
278 208
279 209
280 210
281 211
282 212
283 213
284 214
285 215
286 216
287 216
288 216
288 217
289 216
287 218
290 216
290 217
286 219
291 216
291 218
285 220
292 216
292 219
284 221
293 216
293 220
283 222
294 216
294 221
282 223
295 216
295 222
281 224
296 216
296 223
280 225
297 215
297 224
279 226
298 214
298 225
278 227
299 213
299 226
277 228
300 212
300 227
276 228
301 211
301 228
275 228
302 210
302 229
274 228
303 209
302 230
273 228
303 208
301 231
303 231
272 228
303 207
300 232
304 232
271 228
303 206
299 233
305 233
270 228
303 205
298 234
306 234
269 228
303 204
297 235
307 235
268 228
303 203
296 236
308 236
267 227
303 202
295 237
309 237
266 226
303 201
294 238
310 238
265 225
303 200
293 239
311 239
264 224
303 199
292 239
312 240
263 223
303 198
291 239
291 240
313 241
262 222
303 197
290 239
292 241
314 242
261 221
303 196
293 242
315 243
260 220
303 195
294 243
316 244
259 219
303 194
295 244
317 245
258 218
303 193
296 245
318 246
257 219
258 217
304 192
297 246
319 247
256 220
258 216
298 247
320 248
255 221
258 215
299 248
321 248
254 222
258 214
300 249
322 248
254 223
258 213
301 250
323 248
323 249
254 224
258 212
302 251
324 248
324 250
254 225
258 211
301 252
325 248
325 251
254 226
258 210
300 253
326 248
326 252
254 227
258 209
299 254
327 248
327 253
254 228
258 208
298 255
328 248
328 254
254 229
257 207
297 256
329 248
329 255
254 230
296 256
330 248
330 256
254 231
295 256
331 248
331 257
254 232
294 256
332 247
332 258
254 233
293 256
333 246
333 259
253 234
292 256
333 245
332 260
334 259
252 235
291 256
333 244
331 261
335 259
251 236
290 256
334 243
330 262
336 259
250 237
289 256
335 242
330 263
337 259
249 238
288 256
288 257
336 241
330 264
338 259
248 239
288 258
337 240
330 265
339 258
247 240
288 259
338 239
330 266
340 257
246 241
288 260
339 238
330 267
341 256
245 242
288 261
340 237
342 255
244 243
288 262
341 236
343 254
243 243
288 263
342 235
344 253
242 243
288 264
343 234
345 254
241 243
288 265
344 233
346 255
240 243
288 266
343 232
344 232
345 232
347 255
239 243
287 267
288 267
342 232
348 255
238 243
286 267
289 268
341 232
349 255
237 243
285 267
290 269
340 232
350 255
236 242
236 243
284 267
291 270
339 232
351 255
236 241
235 244
283 267
292 271
338 232
352 255
236 240
234 245
282 267
293 272
337 232
353 255
236 239
233 246
281 267
294 273
336 232
354 255
236 238
232 247
280 266
295 273
335 232
355 255
236 237
231 248
279 265
296 273
334 232
356 255
236 236
230 249
278 264
297 273
333 231
357 255
236 235
229 250
277 263
298 273
332 230
358 255
358 256
236 234
228 251
276 262
299 273
331 229
359 255
359 257
236 233
227 252
275 261
300 273
330 228
360 255
360 258
236 232
226 252
274 260
301 273
329 227
361 255
361 259
236 231
225 252
225 253
273 259
302 273
328 226
362 254
362 260
236 230
224 251
224 252
226 254
272 258
303 273
327 225
363 253
363 261
236 229
224 250
227 255
271 257
304 273
326 224
364 252
364 262
235 228
223 249
228 256
270 256
305 273
325 223
365 251
365 263
234 227
222 248
229 257
269 255
306 273
325 222
366 250
366 263
233 226
221 247
230 258
268 256
307 273
325 221
367 249
367 263
220 246
231 259
267 257
308 273
325 220
368 248
368 263
219 245
232 260
266 257
309 274
325 219
369 247
369 263
218 244
233 261
265 257
310 275
325 218
370 246
370 263
217 243
234 262
264 257
311 276
325 217
371 245
371 263
216 242
235 263
263 257
312 277
325 216
372 244
372 263
215 241
262 257
313 278
325 215
373 243
373 263
214 240
261 257
314 279
325 214
374 263
213 239
260 257
315 280
325 213
375 263
212 240
213 238
259 257
316 281
325 212
376 263
211 241
213 237
258 257
317 282
325 211
377 262
377 263
210 242
213 236
257 257
318 283
325 210
377 261
378 264
209 243
213 235
256 257
319 284
325 209
378 260
379 265
208 244
213 234
255 257
320 285
325 208
379 259
380 266
207 245
213 233
321 286
325 207
380 258
381 266
206 246
213 232
322 287
325 206
381 257
382 266
205 247
213 231
323 288
325 205
382 256
383 266
204 248
213 230
324 289
325 204
383 255
384 266
203 249
213 229
324 290
326 203
384 254
385 266
202 250
213 228
324 291
327 202
385 253
386 266
201 250
202 251
213 227
324 292
328 201
386 252
387 266
200 249
213 226
324 293
329 200
387 251
388 266
199 248
213 225
324 294
330 199
388 250
389 266
198 247
213 224
324 295
331 198
389 249
390 266
197 246
213 223
324 296
332 197
390 248
391 266
196 245
212 222
324 297
333 196
391 247
392 266
195 244
211 222
324 298
334 195
392 246
393 267
194 243
210 222
323 299
335 194
393 245
394 268
193 242
209 222
322 300
336 194
336 195
394 244
395 268
192 241
208 222
321 301
337 194
337 196
396 268
191 240
207 222
320 302
338 194
338 197
397 268
206 222
319 303
339 194
339 198
398 268
205 222
318 304
340 194
340 199
399 268
204 222
318 305
341 194
341 200
400 268
203 222
318 306
342 194
342 201
401 268
202 222
318 307
343 193
343 202
402 268
201 222
318 308
344 192
344 203
403 268
200 222
318 309
345 191
345 204
404 268
199 222
318 310
346 190
346 205
405 268
198 222
318 311
347 189
346 206
406 268
197 222
318 312
348 188
346 207
407 267
407 268
196 221
318 313
348 187
346 208
407 266
408 269
195 220
318 314
348 186
346 209
407 265
409 270
194 219
318 315
348 185
346 210
407 264
410 271
193 219
194 218
318 316
348 184
346 211
407 263
411 271
192 219
194 217
318 317
348 183
407 262
412 271
191 219
194 216
317 318
348 182
407 261
413 271
190 219
194 215
316 319
348 181
407 260
414 271
189 219
194 214
315 320
348 180
407 259
415 271
188 219
194 213
314 321
348 179
407 258
416 271
187 219
194 212
313 322
348 178
407 257
417 271
186 219
194 211
312 323
348 177
407 256
418 271
185 219
195 210
311 324
348 176
408 255
419 271
184 219
196 209
310 325
348 175
409 254
420 271
183 219
197 208
309 326
348 174
410 253
421 271
182 220
198 207
308 327
347 173
348 173
411 252
422 271
181 221
199 206
307 328
346 173
348 172
412 251
423 271
180 222
200 205
306 329
345 173
348 171
413 250
424 271
179 223
201 204
305 330
344 173
348 170
414 249
425 271
178 224
202 203
304 331
343 173
348 169
415 248
426 271
177 225
203 202
303 331
342 173
348 168
416 247
427 271
176 226
202 201
203 201
204 201
302 331
341 173
348 167
417 248
428 271
175 227
201 201
205 201
301 331
340 173
348 166
418 248
429 271
174 228
200 201
206 201
300 331
300 332
339 173
348 165
419 248
173 229
199 201
207 201
299 331
301 333
338 173
348 164
420 248
172 230
198 201
208 201
298 331
302 334
337 173
348 163
421 248
171 231
197 201
209 201
297 331
303 335
336 173
348 162
422 248
170 232
196 201
210 201
296 331
304 336
335 173
348 161
423 248
169 231
169 232
169 233
195 201
211 201
295 331
305 337
334 173
348 160
424 248
169 230
169 234
194 201
212 201
294 331
306 338
333 173
348 159
425 248
169 229
169 235
193 201
213 201
293 331
307 338
332 173
348 158
426 248
169 228
169 236
192 201
214 201
292 331
308 338
331 173
348 157
427 248
168 227
168 237
191 201
215 201
291 331
309 338
330 173
348 156
428 248
167 226
168 238
190 201
216 202
290 331
310 338
329 173
348 155
429 248
166 225
168 239
189 201
217 203
289 331
311 338
328 173
348 154
430 248
165 224
168 240
188 201
218 204
288 331
312 338
327 173
349 153
431 248
164 223
168 241
187 201
219 205
287 331
313 338
349 152
432 248
163 222
168 242
186 200
220 205
286 331
314 338
349 151
433 248
162 221
168 243
185 199
221 205
285 331
315 338
349 150
434 248
161 221
168 244
184 198
222 205
284 331
316 339
349 149
435 248
160 221
168 245
183 198
223 205
283 331
317 340
349 148
436 249
159 221
168 246
182 198
224 205
282 331
318 341
349 147
437 250
158 221
168 247
181 198
225 205
281 331
319 342
349 146
438 251
157 221
168 248
180 198
226 205
280 331
320 343
349 145
439 252
156 221
167 249
168 249
179 198
227 205
279 331
321 344
349 144
440 253
155 221
166 249
178 198
228 205
278 331
322 345
349 143
441 254
154 221
165 249
177 198
229 205
277 331
323 346
348 142
349 142
442 255
153 221
164 249
176 198
230 205
276 331
324 347
347 142
443 256
152 221
163 249
175 198
231 205
275 331
325 348
346 142
444 257
151 221
162 249
174 198
232 205
274 331
326 349
345 142
445 258
150 221
161 249
173 198
233 205
273 331
326 350
344 142
446 259
149 221
160 249
172 198
272 331
326 351
343 142
447 260
148 221
159 249
171 198
271 331
326 352
342 142
448 260
147 221
158 249
170 198
270 331
325 353
341 142
449 260
146 221
157 249
169 198
269 330
324 354
340 142
450 260
145 221
156 249
168 198
268 329
323 355
339 142
451 260
144 221
155 249
167 198
267 330
268 328
322 356
338 141
452 260
143 221
154 249
166 198
266 331
268 327
321 357
337 140
453 260
142 220
153 249
165 198
265 332
268 326
320 358
336 139
454 260
141 220
152 248
164 198
264 333
268 325
319 359
335 138
455 260
140 220
151 247
163 198
263 334
267 324
318 360
334 137
456 260
139 220
150 246
162 198
262 335
266 323
317 361
333 136
457 260
138 220
149 245
161 198
261 336
265 322
316 362
332 135
458 260
137 220
148 244
160 198
260 337
264 321
315 362
331 134
459 260
136 220
147 244
159 198
259 338
263 320
264 320
265 320
314 362
330 133
460 260
135 220
146 244
158 198
258 339
266 320
313 362
329 132
461 260
134 220
145 244
157 198
257 338
257 339
257 340
267 320
312 362
328 131
328 132
328 133
462 260
133 220
144 244
156 198
256 337
257 341
268 320
311 362
328 130
328 134
463 260
132 220
143 244
155 197
255 336
256 342
258 342
269 319
310 362
328 129
328 135
464 260
131 220
142 244
154 196
254 335
255 343
259 343
270 318
309 362
328 128
328 136
465 260
130 220
141 244
153 196
253 334
254 344
260 344
271 317
308 362
328 127
328 137
466 260
129 220
140 244
152 196
252 333
253 345
261 345
272 316
307 362
307 363
328 126
328 138
467 260
128 220
139 244
151 196
251 332
252 346
262 346
273 315
306 362
308 364
328 125
328 139
468 260
127 220
138 244
150 196
250 331
251 347
263 347
274 314
309 365
328 124
328 140
469 260
126 220
137 244
149 196
249 330
250 348
264 348
274 313
275 314
310 366
328 123
328 141
470 260
125 219
136 244
148 196
248 329
249 348
265 349
274 312
276 314
311 367
328 122
328 142
471 260
124 219
135 244
147 196
247 328
248 348
266 349
274 311
277 314
312 368
328 121
328 143
472 259
123 218
134 244
146 196
246 327
247 348
267 349
274 310
278 314
313 369
328 120
328 144
473 258
122 217
133 243
145 196
245 327
246 348
268 349
274 309
279 314
314 370
328 119
328 145
474 257
121 216
144 196
244 327
245 348
269 349
273 308
280 314
315 371
329 118
328 146
475 256
120 215
143 195
243 327
244 348
270 349
272 307
281 314
316 372
330 117
328 147
476 255
119 214
242 327
243 348
271 349
271 306
282 314
317 373
329 116
330 116
331 116
328 148
477 254
118 213
241 327
242 348
272 349
270 305
283 313
328 116
328 149
478 253
117 212
240 327
241 348
273 349
269 304
284 312
327 116
328 150
479 252
116 211
239 327
240 348
240 349
274 349
268 303
285 311
326 116
328 151
480 251
115 210
238 327
239 348
241 350
275 349
267 302
286 310
325 116
481 250
114 209
237 327
238 348
242 351
276 350
266 303
267 301
287 309
324 116
482 249
113 208
236 327
237 348
243 352
277 351
265 304
267 300
323 116
483 248
112 207
235 327
236 348
244 353
278 352
264 304
268 299
322 116
484 247
111 206
234 327
235 348
245 354
279 353
263 304
269 298
321 116
485 246
110 205
233 327
234 348
246 355
280 354
262 304
270 297
320 116
486 245
109 204
232 327
233 348
247 356
281 355
261 304
271 296
319 116
487 246
108 203
231 327
232 348
248 357
282 356
260 304
272 295
318 115
488 247
107 202
230 327
231 348
249 358
282 357
259 304
273 294
317 114
489 248
106 201
229 327
230 348
250 359
282 358
258 304
274 293
316 113
490 249
105 200
228 327
229 348
251 360
282 359
257 304
275 292
315 112
491 249
104 199
105 199
106 199
227 327
228 348
252 361
282 360
256 304
274 291
275 291
276 291
314 111
492 249
103 199
107 199
226 327
227 348
282 361
255 304
273 291
277 291
313 110
493 249
102 199
108 199
225 326
226 348
282 362
254 304
272 291
278 291
312 109
494 249
101 199
109 199
224 326
225 348
282 363
253 304
271 291
279 291
311 108
312 108
313 108
495 249
100 199
110 199
223 326
224 348
282 364
252 304
270 291
280 291
310 109
311 107
314 108
496 249
99 199
111 199
222 326
223 348
282 365
269 290
281 291
309 110
311 106
315 108
497 249
98 199
112 199
221 326
222 348
268 289
282 291
308 111
311 105
316 108
498 249
97 199
113 199
220 326
221 347
267 288
283 291
307 112
311 104
317 108
499 249
96 199
114 199
219 326
266 287
284 291
306 113
311 103
318 108
500 249
500 250
95 199
115 198
218 326
265 286
285 291
305 113
305 114
311 102
319 107
501 249
499 251
94 199
116 197
217 326
264 285
286 290
304 113
305 115
310 101
320 106
502 249
498 252
93 199
117 196
216 326
263 284
287 289
305 116
309 100
321 105
503 249
497 253
92 199
118 195
215 326
262 284
288 288
305 117
308 99
322 104
504 249
496 254
91 199
119 194
214 326
261 284
289 289
305 118
307 98
323 103
505 249
495 255
90 199
118 193
119 193
120 193
213 326
260 284
290 290
305 119
306 97
324 102
506 249
494 256
89 199
117 193
212 326
259 284
291 291
305 120
305 96
325 101
507 249
493 257
88 199
116 193
211 326
258 284
292 292
305 121
304 95
326 100
508 248
492 258
87 199
115 193
210 326
257 284
293 293
305 122
303 94
327 99
509 247
491 259
86 198
86 199
114 193
209 325
256 284
294 294
305 123
302 93
328 98
510 246
490 260
86 197
113 192
208 324
255 284
295 294
305 124
301 94
329 97
511 245
490 261
86 196
112 191
207 323
254 284
296 294
305 125
300 95
330 96
512 244
490 262
86 195
111 190
206 322
253 284
297 294
305 126
299 96
331 95
512 243
513 245
490 263
86 194
110 189
205 322
205 323
252 284
298 294
305 127
298 97
332 96
512 242
514 246
490 264
86 193
109 188
204 322
204 324
251 284
299 294
305 128
297 98
333 97
512 241
515 247
490 265
85 192
108 187
203 322
203 325
250 284
300 294
304 129
296 99
334 98
512 240
516 248
490 266
84 191
107 186
202 322
202 326
249 284
303 130
295 100
335 99
511 239
517 249
489 267
83 190
106 185
201 322
201 327
248 284
303 131
294 101
336 99
510 238
518 250
488 268
82 189
105 184
200 322
200 328
247 284
303 132
293 102
337 99
509 237
519 251
488 269
81 188
104 183
199 322
199 329
246 283
303 133
292 103
338 99
508 236
520 252
488 270
80 189
103 182
198 322
198 330
303 134
291 104
339 99
507 235
521 253
488 271
79 190
102 181
197 322
197 331
303 135
290 105
340 99
506 234
522 254
488 272
78 191
196 322
196 332
303 136
289 106
341 99
505 233
523 255
488 273
77 192
195 321
195 333
303 137
288 105
288 106
288 107
342 99
504 232
523 256
488 274
76 193
194 321
195 334
303 138
288 104
343 99
503 231
523 257
488 275
75 194
193 321
195 335
303 139
288 103
344 99
502 230
523 258
488 276
74 195
192 321
195 336
303 140
288 102
345 99
501 229
523 259
488 277
73 196
191 321
195 337
303 141
288 101
346 99
500 228
523 260
488 278
72 197
190 321
195 338
303 142
288 100
347 99
500 227
523 261
488 279
71 198
189 321
195 339
303 143
288 99
348 99
500 226
523 262
488 280
70 199
188 321
195 340
303 144
288 98
349 99
500 225
522 263
488 281
69 200
187 321
195 341
303 145
288 97
350 99
500 224
521 264
488 282
68 201
186 321
195 342
303 146
287 96
351 99
500 223
520 265
488 283
67 202
185 321
194 343
303 147
286 95
352 99
352 100
500 222
519 266
66 203
184 321
193 344
303 148
285 94
352 101
500 221
518 267
65 203
66 204
183 321
192 345
303 149
284 93
352 102
500 220
517 268
67 205
182 321
191 345
303 150
283 92
352 103
500 219
516 269
68 206
181 320
190 345
303 151
282 91
352 104
501 218
515 270
69 207
180 319
189 345
303 152
281 90
352 105
502 217
514 271
70 208
179 318
188 345
303 153
280 90
352 106
503 216
514 272
71 209
178 317
187 345
303 154
279 90
352 107
504 215
514 273
72 210
177 316
186 345
303 155
278 90
352 108
505 214
514 274
73 211
176 315
185 345
303 156
277 90
352 109
506 213
514 275
74 212
175 314
184 345
304 157
276 90
352 110
507 212
514 276
75 213
174 313
183 345
305 158
275 90
352 111
508 211
514 277
76 214
182 345
305 159
274 90
352 112
509 210
514 278
76 215
181 345
305 160
273 90
352 113
510 209
514 279
76 216
180 345
305 161
272 90
352 114
511 208
514 280
76 217
179 345
305 162
271 90
352 115
512 207
514 281
75 218
77 218
178 345
305 163
270 90
352 116
513 206
514 282
74 219
78 219
177 345
305 164
269 89
352 117
514 205
514 283
73 220
79 220
176 345
305 165
268 88
352 118
515 204
514 284
72 221
80 220
175 345
305 166
267 89
352 119
515 203
515 285
71 222
81 220
174 344
174 345
305 167
266 90
515 202
516 285
70 223
82 220
174 343
305 168
265 91
515 201
517 285
69 224
83 220
174 342
305 169
264 92
515 200
518 285
68 225
84 220
174 341
263 93
515 199
519 285
67 226
85 220
174 340
262 94
515 198
520 285
66 227
86 220
174 339
262 95
515 197
521 285
65 228
87 220
174 338
262 96
515 196
522 285
64 229
88 220
174 337
262 97
515 195
523 285
63 230
89 220
174 336
262 98
515 194
524 285
62 231
90 220
174 335
262 99
515 193
525 285
61 232
62 232
91 220
174 334
262 100
515 192
60 232
63 233
92 220
261 101
262 101
515 191
59 232
64 234
93 220
93 221
260 100
262 102
516 190
58 231
65 235
94 220
94 222
259 99
262 103
517 189
57 230
66 236
95 220
95 223
258 98
262 104
518 188
56 229
67 237
96 220
96 224
257 97
519 187
55 228
68 238
97 220
97 225
256 96
520 186
54 227
69 239
98 220
98 226
255 95
521 185
53 226
70 240
99 220
99 227
254 94
522 184
52 225
71 241
100 220
100 228
253 93
523 183
51 224
72 242
101 220
101 229
252 92
524 182
50 223
73 243
102 220
102 230
251 91
525 181
49 222
103 220
103 231
250 90
526 180
48 221
104 219
104 232
249 89
527 179
47 220
105 233
248 88
528 178
46 219
106 234
247 87
529 177
45 218
107 235
246 87
246 88
530 176
44 217
108 236
245 87
245 89
531 175
43 216
109 237
244 87
245 90
532 174
42 216
42 217
110 238
243 87
245 91
533 173
41 216
41 218
111 239
242 87
245 92
533 172
40 216
40 219
111 240
241 87
245 93
533 171
39 216
39 220
110 241
240 87
245 94
533 170
38 215
38 221
109 241
239 87
245 95
533 169
37 214
37 222
108 241
238 87
245 96
533 168
36 213
36 223
107 241
237 87
245 97
533 167
35 212
35 224
106 241
236 87
245 98
533 166
34 211
34 225
105 241
235 87
245 99
533 165
33 210
33 226
104 241
234 87
245 100
533 164
32 209
32 227
103 241
233 86
245 101
533 163
31 208
31 228
102 241
232 85
245 102
533 162
30 207
30 228
30 229
101 241
231 84
245 103
533 161
29 206
29 228
31 230
100 241
230 83
245 104
533 160
28 205
32 231
99 241
229 82
533 159
28 204
33 232
98 241
228 81
533 158
28 203
34 233
97 241
227 80
533 157
28 202
35 234
226 79
533 156
28 201
36 235
225 80
533 155
28 200
37 236
224 81
533 154
28 199
38 237
223 82
533 153
28 198
39 237
222 82
533 152
28 197
40 237
221 82
533 151
28 196
41 237
220 82
533 150
28 195
42 237
219 82
533 149
28 194
43 237
218 82
533 148
29 193
217 82
532 147
30 193
216 82
531 146
31 193
215 82
530 145
32 193
214 82
529 144
33 193
213 82
528 143
34 193
212 82
527 142
35 193
211 82
526 141
36 193
210 82
525 140
37 193
209 82
209 83
524 139
38 193
208 82
210 84
523 138
39 193
207 83
211 85
522 137
40 193
206 84
212 86
521 136
41 193
205 85
213 87
521 135
42 192
204 86
214 88
521 134
43 191
204 87
215 89
521 133
44 191
204 88
216 90
521 132
45 191
204 89
217 91
521 131
46 191
204 90
218 92
521 130
47 191
204 91
219 93
521 129
48 191
204 92
220 94
520 128
49 191
204 93
221 95
519 127
50 191
204 94
222 96
518 126
51 191
204 95
223 97
517 125
52 190
204 96
223 98
516 124
53 189
204 97
223 99
515 123
54 188
204 98
223 100
514 122
55 187
204 99
513 121
56 186
203 100
204 100
512 120
57 185
202 100
511 119
58 184
201 100
510 118
59 183
200 100
509 118
60 182
199 100
508 118
60 181
198 100
507 118
60 180
197 100
506 118
59 179
196 100
505 118
58 178
195 100
504 118
57 177
194 100
503 118
56 176
193 100
502 118
55 175
192 100
501 117
54 174
191 100
500 116
53 173
190 100
499 115
52 172
189 100
498 114
51 171
188 99
497 113
50 170
187 98
496 112
49 169
186 97
495 111
49 168
185 96
494 110
49 167
184 96
185 95
493 109
48 166
183 96
185 94
492 108
47 165
182 96
185 93
491 107
46 164
181 96
185 92
490 106
45 163
180 96
185 91
44 162
179 96
185 90
43 161
178 96
185 89
42 160
177 96
184 88
41 159
176 96
183 87
40 158
175 96
182 86
39 157
174 96
181 85
38 156
173 96
180 84
37 155
172 96
179 83
36 156
37 154
178 82
35 157
37 153
177 81
34 158
37 152
176 80
33 159
37 151
175 79
32 160
36 150
38 150
174 78
175 78
176 78
31 161
35 149
39 149
173 78
177 78
30 162
34 148
40 148
172 78
178 78
30 163
33 147
41 147
171 78
179 78
30 164
32 146
42 146
170 78
180 78
30 165
31 145
43 145
169 78
181 78
30 166
30 144
44 144
168 78
182 78
30 167
45 143
167 78
183 78
30 168
46 142
166 78
184 78
30 169
47 141
165 78
185 77
30 170
47 140
48 140
164 78
186 76
30 171
46 139
48 139
163 78
187 75
30 172
45 138
48 138
162 78
30 173
44 137
48 137
161 78
43 136
48 136
160 78
42 135
48 135
159 78
41 134
48 134
158 78
40 133
48 133
157 77
39 132
49 132
156 76
38 131
50 131
155 76
155 77
37 130
51 130
154 76
154 78
36 129
52 129
153 76
153 79
35 128
53 128
152 76
152 80
34 127
54 127
151 76
151 81
33 126
150 76
150 82
32 125
149 76
149 83
31 124
148 76
148 84
30 123
147 76
147 85
30 122
146 76
146 86
30 121
145 75
145 87
30 120
144 88
30 119
143 89
30 118
143 90
31 117
143 91
32 116
143 92
33 115
34 114
35 113
36 112
37 111
38 110
39 109
40 108
39 107
40 107
41 107
38 107
42 107
37 107
43 107
36 107
44 107
35 107
45 107
34 106
46 107
33 105
47 107
32 104
48 107
31 103
49 107
30 102
50 106
29 101
51 105
28 100
52 104
27 99
26 98
26 97
26 96
26 95
26 94
26 93
26 92
26 91
26 90
26 89
26 88
27 87
28 86
29 85
30 84
31 83
32 83
33 83
34 83
35 83
36 83
37 83
38 83
39 83
40 83
41 83
42 83
43 82
44 81
45 80
46 79
47 78
48 77
48 76
49 77
48 75
50 77
48 74
51 77
48 73
52 77
48 72
53 76
48 71
54 75
48 70
55 74
48 69
56 73
48 68
57 72
48 67
58 71
48 66
59 70
48 65
60 69
47 64
61 68
46 63
62 67
45 62
63 67
63 68
44 62
64 67
64 69
43 62
65 67
65 70
42 62
66 67
66 71
41 62
67 67
66 72
40 62
68 67
66 73
39 62
69 67
66 74
38 62
70 67
66 75
37 62
71 67
66 76
36 62
72 67
66 77
35 62
73 67
66 78
34 62
74 67
66 79
33 62
75 66
66 80
32 62
76 65
66 81
31 62
77 64
66 82
78 63
66 83
79 62
66 84
80 61
66 85
67 85
81 60
68 85
82 61
69 85
83 61
70 85
84 61
71 85
85 61
72 85
86 61
73 85
87 61
74 85
88 61
75 85
89 61
76 85
90 61
77 85
91 61
78 85
92 61
79 85
93 61
80 85
94 61
81 84
95 61
82 83
96 61
83 82
97 61
98 61
99 61
100 61
101 61
102 61
103 62
104 63
105 63
106 63
107 63
108 63
109 63
110 63
111 63
112 63
113 63
114 63
115 63
116 63
117 63
118 63
119 63
120 63
121 63
122 63
122 64
123 63
121 65
120 66
119 67
118 68
117 69
116 70
115 71
114 72
113 73
112 74
111 75
110 76
109 77
108 78
107 79
106 80
105 81
105 82
105 83
105 84
106 85
107 86
108 86
109 86
110 86
111 86
112 86
113 86
114 86
115 86
116 86
117 86
118 86
119 86
120 86
121 86
186
277 207
289 216
275 228
303 209
302 230
290 239
258 218
304 192
322 248
302 251
257 207
254 233
333 246
333 259
288 256
330 267
344 253
345 232
288 267
236 243
357 255
224 252
325 223
269 255
233 226
308 273
235 263
373 243
213 239
377 263
255 257
322 287
325 205
202 251
212 222
392 266
324 298
335 194
394 244
191 240
348 188
407 268
194 219
346 211
318 317
183 219
348 172
416 247
204 201
429 271
299 331
169 236
215 201
327 173
349 153
162 221
315 338
184 198
435 248
283 331
168 249
349 142
173 198
233 205
326 352
268 329
452 260
142 220
148 244
263 320
328 131
257 341
154 196
306 362
274 314
125 219
246 327
133 243
143 195
317 373
331 116
328 151
239 348
275 349
267 302
287 309
486 245
104 199
252 361
276 291
225 326
311 108
252 304
282 365
221 347
501 249
304 113
263 284
288 288
120 193
86 199
302 93
512 244
206 322
331 95
305 128
300 294
490 266
81 188
246 283
102 181
195 321
288 107
303 141
500 228
523 262
195 342
488 283
352 99
65 203
281 90
303 156
174 313
76 217
268 88
515 204
514 284
352 119
174 345
305 169
525 285
62 232
174 334
92 220
262 104
519 187
73 243
104 219
247 87
43 216
533 173
111 240
29 228
245 104
28 205
97 241
226 79
43 237
29 193
208 82
521 136
43 191
223 100
204 100
510 118
60 182
49 169
185 96
490 106
37 155
172 96
174 78
30 144
48 140
187 75
30 173
156 76
54 127
30 123
145 75
143 92
41 107
52 104
26 98
31 83
48 77
62 67
45 62
31 62
66 85
81 60
83 82
102 61
123 63
105 84
121 86
