3084
278 203
280 203
277 204
279 204
281 204
276 205
279 205
282 205
275 206
283 204
283 206
274 207
284 203
284 207
273 208
285 202
285 208
272 209
286 201
286 209
271 210
287 200
287 210
270 211
288 199
288 211
269 211
289 198
289 212
268 211
290 197
290 213
267 211
291 196
289 214
291 213
266 211
292 195
289 215
292 213
265 211
293 194
289 216
293 213
264 211
294 193
289 217
294 213
263 211
295 192
289 218
295 213
262 211
296 191
296 213
261 211
297 190
297 213
260 211
298 189
298 213
259 211
299 188
299 213
258 211
258 212
300 187
300 213
300 214
257 211
258 213
301 186
301 213
300 215
256 211
258 214
300 185
302 185
302 213
300 216
255 211
258 215
299 184
303 184
303 213
303 214
300 217
254 211
258 216
298 183
304 183
304 213
303 215
300 218
253 211
258 217
297 182
305 182
305 213
300 219
252 211
258 218
296 181
306 181
306 183
306 213
300 220
251 211
258 219
295 180
307 180
307 184
307 213
300 221
250 211
258 220
294 179
308 179
308 185
308 213
300 222
249 211
259 221
293 178
309 178
309 186
309 213
300 223
248 211
260 222
292 177
310 177
310 187
310 213
300 224
247 211
261 223
292 176
311 176
311 188
311 213
300 225
246 211
262 224
312 175
312 189
312 213
300 226
245 211
263 225
313 174
313 190
313 213
300 227
244 211
264 226
314 173
313 191
314 189
314 213
300 228
243 211
263 227
265 227
315 172
315 188
315 213
300 229
242 211
262 228
266 228
316 171
316 187
316 213
300 230
241 211
261 229
267 229
317 170
317 186
317 213
300 231
240 211
260 230
268 230
318 169
318 186
318 213
300 232
239 211
259 231
269 231
317 168
319 168
319 213
300 233
238 211
258 232
270 232
316 167
320 167
320 213
300 234
237 211
257 233
271 233
315 166
321 166
321 168
321 213
300 235
301 235
236 210
236 211
256 234
272 234
314 165
322 165
322 169
322 213
299 236
300 236
302 235
235 211
236 209
255 235
313 164
323 164
323 170
323 213
298 236
300 237
303 235
234 211
236 208
254 236
312 163
324 163
324 171
324 213
297 236
300 238
304 235
233 211
236 207
311 162
325 162
324 172
325 213
296 236
300 239
305 234
232 211
310 161
310 163
326 161
326 163
326 213
295 236
300 240
306 233
231 211
309 160
309 164
327 160
327 164
327 213
294 236
300 241
307 232
230 211
308 159
308 165
328 159
328 165
328 213
293 236
300 242
308 231
229 211
307 158
307 166
329 158
329 166
329 212
329 213
292 236
300 243
309 230
228 211
306 157
306 167
330 157
330 167
329 211
330 213
291 236
300 244
310 229
227 211
305 156
305 168
331 156
331 168
329 210
331 213
300 245
311 228
226 211
226 212
304 155
331 155
332 169
329 209
332 213
332 214
300 246
312 227
225 211
226 213
303 154
330 154
333 170
329 208
333 213
332 215
299 247
300 247
313 226
224 211
226 214
302 153
329 153
334 171
329 207
334 213
332 216
300 248
314 225
223 211
226 215
301 152
328 152
335 172
329 206
335 213
332 217
300 249
315 225
222 211
226 216
300 151
327 151
336 171
336 173
329 205
336 213
332 218
300 250
221 211
226 217
299 150
326 150
337 170
337 174
329 204
337 213
332 219
300 251
220 210
220 211
226 218
298 149
325 149
338 169
338 175
329 203
338 213
332 220
300 252
219 211
220 209
226 219
297 148
324 148
339 168
339 176
329 202
339 213
332 221
300 253
218 211
220 208
226 220
296 147
323 147
340 167
340 177
329 201
340 213
332 222
300 254
217 211
220 207
226 221
295 146
322 146
341 166
341 178
329 200
341 213
332 223
300 255
216 211
220 206
226 222
294 145
321 145
342 165
341 179
342 213
332 224
300 256
215 211
220 205
226 223
293 144
320 144
343 164
342 180
343 213
332 225
300 257
214 211
220 204
226 224
292 143
294 143
319 143
344 163
343 181
344 213
300 258
213 211
220 203
226 225
291 142
295 142
318 142
319 142
345 162
344 182
345 213
345 214
300 259
212 211
220 202
226 226
290 141
296 141
317 142
320 141
346 161
346 163
345 183
346 213
345 215
300 260
211 211
220 201
226 227
289 140
297 140
316 142
321 140
347 160
346 184
347 213
345 216
300 261
210 211
220 200
226 228
288 139
298 139
315 142
322 139
348 159
347 185
348 212
348 213
345 217
300 262
209 211
220 199
226 229
287 138
299 138
323 138
349 158
348 186
348 211
349 213
345 218
300 263
208 211
220 198
226 230
286 137
300 137
324 137
350 157
350 159
349 187
348 210
350 213
345 219
300 264
207 211
220 197
226 231
285 136
325 136
351 156
351 160
350 188
348 209
351 213
345 220
300 265
206 211
220 196
225 232
226 232
284 135
326 135
352 155
352 161
351 189
348 208
352 213
345 221
300 266
205 211
224 232
226 233
283 134
327 134
353 154
353 162
352 190
353 213
345 222
300 267
204 211
223 232
282 133
328 133
354 153
354 163
353 191
354 213
345 223
300 268
203 211
222 232
281 132
329 132
355 152
355 164
354 192
355 213
355 214
345 224
300 269
202 211
221 232
280 131
330 131
356 151
356 165
355 193
356 213
355 215
345 225
300 270
201 211
220 232
279 130
331 130
357 150
357 166
356 194
357 213
355 216
345 226
300 271
200 211
219 232
278 129
332 129
332 131
358 149
358 167
357 194
358 213
355 217
345 227
299 272
301 272
199 211
218 232
277 128
333 128
333 132
359 148
359 168
359 213
355 218
345 228
298 273
302 271
302 273
198 211
217 232
276 127
333 127
360 147
360 213
355 219
345 229
297 274
303 270
303 274
197 211
216 232
275 126
333 126
361 146
361 213
355 220
345 230
296 275
304 269
304 275
196 211
215 232
274 125
333 125
362 145
362 213
355 221
345 231
295 274
295 276
305 268
305 276
195 211
214 232
273 124
334 124
362 144
363 213
345 232
294 273
294 277
306 267
306 277
194 211
213 232
272 123
333 123
335 123
364 213
345 233
293 272
293 278
307 266
307 278
193 211
212 232
271 122
332 122
336 122
365 213
345 234
292 271
292 278
292 279
308 265
308 279
192 211
211 232
270 121
331 121
337 121
366 213
346 235
291 270
291 280
309 264
309 280
191 211
210 233
269 120
330 120
338 120
367 213
347 236
290 269
290 281
310 263
310 281
190 211
209 234
268 119
329 119
339 119
368 213
348 237
289 268
289 282
311 262
311 282
189 211
208 235
267 118
328 118
340 118
369 213
349 238
288 267
288 283
312 261
312 283
188 211
207 236
266 117
327 117
341 117
370 213
350 239
287 266
287 284
313 260
313 284
187 211
206 237
265 116
326 116
342 116
371 213
351 240
286 265
286 285
314 259
314 284
186 211
205 238
264 115
325 115
343 115
343 117
372 213
352 241
285 264
285 286
315 284
185 211
204 239
263 114
265 114
324 114
344 114
344 118
373 213
353 242
284 263
284 285
285 287
316 284
184 211
203 240
262 113
266 113
323 113
345 113
345 119
374 213
354 243
284 262
283 285
285 288
317 284
183 211
202 241
261 112
267 112
322 112
346 112
346 120
375 213
355 244
283 261
282 285
285 289
318 284
182 211
201 242
260 111
268 111
321 111
347 111
347 121
376 213
356 245
282 260
281 285
285 290
319 284
181 211
200 243
259 110
269 110
320 110
346 110
348 110
377 213
357 246
281 259
280 285
285 291
320 284
180 211
199 244
258 109
270 109
319 109
345 109
349 109
378 213
358 247
280 258
279 285
285 292
321 284
179 211
198 245
257 108
271 108
318 108
344 108
350 108
379 213
359 248
279 257
285 293
322 284
178 211
197 246
256 107
272 107
317 107
343 107
351 107
380 213
360 249
278 256
285 294
323 284
177 211
196 247
255 106
273 106
316 108
317 106
342 106
352 106
381 213
361 250
277 255
285 295
324 284
176 211
195 246
195 248
254 105
274 105
315 109
341 105
353 105
382 213
362 251
276 254
284 296
285 296
286 296
325 284
175 211
194 245
194 249
253 104
275 104
314 110
340 104
354 104
383 213
363 252
275 253
283 296
285 297
287 296
326 283
174 211
193 244
194 250
252 103
274 103
276 103
276 105
313 111
339 103
354 103
355 105
384 213
364 253
274 252
282 296
285 298
288 296
327 282
173 211
173 212
192 243
194 251
251 102
273 102
277 102
277 106
312 112
354 102
356 106
385 213
365 254
273 253
281 296
285 299
289 297
328 281
172 211
173 213
191 242
194 252
250 101
272 101
278 101
278 107
311 113
354 101
357 107
386 213
366 255
272 253
280 296
285 300
290 298
329 280
171 211
173 214
190 241
194 253
249 100
249 102
271 100
271 102
279 100
310 113
354 100
358 108
387 213
367 256
271 253
279 296
285 301
291 299
330 279
170 211
173 215
189 240
194 254
248 99
248 103
270 99
280 99
309 113
354 99
359 109
388 213
368 257
270 253
278 296
285 302
292 300
331 278
169 211
173 216
188 239
247 98
247 104
269 98
281 98
308 113
354 98
360 108
389 213
369 258
269 253
277 296
285 303
293 301
332 277
168 211
173 217
187 238
246 97
246 105
268 97
282 97
307 113
354 97
361 107
390 213
370 259
268 253
276 295
285 304
294 302
333 276
167 211
173 218
186 237
245 96
245 106
267 96
283 96
306 113
354 96
362 106
391 213
371 260
267 253
275 294
285 305
295 303
334 275
166 211
173 219
244 95
244 107
266 95
284 95
305 113
354 95
363 105
392 213
371 261
372 261
266 253
274 293
285 306
296 304
335 274
165 211
173 220
243 94
243 108
285 94
304 113
354 94
364 104
393 213
371 262
373 261
265 253
273 292
285 307
297 305
336 273
164 211
173 221
242 93
244 93
242 109
286 93
303 113
354 93
365 103
394 213
371 263
374 261
264 253
272 291
285 308
298 306
337 272
163 211
173 222
241 92
245 92
241 110
287 92
302 113
354 92
365 102
395 213
375 261
263 253
271 290
285 309
299 307
338 271
162 211
172 223
240 91
288 91
301 113
354 91
396 213
376 261
262 253
270 289
285 310
300 307
339 270
161 211
171 224
239 90
289 90
354 90
397 213
377 261
261 253
269 288
284 311
301 307
339 269
160 211
170 225
238 89
290 89
398 213
378 261
260 253
268 287
283 312
302 307
339 268
159 211
169 226
237 88
291 88
399 213
379 261
267 286
282 313
303 307
339 267
158 211
168 227
236 87
292 87
400 213
380 261
266 286
281 314
304 307
340 266
157 211
167 228
235 86
293 86
401 213
381 261
265 286
280 315
341 265
156 211
166 229
234 85
294 85
402 213
382 261
264 285
279 316
342 264
155 210
155 211
165 230
233 84
403 213
383 261
263 284
278 317
343 264
154 211
155 209
164 231
232 83
404 213
384 261
262 283
277 318
344 264
153 211
155 208
163 232
231 82
405 213
385 261
261 282
276 319
345 264
152 211
155 207
162 233
230 81
406 213
386 261
260 281
275 320
151 211
155 206
161 234
229 80
407 213
387 261
259 280
274 321
150 211
156 205
160 235
228 79
228 81
408 213
388 261
258 280
273 322
149 211
157 204
160 236
227 78
227 82
409 213
389 261
257 280
272 323
148 211
158 203
160 237
226 77
226 83
410 213
390 261
256 280
271 324
273 324
147 211
159 202
160 238
225 76
225 84
411 213
391 261
255 280
270 325
272 325
274 325
146 211
146 212
160 201
160 239
224 75
224 85
412 213
392 261
254 280
269 326
275 326
145 211
146 213
160 200
160 240
223 74
223 86
413 213
393 261
253 280
268 327
276 327
144 211
160 199
159 241
222 73
222 87
414 213
394 261
252 280
267 326
267 328
277 328
143 211
160 198
158 242
221 72
221 88
415 213
395 261
251 280
266 325
266 329
278 329
142 211
160 197
157 243
220 71
220 89
416 213
396 261
250 280
265 324
265 330
279 330
141 211
160 196
156 244
219 71
219 90
417 213
397 261
249 280
264 323
264 331
280 331
140 211
160 195
155 245
218 71
218 91
418 213
398 261
248 280
263 322
263 332
279 332
281 332
139 211
160 194
154 246
217 71
217 92
419 213
399 261
247 280
262 321
262 333
282 333
138 211
160 193
153 247
216 71
216 72
216 93
420 213
400 261
246 280
261 320
261 334
283 334
137 211
160 192
152 248
215 71
216 73
215 94
421 213
401 261
245 280
260 319
260 335
284 335
136 211
161 191
151 249
214 71
216 74
214 95
422 213
402 261
244 280
259 318
259 334
259 336
285 336
135 210
135 211
135 212
162 190
150 250
213 71
213 96
423 213
403 261
258 317
258 333
258 337
286 337
134 211
135 209
135 213
163 189
149 251
212 71
212 97
424 213
404 261
257 316
257 332
257 338
287 338
133 211
135 208
135 214
164 188
211 71
211 98
425 213
405 261
256 315
256 331
256 339
288 339
132 211
135 207
135 215
165 187
210 71
210 99
426 213
406 261
255 314
255 330
255 340
257 340
289 340
131 211
135 206
135 216
166 187
209 71
209 100
427 213
407 261
254 313
255 329
254 341
258 341
290 341
130 211
135 205
135 217
167 187
208 71
208 101
428 213
408 261
253 312
253 342
259 342
291 342
129 211
135 204
168 187
207 71
208 102
429 213
409 261
252 343
260 343
292 343
128 211
135 203
169 187
206 71
430 213
410 261
251 344
261 344
293 344
127 211
135 202
170 187
205 71
431 213
411 261
250 345
262 345
294 345
126 211
135 201
171 187
204 71
432 213
412 261
249 346
263 346
295 346
125 211
135 200
172 187
203 71
433 213
413 261
248 346
264 347
296 346
296 347
124 210
124 211
134 199
173 187
202 71
434 213
414 261
247 346
265 348
297 348
123 211
124 209
133 198
174 187
201 71
435 213
415 261
246 346
246 347
266 349
298 347
298 349
122 211
132 197
175 187
200 70
436 213
416 261
245 346
246 348
267 350
299 346
298 350
121 211
131 196
199 69
437 213
417 261
244 346
246 349
268 351
300 345
120 211
130 195
198 69
438 213
418 261
243 346
246 350
268 352
301 344
119 211
129 194
197 69
439 213
419 261
242 346
246 351
269 353
302 343
118 211
128 193
130 193
196 69
440 213
420 261
241 346
246 352
270 354
303 342
117 211
127 192
131 192
195 69
441 213
421 261
240 346
246 353
271 355
304 341
116 211
126 191
132 191
194 69
442 213
239 346
246 354
272 356
305 340
115 211
125 190
133 190
193 69
443 213
238 346
246 355
272 357
273 357
306 339
114 211
125 189
134 189
192 69
444 213
237 346
274 358
307 338
113 211
125 188
135 188
191 69
445 213
236 346
275 359
308 337
308 339
112 211
125 187
136 187
190 69
446 213
235 346
276 360
309 336
309 340
111 211
137 186
189 69
447 213
234 346
277 360
310 335
310 341
110 211
138 185
188 69
448 213
233 346
278 360
310 334
311 342
109 211
138 184
187 69
449 213
232 346
279 360
311 333
312 343
108 210
108 212
186 69
450 213
231 346
280 360
312 332
313 344
107 209
107 213
185 69
451 213
230 346
230 347
281 360
313 331
314 345
106 208
106 214
184 69
452 213
229 346
230 348
282 359
314 330
315 346
105 207
105 215
183 69
453 213
228 346
230 349
282 358
315 329
316 347
104 206
104 216
182 69
454 213
227 346
230 350
282 357
316 328
317 348
103 205
103 217
181 69
455 213
226 346
230 351
282 356
317 327
318 349
102 204
102 218
180 69
456 213
225 346
230 352
282 355
318 326
101 203
101 219
179 69
457 213
224 346
230 353
319 325
100 202
100 220
178 69
458 213
223 346
230 354
320 324
99 201
99 221
459 213
459 214
222 346
230 355
321 323
98 200
98 222
460 213
459 215
221 346
230 356
322 322
97 199
97 223
99 223
461 213
459 216
220 346
230 357
323 321
96 198
96 224
98 224
462 213
459 217
219 346
230 358
323 320
95 197
95 225
99 225
463 213
459 218
218 346
230 359
323 319
94 196
94 226
100 226
464 213
459 219
217 346
323 318
93 195
93 227
101 227
465 213
459 220
216 346
323 317
92 194
92 228
102 228
466 213
459 221
215 346
91 193
91 229
103 229
467 213
459 222
214 346
90 192
90 230
104 230
468 213
459 223
213 346
89 191
89 231
105 231
469 213
459 224
212 346
88 190
88 232
106 232
470 213
459 225
211 346
87 189
87 233
107 233
471 213
459 226
210 346
86 188
86 234
108 234
472 213
459 227
209 346
85 189
86 187
85 235
109 235
473 213
459 228
208 346
84 190
86 186
84 234
84 236
110 236
474 213
459 229
207 346
83 190
86 185
83 237
111 237
475 213
459 230
206 346
82 190
86 184
82 238
112 238
476 213
459 231
205 346
81 189
86 183
81 239
113 239
477 213
459 232
204 346
80 188
86 182
80 240
114 240
478 213
459 233
203 346
79 187
86 181
79 240
115 241
479 213
459 234
202 345
202 346
78 186
86 180
78 240
116 242
480 213
459 235
201 346
202 344
77 185
86 179
77 240
117 243
481 213
459 236
200 346
202 343
76 184
86 178
76 240
118 244
482 213
459 237
199 346
202 342
75 184
86 177
75 240
119 245
483 213
459 238
198 346
202 341
74 184
86 176
74 240
120 246
484 213
459 239
197 346
202 340
73 184
86 175
73 240
121 247
485 213
459 240
196 346
202 339
72 184
86 174
72 241
122 248
486 213
459 241
195 346
202 338
71 184
86 173
71 242
123 249
487 213
459 242
194 346
202 337
70 184
86 172
70 243
124 250
488 213
459 243
193 346
202 336
69 184
86 171
69 243
125 251
489 213
459 244
192 346
202 335
68 184
86 170
68 243
126 252
490 213
459 245
191 346
202 334
67 184
86 169
67 243
127 252
491 213
459 246
190 345
202 333
66 184
86 168
66 243
128 252
492 213
459 247
189 344
202 332
65 184
86 167
65 243
129 252
493 213
459 248
188 343
202 331
64 184
86 166
64 243
130 252
494 213
459 249
187 342
202 330
63 184
86 165
63 243
131 252
495 213
459 250
186 341
202 329
203 329
62 184
86 164
62 243
132 252
496 213
459 251
185 340
187 340
202 328
204 329
61 184
86 163
61 243
133 252
497 213
497 214
459 252
184 339
188 339
202 327
205 329
60 184
86 162
60 243
134 252
498 213
497 215
459 253
183 338
183 340
189 338
202 326
206 329
59 184
86 161
59 243
135 252
499 213
497 216
459 254
182 337
182 341
190 337
202 325
207 329
58 184
86 160
58 243
136 252
500 213
497 217
459 255
460 255
181 336
181 342
191 336
202 324
208 329
57 184
86 159
57 243
501 213
497 218
459 256
461 255
180 335
180 343
192 335
202 323
209 329
56 184
86 158
56 243
502 213
497 219
459 257
462 255
179 334
179 344
202 322
210 329
55 184
86 157
55 243
503 213
497 220
459 258
463 255
178 333
178 345
202 321
211 329
54 184
86 156
54 243
504 213
497 221
459 259
464 255
177 332
177 346
212 329
53 184
86 155
53 243
505 213
496 222
459 260
465 255
176 332
176 347
213 329
52 184
86 154
52 243
506 213
495 223
466 255
175 348
214 328
51 184
86 153
51 243
507 213
495 224
467 255
174 349
215 327
50 184
86 152
50 243
508 213
495 225
468 255
173 350
216 326
49 183
86 151
49 243
509 213
495 226
469 255
173 351
217 325
48 182
86 150
48 243
510 214
495 227
470 255
218 324
47 181
86 149
47 242
511 215
495 228
471 255
219 323
46 180
86 148
46 241
512 216
495 229
472 255
220 322
45 179
86 147
45 240
513 215
513 217
495 230
473 255
221 321
44 178
86 146
45 239
514 214
514 218
495 231
222 320
43 177
86 145
45 238
515 213
515 219
494 232
495 232
223 319
42 176
86 144
45 237
516 212
516 220
493 232
495 233
224 318
41 175
86 143
45 236
517 211
517 221
492 232
495 234
225 317
40 174
86 142
45 235
518 210
518 222
491 232
495 235
225 316
39 173
86 141
45 234
519 209
518 223
490 232
495 236
225 315
38 172
86 140
45 233
520 208
518 224
489 232
495 237
225 314
37 171
86 139
45 232
521 207
518 225
488 232
495 238
36 170
86 138
45 231
522 206
518 226
487 232
495 239
35 170
86 137
45 230
523 205
518 227
486 232
495 240
34 169
86 136
45 229
524 204
518 228
485 232
495 241
33 168
86 135
45 228
525 203
518 229
484 232
495 242
32 167
86 134
45 227
526 202
518 230
495 243
31 166
86 133
45 226
527 201
518 231
30 165
86 132
45 225
528 200
518 232
29 164
86 131
44 224
45 224
529 199
518 233
28 163
86 130
43 224
46 223
530 198
518 234
27 162
86 129
42 224
47 222
531 197
518 235
27 161
86 128
41 224
48 221
532 196
518 236
27 160
86 127
40 224
49 221
533 195
518 237
27 159
86 126
39 224
50 221
534 194
518 238
86 125
38 224
51 221
535 193
518 239
86 124
37 224
52 221
534 192
536 192
518 240
86 123
36 224
53 220
53 221
533 191
537 191
518 241
86 122
35 224
53 219
54 221
532 190
538 190
517 242
518 242
86 121
34 224
53 218
55 221
531 189
539 189
516 242
518 243
86 120
33 224
53 217
56 221
530 188
540 188
515 242
518 244
86 119
32 224
53 216
57 221
529 187
541 187
514 242
518 245
86 118
58 221
528 186
542 186
513 242
518 246
86 117
59 220
527 185
543 185
512 242
518 247
86 116
60 219
526 184
543 184
511 242
518 248
86 115
61 218
525 183
543 183
510 242
518 249
86 114
62 217
524 182
543 182
509 242
518 250
86 113
62 216
63 218
523 181
543 181
518 251
86 112
62 215
64 219
522 180
543 180
518 252
86 111
62 214
65 220
543 179
518 253
86 110
62 213
66 221
543 178
518 254
86 109
62 212
67 222
543 177
518 255
86 108
62 211
67 223
543 176
518 256
86 107
62 210
543 175
518 257
86 106
62 209
543 174
518 258
86 105
62 208
543 173
517 259
518 259
86 104
61 207
543 172
516 259
518 260
86 103
60 206
543 171
515 259
518 261
86 102
59 205
543 170
514 259
518 262
519 262
86 101
58 204
543 169
513 259
518 263
520 262
86 100
57 203
543 168
512 259
518 264
521 262
86 99
56 202
543 167
511 259
518 265
522 262
86 98
87 98
56 201
543 166
510 259
518 266
523 262
86 97
88 98
56 200
543 165
509 259
518 267
524 262
86 96
89 98
56 199
543 164
518 268
525 262
86 95
90 98
56 198
542 163
518 269
526 262
86 94
91 98
55 197
56 197
541 162
518 270
527 262
86 93
92 98
54 197
540 161
518 271
528 262
86 92
93 98
53 197
539 160
518 272
529 262
86 91
94 98
52 197
538 159
518 273
86 90
95 98
51 197
537 158
517 274
518 274
86 89
96 98
50 197
536 157
516 274
518 275
86 88
97 98
49 197
535 156
515 274
518 276
86 87
98 98
48 197
534 155
514 273
514 274
518 277
86 86
99 98
533 154
513 274
518 278
86 85
100 98
532 153
512 274
518 279
86 84
101 98
531 152
511 274
518 280
86 83
87 83
102 98
530 151
510 274
518 281
86 82
88 83
103 98
529 150
509 274
518 282
86 81
89 83
104 98
528 149
508 274
518 283
86 80
90 83
105 98
527 148
507 274
518 284
86 79
91 83
106 98
526 147
506 273
506 274
518 285
519 285
86 78
92 83
107 98
525 146
505 274
506 272
518 286
520 285
85 77
93 83
108 98
524 145
504 274
518 287
521 285
84 76
94 83
109 99
523 144
503 274
518 288
522 285
83 75
95 83
110 100
522 143
502 274
517 289
518 289
523 285
82 74
96 83
111 101
521 142
501 273
516 289
518 290
524 285
81 73
81 75
97 83
112 102
520 141
500 272
515 289
518 291
525 285
80 72
80 76
98 83
113 103
519 140
499 271
514 289
518 292
526 285
79 71
79 77
99 83
114 103
518 139
498 270
513 289
518 293
78 70
78 78
100 83
115 103
517 138
497 269
512 289
518 294
77 69
79 69
77 79
101 82
116 103
516 137
496 268
511 289
518 295
76 69
80 68
76 80
102 81
117 103
515 136
495 267
510 289
518 296
75 69
81 67
75 81
103 80
118 103
514 135
494 266
509 289
518 297
74 69
82 66
74 82
104 79
119 103
513 134
493 265
508 289
73 69
83 65
73 83
105 78
120 103
512 133
492 264
507 289
72 69
83 64
72 84
106 77
121 103
511 132
491 263
491 265
506 289
71 69
71 85
107 76
122 103
511 131
490 262
490 266
70 68
70 69
70 86
108 76
123 103
511 130
489 261
489 267
69 69
70 67
69 87
109 76
124 103
511 129
488 260
488 268
68 69
70 66
68 88
110 75
110 76
125 103
511 128
488 259
487 269
67 89
110 74
111 76
126 103
511 127
487 270
66 90
110 73
127 103
511 126
65 91
110 72
128 102
128 103
511 125
64 92
110 71
128 101
129 103
511 124
63 91
63 93
110 70
128 100
130 103
511 123
62 90
62 94
128 99
131 103
511 122
61 89
61 95
128 98
132 103
511 121
60 88
60 96
128 97
133 103
511 120
59 87
59 97
128 96
134 103
511 119
59 86
58 98
128 95
135 103
511 118
58 85
57 99
127 94
129 94
136 103
511 117
57 84
56 100
127 93
130 93
137 103
56 83
55 101
127 92
131 92
138 103
55 82
54 102
127 91
132 91
139 103
54 81
53 103
127 90
133 90
140 103
53 80
52 104
127 89
134 89
141 103
52 79
51 105
127 88
135 88
142 103
51 78
50 106
127 87
136 87
143 103
50 77
49 107
127 86
137 86
144 102
144 103
49 76
48 108
127 85
137 85
144 101
145 103
48 75
47 109
127 84
137 84
144 100
146 103
47 74
46 110
127 83
147 103
46 73
45 111
127 82
148 103
45 72
44 112
127 81
149 103
44 71
44 72
43 113
127 80
150 103
43 70
43 72
42 114
127 79
151 103
42 69
42 73
41 115
128 78
152 103
41 68
41 74
40 116
129 77
153 103
40 67
40 75
39 117
130 76
154 103
39 66
39 76
38 118
131 75
155 103
38 65
38 75
38 77
37 119
132 74
156 103
37 64
37 78
36 120
133 73
157 103
36 64
38 63
36 79
35 121
134 72
158 103
35 64
39 62
35 80
34 122
135 71
159 103
34 64
40 61
34 81
36 81
33 123
135 70
160 103
33 64
41 60
33 82
37 82
32 124
34 124
135 69
161 103
32 64
42 59
32 83
38 83
31 125
35 125
135 68
162 102
31 64
43 58
31 84
39 84
30 126
36 126
135 67
163 101
30 64
44 57
30 85
40 85
29 127
37 127
135 66
164 100
29 64
44 56
29 86
40 86
41 86
28 128
38 128
135 65
165 99
28 64
44 55
28 87
42 86
27 129
39 129
135 64
136 64
166 98
27 64
28 88
43 86
40 130
135 63
137 64
167 97
26 64
29 89
44 86
41 131
138 64
167 96
168 98
30 90
45 86
42 132
139 64
167 95
169 99
31 91
43 133
140 64
167 94
170 100
32 92
44 134
141 64
167 93
171 101
33 93
43 135
45 135
142 64
167 92
172 102
34 94
42 136
143 64
167 91
173 103
34 95
41 137
144 64
167 90
174 103
34 96
40 138
145 64
167 89
34 97
39 139
146 64
34 98
38 140
147 64
34 99
37 141
148 64
33 100
36 142
149 64
32 101
35 143
150 64
31 102
34 144
30 103
34 145
29 104
28 105
27 106
26 106
25 106
24 106
23 106
185
279 205
269 211
289 218
303 215
258 220
292 176
313 191
318 186
272 234
254 236
304 235
236 207
324 172
291 236
305 168
331 155
299 247
315 225
329 200
341 179
332 225
319 142
346 163
315 142
300 137
220 196
348 208
226 233
300 271
357 194
333 132
359 168
333 125
355 221
362 144
345 234
292 278
211 232
314 259
284 262
347 121
279 285
317 106
325 284
339 103
274 252
288 296
278 107
271 102
194 254
359 109
277 296
186 237
266 95
371 263
173 222
245 92
241 110
365 102
301 113
285 310
354 90
260 253
339 267
304 307
157 211
265 286
294 85
345 264
230 81
155 206
272 325
146 213
160 240
279 332
400 261
160 192
216 74
244 280
149 251
255 329
135 217
253 312
208 102
135 200
296 346
124 209
201 71
175 187
298 350
268 352
421 261
246 355
272 357
125 187
310 334
109 211
138 184
281 360
227 346
318 349
282 355
178 69
99 223
230 359
323 317
84 234
82 190
119 245
73 240
191 346
136 252
57 243
192 335
56 184
202 321
497 221
459 260
176 332
213 329
50 184
509 213
173 351
48 243
473 255
515 213
41 175
225 314
35 170
484 232
495 243
45 224
27 159
32 224
53 216
58 221
509 242
522 180
67 223
62 208
509 259
543 164
56 197
529 262
48 197
514 273
86 78
506 272
108 98
502 274
526 285
100 83
518 297
83 64
506 289
68 69
70 66
488 259
111 76
487 270
110 70
59 86
128 95
511 117
133 90
137 84
144 100
44 72
127 79
38 75
161 103
40 86
44 55
27 129
28 88
135 63
26 64
45 86
45 135
174 103
167 89
34 99
150 64
34 145
23 106
